{'data_root': '/data/bzx_yjy/cifar100', 'image_size': 32, 'pin_memory': False, 'augment': True, 'workers': 8, 'device_ids': 0, 'n_gpu': 1, 'seed': 1993, 'deterministic': True, 'epoch': 50, 'batch_size': 128, 'val_per_epoch': 10, 'optimzer': {'name': 'SGD', 'kwargs': {'lr': 0.1}}, 'lr_scheduler': {'name': 'StepLR', 'kwargs': {'gamma': 0.5, 'step_size': 30}}, 'warmup': 3, 'includes': ['headers/data.yaml', 'headers/device.yaml', 'headers/model.yaml', 'headers/optimizer.yaml', 'backbones/resnet12.yaml'], 'save_path': './', 'init_cls_num': 20, 'inc_cls_num': 20, 'task_num': 5, 'optimizer': {'name': 'SGD', 'kwargs': {'lr': 0.1, 'momentum': 0.9, 'weight_decay': 0.0002}}, 'backbone': {'name': 'resnet18', 'kwargs': {'num_classes': 100, 'args': {'dataset': 'cifar100'}}}, 'buffer': {'name': 'LinearBuffer', 'kwargs': {'buffer_size': 0, 'batch_size': 32, 'strategy': 'random'}}, 'classifier': {'name': 'GEM', 'kwargs': {'num_class': 100, 'feat_dim': 512, 'n_memories': 5120, 'n_task': 5, 'memory_strength': 0}}, 'rank': 0}
GEM(
  (net): ResNet(
    (conv1): Sequential(
      (0): Conv2d(3, 64, kernel_size=(3, 3), stride=(1, 1), padding=(1, 1), bias=False)
      (1): BatchNorm2d(64, eps=1e-05, momentum=0.1, affine=True, track_running_stats=True)
      (2): ReLU(inplace=True)
    )
    (layer1): Sequential(
      (0): BasicBlock(
        (conv1): Conv2d(64, 64, kernel_size=(3, 3), stride=(1, 1), padding=(1, 1), bias=False)
        (bn1): BatchNorm2d(64, eps=1e-05, momentum=0.1, affine=True, track_running_stats=True)
        (relu): ReLU(inplace=True)
        (conv2): Conv2d(64, 64, kernel_size=(3, 3), stride=(1, 1), padding=(1, 1), bias=False)
        (bn2): BatchNorm2d(64, eps=1e-05, momentum=0.1, affine=True, track_running_stats=True)
      )
      (1): BasicBlock(
        (conv1): Conv2d(64, 64, kernel_size=(3, 3), stride=(1, 1), padding=(1, 1), bias=False)
        (bn1): BatchNorm2d(64, eps=1e-05, momentum=0.1, affine=True, track_running_stats=True)
        (relu): ReLU(inplace=True)
        (conv2): Conv2d(64, 64, kernel_size=(3, 3), stride=(1, 1), padding=(1, 1), bias=False)
        (bn2): BatchNorm2d(64, eps=1e-05, momentum=0.1, affine=True, track_running_stats=True)
      )
    )
    (layer2): Sequential(
      (0): BasicBlock(
        (conv1): Conv2d(64, 128, kernel_size=(3, 3), stride=(2, 2), padding=(1, 1), bias=False)
        (bn1): BatchNorm2d(128, eps=1e-05, momentum=0.1, affine=True, track_running_stats=True)
        (relu): ReLU(inplace=True)
        (conv2): Conv2d(128, 128, kernel_size=(3, 3), stride=(1, 1), padding=(1, 1), bias=False)
        (bn2): BatchNorm2d(128, eps=1e-05, momentum=0.1, affine=True, track_running_stats=True)
        (downsample): Sequential(
          (0): Conv2d(64, 128, kernel_size=(1, 1), stride=(2, 2), bias=False)
          (1): BatchNorm2d(128, eps=1e-05, momentum=0.1, affine=True, track_running_stats=True)
        )
      )
      (1): BasicBlock(
        (conv1): Conv2d(128, 128, kernel_size=(3, 3), stride=(1, 1), padding=(1, 1), bias=False)
        (bn1): BatchNorm2d(128, eps=1e-05, momentum=0.1, affine=True, track_running_stats=True)
        (relu): ReLU(inplace=True)
        (conv2): Conv2d(128, 128, kernel_size=(3, 3), stride=(1, 1), padding=(1, 1), bias=False)
        (bn2): BatchNorm2d(128, eps=1e-05, momentum=0.1, affine=True, track_running_stats=True)
      )
    )
    (layer3): Sequential(
      (0): BasicBlock(
        (conv1): Conv2d(128, 256, kernel_size=(3, 3), stride=(2, 2), padding=(1, 1), bias=False)
        (bn1): BatchNorm2d(256, eps=1e-05, momentum=0.1, affine=True, track_running_stats=True)
        (relu): ReLU(inplace=True)
        (conv2): Conv2d(256, 256, kernel_size=(3, 3), stride=(1, 1), padding=(1, 1), bias=False)
        (bn2): BatchNorm2d(256, eps=1e-05, momentum=0.1, affine=True, track_running_stats=True)
        (downsample): Sequential(
          (0): Conv2d(128, 256, kernel_size=(1, 1), stride=(2, 2), bias=False)
          (1): BatchNorm2d(256, eps=1e-05, momentum=0.1, affine=True, track_running_stats=True)
        )
      )
      (1): BasicBlock(
        (conv1): Conv2d(256, 256, kernel_size=(3, 3), stride=(1, 1), padding=(1, 1), bias=False)
        (bn1): BatchNorm2d(256, eps=1e-05, momentum=0.1, affine=True, track_running_stats=True)
        (relu): ReLU(inplace=True)
        (conv2): Conv2d(256, 256, kernel_size=(3, 3), stride=(1, 1), padding=(1, 1), bias=False)
        (bn2): BatchNorm2d(256, eps=1e-05, momentum=0.1, affine=True, track_running_stats=True)
      )
    )
    (layer4): Sequential(
      (0): BasicBlock(
        (conv1): Conv2d(256, 512, kernel_size=(3, 3), stride=(2, 2), padding=(1, 1), bias=False)
        (bn1): BatchNorm2d(512, eps=1e-05, momentum=0.1, affine=True, track_running_stats=True)
        (relu): ReLU(inplace=True)
        (conv2): Conv2d(512, 512, kernel_size=(3, 3), stride=(1, 1), padding=(1, 1), bias=False)
        (bn2): BatchNorm2d(512, eps=1e-05, momentum=0.1, affine=True, track_running_stats=True)
        (downsample): Sequential(
          (0): Conv2d(256, 512, kernel_size=(1, 1), stride=(2, 2), bias=False)
          (1): BatchNorm2d(512, eps=1e-05, momentum=0.1, affine=True, track_running_stats=True)
        )
      )
      (1): BasicBlock(
        (conv1): Conv2d(512, 512, kernel_size=(3, 3), stride=(1, 1), padding=(1, 1), bias=False)
        (bn1): BatchNorm2d(512, eps=1e-05, momentum=0.1, affine=True, track_running_stats=True)
        (relu): ReLU(inplace=True)
        (conv2): Conv2d(512, 512, kernel_size=(3, 3), stride=(1, 1), padding=(1, 1), bias=False)
        (bn2): BatchNorm2d(512, eps=1e-05, momentum=0.1, affine=True, track_running_stats=True)
      )
    )
    (avgpool): AdaptiveAvgPool2d(output_size=(1, 1))
  )
  (classifier): Linear(in_features=512, out_features=100, bias=True)
  (ce): CrossEntropyLoss()
)
Trainable params in the model: 11220132
SGD (
Parameter Group 0
    dampening: 0
    differentiable: False
    foreach: None
    initial_lr: 0.1
    lr: 0.03333333333333333
    maximize: False
    momentum: 0.9
    nesterov: False
    weight_decay: 0.0002
)
================Task 0 Start!================
SGD (
Parameter Group 0
    dampening: 0
    differentiable: False
    foreach: None
    initial_lr: 0.1
    lr: 0.03333333333333333
    maximize: False
    momentum: 0.9
    nesterov: False
    weight_decay: 0.0002
)
================Task 0 Training!================
The training samples number: 10000
learning rate: [0.03333333333333333]
================ Train on the train set ================
Epoch [0/50] |	Loss: 2.654 	Average Acc: 0.211 
learning rate: [0.06666666666666667]
================ Train on the train set ================
Epoch [1/50] |	Loss: 2.229 	Average Acc: 0.327 
learning rate: [0.1]
================ Train on the train set ================
Epoch [2/50] |	Loss: 2.004 	Average Acc: 0.386 
learning rate: [0.1]
================ Train on the train set ================
Epoch [3/50] |	Loss: 1.739 	Average Acc: 0.461 
learning rate: [0.1]
================ Train on the train set ================
Epoch [4/50] |	Loss: 1.516 	Average Acc: 0.532 
learning rate: [0.1]
================ Train on the train set ================
Epoch [5/50] |	Loss: 1.294 	Average Acc: 0.592 
learning rate: [0.1]
================ Train on the train set ================
Epoch [6/50] |	Loss: 1.072 	Average Acc: 0.658 
learning rate: [0.1]
================ Train on the train set ================
Epoch [7/50] |	Loss: 0.880 	Average Acc: 0.720 
learning rate: [0.1]
================ Train on the train set ================
Epoch [8/50] |	Loss: 0.673 	Average Acc: 0.782 
learning rate: [0.1]
================ Train on the train set ================
Epoch [9/50] |	Loss: 0.517 	Average Acc: 0.832 
================ Test on the test set ================
 * Average Acc: 0.520 Best acc 0.520
 Per-Task Acc:[0.52]
learning rate: [0.1]
================ Train on the train set ================
Epoch [10/50] |	Loss: 0.428 	Average Acc: 0.859 
learning rate: [0.1]
================ Train on the train set ================
Epoch [11/50] |	Loss: 0.317 	Average Acc: 0.899 
learning rate: [0.1]
================ Train on the train set ================
Epoch [12/50] |	Loss: 0.280 	Average Acc: 0.910 
learning rate: [0.1]
================ Train on the train set ================
Epoch [13/50] |	Loss: 0.238 	Average Acc: 0.923 
learning rate: [0.1]
================ Train on the train set ================
Epoch [14/50] |	Loss: 0.220 	Average Acc: 0.931 
learning rate: [0.1]
================ Train on the train set ================
Epoch [15/50] |	Loss: 0.212 	Average Acc: 0.929 
learning rate: [0.1]
================ Train on the train set ================
Epoch [16/50] |	Loss: 0.195 	Average Acc: 0.936 
learning rate: [0.1]
================ Train on the train set ================
Epoch [17/50] |	Loss: 0.205 	Average Acc: 0.935 
learning rate: [0.1]
================ Train on the train set ================
Epoch [18/50] |	Loss: 0.159 	Average Acc: 0.948 
learning rate: [0.1]
================ Train on the train set ================
Epoch [19/50] |	Loss: 0.193 	Average Acc: 0.937 
================ Test on the test set ================
 * Average Acc: 0.560 Best acc 0.560
 Per-Task Acc:[0.56]
learning rate: [0.1]
================ Train on the train set ================
Epoch [20/50] |	Loss: 0.182 	Average Acc: 0.941 
learning rate: [0.1]
================ Train on the train set ================
Epoch [21/50] |	Loss: 0.170 	Average Acc: 0.944 
learning rate: [0.1]
================ Train on the train set ================
Epoch [22/50] |	Loss: 0.169 	Average Acc: 0.944 
learning rate: [0.1]
================ Train on the train set ================
Epoch [23/50] |	Loss: 0.150 	Average Acc: 0.952 
learning rate: [0.1]
================ Train on the train set ================
Epoch [24/50] |	Loss: 0.133 	Average Acc: 0.958 
learning rate: [0.1]
================ Train on the train set ================
Epoch [25/50] |	Loss: 0.159 	Average Acc: 0.948 
learning rate: [0.1]
================ Train on the train set ================
Epoch [26/50] |	Loss: 0.164 	Average Acc: 0.947 
learning rate: [0.1]
================ Train on the train set ================
Epoch [27/50] |	Loss: 0.147 	Average Acc: 0.953 
learning rate: [0.1]
================ Train on the train set ================
Epoch [28/50] |	Loss: 0.129 	Average Acc: 0.959 
learning rate: [0.1]
================ Train on the train set ================
Epoch [29/50] |	Loss: 0.173 	Average Acc: 0.945 
================ Test on the test set ================
 * Average Acc: 0.540 Best acc 0.560
 Per-Task Acc:[0.54]
learning rate: [0.1]
================ Train on the train set ================
Epoch [30/50] |	Loss: 0.145 	Average Acc: 0.957 
learning rate: [0.1]
================ Train on the train set ================
Epoch [31/50] |	Loss: 0.188 	Average Acc: 0.940 
learning rate: [0.05]
================ Train on the train set ================
Epoch [32/50] |	Loss: 0.035 	Average Acc: 0.989 
learning rate: [0.05]
================ Train on the train set ================
Epoch [33/50] |	Loss: 0.006 	Average Acc: 0.999 
learning rate: [0.05]
================ Train on the train set ================
Epoch [34/50] |	Loss: 0.003 	Average Acc: 1.000 
learning rate: [0.05]
================ Train on the train set ================
Epoch [35/50] |	Loss: 0.002 	Average Acc: 1.000 
learning rate: [0.05]
================ Train on the train set ================
Epoch [36/50] |	Loss: 0.002 	Average Acc: 1.000 
learning rate: [0.05]
================ Train on the train set ================
Epoch [37/50] |	Loss: 0.002 	Average Acc: 1.000 
learning rate: [0.05]
================ Train on the train set ================
Epoch [38/50] |	Loss: 0.002 	Average Acc: 1.000 
learning rate: [0.05]
================ Train on the train set ================
Epoch [39/50] |	Loss: 0.002 	Average Acc: 1.000 
================ Test on the test set ================
 * Average Acc: 0.670 Best acc 0.670
 Per-Task Acc:[0.67]
learning rate: [0.05]
================ Train on the train set ================
Epoch [40/50] |	Loss: 0.002 	Average Acc: 1.000 
learning rate: [0.05]
================ Train on the train set ================
Epoch [41/50] |	Loss: 0.002 	Average Acc: 1.000 
learning rate: [0.05]
================ Train on the train set ================
Epoch [42/50] |	Loss: 0.002 	Average Acc: 1.000 
learning rate: [0.05]
================ Train on the train set ================
Epoch [43/50] |	Loss: 0.002 	Average Acc: 1.000 
learning rate: [0.05]
================ Train on the train set ================
Epoch [44/50] |	Loss: 0.002 	Average Acc: 1.000 
learning rate: [0.05]
================ Train on the train set ================
Epoch [45/50] |	Loss: 0.002 	Average Acc: 1.000 
learning rate: [0.05]
================ Train on the train set ================
Epoch [46/50] |	Loss: 0.002 	Average Acc: 1.000 
learning rate: [0.05]
================ Train on the train set ================
Epoch [47/50] |	Loss: 0.002 	Average Acc: 1.000 
learning rate: [0.05]
================ Train on the train set ================
Epoch [48/50] |	Loss: 0.002 	Average Acc: 1.000 
learning rate: [0.05]
================ Train on the train set ================
Epoch [49/50] |	Loss: 0.002 	Average Acc: 1.000 
================ Test on the test set ================
 * Average Acc: 0.670 Best acc 0.670
 Per-Task Acc:[0.67]
================Task 1 Start!================
SGD (
Parameter Group 0
    dampening: 0
    differentiable: False
    foreach: None
    initial_lr: 0.1
    lr: 0.03333333333333333
    maximize: False
    momentum: 0.9
    nesterov: False
    weight_decay: 0.0002
)
================Task 1 Training!================
The training samples number: 10000
learning rate: [0.03333333333333333]
================ Train on the train set ================
Epoch [0/50] |	Loss: 2.799 	Average Acc: 0.257 
learning rate: [0.06666666666666667]
================ Train on the train set ================
Epoch [1/50] |	Loss: 1.206 	Average Acc: 0.603 
learning rate: [0.1]
================ Train on the train set ================
Epoch [2/50] |	Loss: 0.583 	Average Acc: 0.808 
learning rate: [0.1]
================ Train on the train set ================
Epoch [3/50] |	Loss: 0.301 	Average Acc: 0.904 
learning rate: [0.1]
================ Train on the train set ================
Epoch [4/50] |	Loss: 0.135 	Average Acc: 0.958 
learning rate: [0.1]
================ Train on the train set ================
Epoch [5/50] |	Loss: 0.082 	Average Acc: 0.977 
learning rate: [0.1]
================ Train on the train set ================
Epoch [6/50] |	Loss: 0.058 	Average Acc: 0.984 
learning rate: [0.1]
================ Train on the train set ================
Epoch [7/50] |	Loss: 0.019 	Average Acc: 0.996 
learning rate: [0.1]
================ Train on the train set ================
Epoch [8/50] |	Loss: 0.005 	Average Acc: 1.000 
learning rate: [0.1]
================ Train on the train set ================
Epoch [9/50] |	Loss: 0.002 	Average Acc: 1.000 
================ Test on the test set ================
 * Average Acc: 0.465 Best acc 0.465
 Per-Task Acc:[0.25, 0.68]
learning rate: [0.1]
================ Train on the train set ================
Epoch [10/50] |	Loss: 0.001 	Average Acc: 1.000 
learning rate: [0.1]
================ Train on the train set ================
Epoch [11/50] |	Loss: 0.001 	Average Acc: 1.000 
learning rate: [0.1]
================ Train on the train set ================
Epoch [12/50] |	Loss: 0.001 	Average Acc: 1.000 
learning rate: [0.1]
================ Train on the train set ================
Epoch [13/50] |	Loss: 0.001 	Average Acc: 1.000 
learning rate: [0.1]
================ Train on the train set ================
Epoch [14/50] |	Loss: 0.001 	Average Acc: 1.000 
learning rate: [0.1]
================ Train on the train set ================
Epoch [15/50] |	Loss: 0.001 	Average Acc: 1.000 
learning rate: [0.1]
================ Train on the train set ================
Epoch [16/50] |	Loss: 0.001 	Average Acc: 1.000 
learning rate: [0.1]
================ Train on the train set ================
Epoch [17/50] |	Loss: 0.001 	Average Acc: 1.000 
learning rate: [0.1]
================ Train on the train set ================
Epoch [18/50] |	Loss: 0.001 	Average Acc: 1.000 
learning rate: [0.1]
================ Train on the train set ================
Epoch [19/50] |	Loss: 0.001 	Average Acc: 1.000 
================ Test on the test set ================
 * Average Acc: 0.470 Best acc 0.470
 Per-Task Acc:[0.26, 0.68]
learning rate: [0.1]
================ Train on the train set ================
Epoch [20/50] |	Loss: 0.001 	Average Acc: 1.000 
learning rate: [0.1]
================ Train on the train set ================
Epoch [21/50] |	Loss: 0.001 	Average Acc: 1.000 
learning rate: [0.1]
================ Train on the train set ================
Epoch [22/50] |	Loss: 0.001 	Average Acc: 1.000 
learning rate: [0.1]
================ Train on the train set ================
Epoch [23/50] |	Loss: 0.001 	Average Acc: 1.000 
learning rate: [0.1]
================ Train on the train set ================
Epoch [24/50] |	Loss: 0.001 	Average Acc: 1.000 
learning rate: [0.1]
================ Train on the train set ================
Epoch [25/50] |	Loss: 0.001 	Average Acc: 1.000 
learning rate: [0.1]
================ Train on the train set ================
Epoch [26/50] |	Loss: 0.001 	Average Acc: 1.000 
learning rate: [0.1]
================ Train on the train set ================
Epoch [27/50] |	Loss: 0.001 	Average Acc: 1.000 
learning rate: [0.1]
================ Train on the train set ================
Epoch [28/50] |	Loss: 0.001 	Average Acc: 1.000 
learning rate: [0.1]
================ Train on the train set ================
Epoch [29/50] |	Loss: 0.001 	Average Acc: 1.000 
================ Test on the test set ================
 * Average Acc: 0.480 Best acc 0.480
 Per-Task Acc:[0.26, 0.7]
learning rate: [0.1]
================ Train on the train set ================
Epoch [30/50] |	Loss: 0.001 	Average Acc: 1.000 
learning rate: [0.1]
================ Train on the train set ================
Epoch [31/50] |	Loss: 0.001 	Average Acc: 1.000 
learning rate: [0.05]
================ Train on the train set ================
Epoch [32/50] |	Loss: 0.001 	Average Acc: 1.000 
learning rate: [0.05]
================ Train on the train set ================
Epoch [33/50] |	Loss: 0.001 	Average Acc: 1.000 
learning rate: [0.05]
================ Train on the train set ================
Epoch [34/50] |	Loss: 0.001 	Average Acc: 1.000 
learning rate: [0.05]
================ Train on the train set ================
Epoch [35/50] |	Loss: 0.001 	Average Acc: 1.000 
learning rate: [0.05]
================ Train on the train set ================
Epoch [36/50] |	Loss: 0.001 	Average Acc: 1.000 
learning rate: [0.05]
================ Train on the train set ================
Epoch [37/50] |	Loss: 0.001 	Average Acc: 1.000 
learning rate: [0.05]
================ Train on the train set ================
Epoch [38/50] |	Loss: 0.001 	Average Acc: 1.000 
learning rate: [0.05]
================ Train on the train set ================
Epoch [39/50] |	Loss: 0.001 	Average Acc: 1.000 
================ Test on the test set ================
 * Average Acc: 0.475 Best acc 0.480
 Per-Task Acc:[0.26, 0.69]
learning rate: [0.05]
================ Train on the train set ================
Epoch [40/50] |	Loss: 0.001 	Average Acc: 1.000 
learning rate: [0.05]
================ Train on the train set ================
Epoch [41/50] |	Loss: 0.001 	Average Acc: 1.000 
learning rate: [0.05]
================ Train on the train set ================
Epoch [42/50] |	Loss: 0.001 	Average Acc: 1.000 
learning rate: [0.05]
================ Train on the train set ================
Epoch [43/50] |	Loss: 0.001 	Average Acc: 1.000 
learning rate: [0.05]
================ Train on the train set ================
Epoch [44/50] |	Loss: 0.001 	Average Acc: 1.000 
learning rate: [0.05]
================ Train on the train set ================
Epoch [45/50] |	Loss: 0.001 	Average Acc: 1.000 
learning rate: [0.05]
================ Train on the train set ================
Epoch [46/50] |	Loss: 0.001 	Average Acc: 1.000 
learning rate: [0.05]
================ Train on the train set ================
Epoch [47/50] |	Loss: 0.001 	Average Acc: 1.000 
learning rate: [0.05]
================ Train on the train set ================
Epoch [48/50] |	Loss: 0.001 	Average Acc: 1.000 
learning rate: [0.05]
================ Train on the train set ================
Epoch [49/50] |	Loss: 0.001 	Average Acc: 1.000 
================ Test on the test set ================
 * Average Acc: 0.480 Best acc 0.480
 Per-Task Acc:[0.26, 0.7]
================Task 2 Start!================
SGD (
Parameter Group 0
    dampening: 0
    differentiable: False
    foreach: None
    initial_lr: 0.1
    lr: 0.03333333333333333
    maximize: False
    momentum: 0.9
    nesterov: False
    weight_decay: 0.0002
)
================Task 2 Training!================
The training samples number: 10000
learning rate: [0.03333333333333333]
================ Train on the train set ================
Epoch [0/50] |	Loss: 2.300 	Average Acc: 0.389 
learning rate: [0.06666666666666667]
================ Train on the train set ================
Epoch [1/50] |	Loss: 0.965 	Average Acc: 0.687 
learning rate: [0.1]
================ Train on the train set ================
Epoch [2/50] |	Loss: 0.754 	Average Acc: 0.751 
learning rate: [0.1]
================ Train on the train set ================
Epoch [3/50] |	Loss: 0.431 	Average Acc: 0.862 
learning rate: [0.1]
================ Train on the train set ================
Epoch [4/50] |	Loss: 0.343 	Average Acc: 0.896 
learning rate: [0.1]
================ Train on the train set ================
Epoch [5/50] |	Loss: 0.148 	Average Acc: 0.956 
learning rate: [0.1]
================ Train on the train set ================
Epoch [6/50] |	Loss: 0.221 	Average Acc: 0.930 
learning rate: [0.1]
================ Train on the train set ================
Epoch [7/50] |	Loss: 0.193 	Average Acc: 0.939 
learning rate: [0.1]
================ Train on the train set ================
Epoch [8/50] |	Loss: 0.076 	Average Acc: 0.986 
learning rate: [0.1]
================ Train on the train set ================
Epoch [9/50] |	Loss: 0.014 	Average Acc: 0.997 
================ Test on the test set ================
 * Average Acc: 0.350 Best acc 0.350
 Per-Task Acc:[0.16, 0.18, 0.71]
learning rate: [0.1]
================ Train on the train set ================
Epoch [10/50] |	Loss: 0.013 	Average Acc: 0.997 
learning rate: [0.1]
================ Train on the train set ================
Epoch [11/50] |	Loss: 0.014 	Average Acc: 0.996 
learning rate: [0.1]
================ Train on the train set ================
Epoch [12/50] |	Loss: 0.003 	Average Acc: 1.000 
learning rate: [0.1]
================ Train on the train set ================
Epoch [13/50] |	Loss: 0.002 	Average Acc: 1.000 
learning rate: [0.1]
================ Train on the train set ================
Epoch [14/50] |	Loss: 0.001 	Average Acc: 1.000 
learning rate: [0.1]
================ Train on the train set ================
Epoch [15/50] |	Loss: 0.001 	Average Acc: 1.000 
learning rate: [0.1]
================ Train on the train set ================
Epoch [16/50] |	Loss: 0.001 	Average Acc: 1.000 
learning rate: [0.1]
================ Train on the train set ================
Epoch [17/50] |	Loss: 0.001 	Average Acc: 1.000 
learning rate: [0.1]
================ Train on the train set ================
Epoch [18/50] |	Loss: 0.001 	Average Acc: 1.000 
learning rate: [0.1]
================ Train on the train set ================
Epoch [19/50] |	Loss: 0.001 	Average Acc: 1.000 
================ Test on the test set ================
 * Average Acc: 0.367 Best acc 0.367
 Per-Task Acc:[0.2, 0.19, 0.71]
learning rate: [0.1]
================ Train on the train set ================
Epoch [20/50] |	Loss: 0.001 	Average Acc: 1.000 
learning rate: [0.1]
================ Train on the train set ================
Epoch [21/50] |	Loss: 0.001 	Average Acc: 1.000 
learning rate: [0.1]
================ Train on the train set ================
Epoch [22/50] |	Loss: 0.001 	Average Acc: 1.000 
learning rate: [0.1]
================ Train on the train set ================
Epoch [23/50] |	Loss: 0.001 	Average Acc: 1.000 
learning rate: [0.1]
================ Train on the train set ================
Epoch [24/50] |	Loss: 0.001 	Average Acc: 1.000 
learning rate: [0.1]
================ Train on the train set ================
Epoch [25/50] |	Loss: 0.001 	Average Acc: 1.000 
learning rate: [0.1]
================ Train on the train set ================
Epoch [26/50] |	Loss: 0.001 	Average Acc: 1.000 
learning rate: [0.1]
================ Train on the train set ================
Epoch [27/50] |	Loss: 0.001 	Average Acc: 1.000 
learning rate: [0.1]
================ Train on the train set ================
Epoch [28/50] |	Loss: 0.001 	Average Acc: 1.000 
learning rate: [0.1]
================ Train on the train set ================
Epoch [29/50] |	Loss: 0.001 	Average Acc: 1.000 
================ Test on the test set ================
 * Average Acc: 0.360 Best acc 0.367
 Per-Task Acc:[0.19, 0.18, 0.71]
learning rate: [0.1]
================ Train on the train set ================
Epoch [30/50] |	Loss: 0.001 	Average Acc: 1.000 
learning rate: [0.1]
================ Train on the train set ================
Epoch [31/50] |	Loss: 0.001 	Average Acc: 1.000 
learning rate: [0.05]
================ Train on the train set ================
Epoch [32/50] |	Loss: 0.001 	Average Acc: 1.000 
learning rate: [0.05]
================ Train on the train set ================
Epoch [33/50] |	Loss: 0.001 	Average Acc: 1.000 
learning rate: [0.05]
================ Train on the train set ================
Epoch [34/50] |	Loss: 0.001 	Average Acc: 1.000 
learning rate: [0.05]
================ Train on the train set ================
Epoch [35/50] |	Loss: 0.001 	Average Acc: 1.000 
learning rate: [0.05]
================ Train on the train set ================
Epoch [36/50] |	Loss: 0.001 	Average Acc: 1.000 
learning rate: [0.05]
================ Train on the train set ================
Epoch [37/50] |	Loss: 0.001 	Average Acc: 1.000 
learning rate: [0.05]
================ Train on the train set ================
Epoch [38/50] |	Loss: 0.001 	Average Acc: 1.000 
learning rate: [0.05]
================ Train on the train set ================
Epoch [39/50] |	Loss: 0.001 	Average Acc: 1.000 
================ Test on the test set ================
 * Average Acc: 0.360 Best acc 0.367
 Per-Task Acc:[0.19, 0.18, 0.71]
learning rate: [0.05]
================ Train on the train set ================
Epoch [40/50] |	Loss: 0.001 	Average Acc: 1.000 
learning rate: [0.05]
================ Train on the train set ================
Epoch [41/50] |	Loss: 0.001 	Average Acc: 1.000 
learning rate: [0.05]
================ Train on the train set ================
Epoch [42/50] |	Loss: 0.001 	Average Acc: 1.000 
learning rate: [0.05]
================ Train on the train set ================
Epoch [43/50] |	Loss: 0.001 	Average Acc: 1.000 
learning rate: [0.05]
================ Train on the train set ================
Epoch [44/50] |	Loss: 0.001 	Average Acc: 1.000 
learning rate: [0.05]
================ Train on the train set ================
Epoch [45/50] |	Loss: 0.001 	Average Acc: 1.000 
learning rate: [0.05]
================ Train on the train set ================
Epoch [46/50] |	Loss: 0.001 	Average Acc: 1.000 
learning rate: [0.05]
================ Train on the train set ================
Epoch [47/50] |	Loss: 0.001 	Average Acc: 1.000 
learning rate: [0.05]
================ Train on the train set ================
Epoch [48/50] |	Loss: 0.001 	Average Acc: 1.000 
learning rate: [0.05]
================ Train on the train set ================
Epoch [49/50] |	Loss: 0.001 	Average Acc: 1.000 
================ Test on the test set ================
 * Average Acc: 0.360 Best acc 0.367
 Per-Task Acc:[0.19, 0.18, 0.71]
================Task 3 Start!================
SGD (
Parameter Group 0
    dampening: 0
    differentiable: False
    foreach: None
    initial_lr: 0.1
    lr: 0.03333333333333333
    maximize: False
    momentum: 0.9
    nesterov: False
    weight_decay: 0.0002
)
================Task 3 Training!================
The training samples number: 10000
learning rate: [0.03333333333333333]
================ Train on the train set ================
Epoch [0/50] |	Loss: 2.273 	Average Acc: 0.406 
learning rate: [0.06666666666666667]
================ Train on the train set ================
Epoch [1/50] |	Loss: 0.979 	Average Acc: 0.681 
learning rate: [0.1]
================ Train on the train set ================
Epoch [2/50] |	Loss: 0.824 	Average Acc: 0.720 
learning rate: [0.1]
================ Train on the train set ================
Epoch [3/50] |	Loss: 0.676 	Average Acc: 0.793 
learning rate: [0.1]
================ Train on the train set ================
Epoch [4/50] |	Loss: 0.262 	Average Acc: 0.913 
learning rate: [0.1]
================ Train on the train set ================
Epoch [5/50] |	Loss: 0.175 	Average Acc: 0.951 
learning rate: [0.1]
================ Train on the train set ================
Epoch [6/50] |	Loss: 0.162 	Average Acc: 0.968 
learning rate: [0.1]
================ Train on the train set ================
Epoch [7/50] |	Loss: 0.091 	Average Acc: 0.974 
learning rate: [0.1]
================ Train on the train set ================
Epoch [8/50] |	Loss: 0.193 	Average Acc: 0.940 
learning rate: [0.1]
================ Train on the train set ================
Epoch [9/50] |	Loss: 0.252 	Average Acc: 0.921 
================ Test on the test set ================
 * Average Acc: 0.150 Best acc 0.150
 Per-Task Acc:[0.0, 0.0, 0.0, 0.6]
learning rate: [0.1]
================ Train on the train set ================
Epoch [10/50] |	Loss: 0.139 	Average Acc: 0.965 
learning rate: [0.1]
================ Train on the train set ================
Epoch [11/50] |	Loss: 0.011 	Average Acc: 0.998 
learning rate: [0.1]
================ Train on the train set ================
Epoch [12/50] |	Loss: 0.003 	Average Acc: 1.000 
learning rate: [0.1]
================ Train on the train set ================
Epoch [13/50] |	Loss: 0.002 	Average Acc: 1.000 
learning rate: [0.1]
================ Train on the train set ================
Epoch [14/50] |	Loss: 0.001 	Average Acc: 1.000 
learning rate: [0.1]
================ Train on the train set ================
Epoch [15/50] |	Loss: 0.001 	Average Acc: 1.000 
learning rate: [0.1]
================ Train on the train set ================
Epoch [16/50] |	Loss: 0.001 	Average Acc: 1.000 
learning rate: [0.1]
================ Train on the train set ================
Epoch [17/50] |	Loss: 0.001 	Average Acc: 1.000 
learning rate: [0.1]
================ Train on the train set ================
Epoch [18/50] |	Loss: 0.001 	Average Acc: 1.000 
learning rate: [0.1]
================ Train on the train set ================
Epoch [19/50] |	Loss: 0.001 	Average Acc: 1.000 
================ Test on the test set ================
 * Average Acc: 0.328 Best acc 0.328
 Per-Task Acc:[0.19, 0.19, 0.24, 0.69]
learning rate: [0.1]
================ Train on the train set ================
Epoch [20/50] |	Loss: 0.001 	Average Acc: 1.000 
learning rate: [0.1]
================ Train on the train set ================
Epoch [21/50] |	Loss: 0.001 	Average Acc: 1.000 
learning rate: [0.1]
================ Train on the train set ================
Epoch [22/50] |	Loss: 0.001 	Average Acc: 1.000 
learning rate: [0.1]
================ Train on the train set ================
Epoch [23/50] |	Loss: 0.001 	Average Acc: 1.000 
learning rate: [0.1]
================ Train on the train set ================
Epoch [24/50] |	Loss: 0.001 	Average Acc: 1.000 
learning rate: [0.1]
================ Train on the train set ================
Epoch [25/50] |	Loss: 0.001 	Average Acc: 1.000 
learning rate: [0.1]
================ Train on the train set ================
Epoch [26/50] |	Loss: 0.001 	Average Acc: 1.000 
learning rate: [0.1]
================ Train on the train set ================
Epoch [27/50] |	Loss: 0.001 	Average Acc: 1.000 
learning rate: [0.1]
================ Train on the train set ================
Epoch [28/50] |	Loss: 0.001 	Average Acc: 1.000 
learning rate: [0.1]
================ Train on the train set ================
Epoch [29/50] |	Loss: 0.001 	Average Acc: 1.000 
================ Test on the test set ================
 * Average Acc: 0.325 Best acc 0.328
 Per-Task Acc:[0.19, 0.18, 0.23, 0.7]
learning rate: [0.1]
================ Train on the train set ================
Epoch [30/50] |	Loss: 0.001 	Average Acc: 1.000 
learning rate: [0.1]
================ Train on the train set ================
Epoch [31/50] |	Loss: 0.001 	Average Acc: 1.000 
learning rate: [0.05]
================ Train on the train set ================
Epoch [32/50] |	Loss: 0.001 	Average Acc: 1.000 
learning rate: [0.05]
================ Train on the train set ================
Epoch [33/50] |	Loss: 0.001 	Average Acc: 1.000 
learning rate: [0.05]
================ Train on the train set ================
Epoch [34/50] |	Loss: 0.001 	Average Acc: 1.000 
learning rate: [0.05]
================ Train on the train set ================
Epoch [35/50] |	Loss: 0.001 	Average Acc: 1.000 
learning rate: [0.05]
================ Train on the train set ================
Epoch [36/50] |	Loss: 0.001 	Average Acc: 1.000 
learning rate: [0.05]
================ Train on the train set ================
Epoch [37/50] |	Loss: 0.001 	Average Acc: 1.000 
learning rate: [0.05]
================ Train on the train set ================
Epoch [38/50] |	Loss: 0.001 	Average Acc: 1.000 
learning rate: [0.05]
================ Train on the train set ================
Epoch [39/50] |	Loss: 0.001 	Average Acc: 1.000 
================ Test on the test set ================
 * Average Acc: 0.325 Best acc 0.328
 Per-Task Acc:[0.19, 0.18, 0.23, 0.7]
learning rate: [0.05]
================ Train on the train set ================
Epoch [40/50] |	Loss: 0.001 	Average Acc: 1.000 
learning rate: [0.05]
================ Train on the train set ================
Epoch [41/50] |	Loss: 0.001 	Average Acc: 1.000 
learning rate: [0.05]
================ Train on the train set ================
Epoch [42/50] |	Loss: 0.001 	Average Acc: 1.000 
learning rate: [0.05]
================ Train on the train set ================
Epoch [43/50] |	Loss: 0.001 	Average Acc: 1.000 
learning rate: [0.05]
================ Train on the train set ================
Epoch [44/50] |	Loss: 0.001 	Average Acc: 1.000 
learning rate: [0.05]
================ Train on the train set ================
Epoch [45/50] |	Loss: 0.001 	Average Acc: 1.000 
learning rate: [0.05]
================ Train on the train set ================
Epoch [46/50] |	Loss: 0.001 	Average Acc: 1.000 
learning rate: [0.05]
================ Train on the train set ================
Epoch [47/50] |	Loss: 0.001 	Average Acc: 1.000 
learning rate: [0.05]
================ Train on the train set ================
Epoch [48/50] |	Loss: 0.001 	Average Acc: 1.000 
learning rate: [0.05]
================ Train on the train set ================
Epoch [49/50] |	Loss: 0.001 	Average Acc: 1.000 
================ Test on the test set ================
 * Average Acc: 0.323 Best acc 0.328
 Per-Task Acc:[0.18, 0.17, 0.23, 0.71]
================Task 4 Start!================
SGD (
Parameter Group 0
    dampening: 0
    differentiable: False
    foreach: None
    initial_lr: 0.1
    lr: 0.03333333333333333
    maximize: False
    momentum: 0.9
    nesterov: False
    weight_decay: 0.0002
)
================Task 4 Training!================
The training samples number: 10000
learning rate: [0.03333333333333333]
================ Train on the train set ================
Epoch [0/50] |	Loss: 2.301 	Average Acc: 0.432 
learning rate: [0.06666666666666667]
================ Train on the train set ================
Epoch [1/50] |	Loss: 0.929 	Average Acc: 0.718 
learning rate: [0.1]
================ Train on the train set ================
Epoch [2/50] |	Loss: 0.650 	Average Acc: 0.794 
learning rate: [0.1]
================ Train on the train set ================
Epoch [3/50] |	Loss: 0.455 	Average Acc: 0.856 
learning rate: [0.1]
================ Train on the train set ================
Epoch [4/50] |	Loss: 0.425 	Average Acc: 0.876 
learning rate: [0.1]
================ Train on the train set ================
Epoch [5/50] |	Loss: 0.226 	Average Acc: 0.932 
learning rate: [0.1]
================ Train on the train set ================
Epoch [6/50] |	Loss: 0.302 	Average Acc: 0.904 
learning rate: [0.1]
================ Train on the train set ================
Epoch [7/50] |	Loss: 0.143 	Average Acc: 0.966 
learning rate: [0.1]
================ Train on the train set ================
Epoch [8/50] |	Loss: 0.011 	Average Acc: 0.998 
learning rate: [0.1]
================ Train on the train set ================
Epoch [9/50] |	Loss: 0.003 	Average Acc: 1.000 
================ Test on the test set ================
 * Average Acc: 0.276 Best acc 0.276
 Per-Task Acc:[0.14, 0.14, 0.19, 0.21, 0.7]
learning rate: [0.1]
================ Train on the train set ================
Epoch [10/50] |	Loss: 0.002 	Average Acc: 1.000 
learning rate: [0.1]
================ Train on the train set ================
Epoch [11/50] |	Loss: 0.002 	Average Acc: 1.000 
learning rate: [0.1]
================ Train on the train set ================
Epoch [12/50] |	Loss: 0.001 	Average Acc: 1.000 
learning rate: [0.1]
================ Train on the train set ================
Epoch [13/50] |	Loss: 0.001 	Average Acc: 1.000 
learning rate: [0.1]
================ Train on the train set ================
Epoch [14/50] |	Loss: 0.001 	Average Acc: 1.000 
learning rate: [0.1]
================ Train on the train set ================
Epoch [15/50] |	Loss: 0.001 	Average Acc: 1.000 
learning rate: [0.1]
================ Train on the train set ================
Epoch [16/50] |	Loss: 0.001 	Average Acc: 1.000 
learning rate: [0.1]
================ Train on the train set ================
Epoch [17/50] |	Loss: 0.001 	Average Acc: 1.000 
learning rate: [0.1]
================ Train on the train set ================
Epoch [18/50] |	Loss: 0.001 	Average Acc: 1.000 
learning rate: [0.1]
================ Train on the train set ================
Epoch [19/50] |	Loss: 0.001 	Average Acc: 1.000 
================ Test on the test set ================
 * Average Acc: 0.284 Best acc 0.284
 Per-Task Acc:[0.16, 0.14, 0.18, 0.23, 0.71]
learning rate: [0.1]
================ Train on the train set ================
Epoch [20/50] |	Loss: 0.001 	Average Acc: 1.000 
learning rate: [0.1]
================ Train on the train set ================
Epoch [21/50] |	Loss: 0.001 	Average Acc: 1.000 
learning rate: [0.1]
================ Train on the train set ================
Epoch [22/50] |	Loss: 0.001 	Average Acc: 1.000 
learning rate: [0.1]
================ Train on the train set ================
Epoch [23/50] |	Loss: 0.001 	Average Acc: 1.000 
learning rate: [0.1]
================ Train on the train set ================
Epoch [24/50] |	Loss: 0.001 	Average Acc: 1.000 
learning rate: [0.1]
================ Train on the train set ================
Epoch [25/50] |	Loss: 0.001 	Average Acc: 1.000 
learning rate: [0.1]
================ Train on the train set ================
Epoch [26/50] |	Loss: 0.001 	Average Acc: 1.000 
learning rate: [0.1]
================ Train on the train set ================
Epoch [27/50] |	Loss: 0.001 	Average Acc: 1.000 
learning rate: [0.1]
================ Train on the train set ================
Epoch [28/50] |	Loss: 0.001 	Average Acc: 1.000 
learning rate: [0.1]
================ Train on the train set ================
Epoch [29/50] |	Loss: 0.001 	Average Acc: 1.000 
================ Test on the test set ================
 * Average Acc: 0.284 Best acc 0.284
 Per-Task Acc:[0.15, 0.14, 0.19, 0.23, 0.71]
learning rate: [0.1]
================ Train on the train set ================
Epoch [30/50] |	Loss: 0.001 	Average Acc: 1.000 
learning rate: [0.1]
================ Train on the train set ================
Epoch [31/50] |	Loss: 0.001 	Average Acc: 1.000 
learning rate: [0.05]
================ Train on the train set ================
Epoch [32/50] |	Loss: 0.001 	Average Acc: 1.000 
learning rate: [0.05]
================ Train on the train set ================
Epoch [33/50] |	Loss: 0.001 	Average Acc: 1.000 
learning rate: [0.05]
================ Train on the train set ================
Epoch [34/50] |	Loss: 0.001 	Average Acc: 1.000 
learning rate: [0.05]
================ Train on the train set ================
Epoch [35/50] |	Loss: 0.001 	Average Acc: 1.000 
learning rate: [0.05]
================ Train on the train set ================
Epoch [36/50] |	Loss: 0.001 	Average Acc: 1.000 
learning rate: [0.05]
================ Train on the train set ================
Epoch [37/50] |	Loss: 0.001 	Average Acc: 1.000 
learning rate: [0.05]
================ Train on the train set ================
Epoch [38/50] |	Loss: 0.001 	Average Acc: 1.000 
learning rate: [0.05]
================ Train on the train set ================
Epoch [39/50] |	Loss: 0.001 	Average Acc: 1.000 
================ Test on the test set ================
 * Average Acc: 0.282 Best acc 0.284
 Per-Task Acc:[0.15, 0.14, 0.18, 0.23, 0.71]
learning rate: [0.05]
================ Train on the train set ================
Epoch [40/50] |	Loss: 0.001 	Average Acc: 1.000 
learning rate: [0.05]
================ Train on the train set ================
Epoch [41/50] |	Loss: 0.001 	Average Acc: 1.000 
learning rate: [0.05]
================ Train on the train set ================
Epoch [42/50] |	Loss: 0.001 	Average Acc: 1.000 
learning rate: [0.05]
================ Train on the train set ================
Epoch [43/50] |	Loss: 0.001 	Average Acc: 1.000 
learning rate: [0.05]
================ Train on the train set ================
Epoch [44/50] |	Loss: 0.001 	Average Acc: 1.000 
learning rate: [0.05]
================ Train on the train set ================
Epoch [45/50] |	Loss: 0.001 	Average Acc: 1.000 
learning rate: [0.05]
================ Train on the train set ================
Epoch [46/50] |	Loss: 0.001 	Average Acc: 1.000 
learning rate: [0.05]
================ Train on the train set ================
Epoch [47/50] |	Loss: 0.001 	Average Acc: 1.000 
learning rate: [0.05]
================ Train on the train set ================
Epoch [48/50] |	Loss: 0.001 	Average Acc: 1.000 
learning rate: [0.05]
================ Train on the train set ================
Epoch [49/50] |	Loss: 0.001 	Average Acc: 1.000 
================ Test on the test set ================
 * Average Acc: 0.282 Best acc 0.284
 Per-Task Acc:[0.15, 0.14, 0.18, 0.23, 0.71]
Time cost :  14511.146846532822
