{'data_root': '/data/bzx_yjy/cifar100', 'image_size': 32, 'pin_memory': False, 'augment': True, 'workers': 8, 'device_ids': 0, 'n_gpu': 1, 'seed': 1993, 'deterministic': True, 'epoch': 3, 'batch_size': 128, 'val_per_epoch': 3, 'optimzer': {'name': 'SGD', 'kwargs': {'lr': 0.1}}, 'lr_scheduler': {'name': 'StepLR', 'kwargs': {'gamma': 0.1, 'step_size': 10}}, 'warmup': 3, 'includes': ['headers/data.yaml', 'headers/device.yaml', 'headers/model.yaml', 'headers/optimizer.yaml', 'backbones/resnet12.yaml'], 'save_path': './', 'init_cls_num': 20, 'inc_cls_num': 20, 'task_num': 5, 'optimizer': {'name': 'SGD', 'kwargs': {'lr': 0.1}}, 'backbone': {'name': 'resnet34', 'kwargs': {'num_classes': 100, 'args': {'dataset': 'cifar100'}}}, 'buffer': {'name': 'LinearBuffer', 'kwargs': {'buffer_size': 500, 'batch_size': 32, 'strategy': 'random'}}, 'classifier': {'name': 'GEM', 'kwargs': {'num_class': 100, 'feat_dim': 512, 'n_memories': 500, 'n_task': 100, 'memory_strength': 0}}, 'rank': 0}
GEM(
  (net): ResNet(
    (conv1): Sequential(
      (0): Conv2d(3, 64, kernel_size=(3, 3), stride=(1, 1), padding=(1, 1), bias=False)
      (1): BatchNorm2d(64, eps=1e-05, momentum=0.1, affine=True, track_running_stats=True)
      (2): ReLU(inplace=True)
    )
    (layer1): Sequential(
      (0): BasicBlock(
        (conv1): Conv2d(64, 64, kernel_size=(3, 3), stride=(1, 1), padding=(1, 1), bias=False)
        (bn1): BatchNorm2d(64, eps=1e-05, momentum=0.1, affine=True, track_running_stats=True)
        (relu): ReLU(inplace=True)
        (conv2): Conv2d(64, 64, kernel_size=(3, 3), stride=(1, 1), padding=(1, 1), bias=False)
        (bn2): BatchNorm2d(64, eps=1e-05, momentum=0.1, affine=True, track_running_stats=True)
      )
      (1): BasicBlock(
        (conv1): Conv2d(64, 64, kernel_size=(3, 3), stride=(1, 1), padding=(1, 1), bias=False)
        (bn1): BatchNorm2d(64, eps=1e-05, momentum=0.1, affine=True, track_running_stats=True)
        (relu): ReLU(inplace=True)
        (conv2): Conv2d(64, 64, kernel_size=(3, 3), stride=(1, 1), padding=(1, 1), bias=False)
        (bn2): BatchNorm2d(64, eps=1e-05, momentum=0.1, affine=True, track_running_stats=True)
      )
      (2): BasicBlock(
        (conv1): Conv2d(64, 64, kernel_size=(3, 3), stride=(1, 1), padding=(1, 1), bias=False)
        (bn1): BatchNorm2d(64, eps=1e-05, momentum=0.1, affine=True, track_running_stats=True)
        (relu): ReLU(inplace=True)
        (conv2): Conv2d(64, 64, kernel_size=(3, 3), stride=(1, 1), padding=(1, 1), bias=False)
        (bn2): BatchNorm2d(64, eps=1e-05, momentum=0.1, affine=True, track_running_stats=True)
      )
    )
    (layer2): Sequential(
      (0): BasicBlock(
        (conv1): Conv2d(64, 128, kernel_size=(3, 3), stride=(2, 2), padding=(1, 1), bias=False)
        (bn1): BatchNorm2d(128, eps=1e-05, momentum=0.1, affine=True, track_running_stats=True)
        (relu): ReLU(inplace=True)
        (conv2): Conv2d(128, 128, kernel_size=(3, 3), stride=(1, 1), padding=(1, 1), bias=False)
        (bn2): BatchNorm2d(128, eps=1e-05, momentum=0.1, affine=True, track_running_stats=True)
        (downsample): Sequential(
          (0): Conv2d(64, 128, kernel_size=(1, 1), stride=(2, 2), bias=False)
          (1): BatchNorm2d(128, eps=1e-05, momentum=0.1, affine=True, track_running_stats=True)
        )
      )
      (1): BasicBlock(
        (conv1): Conv2d(128, 128, kernel_size=(3, 3), stride=(1, 1), padding=(1, 1), bias=False)
        (bn1): BatchNorm2d(128, eps=1e-05, momentum=0.1, affine=True, track_running_stats=True)
        (relu): ReLU(inplace=True)
        (conv2): Conv2d(128, 128, kernel_size=(3, 3), stride=(1, 1), padding=(1, 1), bias=False)
        (bn2): BatchNorm2d(128, eps=1e-05, momentum=0.1, affine=True, track_running_stats=True)
      )
      (2): BasicBlock(
        (conv1): Conv2d(128, 128, kernel_size=(3, 3), stride=(1, 1), padding=(1, 1), bias=False)
        (bn1): BatchNorm2d(128, eps=1e-05, momentum=0.1, affine=True, track_running_stats=True)
        (relu): ReLU(inplace=True)
        (conv2): Conv2d(128, 128, kernel_size=(3, 3), stride=(1, 1), padding=(1, 1), bias=False)
        (bn2): BatchNorm2d(128, eps=1e-05, momentum=0.1, affine=True, track_running_stats=True)
      )
      (3): BasicBlock(
        (conv1): Conv2d(128, 128, kernel_size=(3, 3), stride=(1, 1), padding=(1, 1), bias=False)
        (bn1): BatchNorm2d(128, eps=1e-05, momentum=0.1, affine=True, track_running_stats=True)
        (relu): ReLU(inplace=True)
        (conv2): Conv2d(128, 128, kernel_size=(3, 3), stride=(1, 1), padding=(1, 1), bias=False)
        (bn2): BatchNorm2d(128, eps=1e-05, momentum=0.1, affine=True, track_running_stats=True)
      )
    )
    (layer3): Sequential(
      (0): BasicBlock(
        (conv1): Conv2d(128, 256, kernel_size=(3, 3), stride=(2, 2), padding=(1, 1), bias=False)
        (bn1): BatchNorm2d(256, eps=1e-05, momentum=0.1, affine=True, track_running_stats=True)
        (relu): ReLU(inplace=True)
        (conv2): Conv2d(256, 256, kernel_size=(3, 3), stride=(1, 1), padding=(1, 1), bias=False)
        (bn2): BatchNorm2d(256, eps=1e-05, momentum=0.1, affine=True, track_running_stats=True)
        (downsample): Sequential(
          (0): Conv2d(128, 256, kernel_size=(1, 1), stride=(2, 2), bias=False)
          (1): BatchNorm2d(256, eps=1e-05, momentum=0.1, affine=True, track_running_stats=True)
        )
      )
      (1): BasicBlock(
        (conv1): Conv2d(256, 256, kernel_size=(3, 3), stride=(1, 1), padding=(1, 1), bias=False)
        (bn1): BatchNorm2d(256, eps=1e-05, momentum=0.1, affine=True, track_running_stats=True)
        (relu): ReLU(inplace=True)
        (conv2): Conv2d(256, 256, kernel_size=(3, 3), stride=(1, 1), padding=(1, 1), bias=False)
        (bn2): BatchNorm2d(256, eps=1e-05, momentum=0.1, affine=True, track_running_stats=True)
      )
      (2): BasicBlock(
        (conv1): Conv2d(256, 256, kernel_size=(3, 3), stride=(1, 1), padding=(1, 1), bias=False)
        (bn1): BatchNorm2d(256, eps=1e-05, momentum=0.1, affine=True, track_running_stats=True)
        (relu): ReLU(inplace=True)
        (conv2): Conv2d(256, 256, kernel_size=(3, 3), stride=(1, 1), padding=(1, 1), bias=False)
        (bn2): BatchNorm2d(256, eps=1e-05, momentum=0.1, affine=True, track_running_stats=True)
      )
      (3): BasicBlock(
        (conv1): Conv2d(256, 256, kernel_size=(3, 3), stride=(1, 1), padding=(1, 1), bias=False)
        (bn1): BatchNorm2d(256, eps=1e-05, momentum=0.1, affine=True, track_running_stats=True)
        (relu): ReLU(inplace=True)
        (conv2): Conv2d(256, 256, kernel_size=(3, 3), stride=(1, 1), padding=(1, 1), bias=False)
        (bn2): BatchNorm2d(256, eps=1e-05, momentum=0.1, affine=True, track_running_stats=True)
      )
      (4): BasicBlock(
        (conv1): Conv2d(256, 256, kernel_size=(3, 3), stride=(1, 1), padding=(1, 1), bias=False)
        (bn1): BatchNorm2d(256, eps=1e-05, momentum=0.1, affine=True, track_running_stats=True)
        (relu): ReLU(inplace=True)
        (conv2): Conv2d(256, 256, kernel_size=(3, 3), stride=(1, 1), padding=(1, 1), bias=False)
        (bn2): BatchNorm2d(256, eps=1e-05, momentum=0.1, affine=True, track_running_stats=True)
      )
      (5): BasicBlock(
        (conv1): Conv2d(256, 256, kernel_size=(3, 3), stride=(1, 1), padding=(1, 1), bias=False)
        (bn1): BatchNorm2d(256, eps=1e-05, momentum=0.1, affine=True, track_running_stats=True)
        (relu): ReLU(inplace=True)
        (conv2): Conv2d(256, 256, kernel_size=(3, 3), stride=(1, 1), padding=(1, 1), bias=False)
        (bn2): BatchNorm2d(256, eps=1e-05, momentum=0.1, affine=True, track_running_stats=True)
      )
    )
    (layer4): Sequential(
      (0): BasicBlock(
        (conv1): Conv2d(256, 512, kernel_size=(3, 3), stride=(2, 2), padding=(1, 1), bias=False)
        (bn1): BatchNorm2d(512, eps=1e-05, momentum=0.1, affine=True, track_running_stats=True)
        (relu): ReLU(inplace=True)
        (conv2): Conv2d(512, 512, kernel_size=(3, 3), stride=(1, 1), padding=(1, 1), bias=False)
        (bn2): BatchNorm2d(512, eps=1e-05, momentum=0.1, affine=True, track_running_stats=True)
        (downsample): Sequential(
          (0): Conv2d(256, 512, kernel_size=(1, 1), stride=(2, 2), bias=False)
          (1): BatchNorm2d(512, eps=1e-05, momentum=0.1, affine=True, track_running_stats=True)
        )
      )
      (1): BasicBlock(
        (conv1): Conv2d(512, 512, kernel_size=(3, 3), stride=(1, 1), padding=(1, 1), bias=False)
        (bn1): BatchNorm2d(512, eps=1e-05, momentum=0.1, affine=True, track_running_stats=True)
        (relu): ReLU(inplace=True)
        (conv2): Conv2d(512, 512, kernel_size=(3, 3), stride=(1, 1), padding=(1, 1), bias=False)
        (bn2): BatchNorm2d(512, eps=1e-05, momentum=0.1, affine=True, track_running_stats=True)
      )
      (2): BasicBlock(
        (conv1): Conv2d(512, 512, kernel_size=(3, 3), stride=(1, 1), padding=(1, 1), bias=False)
        (bn1): BatchNorm2d(512, eps=1e-05, momentum=0.1, affine=True, track_running_stats=True)
        (relu): ReLU(inplace=True)
        (conv2): Conv2d(512, 512, kernel_size=(3, 3), stride=(1, 1), padding=(1, 1), bias=False)
        (bn2): BatchNorm2d(512, eps=1e-05, momentum=0.1, affine=True, track_running_stats=True)
      )
    )
    (avgpool): AdaptiveAvgPool2d(output_size=(1, 1))
  )
  (classifier): Linear(in_features=512, out_features=100, bias=True)
  (ce): CrossEntropyLoss()
)
Trainable params in the model: 21328292
SGD (
Parameter Group 0
    dampening: 0
    differentiable: False
    foreach: None
    initial_lr: 0.1
    lr: 0.03333333333333333
    maximize: False
    momentum: 0
    nesterov: False
    weight_decay: 0
)
================Task 0 Start!================
SGD (
Parameter Group 0
    dampening: 0
    differentiable: False
    foreach: None
    initial_lr: 0.1
    lr: 0.03333333333333333
    maximize: False
    momentum: 0
    nesterov: False
    weight_decay: 0
)
================Task 0 Training!================
The training samples number: 10000
learning rate: [0.03333333333333333]
================ Train on the train set ================
Epoch [0/3] |	Loss: 2.671 	Average Acc: 0.203 
learning rate: [0.06666666666666667]
================ Train on the train set ================
Epoch [1/3] |	Loss: 2.387 	Average Acc: 0.296 
learning rate: [0.1]
================ Train on the train set ================
Epoch [2/3] |	Loss: 2.059 	Average Acc: 0.365 
================ Test on the test set ================
tensor([ 3, 15,  1, 17, 16,  2, 18,  8,  4,  3,  1,  4,  7, 16, 15,  7,  8, 16,
        19, 13,  3, 16, 19,  3,  4, 10, 18, 12,  3,  1,  8,  2],
       device='cuda:0')
tensor([ 5, 16,  1,  1,  2, 19,  5, 18,  4, 16,  1,  4,  7, 13, 15,  8,  6,  5,
         3, 13, 14, 15, 16,  2,  4, 10, 12, 12,  7,  1,  8,  2],
       device='cuda:0')
tensor([ 6, 19, 16,  6, 13,  0, 11,  3,  6,  3,  1, 10,  0,  8, 12, 18,  6,  0,
         7, 14, 13, 19, 18, 19,  4,  8,  4, 15,  1,  4, 14,  4],
       device='cuda:0')
tensor([ 3, 17, 11, 11, 13,  0, 11, 10,  6, 15,  1, 10,  0,  3, 12,  5, 18, 16,
         7,  2, 13, 19, 18, 19,  6,  8, 10, 19, 16,  9,  1,  4],
       device='cuda:0')
tensor([11, 10, 17,  2, 15,  9, 18, 11, 14, 11,  7, 16, 10,  3, 14, 12, 11, 18,
        14, 14,  2,  4, 14, 13,  9,  6,  1,  7,  3, 14, 14, 18],
       device='cuda:0')
tensor([11,  5,  7,  2, 15,  4, 18, 11,  7, 11,  7,  6, 10,  2, 17, 12, 11,  7,
        12, 16,  7,  4, 19, 13,  9,  6,  1,  7, 15,  2, 10, 18],
       device='cuda:0')
tensor([13, 11,  1, 15, 17,  3,  3, 18,  2,  6, 14,  1, 13, 13,  4, 15, 10,  8,
         2,  8, 14, 14, 14,  8, 11,  3, 11,  9, 18,  4,  1,  3],
       device='cuda:0')
tensor([16,  3,  2, 15, 19,  3,  3, 18,  5,  6,  9,  1, 11, 13,  4, 18, 10, 13,
        18,  8, 14,  4,  6,  8,  6,  4,  6, 14, 17,  0,  1, 11],
       device='cuda:0')
tensor([15, 13,  0, 18,  9, 11, 16, 10, 13, 11, 18,  3, 11, 14,  9, 15, 14,  8,
         7,  4,  1, 13,  4, 15,  7, 11, 18,  8, 11, 11,  6,  2],
       device='cuda:0')
tensor([15,  9,  6,  7,  9, 12,  5, 10, 13, 11, 18,  2, 11, 11,  4, 15,  8,  7,
        10,  4,  1, 16,  4,  5,  7, 11, 18, 14, 11,  6,  6, 13],
       device='cuda:0')
tensor([ 8, 18,  1, 13, 14,  1, 16,  0, 14,  1, 15, 15, 17,  4,  6, 11, 14, 11,
         9, 11,  4,  3,  1,  8,  3,  9,  6,  6,  7,  4, 17, 11],
       device='cuda:0')
tensor([ 8, 17,  1,  2, 14, 10, 13,  0, 19,  2,  9, 15, 19, 14,  6, 11, 14, 11,
         9, 11,  4, 11,  1,  8,  3,  9,  1,  6,  1,  4, 13, 16],
       device='cuda:0')
tensor([15, 18, 18, 14, 12,  9,  5,  8, 18,  3,  2,  3,  4, 15, 11,  1, 14,  0,
        19, 15,  7,  0, 13,  7, 12, 14, 15, 16,  7,  7,  7,  1],
       device='cuda:0')
tensor([ 5,  7,  5,  1, 17,  9,  5,  7,  7,  2,  8,  3,  4, 15,  6, 10,  8,  0,
        17, 14, 19,  0, 13,  8, 12,  8, 12, 16, 16, 19, 14,  1],
       device='cuda:0')
tensor([ 1, 15, 18, 16, 16,  7, 11,  4,  0,  4, 19, 18, 14, 13, 16, 12,  3, 10,
        16, 16,  3, 15,  2, 18, 16, 13,  7, 15, 13,  3, 13,  4],
       device='cuda:0')
tensor([ 1, 15, 18,  2, 18,  7,  6,  0,  0,  4, 19, 10, 14, 13, 16, 12,  3,  5,
        16,  2, 13, 19,  2, 19, 16, 10, 17,  7, 13,  7, 10,  0],
       device='cuda:0')
tensor([ 3,  7, 15, 14, 12,  8,  4,  3, 15,  1,  8, 16, 18, 11, 14, 18,  4,  8,
         8,  3,  3, 17,  9,  9,  8,  3, 15, 11, 11, 15,  7, 14],
       device='cuda:0')
tensor([12, 16,  8, 13, 12, 12,  7, 15, 15, 11, 16,  2,  3, 11, 17, 18, 10, 18,
        14,  3, 12, 19,  9, 10,  8, 17, 15,  8,  6, 15, 18,  8],
       device='cuda:0')
tensor([ 4, 15,  0, 15,  9, 16,  3,  7, 13, 18, 12, 11,  8,  9,  0,  7, 16,  3,
         4, 14, 14,  9, 10,  4, 13,  2,  9,  4, 17, 10,  0,  1],
       device='cuda:0')
tensor([ 9, 15,  0, 10,  9, 11,  3,  7, 13, 19, 12,  8,  8,  9,  0,  5,  5, 19,
         4, 17,  8,  9, 10,  9, 13,  3, 17,  9, 19, 10,  0, 11],
       device='cuda:0')
tensor([13,  0,  3, 18, 12,  3,  8, 13,  9,  4,  3, 11, 18,  7,  8,  9,  1,  2,
         7,  4,  6,  7,  1,  3, 11,  3,  4, 17, 11, 10, 17,  0],
       device='cuda:0')
tensor([13,  0,  3, 18, 12,  3,  0, 13, 15, 10,  3, 11, 12, 14,  8, 15, 14,  2,
        17,  4,  6, 18,  1,  3,  9,  3,  4, 17,  6, 16, 17,  4],
       device='cuda:0')
tensor([ 3,  9, 18, 15,  7, 15,  8,  8,  1, 13,  6, 12, 14, 11, 15, 16, 10, 12,
         4,  3,  4, 14, 16, 18,  4, 11,  4,  0,  0,  4,  5, 16],
       device='cuda:0')
tensor([ 2,  9, 18, 15, 18, 15,  7, 19,  1, 16,  6, 14, 16, 11, 12,  5, 16, 14,
         4, 17,  4, 17,  8, 18,  4, 12,  4,  0,  0,  4,  5, 14],
       device='cuda:0')
tensor([ 8,  9,  6, 15, 16, 15,  8, 13, 11,  4, 10, 14,  9, 13, 14,  1,  6,  7,
        10, 14,  7, 18,  9, 18, 14, 13,  0, 15, 10, 15, 10, 10],
       device='cuda:0')
tensor([ 8,  3, 16, 15, 16, 17,  8, 13, 11,  4, 15,  7,  9, 13, 12,  3, 14,  7,
         6, 16,  7,  7,  4, 19, 10, 13,  0, 15, 15,  7, 10, 10],
       device='cuda:0')
tensor([ 6, 18,  9, 18,  8, 18,  7, 14,  7, 13,  1, 14,  7,  3, 15, 15, 14, 11,
         9, 18, 15, 13,  1, 15,  7,  8,  7,  9, 15,  8,  4, 15],
       device='cuda:0')
tensor([ 6, 18,  9,  2, 14, 12,  5,  7,  8, 13,  1,  8,  7,  2, 15, 17, 15,  3,
         8, 17, 17, 13,  1, 14,  7, 14, 19,  0,  4,  1,  4,  7],
       device='cuda:0')
tensor([15, 10, 10,  7, 12,  1,  1, 13, 13,  3,  1,  8, 18, 13, 14, 13,  3,  9,
         3,  7,  1, 18,  3, 11, 10, 18, 13, 12, 15, 15,  1,  7],
       device='cuda:0')
tensor([14, 16, 10, 17, 16,  1,  6,  6,  5, 17,  3,  6, 16, 13, 14,  1, 14, 11,
        17,  5,  1, 17, 10,  5, 10, 14, 13, 12, 10,  8,  1,  8],
       device='cuda:0')
tensor([16, 14, 11, 16, 17, 11,  1, 10, 17,  1, 13,  2, 15, 15,  4,  9, 13,  3,
         1, 10, 15, 15,  8,  4,  7, 16, 13,  3,  6, 15, 19, 15],
       device='cuda:0')
tensor([16,  8, 12,  5, 12,  1,  8,  7,  7,  1, 13,  2,  7,  5,  4,  4, 13,  7,
         1, 17, 15,  6,  1,  4,  2,  5, 13,  3,  0, 18, 19, 10],
       device='cuda:0')
tensor([15, 18, 14, 13,  7, 14, 18, 16,  3, 13, 19,  7, 15,  6, 14, 11,  2, 19,
        18, 10, 10,  0, 18, 18, 14, 13, 10,  2, 14,  8, 18,  6],
       device='cuda:0')
tensor([15,  5, 14, 13,  7, 15,  7, 12, 14, 18,  5,  5, 15, 11,  6,  6,  2, 14,
        18,  5, 10,  0, 18, 18, 14, 13,  2, 13, 17,  2, 18, 19],
       device='cuda:0')
tensor([ 4,  8, 18, 11, 15, 15, 15, 10,  7,  9,  9,  3,  3,  9,  1, 18,  8, 15,
         9,  7,  2, 14,  3, 13,  8,  9,  1,  1, 18,  0,  2, 15],
       device='cuda:0')
tensor([ 4,  8, 18, 11, 15, 15, 15,  2,  5,  9,  9, 16,  3,  9,  1,  7, 11, 15,
         9, 19,  2,  8,  6, 18,  2,  9,  1, 16, 16,  0, 17, 19],
       device='cuda:0')
tensor([ 9, 13,  4,  9, 10, 12,  9,  1, 14, 14,  3, 13,  3, 18,  7, 15, 14, 15,
         0,  8,  4,  2,  1, 11, 18,  1,  3, 15, 11, 11, 10,  3],
       device='cuda:0')
tensor([ 9,  5,  4,  9, 10, 12,  9,  1, 12,  8,  2, 16,  8,  5,  8, 15,  6, 13,
         0,  8,  4, 18, 16, 11, 18,  1,  3, 16, 11, 14, 10,  3],
       device='cuda:0')
tensor([11,  1, 10, 13, 14, 14, 13, 11,  2,  4, 18, 15, 18, 10,  7, 13,  7,  1,
         9, 14,  8,  0,  8,  7,  9, 13, 13, 15,  8, 11, 13,  3],
       device='cuda:0')
tensor([11,  1, 10, 13, 12, 16, 18, 11,  2,  6, 17, 15, 18,  2,  8, 13,  7, 10,
         9, 14,  8,  0,  4,  7,  9, 10, 16, 10,  2, 11, 13,  5],
       device='cuda:0')
tensor([ 6,  7, 13,  8, 11, 17, 13, 15, 11,  1, 17,  4,  0,  8, 14, 18,  7,  2,
        13, 16,  3,  8, 13, 14,  3,  4,  8, 14,  2, 15, 11,  9],
       device='cuda:0')
tensor([15,  5, 13, 17,  6, 17, 10, 13, 18,  7, 17,  4,  0,  8,  8, 15, 16,  2,
        13, 15,  6,  6, 13, 12, 13,  4, 15, 13,  8, 14,  6,  9],
       device='cuda:0')
tensor([ 3, 11, 10, 11,  7, 15, 11,  5, 14, 12, 13, 14, 14, 17,  8,  7,  9, 13,
        19, 14,  9,  6,  3, 14, 10,  9, 18,  3, 18, 13, 13,  6],
       device='cuda:0')
tensor([ 3,  3,  9,  5,  7, 15,  5,  8, 16, 15, 13,  6,  5, 17,  8, 14,  9, 16,
        17, 17, 19,  6,  3, 14, 15,  9, 19,  3, 18, 16, 13,  6],
       device='cuda:0')
tensor([14,  8,  2,  8, 11,  4,  3, 10,  7,  4,  4, 13,  0,  4,  1, 13, 17, 11,
        13,  9, 13,  1,  9, 18, 17,  1, 15, 15,  8,  8, 11,  3],
       device='cuda:0')
tensor([18, 19, 18, 10,  3, 14, 10, 16,  7,  4,  4,  7,  0,  4,  7, 13, 19, 16,
        16,  6, 13,  1,  9, 17, 19,  1,  9, 19,  5, 17, 11, 19],
       device='cuda:0')
tensor([ 3, 16, 13,  8, 15,  7,  0, 15, 15, 14, 14,  1, 16,  7, 15,  3,  6,  7,
         0, 11,  8,  6, 12,  7, 17,  0,  9,  7, 18, 11,  3, 14],
       device='cuda:0')
tensor([ 3, 12, 13, 19, 17,  0,  0, 16, 15, 14, 12,  1, 16,  7, 15, 19,  6,  1,
         0, 16, 12,  6, 18, 17,  7,  0, 11,  5, 18, 11,  3,  8],
       device='cuda:0')
tensor([11,  1, 15,  7, 11,  9, 10,  3,  9, 18,  1, 16, 15, 11,  3, 17, 16, 15,
         3, 14, 15, 15,  7,  8,  7, 15, 13, 11,  3,  0,  0, 18],
       device='cuda:0')
tensor([11,  1, 15, 17,  5, 15, 15,  2,  0, 19,  1, 16, 13, 11, 19, 12, 11, 13,
        16, 12,  5,  7,  3,  2,  7, 16, 18,  3, 16,  0,  0, 18],
       device='cuda:0')
tensor([ 3, 14,  1,  4, 16, 10,  3, 10, 13,  3, 11, 12,  9, 11,  0, 14,  8,  8,
        10,  4, 13,  1, 13,  3,  3,  7, 13,  4,  9, 11, 13,  6],
       device='cuda:0')
tensor([17, 17,  1,  4, 16,  8,  3,  4, 13, 19,  2, 12,  9, 11,  0, 14, 12,  9,
         4,  4,  6,  1, 10,  2, 16,  7, 13,  4,  9, 11, 13,  6],
       device='cuda:0')
tensor([13, 11,  3, 18,  9,  0,  6,  0,  1,  1, 19,  1, 11,  9, 10,  3, 10, 17,
         3, 16, 10, 14,  1, 12,  4,  9, 14,  4,  8,  7,  8, 11],
       device='cuda:0')
tensor([13, 17, 17,  1,  9,  0,  3,  0,  1,  1, 19,  8, 11,  9,  5,  0, 14, 10,
         2,  8, 10, 14, 19, 17,  4,  9, 19,  4,  8,  7, 19, 11],
       device='cuda:0')
tensor([18, 15,  4, 11, 10,  8,  2,  1,  0,  1, 16, 19, 11, 10,  2,  6, 15, 18,
         0,  8,  9,  1, 13, 15,  1, 12, 15,  3, 11, 19,  4, 19],
       device='cuda:0')
tensor([18, 15,  4,  3, 15, 19, 12,  1,  0,  1, 12, 19, 11,  2, 19,  6, 15, 19,
         0,  8,  9,  1, 16, 13,  1, 14,  9,  3, 16, 19,  4, 19],
       device='cuda:0')
tensor([10,  0, 13, 10,  8, 15,  6, 14, 16,  8,  2,  1, 15,  6,  9, 10,  8, 14,
         7,  0, 18,  4,  3, 15, 15, 17, 15, 16, 11,  8,  9, 15],
       device='cuda:0')
tensor([10,  0, 13, 10,  8, 15,  6,  8,  5,  8,  2,  1, 12,  6,  6, 10,  9, 12,
        14,  0,  5,  4, 19, 15,  5, 15,  5,  5,  7,  8, 11, 15],
       device='cuda:0')
tensor([10, 15, 15,  0, 13,  8,  2,  2,  6, 18,  7,  9, 11,  9,  8,  4,  0, 15,
         3,  2,  8,  4, 15, 10, 17,  4, 15,  4,  7, 11,  9,  1],
       device='cuda:0')
tensor([13, 10,  5,  0,  6,  8, 14, 16, 11, 18,  7,  9, 16,  9, 19,  4,  0, 14,
         6,  2,  8,  7,  5,  9, 12,  4, 14,  4,  9, 11,  7,  2],
       device='cuda:0')
tensor([13,  1,  0,  7, 14,  1,  0, 15, 11,  9, 18, 13,  1, 16,  7,  0, 18,  7,
         3, 18,  2, 15, 13,  3,  3, 16,  7,  3,  1, 16,  7, 14],
       device='cuda:0')
tensor([ 7, 14,  0, 19,  2,  1,  0, 15,  6, 17, 17, 13,  1, 16,  7,  8, 17, 16,
         2, 18, 14, 15, 13, 14, 14, 11, 19,  6, 14, 16,  8, 12],
       device='cuda:0')
tensor([11,  1,  0,  9, 11, 10, 13,  7,  0, 18, 12,  3, 12,  9,  9, 13, 18, 14,
        15, 14, 13, 10,  7,  3, 14,  1, 13,  4, 15, 11,  7,  4],
       device='cuda:0')
tensor([11,  3,  0,  9, 11,  0, 10, 17,  0, 18, 12,  9,  7,  9,  9, 17, 17, 14,
        10,  7, 16,  5,  7,  3, 14,  3, 13,  4, 15,  3,  7, 14],
       device='cuda:0')
tensor([ 4,  7, 16, 14,  9, 14,  7,  6,  7,  3, 12,  0, 15,  0, 18, 15, 18,  9,
         7, 18, 14, 15,  4, 13, 19,  0, 12,  8, 18, 13, 15,  7],
       device='cuda:0')
tensor([ 4,  7,  7, 14,  9, 11, 19,  9,  5,  5, 10,  0, 15,  0, 18, 15, 18,  9,
        14, 18, 14, 14,  4,  2, 19,  0, 12,  8,  5, 15, 12, 17],
       device='cuda:0')
tensor([ 3, 17,  1,  8, 11,  1, 19, 14, 11, 11,  9,  4,  4, 13, 18,  9, 13, 10,
         8,  6,  1,  1,  0,  0,  2,  3, 16,  8,  1,  6,  3,  9],
       device='cuda:0')
tensor([ 2,  9, 10, 16,  6,  3, 19, 19, 11,  6, 10,  4,  4, 13, 18,  9,  2, 15,
         7,  6,  5,  1,  0,  0, 12, 19, 16,  8,  1,  6, 19,  9],
       device='cuda:0')
tensor([ 3, 15, 14, 10, 10,  8,  9,  9, 11, 16,  7,  8, 16, 17, 13, 14, 14,  3,
        15,  4,  7,  8, 12, 17, 13,  7,  8, 14,  1, 11,  3, 13],
       device='cuda:0')
tensor([ 3, 12, 16,  7, 12, 17,  3,  6, 18,  3, 19, 19,  8, 11, 16,  2,  0, 16,
         2,  4,  7, 19, 12, 17, 16, 12, 11, 12,  1, 13,  7, 13],
       device='cuda:0')
tensor([ 8,  7,  4, 19, 11, 15,  7,  7, 18, 13,  1, 14, 15,  6,  0, 18, 14, 16,
        11,  3,  9,  0,  3, 10,  1,  7,  3,  8, 11, 14,  0, 11],
       device='cuda:0')
tensor([ 5,  7,  9, 19,  2, 13, 14, 17, 19, 16,  9,  5, 14,  6,  0, 16,  2, 16,
        16,  2, 17,  0,  3, 10,  3, 17, 12, 14,  6, 14,  0,  6],
       device='cuda:0')
tensor([ 0, 19, 13, 14,  8,  4,  7,  0, 18,  9,  3, 17,  9, 11, 15,  0,  3, 14,
        13, 15, 10, 15,  1,  1, 15,  2, 18, 14,  6,  3, 10, 11],
       device='cuda:0')
tensor([ 0, 19, 13, 17, 12,  4, 19,  0, 18,  9,  8,  1,  9, 11, 10,  0, 10,  6,
        13, 13,  5, 15, 10, 18,  2,  2, 18,  7,  6, 15, 12,  8],
       device='cuda:0')
tensor([11, 18,  3,  4,  8,  8,  1,  4,  4,  8,  7, 12, 13, 14,  3, 10, 14,  0,
         8,  8,  2,  8, 13,  0,  3,  7, 15,  4,  0, 15, 14,  4],
       device='cuda:0')
tensor([19, 18,  3,  4,  2,  3,  1,  4,  4, 12, 17, 18, 13, 14,  3, 10, 12,  0,
         1, 12,  8,  8, 13,  0, 17, 15, 12,  4,  0, 15, 19,  4],
       device='cuda:0')
tensor([ 7, 14,  7,  3, 11, 10,  3,  6, 15, 15,  3,  0, 14,  9,  3,  4, 17, 18,
         3, 14,  9, 14,  1,  1, 18,  3,  4, 11,  1, 13,  9,  8],
       device='cuda:0')
tensor([ 7, 14,  7,  2, 11,  4, 14,  6, 15, 15, 19,  0,  0, 17,  5,  4, 17, 18,
         3, 14,  9,  7,  1,  3, 18, 16,  4, 11,  1,  5,  9,  8],
       device='cuda:0')
tensor([11, 18,  2, 13, 15,  7, 10, 14, 11, 12, 10, 14,  7,  0,  4,  6, 10, 11,
        18, 10,  3,  3,  6, 10, 15,  1, 13,  9, 15, 14,  0, 12],
       device='cuda:0')
tensor([18, 18, 19, 13, 16,  7,  1, 10, 11, 12,  7, 12, 12,  0, 12,  6,  5, 11,
         2, 12, 19,  4,  6, 13, 15,  5, 13,  1,  6, 14,  0,  3],
       device='cuda:0')
tensor([ 3, 11, 14,  9,  3, 18,  7,  9, 14, 18,  0,  3, 15,  1,  2,  2, 15, 13,
         3,  9,  3, 15, 12,  8, 17,  7,  7, 17,  3, 12, 10,  2],
       device='cuda:0')
tensor([ 5, 14, 14,  4,  3, 18, 17, 10,  1, 18,  0,  7,  2,  1,  2,  2, 17, 13,
         6,  9,  3,  9, 14,  8, 16,  9, 14, 19, 14, 19,  5,  2],
       device='cuda:0')
tensor([15, 13, 15, 16, 13,  1,  2,  4,  3,  6, 11, 16,  7, 10,  2, 18,  7, 14,
        19, 17,  9, 17, 18,  0,  9,  0, 15,  4,  1,  8,  1,  1],
       device='cuda:0')
tensor([18, 10, 10,  5,  8,  1,  2,  4,  3,  6, 11,  5,  6,  5, 19, 18,  7, 14,
         8, 17, 11, 17, 18,  0,  1,  0, 15,  4,  1, 14,  1,  1],
       device='cuda:0')
tensor([ 3,  6, 12, 16,  3,  9, 13, 18,  1,  8,  3, 15,  8,  8,  6,  3, 18, 15,
         1, 16, 11, 10,  9, 13,  1,  9, 15, 15,  3, 11,  4, 13],
       device='cuda:0')
tensor([ 8,  6, 12,  6,  3, 14,  2, 18, 10, 18, 12, 10,  0,  8,  5,  8,  7, 15,
         1, 16, 11, 10,  6, 13,  1,  9, 15,  8,  3, 11,  1, 13],
       device='cuda:0')
tensor([ 3,  6, 16,  9,  0, 13,  4, 11,  1, 10,  9, 10, 17, 14,  2, 10, 10,  0,
         1, 15, 17, 13, 11, 18, 10,  3,  7, 11,  9, 10, 18, 11],
       device='cuda:0')
tensor([ 5, 11,  2,  9,  0,  2,  4, 14,  1, 10,  9,  5, 17, 10,  2,  2, 10,  0,
         1, 15, 18, 13,  3,  5, 10,  3,  3, 14,  5,  2, 18, 19],
       device='cuda:0')
tensor([ 8,  3, 14, 11, 11, 14,  6,  2, 18,  1,  1, 12,  3,  1,  9, 15, 12, 14,
        18, 14, 14, 15,  3,  7,  7, 10, 10,  7,  8,  8,  3,  3],
       device='cuda:0')
tensor([17,  0, 16, 11,  6, 12,  6, 19, 18,  3,  1, 19,  3,  6, 10, 15, 12, 12,
        18, 14, 14, 15,  2,  5,  7, 18,  2,  7, 18,  8,  3,  2],
       device='cuda:0')
tensor([15, 10,  7, 14,  9,  7,  9,  3,  0, 14,  6,  3, 11,  7, 13, 18,  6,  9,
         9,  2, 14, 10, 11,  9, 13, 13, 14,  4,  1,  6, 16,  9],
       device='cuda:0')
tensor([ 4,  6,  7, 14, 15, 19,  9,  3,  0,  8, 14,  6, 19, 18, 13,  2,  6,  4,
        19, 19, 19, 10,  6,  9, 13, 13, 14,  4,  1,  3, 16,  1],
       device='cuda:0')
tensor([10, 14,  3,  3, 11, 10, 15, 15, 15, 11,  8, 11, 12,  3,  1, 14, 10, 14,
        18, 11,  9, 15, 11,  8, 11, 18,  3, 11,  7,  1,  7, 16],
       device='cuda:0')
tensor([10, 17, 11,  3, 11,  7,  1, 15,  6, 11,  2,  6, 18,  2,  1, 12, 14,  8,
        17, 11,  9, 12, 16,  8, 18, 18,  3, 11,  8,  1, 17, 16],
       device='cuda:0')
tensor([16, 18,  3,  9,  3,  8,  8, 15,  1,  7,  7,  8,  8,  9, 11,  8,  4, 18,
        14,  8, 11,  6, 14,  3,  8, 12, 15,  1,  9, 16,  1, 13],
       device='cuda:0')
tensor([ 2, 18,  3,  9,  3, 12, 12, 15,  1,  7, 17,  8, 17,  9, 11, 17,  4,  4,
         6,  5,  2, 11,  8,  5,  5, 12, 18,  1, 14,  2,  1, 13],
       device='cuda:0')
tensor([11,  9,  9,  3,  1, 15,  8, 18,  4, 15, 17, 15, 15, 13,  3, 16,  8, 10,
        18, 13, 10, 17,  8,  7,  3, 14,  3,  7, 13,  9,  3,  2],
       device='cuda:0')
tensor([ 6,  9,  0,  3, 14, 15, 16, 19,  4, 19, 19, 15, 18, 16, 19, 16,  5, 10,
        18, 13,  8,  5, 16, 17, 17, 12,  7,  7, 13, 15,  2,  7],
       device='cuda:0')
tensor([ 1,  3, 10,  1,  3,  2, 10,  3,  0, 12,  4,  8, 18,  7,  8,  0,  8, 16,
        16, 18, 18,  8,  9,  1, 16,  1,  2, 16,  1,  4,  3, 15],
       device='cuda:0')
tensor([ 8,  3, 10,  1,  8,  5, 15,  3,  0,  3,  4,  8, 17,  8, 14,  0, 14,  7,
        16,  2, 18,  8, 12,  1, 16, 10, 17,  3, 10, 14,  3,  7],
       device='cuda:0')
tensor([13,  4,  3, 15,  3, 11, 18,  4, 11,  8, 14,  7, 19, 18,  4,  9, 10, 11,
        17,  4, 14, 11,  8, 12,  3, 15,  7,  4,  4, 12,  8, 11],
       device='cuda:0')
tensor([16,  9,  8,  3,  2,  3, 18, 14, 11, 16, 12,  8, 18,  2,  4,  9, 10, 11,
        17,  0,  8, 11,  1, 12,  7, 15,  7,  4,  9, 12, 17,  5],
       device='cuda:0')
tensor([16, 11,  8,  3, 14,  1, 13, 11,  8,  3, 12,  0, 11, 14,  7, 18,  7, 10,
         3,  3, 18, 16, 16,  7, 12,  2, 11, 13,  8, 16,  9, 11],
       device='cuda:0')
tensor([11, 11,  8, 15, 12,  1,  3, 11, 11, 19, 12,  0, 11, 14,  4,  7,  7,  0,
         3, 19, 18,  5,  4,  5, 12, 10,  1, 13,  2, 16,  9, 12],
       device='cuda:0')
tensor([ 9,  3, 15, 13, 13, 14,  2,  8, 15, 13,  7,  9,  9, 11,  6,  9, 12, 16,
         8, 14, 14, 15,  3, 13, 10, 18, 14,  9,  3,  3,  9,  7],
       device='cuda:0')
tensor([ 9,  3, 15, 13, 17, 14,  8, 18, 10, 13, 17,  9,  0, 11,  6, 10, 12, 16,
         7, 12,  0, 18,  2,  0, 14, 14, 16,  9,  3,  3,  9,  8],
       device='cuda:0')
tensor([ 3,  3,  9,  9,  4, 11,  3,  3,  1, 14,  4, 15, 10, 15,  4, 19,  1,  9,
         3, 13, 11,  4, 14, 13, 16,  9,  1,  7,  3,  1,  8, 19],
       device='cuda:0')
tensor([19, 19,  9,  1,  2, 11,  5,  3,  2,  1,  4,  9, 10, 15,  9, 19,  1,  6,
        19, 11, 11,  6, 16,  3,  1,  9, 19,  7,  6,  1, 12,  2],
       device='cuda:0')
tensor([16,  8, 18, 13, 13, 18,  9, 15,  9, 18, 11,  7,  3, 16, 15,  7, 15, 16,
        13,  9,  3,  7, 13, 14, 11, 15,  0,  9, 15, 11,  0,  1],
       device='cuda:0')
tensor([11,  8,  8, 13, 13, 18, 10, 15, 12, 17,  3, 17,  3, 10, 15,  2, 10, 11,
        13,  9,  3,  1, 13, 14,  5, 15,  0,  9,  5, 15,  0, 12],
       device='cuda:0')
tensor([16,  9, 10, 17, 15,  3,  3,  9,  8, 11, 14, 10, 14, 17,  0, 16,  6,  7,
        10, 10, 18, 14, 12,  4,  0,  3, 16, 11, 10,  3, 14,  7],
       device='cuda:0')
tensor([16, 12, 10,  7, 15,  3, 17,  9, 18, 17, 12, 17, 12, 19,  0, 19,  1, 10,
         5, 14, 18,  5, 12,  4,  0, 14, 16,  1, 10, 15,  7,  3],
       device='cuda:0')
tensor([ 3,  7, 16,  4,  4, 11, 11,  3, 11,  1, 13,  6,  9,  7, 18,  3, 14, 18,
        18,  3, 10,  3,  2,  7,  1,  7,  4,  6,  6,  3, 15, 11],
       device='cuda:0')
tensor([ 2, 10,  5,  4,  4, 12, 14,  2,  6, 10, 13,  6,  9, 10, 18,  2, 18,  5,
         8, 10, 10, 14,  8,  7,  6, 14,  0,  6,  6,  2, 10, 16],
       device='cuda:0')
tensor([11, 11, 15, 10, 14,  7, 18, 14, 10,  7,  0, 16, 14, 12,  8,  2,  3, 16,
        14,  4,  3,  7, 11,  3,  1,  1, 18,  1, 13, 11,  8, 10],
       device='cuda:0')
tensor([11,  5, 15,  8, 14,  5, 17, 14, 10, 17,  0, 17, 12, 12,  8, 16, 11,  5,
        12,  4,  3, 19, 11, 16,  1,  2, 18,  3,  2, 11,  5,  5],
       device='cuda:0')
tensor([ 0, 11, 13,  3,  3, 11,  8,  0,  8,  3, 13,  8, 13,  3,  2,  3,  9,  8,
         7, 13, 17,  7, 15, 13,  3, 15,  7,  8,  7, 15, 10,  6],
       device='cuda:0')
tensor([ 0,  2, 13, 11,  3, 11,  1,  0, 19, 11, 13, 10, 16,  6,  2, 17,  9, 19,
         5, 13,  8, 14,  4, 13, 18, 15, 17, 11,  4,  3, 10,  6],
       device='cuda:0')
tensor([13,  9, 11, 11,  4,  8,  0, 10, 11,  7, 14,  4,  4,  3,  7, 18, 17, 14,
         7,  3,  7,  0,  1, 15, 11,  6,  7, 14, 13, 10,  7,  9],
       device='cuda:0')
tensor([13,  9, 11,  6,  7, 18,  0, 10, 11, 19, 17,  4,  4,  3, 19, 18, 13, 12,
        19,  3,  7,  0,  1, 15,  6, 13, 17, 12, 18, 15,  0,  9],
       device='cuda:0')
tensor([11, 10,  2, 10,  3,  8, 19, 10,  3,  9,  1, 14,  6,  9,  6, 11,  3,  5,
         4, 10, 13,  0,  1,  0,  8,  0, 17, 10,  3,  4, 13,  8],
       device='cuda:0')
tensor([ 5,  7,  2, 10,  3, 15,  0,  5, 15,  9,  6, 17,  6,  5,  5, 18, 10,  5,
        10, 12, 18,  0, 10,  0,  2,  0, 16, 10, 17,  4, 13,  8],
       device='cuda:0')
tensor([17,  9,  4, 10, 11, 18, 11,  6, 13,  2, 10,  3, 11,  3,  3,  3,  8, 18,
        11, 13, 10,  9,  3,  4,  4,  9, 14,  3, 13,  0, 10, 11],
       device='cuda:0')
tensor([ 5,  9, 17,  5,  3, 12, 13,  6,  8, 19,  6, 17, 11,  2,  7,  4, 17, 18,
        11,  7, 10, 11, 16,  4,  4, 15,  6,  2, 13,  0, 16, 17],
       device='cuda:0')
 * Average Acc: 0.450 Best acc 0.450
 Per-Task Acc:[0.45]
================Task 1 Start!================
SGD (
Parameter Group 0
    dampening: 0
    differentiable: False
    foreach: None
    initial_lr: 0.1
    lr: 0.03333333333333333
    maximize: False
    momentum: 0
    nesterov: False
    weight_decay: 0
)
================Task 1 Training!================
The training samples number: 10000
learning rate: [0.03333333333333333]
================ Train on the train set ================
Epoch [0/3] |	Loss: 2.605 	Average Acc: 0.233 
learning rate: [0.06666666666666667]
================ Train on the train set ================
Epoch [1/3] |	Loss: 1.801 	Average Acc: 0.417 
learning rate: [0.1]
================ Train on the train set ================
Epoch [2/3] |	Loss: 1.604 	Average Acc: 0.482 
================ Test on the test set ================
tensor([30, 20, 37, 30, 27, 34, 35, 35, 20, 37, 30, 36, 36, 37, 26, 27, 35, 26,
        35, 26, 26, 37, 30, 27, 37, 32, 33, 27, 30, 39, 37, 37],
       device='cuda:0')
tensor([ 3,  0,  5,  2,  8, 15,  9,  1,  2, 10, 11,  7,  8,  5,  9,  7,  7,  9,
         1, 19,  6,  7,  1,  7, 17,  5, 12, 19,  5, 14,  5,  2],
       device='cuda:0')
tensor([27, 27, 21, 30, 21, 28, 32, 20, 26, 27, 38, 27, 32, 35, 30, 24, 26, 35,
        25, 32, 36, 32, 26, 24, 27, 36, 35, 35, 21, 21, 22, 26],
       device='cuda:0')
tensor([ 8, 18, 13,  5, 13,  4,  6, 16,  0,  7,  0,  2, 10,  9,  0,  1,  0,  5,
        17,  5, 15,  2,  9,  3, 18, 15,  0,  6, 12,  6, 16,  4],
       device='cuda:0')
tensor([25, 27, 34, 37, 35, 28, 20, 20, 23, 30, 37, 20, 36, 21, 28, 39, 32, 23,
        32, 20, 37, 39, 37, 35, 26, 26, 20, 37, 32, 30, 38, 30],
       device='cuda:0')
tensor([12,  7, 16,  3, 11,  4,  3,  6,  6, 15, 15,  5, 15, 16, 10,  3,  5,  4,
        10,  6,  3,  2,  2,  1, 17,  9,  6, 11,  3,  6, 19, 11],
       device='cuda:0')
tensor([23, 20, 27, 26, 26, 27, 38, 28, 32, 21, 34, 20, 37, 39, 20, 35, 27, 26,
        20, 28, 27, 27, 22, 30, 37, 38, 35, 39, 27, 32, 21, 38],
       device='cuda:0')
tensor([16, 12,  7,  9,  0,  8, 18,  4, 16, 13, 18, 11, 16, 19,  6,  1, 14,  9,
         6,  4,  3,  3, 12,  5, 10, 17,  1,  7, 17, 16, 13, 10],
       device='cuda:0')
tensor([20, 27, 39, 27, 32, 21, 20, 35, 23, 27, 21, 28, 20, 26, 37, 32, 38, 27,
        26, 26, 20, 30, 22, 21, 37, 27, 20, 27, 35, 37, 35, 22],
       device='cuda:0')
tensor([16,  2,  0, 19,  5, 13,  6,  1,  9,  9, 13, 10, 16,  9, 15,  1,  5,  5,
         0,  0, 16,  7,  6, 16, 12, 19, 12, 19, 14, 15,  1, 12],
       device='cuda:0')
tensor([35, 25, 35, 34, 37, 23, 26, 34, 39, 20, 37, 35, 38, 32, 38, 37, 27, 26,
        39, 28, 25, 30, 22, 20, 35, 34, 36, 20, 34, 38, 22, 39],
       device='cuda:0')
tensor([ 9, 19,  1, 18, 15,  4,  0, 12,  8,  8,  2,  9,  3,  5, 18,  6,  5,  9,
         8,  4, 12, 11, 13, 16,  3, 14, 13,  6, 12,  0, 12,  2],
       device='cuda:0')
tensor([32, 32, 27, 25, 27, 32, 20, 27, 35, 35, 37, 38, 32, 25, 27, 30, 20, 28,
         0, 26, 35, 33, 24, 23, 27, 38, 22, 38, 30, 23, 35, 37],
       device='cuda:0')
tensor([ 2, 16, 17, 17,  7, 11,  8,  8,  9,  0, 16, 12,  8, 14, 17, 11, 16, 10,
         0,  9, 17, 16,  4,  4, 18,  4, 12,  8,  0, 10,  9,  9],
       device='cuda:0')
tensor([33, 20, 20, 26, 37, 35, 32, 23, 32, 22, 26, 35, 20, 32, 27, 39, 36, 30,
        39, 27, 30, 21, 21, 30, 25, 34, 27, 37, 34, 32, 27, 37],
       device='cuda:0')
tensor([18, 16, 11,  0,  2,  8, 16,  4, 16, 12,  0,  1,  3,  5,  8, 14,  2,  6,
         2,  4, 11, 16, 13,  6, 14, 12, 18, 10,  1,  8, 19,  2],
       device='cuda:0')
tensor([32, 27, 33, 26, 34, 33, 25, 37, 22, 35, 37, 27, 36, 21, 28, 37, 27, 26,
        38, 20, 26, 23, 35, 39, 38, 32, 27, 27, 32, 38, 22, 38],
       device='cuda:0')
tensor([18, 19,  7,  9, 13,  7, 14, 15, 12,  1,  9,  8, 16, 16,  4,  5, 17,  1,
        19,  3,  9,  4,  1, 14,  2, 15, 19,  7, 18,  5,  2, 12],
       device='cuda:0')
tensor([20, 20, 30, 21, 33, 38, 27, 20, 32, 30, 38, 32, 28, 37, 30, 38, 27, 20,
        30, 25, 36, 32, 31, 24, 38, 37, 22, 38, 21, 39, 24, 38],
       device='cuda:0')
tensor([ 6, 10, 11,  3,  3, 18,  5,  2,  8, 16,  1, 18, 13, 10,  6, 17, 17,  0,
        11, 12, 13, 16,  3,  9, 17, 12, 14,  2, 19, 14, 10,  5],
       device='cuda:0')
tensor([36, 38, 27, 38, 20, 28, 30, 35, 22, 30, 35, 22, 21, 33, 32, 34, 30, 28,
        32, 22, 39, 27, 27, 36, 20, 23, 22, 37, 27, 33, 33, 38],
       device='cuda:0')
tensor([15, 19, 17, 19, 11,  7, 12,  9, 19, 11,  1, 14, 10, 13, 16, 11, 11,  7,
        16, 17,  5,  7,  8,  0,  6,  4, 17,  3,  2, 16, 13,  1],
       device='cuda:0')
tensor([32, 25, 26, 35, 26, 26, 36, 37, 20, 33, 20, 26, 30, 27, 27, 30, 36, 33,
        38, 30, 37, 23, 28, 20, 38, 33, 26, 30, 23, 30, 37, 25],
       device='cuda:0')
tensor([ 6,  7,  0,  1, 12,  7,  7, 15,  6, 18, 11, 14, 11, 12, 17, 14, 16, 18,
        17, 11, 15, 10, 10,  2, 11, 18, 15, 12,  4, 15,  9, 19],
       device='cuda:0')
tensor([27, 37, 26, 22, 32, 25, 20, 32, 20, 32, 32, 20, 27, 38, 37, 28, 38, 35,
        27, 36, 35, 27, 39, 27, 36, 35, 39, 33, 27, 27, 26, 25],
       device='cuda:0')
tensor([17, 19,  3, 19,  5, 19, 11, 18, 10, 16,  5, 11,  7, 17, 15, 10, 14,  1,
        18,  2, 15,  9,  2, 17,  4,  1, 19, 13, 12,  8,  9, 19],
       device='cuda:0')
tensor([28, 25, 30, 27, 39, 37, 21, 27, 27, 22, 27, 22, 27, 37, 20, 35, 22, 32,
        20, 28, 30, 20, 33, 27, 39, 36, 30, 20, 32, 27, 34, 37],
       device='cuda:0')
tensor([ 2, 14, 11, 18,  9,  7, 13,  8, 17,  8, 17,  7, 19, 15, 16,  6, 14, 14,
         0, 15,  3,  6, 10, 11,  4,  2,  6,  6,  3, 19, 13, 15],
       device='cuda:0')
tensor([39, 30, 35, 39, 26, 28, 38, 30, 37, 37, 39, 26, 37, 26, 37, 37, 30, 34,
        33, 39, 38, 35, 26, 26, 33, 37, 32, 27, 30, 34, 22, 26],
       device='cuda:0')
tensor([ 0,  6,  1, 14,  0,  4, 14, 11, 12,  3, 14,  0, 17,  0, 13, 15, 11,  8,
        18,  4, 14, 19,  9,  9, 13,  8, 10, 17, 10,  8, 14,  4],
       device='cuda:0')
tensor([27, 32, 23, 34, 20, 23, 38, 36, 32, 38, 32, 37, 27, 30, 37, 30, 30, 27,
        20, 35, 20, 37, 30, 28, 26, 20, 38, 33, 38, 30, 34, 26],
       device='cuda:0')
tensor([12, 12,  7,  8, 11, 15, 12, 16,  2, 12, 17, 10, 19,  7,  5,  2,  5,  2,
        11,  9,  0, 15, 11, 10,  0,  1, 15, 19, 18,  1,  1, 11],
       device='cuda:0')
tensor([20, 28, 21, 37, 38, 22, 30, 27, 20, 21, 27, 21, 35, 27, 38, 37, 34, 38,
        32, 28, 35, 35, 23, 26, 37, 34, 20, 27, 27, 27, 20, 22],
       device='cuda:0')
tensor([11, 10, 10, 17, 18,  7,  6, 18, 14,  3,  7, 13,  9, 19, 18, 15, 19, 12,
        15,  7,  7,  1,  4, 19,  2, 12, 11, 12,  8,  7, 11, 17],
       device='cuda:0')
tensor([32, 28, 26, 38, 32, 28, 27, 27, 23, 39, 35, 37, 26, 21, 23, 27, 32, 26,
        30, 32, 20, 38, 28, 27, 33, 26, 22, 27, 38, 33, 37, 23],
       device='cuda:0')
tensor([ 2,  4,  9, 14, 10,  4, 18, 14,  4,  4,  8, 19,  0, 13,  0, 10, 16,  4,
         6, 15, 16, 12,  4, 17,  2,  4, 17, 11, 19,  7, 14,  4],
       device='cuda:0')
tensor([37, 27, 38, 22, 26, 33, 38, 36, 20, 27, 30, 21, 20, 37, 34, 35, 21, 34,
        23, 28, 26, 39, 27, 35, 25, 37, 37, 36, 37, 39, 37, 21],
       device='cuda:0')
tensor([ 5,  8, 11, 14,  0,  5, 18,  3, 16, 18,  2, 13,  6, 12, 18,  1, 13, 11,
        16,  4,  0, 10,  3,  1,  3,  3,  5,  3,  8,  5, 12,  2],
       device='cuda:0')
tensor([35, 34, 38, 23, 39, 26, 33, 30, 38, 33, 37, 36, 37, 37, 27, 37, 27, 38,
        37, 38, 39, 21, 32, 30, 30, 39, 38, 26, 37, 30, 26, 30],
       device='cuda:0')
tensor([ 1,  8,  6,  5, 17,  9, 19, 10,  3, 18,  5, 16, 19, 15, 19, 10, 16,  4,
        19,  7, 16, 13,  5, 14, 16,  2,  2, 17, 10,  6, 11,  6],
       device='cuda:0')
tensor([26, 20, 27, 32, 39, 35, 34, 24, 21, 37, 27, 34, 39, 30, 27, 26, 20, 35,
        35, 23, 35, 32, 35, 28, 25, 20, 32, 26, 27, 30, 22, 21],
       device='cuda:0')
tensor([ 9,  2, 17,  5, 12,  2, 17, 14, 13,  7, 14,  8,  2, 15,  8,  4, 11, 12,
         1,  7,  9,  8,  7, 10, 19,  5,  2,  9,  5, 11, 12, 13],
       device='cuda:0')
tensor([30, 37, 38, 30, 26, 32, 37, 34, 32, 35, 26, 20, 27, 20, 26, 28, 26, 22,
        39, 26, 37, 38, 37, 33, 27, 26, 23, 27, 27, 37, 23, 22],
       device='cuda:0')
tensor([ 0, 15, 12,  6,  0, 17, 16,  8,  3,  4,  9,  6, 18, 14, 14,  4,  9,  8,
         2,  0, 15, 19, 12,  8,  3, 10, 10,  7, 10, 15, 14,  7],
       device='cuda:0')
tensor([32, 38, 28, 35, 32, 37, 27, 33, 37, 28, 37, 32, 33, 37, 26, 32, 27, 37,
        39, 38, 27, 37, 30, 34, 20, 35, 21, 27, 37, 33, 26, 35],
       device='cuda:0')
tensor([10, 18,  4,  6,  1, 11, 14,  1, 19, 17, 15, 11, 18,  7,  4, 18,  4,  7,
         8, 18,  7,  3, 15, 16, 11,  1,  6,  7, 12, 18,  0,  3],
       device='cuda:0')
tensor([37, 21, 39, 28, 35, 38, 27, 30, 34, 37, 26, 26, 25, 35, 38, 35, 37, 26,
        27, 30, 20, 21, 32, 37, 20, 28, 38, 22, 26, 36, 28, 30],
       device='cuda:0')
tensor([10, 13,  9, 10, 12,  7, 17,  6,  1,  7,  0, 19, 12,  9, 12,  9, 10, 15,
        14,  4, 11, 13, 16, 10, 16,  4, 17,  7,  9, 16, 10,  5],
       device='cuda:0')
tensor([23, 23, 23, 27, 23, 26, 35, 34, 27, 35, 28, 25, 23, 36, 37, 20, 26, 32,
        37, 22, 38, 37, 38, 37, 39, 30, 37, 30, 26, 26, 36, 22],
       device='cuda:0')
tensor([ 4, 16,  7, 19,  5,  0,  3, 17,  3,  1, 14,  6,  4, 13, 15,  2, 11,  7,
        16, 16, 12,  3, 18,  5,  4,  6, 15,  6,  9,  0, 13, 14],
       device='cuda:0')
tensor([37, 32, 27, 27, 33, 37, 28, 26, 26, 23, 30, 21, 20, 27, 27, 32, 35, 30,
        38, 39, 22, 39, 32, 32, 20, 26, 35, 30, 22, 25, 35, 22],
       device='cuda:0')
tensor([18,  5,  2,  2, 10, 16, 14,  0,  0, 18, 14,  1,  6,  7,  7,  8,  1,  1,
        17, 14, 17,  8,  1, 16,  7,  9,  1,  2, 16,  6,  1, 16],
       device='cuda:0')
tensor([21, 27, 22, 38, 37, 22, 37, 26, 37, 38, 32, 38, 20, 26, 23, 38, 22, 27,
        32, 37, 26, 30, 27, 21, 39, 25, 26, 27, 30, 38, 26, 27],
       device='cuda:0')
tensor([ 3,  8, 18, 11, 15, 19,  5,  9, 15, 18,  1, 18,  2,  9,  4, 12,  8, 19,
         7,  3,  4, 18,  7, 13, 11, 12,  0, 19,  3,  2,  5, 19],
       device='cuda:0')
tensor([20, 20, 35, 21, 38, 35, 28, 22, 21, 23, 26, 34, 32, 21, 30, 27, 39, 37,
        35, 35, 32, 26, 20, 39, 20, 26, 26, 34, 28, 27, 24, 28],
       device='cuda:0')
tensor([ 3,  1,  9, 13, 11,  9, 10, 14, 13, 16,  9, 19,  2, 13, 11, 18,  7, 15,
         0,  1,  2,  0,  6,  2,  5,  6, 15, 17,  1, 17, 11,  5],
       device='cuda:0')
tensor([27, 39, 22, 32, 37, 37, 38, 38, 30, 27, 37, 21, 38, 37, 35, 21, 30, 32,
        27, 32, 30, 26, 30, 37, 35, 30, 24, 32, 23, 35, 27, 25],
       device='cuda:0')
tensor([ 3, 16,  7, 10, 15, 15, 18,  5,  6,  8, 10, 13,  3,  2,  1, 13, 11,  1,
         8,  5, 11, 15, 11,  2,  3, 10,  3,  5,  6,  3, 17, 12],
       device='cuda:0')
tensor([27, 27, 39, 32, 33, 35, 27, 38, 22, 33, 23, 35, 36, 24, 21, 38, 26, 21,
        39, 26, 35, 32, 33, 21, 27, 23, 28, 32, 22, 37, 35, 35],
       device='cuda:0')
tensor([14, 14,  0,  2, 12,  1, 18,  5, 19, 10, 13,  1, 16, 12, 10, 17,  4, 13,
        14,  4,  1,  8, 19,  3, 16,  4,  9,  8,  8,  5,  9,  9],
       device='cuda:0')
tensor([39, 32, 30, 23, 21, 23, 32, 38, 20, 22, 28, 26, 35, 35, 33, 32, 32, 35,
        20, 35, 24, 37, 39, 37, 20, 27, 26, 35, 30, 28, 39, 32],
       device='cuda:0')
tensor([ 7,  4,  6,  1, 13,  4, 16, 18,  0, 12,  4,  8,  1,  1, 10, 14, 17, 19,
         5, 14, 11,  3,  0,  3,  2, 10,  0,  1, 14, 10,  2,  2],
       device='cuda:0')
tensor([35, 30, 25, 30, 30, 38, 27, 36, 30, 26, 37, 37, 34, 26, 26, 28, 21, 38,
        39, 27, 37, 27, 26, 34, 35, 35, 36, 39, 39, 28, 27, 28],
       device='cuda:0')
tensor([ 3,  0,  6,  6, 11, 14,  7, 15, 11,  9, 15, 16,  8,  9,  9,  9, 13, 12,
         3,  8, 17,  8,  4, 18,  1,  0, 10,  2, 12, 10, 16, 10],
       device='cuda:0')
tensor([27, 28, 27, 22, 38, 23, 38, 39, 21, 37, 37, 26, 20, 22, 38, 35, 28, 26,
        33, 21, 21, 34, 26, 21, 32, 33, 20, 38, 23, 32, 20, 26],
       device='cuda:0')
tensor([18,  7,  4,  7,  8, 10,  0,  5, 13, 15,  3,  0,  6, 19,  8,  9,  4,  0,
         1, 18, 13, 19,  0,  7, 13, 13, 14, 17, 13,  8, 11,  9],
       device='cuda:0')
tensor([38, 27, 30, 27, 35, 35, 20, 23, 38, 33, 27, 35, 38, 26, 30, 37, 23, 37,
        30, 22, 33, 22, 38, 20, 20, 28, 39, 35, 37, 28, 26, 37],
       device='cuda:0')
tensor([18, 19,  0, 14,  1, 12, 16,  4,  8, 18, 18,  1, 19,  9, 11,  9, 13, 15,
         4, 17, 18,  7,  7,  6,  0, 14,  4,  3, 15,  5,  9,  5],
       device='cuda:0')
tensor([25, 35, 34, 20, 23, 38, 37, 37, 23, 26, 38, 37, 36, 26, 32, 39, 30, 22,
        38, 27, 26, 23, 39, 22, 37, 26, 27, 35, 28, 26, 32, 37],
       device='cuda:0')
tensor([11, 10, 12,  8,  4, 16,  2,  5, 10,  9,  5, 17, 16,  0, 17, 19, 11,  8,
        16,  8, 11,  1, 19, 17,  1,  9,  7, 16,  9,  9,  5, 15],
       device='cuda:0')
tensor([26, 32, 27, 37, 27, 28, 37, 33, 30, 37, 27, 26, 21, 26, 38, 37, 28, 20,
        39, 21, 37, 22, 20, 27, 23, 37, 20, 20, 26, 22, 22, 38],
       device='cuda:0')
tensor([17, 16, 14, 17, 19, 10, 15, 18,  6, 12, 19,  5, 15, 11, 18, 15, 18,  3,
         4, 16,  3, 17,  6,  3, 17,  9, 10,  6,  0,  7, 12,  2],
       device='cuda:0')
tensor([20, 22, 27, 28, 23, 38, 38, 30, 30, 27, 20, 38, 37, 22, 38, 28, 33, 33,
        30, 30, 37, 27, 27, 26, 30, 38, 32, 26, 27, 32, 32, 36],
       device='cuda:0')
tensor([ 6, 14,  9,  4,  5,  3, 17,  6,  3, 17, 13,  5,  5, 17, 11, 10, 18,  9,
         0,  6, 13, 17, 14,  4, 11,  5,  4,  9, 14,  7, 10, 13],
       device='cuda:0')
tensor([34, 23, 30, 30, 21, 27, 34, 33, 37, 27, 26, 21, 27, 37, 27, 23, 33, 35,
        32, 23, 21, 20, 27, 32, 33, 27, 33, 28, 21, 28, 26, 26],
       device='cuda:0')
tensor([14, 18, 10, 11, 15, 18, 12,  1, 15,  8,  6,  3, 18, 16, 17, 10, 15,  7,
        16, 16, 13,  0,  8,  2, 14,  8, 18, 10, 13, 10,  0,  9],
       device='cuda:0')
tensor([27, 22, 27, 37, 32, 32, 37, 34, 30, 26, 20, 37, 21, 32, 39, 30, 22, 38,
        33, 38, 38, 22, 26, 27, 35, 35, 32, 32, 27, 39, 27, 39],
       device='cuda:0')
tensor([17, 18,  1, 17,  2,  4, 18, 12,  3,  0,  6, 15, 13,  4,  3, 11,  8,  2,
        13, 14, 12, 14,  0,  2,  3,  8,  7,  2, 18,  6,  7,  1],
       device='cuda:0')
tensor([26, 35, 35, 35, 35, 21, 26, 23, 30, 37, 23, 20, 37, 28, 22, 32, 32, 30,
        21, 35, 21, 21, 37, 28, 30, 37, 37, 23, 30, 27, 36, 35],
       device='cuda:0')
tensor([ 0,  1,  0, 12,  1, 17,  9,  4,  6,  5,  4,  0, 18, 15,  8, 11, 15,  7,
        13,  7,  3, 13, 12, 15, 11,  1, 15,  7, 14, 19, 13,  0],
       device='cuda:0')
tensor([20, 32, 30, 27, 38, 22, 37, 26, 38, 23, 30, 34, 30, 32, 27, 35, 20, 26,
        37, 37, 27, 39, 21, 37, 37, 32, 27, 26, 27, 27, 35, 21],
       device='cuda:0')
tensor([ 8, 14,  0,  2,  2, 14,  2,  0, 14,  8,  6, 11, 15, 10,  7,  3,  3,  9,
        15,  5, 18,  8, 13, 15, 12, 11, 18,  9,  8, 18,  4, 17],
       device='cuda:0')
tensor([27, 33, 36, 38, 33, 38, 26, 32, 27, 34, 37, 21, 21, 38, 38, 23, 38, 28,
        37, 35, 37, 24, 27, 28, 30, 20, 34, 28, 37, 37, 38, 32],
       device='cuda:0')
tensor([ 2, 13, 11, 16,  8, 17,  9,  5, 19, 12,  7,  3, 13, 12, 14, 16, 19,  4,
        15,  1, 15,  3, 19, 15,  6,  8, 12, 10,  7,  5, 18, 11],
       device='cuda:0')
tensor([37, 36, 32, 32, 25, 20, 21, 37, 28, 36, 26, 27, 38, 38, 33, 37, 36, 38,
        20, 37, 38, 32, 38, 20, 28, 26, 20, 27, 27, 27, 25, 28],
       device='cuda:0')
tensor([16, 10, 12, 16, 12, 12, 13, 15, 19, 15,  0,  2, 17, 12,  8,  3,  5, 19,
         6, 18, 17,  2, 18, 16,  4,  9, 14,  8, 18, 19, 12, 10],
       device='cuda:0')
tensor([27, 37, 38, 37, 32, 27, 20, 37, 37, 20, 30, 34, 30, 37, 37, 32, 32, 26,
        39, 22, 35, 37, 37, 39, 34, 26, 30, 32, 30, 22, 32, 37],
       device='cuda:0')
tensor([19,  3,  8,  3, 14, 18, 14,  8,  8, 11, 11,  3,  6, 10,  7,  7,  8,  0,
         5, 14,  8, 12, 16,  0, 14,  0,  4, 10, 12, 19,  8,  2],
       device='cuda:0')
tensor([38, 22, 20, 24, 35, 30, 38, 34, 30, 35, 36, 36, 24, 21, 21, 37, 32, 37,
        36, 38, 39, 27, 30, 20, 27, 28, 37, 39, 37, 37, 33, 27],
       device='cuda:0')
tensor([18,  7, 14, 11, 12,  0, 19,  3,  6,  1, 15, 13,  3, 13, 13, 15,  6,  5,
         7,  2,  2, 12, 15,  6, 12, 10, 12,  0, 15,  5, 15,  1],
       device='cuda:0')
tensor([23, 37, 32, 39, 35, 37, 28, 20, 32, 38, 25, 24, 36, 30, 39, 35, 39, 30,
        33, 20, 33, 32, 32, 26, 37, 26, 22, 21, 28, 35, 27, 37],
       device='cuda:0')
tensor([13,  2,  2,  0,  9, 10,  4, 11,  2,  7, 12,  2,  2, 18,  0,  1,  7,  0,
        13,  6, 13,  2, 12,  6,  3,  0, 14, 13,  5,  0,  8, 15],
       device='cuda:0')
tensor([21, 32, 28, 28, 27, 33, 28, 24, 30, 27, 34, 23, 26, 37, 27, 35, 28, 37,
        36, 30, 20, 27, 27, 37, 30, 27, 37, 37, 28, 37, 37, 27],
       device='cuda:0')
tensor([13,  5,  4,  4,  7, 18, 10, 11,  3,  8,  3,  7,  0, 15,  3,  6,  1, 10,
        13, 17,  6, 17,  2, 10,  6,  2, 13,  3, 12,  6,  3,  2],
       device='cuda:0')
tensor([27, 38, 28, 37, 26, 27, 35, 37, 27, 28, 30, 32, 39, 27, 38, 38, 27, 35,
        37, 35, 28, 38, 20, 38, 25, 23, 20, 30, 26, 24, 22, 26],
       device='cuda:0')
tensor([ 0, 11, 13, 10,  6, 19, 12, 19,  4, 15,  5, 12, 19, 19,  7, 16,  2,  1,
         5,  1, 14, 19,  2, 19, 19,  5, 16, 11,  1,  2,  7,  9],
       device='cuda:0')
tensor([28, 33, 30, 23, 27, 26, 22, 30, 26, 22, 22, 30, 23, 25, 37, 27, 35, 37,
        32, 23, 26, 38, 27, 37, 35, 27, 27, 26, 37, 21, 38, 37],
       device='cuda:0')
tensor([ 4,  0, 11, 16,  7,  9, 19,  3,  9, 17, 19, 11,  4, 14, 18,  8,  1, 13,
         6,  4,  3, 11, 10, 16,  1, 17, 19,  9, 15, 11, 19, 16],
       device='cuda:0')
tensor([25, 38, 30, 35, 37, 35, 38, 35, 35, 26, 26, 28, 39, 38, 32, 20, 33, 39,
        37, 39, 21, 21, 26, 32, 20, 38, 33, 35, 37, 20, 21, 37],
       device='cuda:0')
tensor([ 6, 17, 11,  1, 12,  1, 19,  1,  0,  0,  9, 10,  4, 18,  5, 11, 18, 17,
        14,  5, 13, 13,  9,  8,  2, 14, 15, 14,  7,  2, 13,  3],
       device='cuda:0')
tensor([33, 20, 37, 26, 23, 38, 33, 37, 28, 37, 33, 27, 37, 23, 37, 21, 27, 33,
        27, 26, 23, 37, 23, 26, 22, 39, 35, 37, 34, 26, 27, 37],
       device='cuda:0')
tensor([12, 10, 14,  3,  4, 18,  3,  4, 15, 15, 15, 17,  5, 18, 15, 13, 10, 13,
        19, 14,  9, 17,  4, 15, 17,  2, 18, 15, 18,  9, 14, 15],
       device='cuda:0')
tensor([21, 30, 27, 23, 37, 33, 38, 20, 30, 26, 37, 27, 21, 22, 26, 30, 35, 32,
        28, 35, 30, 20, 35, 32, 35, 37, 28, 38, 30, 37, 37, 38],
       device='cuda:0')
tensor([ 3,  4, 15, 13,  3,  6,  9, 16, 10, 11,  3, 19, 15, 12,  4,  0,  7, 11,
        14,  1,  6,  6,  1, 19, 10, 10, 10, 14,  6, 15,  5, 18],
       device='cuda:0')
tensor([37, 20, 34, 32, 23, 27, 20, 33, 28, 20, 24, 36, 38, 37, 39, 38, 20, 30,
        38, 20, 38, 27, 37, 38, 37, 26, 32, 27, 39, 22, 31, 37],
       device='cuda:0')
tensor([ 3,  6, 19,  8, 10,  5,  6,  2, 10,  3,  5, 15, 17, 12,  2,  7,  6, 11,
         3,  6, 18,  4, 10, 19,  5,  0,  0, 19, 19, 17,  3, 13],
       device='cuda:0')
tensor([21, 33, 38, 37, 34, 38, 27, 26, 23, 22, 37, 39, 26, 32, 20, 37, 36, 37,
        34, 38, 23, 27, 39, 28, 39, 26, 33, 27, 35, 35, 20, 22],
       device='cuda:0')
tensor([13, 13, 12, 14,  3, 18, 16,  0,  4, 17, 12, 19,  0,  1, 11,  9, 16, 12,
         2, 19,  2, 17,  5, 10, 14,  4,  5, 17, 11,  9,  5,  7],
       device='cuda:0')
tensor([26, 22, 35, 23, 26, 36, 32, 27, 26, 21, 21, 23, 35, 37, 37, 20, 27, 22,
        39, 30, 38, 39, 39, 38, 38, 37, 22, 34, 32, 23, 37, 34],
       device='cuda:0')
tensor([ 9,  7,  1,  7,  0, 10, 14,  8,  9, 10, 13,  7,  7, 10, 18, 11,  5, 19,
         0, 13,  5, 16, 17,  6, 19, 17, 14, 18,  2,  4,  1,  8],
       device='cuda:0')
tensor([37, 27, 20, 36, 38, 36, 26, 25, 27, 22, 37, 20, 37, 39, 37, 25, 35, 38,
        39, 26, 39, 30, 37, 35, 21, 23, 27, 22, 22, 27, 32, 30],
       device='cuda:0')
tensor([15,  8,  5,  5,  7, 15,  0, 12, 18, 14, 10,  6,  5,  0, 15, 12,  1,  7,
         8,  9, 18,  6,  9,  3, 16,  7,  8, 14, 12,  7,  5, 11],
       device='cuda:0')
tensor([30, 35, 34, 21, 35, 32, 26, 26, 32, 21, 34, 37, 34, 28, 34, 37, 22, 37,
        32, 25, 27, 37, 36, 27, 32, 20, 32, 32, 28, 27, 22, 27],
       device='cuda:0')
tensor([ 6, 11, 17, 13,  1,  2,  9,  0,  8, 13, 17,  5,  8,  4,  5,  5,  7,  5,
         8, 10, 17,  4, 13, 18,  8, 14, 12,  4,  5, 17, 19, 17],
       device='cuda:0')
tensor([35, 27, 22, 39, 27, 35, 22, 22, 22, 37, 37, 22, 23, 28, 26, 26, 23, 33,
        37, 28, 26, 27, 32, 39, 35, 39, 25, 27, 27, 35, 27, 28],
       device='cuda:0')
tensor([ 1, 19, 14, 14, 19,  9, 14, 17, 12, 15,  9, 16,  1, 18,  9,  6, 13, 13,
        14,  4,  0,  8, 16, 16,  8,  0, 19, 17, 14,  1, 19,  1],
       device='cuda:0')
tensor([34, 32, 37, 20, 36, 33, 37, 38, 20, 34, 32, 22, 26, 23, 24, 27, 32, 33,
        35, 39, 30, 30, 27, 37, 37, 38, 38, 21, 28, 36, 36, 27],
       device='cuda:0')
tensor([15, 16, 10,  7, 10, 13, 15, 18,  6, 16,  2, 19,  0,  7,  6, 12,  1, 11,
         1, 17,  2,  3,  8, 10, 15,  4, 18, 13,  4, 13, 13, 17],
       device='cuda:0')
tensor([20, 36, 33, 39, 22, 27, 37, 37, 26, 32, 35, 32, 26, 32, 20, 37, 21, 39,
        30, 27, 32, 27, 23, 21, 22, 35, 38, 34, 39, 32, 26, 26],
       device='cuda:0')
tensor([ 6, 18, 13, 16, 17,  2,  9, 17,  0, 16,  3, 16,  0,  3,  3,  5, 13, 17,
        11,  4, 10,  7, 18, 17, 19,  3, 18, 17, 16, 10,  3,  6],
       device='cuda:0')
tensor([30, 27, 27, 36, 37, 37, 34, 27, 33, 38, 30, 32, 21, 28, 25, 26, 37, 37,
        38, 38, 38, 34, 38, 25, 21, 37, 27, 36, 26, 29, 35, 35],
       device='cuda:0')
tensor([ 6, 16,  7, 13,  5,  3, 14,  8, 13, 19, 11,  3, 13,  4, 12, 17,  2, 17,
         0, 12, 14,  1, 11, 12, 13,  2,  8, 16,  9, 18,  1,  1],
       device='cuda:0')
tensor([32, 37, 27, 26, 35, 20, 30, 38, 38, 39, 33, 32, 21, 30, 23, 32, 23, 33,
        27, 32, 37, 21, 20, 27, 20, 39, 32, 38, 20, 39, 38, 37],
       device='cuda:0')
tensor([ 2,  5,  8,  5,  1,  6, 11, 18, 18,  4, 14,  8, 13, 11,  9, 16,  4,  1,
        12,  6,  3, 13, 11,  8,  6, 19,  8, 14, 14, 15, 10, 16],
       device='cuda:0')
tensor([37, 33, 36, 27, 34, 32, 20, 33, 28, 27, 39, 21, 20, 39, 20, 33, 20, 33,
        35, 20, 33, 27, 33, 36, 37, 26, 21, 39, 37, 20, 20, 30],
       device='cuda:0')
tensor([37, 33, 20, 35, 38, 32, 24, 29, 28, 37, 39, 33, 31, 22, 30, 32, 35, 33,
        35, 24, 33, 25, 33, 29, 25, 26, 21, 23, 25, 31, 20, 30],
       device='cuda:0')
tensor([23, 20, 23, 35, 20, 30, 20, 33, 36, 27, 38, 39, 36, 32, 33, 21, 32, 32,
        38, 37, 39, 20, 20, 27, 27, 25, 23, 33, 21, 26, 26, 20],
       device='cuda:0')
tensor([23, 20, 23, 26, 20, 30, 20, 33, 36, 32, 38, 39, 29, 23, 33, 21, 32, 32,
        38, 37, 39, 31, 20, 32, 27, 38, 23, 30, 21, 26, 26, 30],
       device='cuda:0')
tensor([21, 37, 37, 30, 21, 38, 36, 34, 38, 28, 20, 27, 22, 30, 35, 27, 37, 30,
        20, 33, 33, 20, 21, 37, 21, 27, 35, 36, 35, 35, 34, 37],
       device='cuda:0')
tensor([36, 37, 26, 26, 36, 25, 29, 25, 25, 28, 31, 39, 38, 26, 27, 27, 37, 30,
        20, 29, 24, 20, 23, 25, 21, 34, 35, 29, 35, 35, 25, 31],
       device='cuda:0')
tensor([33, 36, 23, 38, 36, 36, 35, 27, 28, 37, 36, 38, 24, 20, 30, 33, 26, 39,
        20, 28, 32, 38, 20, 36, 38, 34, 22, 21, 36, 37, 34, 25],
       device='cuda:0')
tensor([29, 29, 23, 25, 29, 35, 38, 27, 28, 30, 36, 38, 39, 20, 30, 32, 30, 32,
        35, 39, 27, 22, 31, 29, 38, 39, 25, 21, 29, 29, 22, 25],
       device='cuda:0')
tensor([26, 21, 37, 20, 36, 38, 37, 33, 36, 20, 20, 39, 23, 33, 20, 36, 34, 38,
        30, 30, 26, 33, 38, 36, 36, 39, 21, 32, 34, 21, 20, 20],
       device='cuda:0')
tensor([26, 21, 34, 37, 36, 38, 32, 33, 37, 20, 32, 20, 32, 36, 20, 36, 34, 25,
        31, 20, 30, 33, 38, 21, 24, 27, 21, 39, 22, 36, 24, 32],
       device='cuda:0')
tensor([39, 30, 32, 39, 20, 20, 39, 20, 36, 37, 26, 26, 30, 26, 20, 20, 24, 30,
        38, 37, 22, 21, 38, 36, 36, 35, 37, 27, 33, 32, 22, 20],
       device='cuda:0')
tensor([27, 31, 20, 39, 20, 20, 39, 24, 27, 34, 26, 26, 30, 24, 20, 20, 24, 31,
        22, 37, 22, 21, 38, 29, 39, 35, 36, 27, 33, 32, 22, 32],
       device='cuda:0')
tensor([34, 32, 20, 38, 32, 38, 37, 37, 26, 26, 28, 36, 37, 33, 37, 20, 21, 33,
        26, 20, 37, 26, 21, 30, 30, 32, 33, 22, 26, 26, 23, 30],
       device='cuda:0')
tensor([34, 32, 23, 34, 34, 38, 25, 22, 26, 26, 28, 29, 22, 29, 37, 30, 21, 33,
        31, 23, 22, 26, 32, 24, 24, 32, 33, 22, 38, 26, 22, 24],
       device='cuda:0')
tensor([35, 39, 39, 36, 38, 36, 38, 30, 22, 20, 20, 23, 38, 37, 27, 36, 26, 30,
        20, 35, 38, 38, 38, 30, 36, 28, 32, 30, 33, 27, 36, 36],
       device='cuda:0')
tensor([35, 39, 32, 29, 22, 30, 26, 31, 23, 20, 20, 23, 38, 37, 34, 36, 26, 30,
        20, 35, 38, 24, 25, 30, 29, 28, 32, 30, 32, 24, 30, 29],
       device='cuda:0')
tensor([32, 27, 20, 30, 34, 39, 34, 36, 25, 30, 28, 39, 20, 22, 26, 20, 37, 38,
        33, 22, 36, 27, 20, 32, 35, 35, 32, 20, 30, 38, 21, 30],
       device='cuda:0')
tensor([38, 31, 23, 20, 22, 37, 34, 33, 25, 24, 28, 39, 20, 22, 27, 24, 28, 25,
        33, 22, 36, 22, 22, 34, 35, 32, 32, 30, 30, 22, 23, 31],
       device='cuda:0')
tensor([37, 32, 27, 30, 32, 38, 37, 30, 36, 36, 27, 36, 33, 26, 37, 35, 30, 27,
        26, 22, 30, 36, 35, 36, 30, 21, 33, 34, 20, 36, 20, 38],
       device='cuda:0')
tensor([22, 32, 22, 30, 34, 39, 37, 32, 29, 38, 27, 37, 33, 26, 36, 35, 30, 23,
        26, 22, 31, 36, 26, 35, 32, 21, 29, 34, 39, 31, 22, 27],
       device='cuda:0')
tensor([21, 21, 34, 37, 25, 36, 38, 30, 35, 25, 36, 27, 34, 23, 24, 36, 35, 21,
        38, 32, 22, 30, 22, 27, 20, 20, 34, 30, 38, 33, 22, 34],
       device='cuda:0')
tensor([21, 21, 34, 37, 25, 32, 38, 39, 35, 25, 29, 38, 34, 23, 24, 29, 26, 21,
        25, 34, 22, 30, 22, 27, 34, 30, 34, 20, 38, 33, 25, 34],
       device='cuda:0')
tensor([37, 30, 20, 34, 25, 33, 21, 30, 24, 28, 26, 32, 38, 36, 33, 24, 38, 33,
        36, 39, 36, 34, 37, 26, 20, 33, 30, 20, 27, 20, 34, 22],
       device='cuda:0')
tensor([37, 32, 24, 25, 25, 33, 36, 38, 24, 28, 26, 25, 38, 29, 36, 24, 23, 33,
        36, 39, 23, 25, 38, 26, 20, 33, 31, 30, 28, 20, 34, 27],
       device='cuda:0')
tensor([25, 36, 36, 23, 39, 38, 36, 33, 38, 38, 37, 32, 29, 36, 36, 23, 38, 22,
        30, 33, 33, 36, 33, 37, 20, 35, 30, 36, 39, 37, 38, 30],
       device='cuda:0')
tensor([38, 22, 21, 23, 27, 25, 36, 33, 38, 23, 28, 39, 29, 34, 21, 22, 30, 22,
        30, 22, 33, 29, 33, 37, 36, 30, 31, 36, 27, 27, 30, 31],
       device='cuda:0')
tensor([32, 21, 33, 21, 33, 30, 26, 36, 36, 35, 35, 21, 32, 33, 33, 22, 20, 36,
        20, 38, 26, 38, 34, 26, 30, 26, 37, 35, 32, 21, 36, 35],
       device='cuda:0')
tensor([22, 21, 33, 23, 33, 20, 26, 32, 29, 26, 35, 33, 27, 33, 30, 22, 20, 29,
        31, 38, 26, 28, 34, 31, 31, 26, 29, 35, 34, 21, 33, 35],
       device='cuda:0')
tensor([23, 37, 38, 23, 20, 36, 35, 36, 20, 20, 27, 38, 22, 38, 35, 26, 26, 37,
        37, 26, 21, 36, 21, 38, 30, 36, 36, 33, 30, 30, 36, 27],
       device='cuda:0')
tensor([23, 37, 28, 23, 20, 36, 35, 29, 32, 24, 38, 38, 22, 22, 35, 26, 31, 37,
        28, 26, 28, 21, 25, 27, 27, 29, 21, 28, 30, 24, 32, 27],
       device='cuda:0')
tensor([30, 28, 27, 34, 28, 20, 23, 37, 33, 34, 35, 23, 37, 22, 36, 33, 33, 37,
        37, 37, 36, 24, 38, 36, 36, 34, 26, 30, 36, 36, 20, 36],
       device='cuda:0')
tensor([30, 30, 27, 22, 28, 24, 23, 27, 33, 34, 35, 23, 23, 22, 29, 32, 25, 37,
        37, 37, 20, 24, 38, 23, 33, 22, 26, 26, 37, 21, 21, 36],
       device='cuda:0')
tensor([27, 37, 27, 27, 35, 37, 30, 36, 26, 33, 32, 39, 27, 26, 38, 26, 33, 39,
        20, 37, 36, 25, 36, 35, 20, 36, 32, 21, 20, 30, 20, 35],
       device='cuda:0')
tensor([27, 31, 34, 27, 35, 37, 30, 29, 26, 29, 32, 39, 23, 26, 32, 26, 27, 27,
        24, 21, 29, 38, 36, 35, 30, 36, 32, 21, 20, 31, 20, 35],
       device='cuda:0')
tensor([20, 24, 20, 30, 30, 36, 35, 33, 23, 24, 22, 26, 21, 36, 36, 20, 36, 20,
        25, 30, 30, 34, 20, 36, 26, 24, 36, 32, 32, 37, 21, 24],
       device='cuda:0')
tensor([31, 24, 30, 24, 32, 29, 27, 33, 39, 24, 22, 38, 34, 36, 32, 30, 21, 24,
        25, 39, 30, 27, 20, 36, 26, 24, 36, 32, 39, 28, 21, 24],
       device='cuda:0')
tensor([35, 36, 28, 27, 22, 23, 35, 35, 23, 37, 21, 20, 37, 37, 30, 20, 33, 34,
        36, 33, 23, 26, 23, 26, 20, 21, 20, 37, 23, 33, 37, 30],
       device='cuda:0')
tensor([35, 29, 28, 27, 22, 23, 35, 35, 23, 37, 21, 20, 32, 25, 30, 30, 34, 25,
        29, 36, 39, 26, 23, 26, 24, 32, 31, 37, 23, 33, 25, 22],
       device='cuda:0')
tensor([38, 30, 20, 20, 36, 21, 35, 32, 35, 36, 38, 21, 20, 21, 20, 38, 33, 32,
        32, 21, 32, 20, 32, 36, 26, 35, 20, 23, 30, 33, 26, 20],
       device='cuda:0')
tensor([34, 30, 20, 31, 21, 36, 35, 34, 35, 29, 25, 21, 38, 21, 31, 38, 34, 39,
        29, 26, 29, 30, 39, 29, 26, 35, 31, 23, 28, 36, 26, 24],
       device='cuda:0')
tensor([38, 28, 27, 33, 26, 37, 36, 30, 20, 33, 38, 37, 36, 33, 39, 26, 26, 36,
        34, 20, 20, 26, 36, 33, 20, 21, 22, 30, 30, 34, 36, 21],
       device='cuda:0')
tensor([38, 28, 27, 36, 38, 37, 34, 30, 31, 33, 38, 28, 36, 33, 39, 26, 20, 29,
        39, 30, 23, 38, 29, 29, 32, 23, 39, 24, 20, 25, 35, 21],
       device='cuda:0')
tensor([30, 32, 33, 20, 35, 33, 26, 30, 37, 21, 36, 30, 37, 35, 20, 30, 27, 26,
        35, 22, 38, 20, 33, 35, 36, 36, 39, 33, 36, 21, 24, 33],
       device='cuda:0')
tensor([30, 39, 33, 20, 39, 33, 26, 30, 36, 21, 36, 20, 37, 35, 31, 20, 31, 26,
        35, 22, 27, 24, 34, 35, 37, 29, 32, 33, 34, 34, 24, 33],
       device='cuda:0')
tensor([33, 33, 21, 28, 23, 21, 21, 34, 30, 21, 33, 38, 27, 36, 36, 26, 36, 30,
        30, 21, 20, 39, 38, 35, 26, 27, 21, 21, 33, 26, 20, 34],
       device='cuda:0')
tensor([29, 23, 28, 28, 21, 37, 21, 34, 20, 36, 33, 32, 39, 29, 29, 26, 29, 24,
        31, 36, 30, 32, 38, 35, 26, 27, 23, 23, 34, 38, 20, 35],
       device='cuda:0')
tensor([27, 20, 30, 37, 33, 30, 20, 36, 30, 30, 20, 21, 26, 25, 37, 35, 29, 30,
        36, 33, 37, 36, 23, 26, 27, 23, 38, 30, 35, 32, 33, 27],
       device='cuda:0')
tensor([22, 23, 26, 32, 33, 30, 20, 29, 31, 30, 24, 21, 28, 25, 37, 37, 26, 30,
        36, 36, 21, 35, 23, 26, 26, 27, 38, 24, 35, 32, 36, 27],
       device='cuda:0')
tensor([35, 21, 21, 37, 39, 37, 24, 36, 20, 34, 21, 33, 36, 35, 36, 30, 39, 26,
        32, 30, 35, 30, 36, 27, 38, 24, 27, 38, 37, 30, 37, 23],
       device='cuda:0')
tensor([35, 21, 21, 37, 39, 37, 24, 29, 20, 34, 23, 29, 32, 30, 29, 26, 39, 26,
        32, 24, 35, 20, 36, 22, 38, 24, 27, 25, 28, 39, 37, 23],
       device='cuda:0')
tensor([21, 30, 39, 23, 33, 20, 30, 35, 24, 28, 26, 32, 24, 37, 32, 37, 39, 35,
        38, 33, 36, 23, 37, 20, 32, 36, 23, 36, 27, 36, 36, 33],
       device='cuda:0')
tensor([21, 24, 22, 21, 33, 24, 31, 31, 22, 28, 25, 27, 24, 37, 27, 38, 39, 24,
        38, 33, 36, 24, 37, 24, 39, 36, 23, 36, 38, 36, 29, 22],
       device='cuda:0')
tensor([27, 33, 36, 24, 37, 35, 39, 26, 30, 38, 22, 33, 32, 36, 27, 36, 36, 32,
        23, 20, 36, 33, 26, 28, 35, 39, 32, 28, 23, 26, 34, 24],
       device='cuda:0')
tensor([27, 33, 36, 24, 26, 35, 24, 26, 20, 25, 24, 34, 32, 23, 27, 39, 36, 39,
        33, 20, 30, 34, 26, 28, 27, 27, 28, 28, 23, 26, 34, 24],
       device='cuda:0')
tensor([38, 33, 30, 33, 28, 27, 38, 35, 36, 37, 33, 39, 21, 28, 33, 30, 37, 35,
        36, 27, 33, 23, 34, 37, 26, 20, 39, 33, 33, 37, 21, 27],
       device='cuda:0')
tensor([25, 35, 35, 33, 28, 24, 38, 35, 36, 36, 33, 39, 21, 28, 33, 30, 37, 31,
        21, 35, 33, 23, 38, 25, 26, 24, 22, 33, 33, 37, 21, 27],
       device='cuda:0')
tensor([30, 37, 36, 32, 20, 37, 24, 27, 23, 30, 25, 30, 36, 24, 28, 36, 27, 39,
        36, 25, 39, 33, 38, 35, 27, 21, 35, 23, 37, 35, 37, 27],
       device='cuda:0')
tensor([30, 31, 21, 27, 30, 37, 24, 25, 28, 20, 25, 24, 28, 24, 28, 29, 27, 27,
        29, 20, 27, 33, 38, 35, 37, 36, 26, 23, 21, 27, 28, 28],
       device='cuda:0')
tensor([27, 20, 37, 25, 32, 32, 21, 35, 20, 36, 30, 39, 21, 30, 38, 27, 32, 37,
        36, 20, 36, 28, 32, 38, 21, 36, 36, 21, 30, 35, 37, 36],
       device='cuda:0')
tensor([20, 23, 37, 38, 39, 30, 36, 24, 24, 22, 31, 39, 36, 38, 25, 27, 39, 39,
        29, 31, 33, 28, 39, 22, 32, 23, 29, 21, 24, 35, 31, 29],
       device='cuda:0')
tensor([33, 28, 37, 30, 23, 20, 26, 37, 33, 23, 36, 26, 27, 23, 23, 38, 37, 32,
        33, 21, 20, 33, 30, 37, 20, 28, 39, 36, 32, 26, 21, 35],
       device='cuda:0')
tensor([34, 28, 37, 31, 23, 20, 35, 36, 38, 29, 29, 26, 38, 23, 21, 27, 28, 22,
        33, 26, 24, 33, 37, 37, 36, 28, 39, 34, 39, 37, 21, 35],
       device='cuda:0')
tensor([22, 37, 26, 21, 38, 34, 38, 21, 37, 23, 35, 33, 33, 34, 23, 39, 34, 32,
        39, 26, 20, 37, 20, 38, 27, 36, 38, 33, 29, 23, 20, 30],
       device='cuda:0')
tensor([22, 37, 35, 32, 20, 34, 27, 21, 37, 29, 35, 23, 29, 34, 23, 27, 22, 32,
        39, 35, 20, 37, 21, 25, 39, 39, 38, 34, 34, 23, 20, 30],
       device='cuda:0')
tensor([33, 32, 33, 36, 20, 33, 36, 27, 26, 21, 32, 34, 27, 37, 30, 38, 33, 30,
        20, 33, 34, 25, 36, 22, 28, 23, 37, 23, 36, 32, 20, 26],
       device='cuda:0')
tensor([33, 34, 34, 34, 23, 33, 36, 27, 26, 21, 34, 39, 27, 37, 31, 24, 33, 24,
        20, 33, 27, 25, 36, 22, 28, 22, 32, 39, 32, 34, 24, 26],
       device='cuda:0')
tensor([30, 20, 35, 38, 38, 20, 39, 35, 21, 35, 34, 36, 28, 35, 22, 36, 23, 32,
        20, 37, 21, 38, 33, 25, 23, 37, 32, 36, 20, 20, 23, 33],
       device='cuda:0')
tensor([37, 24, 35, 32, 39, 31, 28, 35, 21, 35, 34, 29, 39, 35, 23, 36, 23, 32,
        31, 22, 23, 39, 33, 25, 23, 37, 33, 36, 24, 20, 23, 33],
       device='cuda:0')
tensor([30, 33, 30, 23, 26, 32, 30, 36, 21, 26, 21, 33, 32, 37, 21, 30, 38, 38,
        23, 20, 37, 34, 38, 39, 27, 33, 39, 36, 33, 20, 22, 27],
       device='cuda:0')
tensor([31, 22, 24, 25, 26, 22, 38, 29, 21, 26, 21, 34, 34, 28, 36, 25, 31, 38,
        23, 31, 37, 34, 38, 25, 28, 21, 39, 36, 29, 20, 22, 27],
       device='cuda:0')
tensor([32, 20, 21, 20, 22, 37, 20, 36, 39, 35, 20, 33, 30, 20, 26, 20, 23, 30,
        35, 26, 38, 32, 37, 21, 35, 23, 35, 20, 32, 30, 32, 21],
       device='cuda:0')
tensor([24, 35, 21, 30, 39, 28, 25, 36, 39, 35, 31, 35, 39, 24, 26, 31, 36, 31,
        35, 26, 38, 32, 37, 21, 35, 27, 24, 23, 32, 20, 39, 21],
       device='cuda:0')
tensor([33, 39, 25, 22, 20, 20, 33, 36, 38, 22, 38, 20, 30, 30, 30, 38, 24, 37,
        26, 30, 39, 33, 33, 36, 36, 26, 20, 20, 21, 37, 33, 33],
       device='cuda:0')
tensor([33, 22, 25, 22, 20, 23, 33, 36, 38, 27, 38, 31, 31, 31, 30, 38, 24, 37,
        26, 24, 39, 33, 33, 23, 39, 26, 39, 37, 28, 37, 38, 20],
       device='cuda:0')
tensor([21, 36, 36, 20, 32, 27, 38, 25, 20, 33, 30, 37, 39, 37, 34, 26, 30, 37,
        33, 34, 37, 38, 25, 30, 21, 27, 34, 38, 30, 26, 36, 35],
       device='cuda:0')
tensor([37, 29, 20, 20, 39, 39, 38, 25, 28, 33, 20, 37, 38, 38, 34, 26, 31, 28,
        29, 34, 30, 38, 25, 31, 36, 32, 25, 27, 20, 27, 29, 35],
       device='cuda:0')
tensor([26, 22, 32, 26, 34, 28, 38, 39, 26, 33, 26, 23, 26, 20, 28, 26, 35, 37,
        21, 36, 39, 20, 36, 30, 35, 33, 30, 20, 38, 22, 27, 20],
       device='cuda:0')
tensor([26, 22, 31, 26, 23, 28, 25, 27, 26, 33, 26, 23, 38, 24, 28, 26, 35, 28,
        21, 34, 32, 30, 37, 20, 35, 37, 20, 20, 38, 34, 27, 20],
       device='cuda:0')
tensor([32, 37, 20, 33, 23, 27, 36, 23, 35, 33, 26, 36, 30, 30, 33, 36, 20, 37,
        30, 39, 36, 35, 20, 30, 30, 30, 38, 23, 21, 27, 30, 25],
       device='cuda:0')
tensor([32, 37, 20, 21, 23, 27, 23, 23, 24, 28, 26, 29, 24, 39, 32, 25, 31, 37,
        24, 39, 32, 35, 24, 31, 39, 20, 38, 23, 34, 25, 30, 25],
       device='cuda:0')
tensor([26, 37, 33, 26, 20, 39, 25, 20, 20, 21, 35, 37, 20, 35, 28, 39, 33, 26,
        23, 35, 38, 34, 27, 27, 36, 37, 30, 32, 20, 36, 30, 26],
       device='cuda:0')
tensor([25, 32, 33, 26, 24, 39, 25, 25, 39, 32, 35, 30, 35, 27, 28, 39, 33, 24,
        23, 35, 35, 34, 27, 27, 29, 37, 34, 32, 28, 36, 37, 26],
       device='cuda:0')
tensor([21, 28, 27, 23, 33, 36, 20, 20, 37, 36, 37, 35, 33, 27, 25, 23, 37, 30,
        20, 33, 38, 37, 37, 38, 36, 36, 35, 36, 32, 30, 22, 30],
       device='cuda:0')
tensor([21, 28, 27, 22, 34, 21, 24, 20, 38, 36, 37, 35, 33, 35, 25, 23, 36, 31,
        20, 35, 39, 37, 37, 39, 36, 29, 26, 36, 39, 37, 39, 31],
       device='cuda:0')
tensor([30, 39, 34, 33, 33, 38, 22, 30, 30, 21, 25, 27, 37, 27, 33, 33, 21, 35,
        20, 36, 20, 21, 21, 26, 33, 32, 36, 36, 20, 23, 30, 34],
       device='cuda:0')
tensor([30, 22, 22, 29, 33, 22, 22, 31, 34, 21, 25, 22, 26, 22, 34, 33, 21, 35,
        31, 36, 31, 23, 39, 26, 23, 27, 32, 29, 31, 23, 38, 34],
       device='cuda:0')
tensor([35, 21, 34, 27, 36, 30, 36, 36, 28, 38, 33, 35, 26, 30, 20, 23, 27, 36,
        33, 20, 21, 30, 38, 36, 32, 38, 36, 30, 36, 28, 33, 30],
       device='cuda:0')
tensor([35, 21, 34, 22, 29, 28, 29, 20, 28, 25, 23, 32, 26, 31, 20, 36, 27, 36,
        33, 24, 25, 24, 26, 36, 28, 25, 23, 39, 36, 35, 28, 30],
       device='cuda:0')
tensor([37, 20, 30, 33, 33, 26, 37, 30, 22, 25, 37, 36, 32, 21, 37, 34, 21, 21,
        33, 35, 20, 25, 27, 21, 32, 23, 38, 20, 30, 27, 28, 36],
       device='cuda:0')
tensor([37, 24, 25, 33, 34, 26, 37, 31, 39, 25, 28, 29, 32, 21, 28, 34, 36, 21,
        34, 35, 20, 25, 27, 21, 25, 39, 26, 31, 30, 27, 28, 29],
       device='cuda:0')
tensor([20, 24, 21, 36, 20, 38, 21, 34, 36, 38, 20, 38, 20, 34, 27, 30, 22, 33,
        38, 21, 36, 30, 37, 27, 25, 32, 33, 28, 20, 21, 24, 39],
       device='cuda:0')
tensor([39, 24, 21, 36, 31, 22, 21, 32, 36, 38, 39, 24, 20, 25, 22, 30, 25, 34,
        23, 21, 39, 30, 37, 22, 25, 34, 33, 28, 20, 36, 24, 39],
       device='cuda:0')
tensor([38, 33, 20, 26, 32, 35, 37, 20, 32, 35, 37, 21, 33, 20, 30, 37, 27, 20,
        23, 32, 30, 23, 20, 33, 37, 25, 23, 33, 36, 30, 21, 30],
       device='cuda:0')
tensor([35, 36, 20, 35, 31, 38, 27, 20, 32, 25, 22, 32, 23, 30, 34, 37, 27, 28,
        23, 32, 31, 23, 32, 33, 37, 38, 31, 33, 29, 25, 28, 38],
       device='cuda:0')
tensor([33, 36, 27, 27, 37, 38, 30, 30, 32, 23, 25, 20, 33, 20, 35, 26, 30, 37,
        23, 30, 36, 26, 34, 37, 38, 38, 32, 36, 30, 21, 33, 26],
       device='cuda:0')
tensor([33, 29, 27, 26, 22, 38, 25, 32, 32, 21, 25, 24, 33, 30, 30, 26, 31, 37,
        23, 31, 36, 26, 28, 37, 38, 34, 22, 36, 31, 39, 33, 30],
       device='cuda:0')
tensor([33, 38, 20, 36, 35, 37, 39, 28, 37, 35, 26, 20, 37, 27, 35, 20, 20, 20,
        32, 33, 25, 23, 28, 38, 26, 37, 36, 25, 28, 36, 32, 30],
       device='cuda:0')
tensor([36, 38, 20, 29, 35, 31, 39, 28, 37, 35, 25, 25, 28, 27, 35, 20, 25, 24,
        27, 34, 25, 23, 28, 38, 26, 28, 29, 25, 28, 29, 39, 30],
       device='cuda:0')
tensor([21, 23, 28, 20, 26, 32, 28, 30, 20, 21, 30, 32, 37, 20, 39, 20, 37, 38,
        33, 28, 39, 21, 35, 35, 26, 22, 20, 21, 20, 26, 37, 21],
       device='cuda:0')
tensor([21, 23, 28, 31, 35, 32, 28, 30, 24, 23, 31, 34, 37, 24, 27, 24, 25, 38,
        34, 28, 39, 21, 35, 35, 26, 22, 28, 21, 24, 26, 22, 21],
       device='cuda:0')
tensor([24, 36, 21, 30, 30, 36, 39, 26, 33, 37, 27, 39, 37, 28, 36, 23, 30, 32,
        33, 27, 24, 36, 30, 38, 37, 37, 20, 23, 27, 27, 26, 33],
       device='cuda:0')
tensor([38, 29, 28, 32, 38, 29, 31, 26, 33, 37, 38, 27, 28, 28, 29, 23, 20, 31,
        33, 32, 24, 36, 31, 38, 37, 22, 22, 23, 39, 27, 26, 21],
       device='cuda:0')
tensor([21, 36, 21, 21, 32, 35, 30, 37, 28, 37, 38, 27, 27, 30, 30, 30, 20, 21,
        39, 27, 37, 23, 20, 25, 20, 32, 38, 32, 36, 30, 21, 38],
       device='cuda:0')
tensor([21, 29, 21, 21, 30, 35, 30, 27, 28, 39, 28, 27, 32, 26, 20, 31, 23, 23,
        39, 21, 37, 23, 24, 38, 20, 24, 38, 32, 36, 32, 36, 38],
       device='cuda:0')
tensor([22, 36, 33, 36, 21, 36, 35, 20, 26, 33, 33, 37, 37, 28, 26, 37, 33, 20,
        33, 20, 33, 37, 22, 32, 37, 24, 26, 21, 20, 28, 23, 23],
       device='cuda:0')
tensor([39, 21, 34, 34, 21, 36, 35, 32, 26, 34, 33, 23, 37, 28, 30, 37, 33, 31,
        33, 30, 33, 27, 34, 33, 37, 24, 25, 21, 30, 28, 36, 23],
       device='cuda:0')
tensor([30, 34, 22, 20, 33, 33, 30, 36, 30, 36, 27, 35, 33, 28, 32, 33, 36, 27,
        23, 26, 35, 35, 20, 30, 23, 23, 20, 20, 39, 37, 36, 24],
       device='cuda:0')
tensor([30, 22, 22, 35, 33, 34, 30, 29, 31, 36, 22, 35, 34, 28, 27, 33, 36, 22,
        27, 26, 35, 39, 30, 30, 28, 23, 20, 30, 38, 31, 28, 24],
       device='cuda:0')
tensor([30, 37, 22, 36, 37, 30, 20, 20, 23, 20, 33, 36, 33, 35, 36, 22, 35, 26,
        28, 30, 22, 33, 32, 25, 37, 32, 28, 36, 24, 21, 37, 38],
       device='cuda:0')
tensor([30, 22, 25, 37, 28, 30, 30, 20, 21, 31, 32, 34, 25, 35, 29, 32, 32, 22,
        28, 20, 22, 33, 34, 22, 25, 32, 28, 36, 30, 36, 37, 38],
       device='cuda:0')
tensor([35, 23, 26, 21, 39, 36, 38, 37, 30, 36, 38, 35, 36, 20, 33, 37, 37, 21,
        37, 37, 20, 27, 21, 33, 27, 36, 20, 34, 23, 23, 28, 30],
       device='cuda:0')
tensor([30, 39, 35, 21, 35, 21, 22, 20, 30, 31, 38, 35, 29, 26, 33, 28, 37, 21,
        37, 39, 31, 27, 21, 33, 27, 25, 20, 34, 23, 21, 28, 30],
       device='cuda:0')
tensor([30, 39, 21, 36, 20, 36, 28, 36, 36, 20, 36, 36, 32, 28, 34, 20, 34, 20,
        32, 21, 20, 32, 20, 30, 38, 24, 33, 26, 21, 34, 36, 21],
       device='cuda:0')
tensor([20, 32, 21, 29, 30, 29, 28, 31, 36, 20, 29, 36, 29, 28, 34, 25, 25, 31,
        34, 21, 20, 32, 24, 20, 34, 24, 29, 26, 38, 34, 25, 32],
       device='cuda:0')
tensor([39, 23, 36, 26, 36, 36, 36, 38, 30, 22, 30, 35, 36, 33, 23, 30, 36, 35,
        35, 35, 35, 26, 36, 24, 32, 20, 20, 32, 32, 37, 27, 30],
       device='cuda:0')
tensor([39, 34, 28, 26, 36, 28, 36, 25, 30, 38, 30, 35, 29, 34, 23, 31, 32, 35,
        36, 35, 26, 26, 36, 26, 22, 20, 20, 39, 32, 37, 27, 30],
       device='cuda:0')
tensor([30, 30, 33, 33, 39, 28, 20, 38, 37, 20, 30, 35, 39, 27, 21, 20, 32, 38,
        33, 32, 21, 33, 21, 30, 27, 27, 30, 33, 37, 22, 37, 20],
       device='cuda:0')
tensor([30, 31, 32, 22, 32, 28, 20, 38, 28, 23, 31, 35, 27, 39, 21, 31, 39, 27,
        25, 33, 34, 34, 22, 36, 27, 27, 20, 33, 28, 38, 27, 20],
       device='cuda:0')
tensor([22, 38, 22, 37, 39, 28, 37, 21, 24, 34, 27, 20, 30, 32, 32, 33, 36, 36,
        33, 20, 33, 37, 37, 25, 38, 36, 20, 38, 21, 23, 27, 36],
       device='cuda:0')
tensor([27, 22, 22, 37, 39, 28, 37, 21, 37, 37, 32, 25, 35, 32, 34, 38, 37, 36,
        32, 20, 33, 37, 38, 25, 38, 29, 30, 37, 21, 23, 27, 20],
       device='cuda:0')
tensor([20, 33, 36, 38, 20, 24, 38, 32, 25, 37, 27, 30, 20, 28, 38, 33, 33, 28,
        39, 28, 36, 36, 35, 22, 36, 33, 35, 39, 39, 33, 30, 32],
       device='cuda:0')
tensor([31, 25, 29, 38, 31, 24, 22, 25, 38, 22, 32, 25, 30, 28, 27, 29, 34, 21,
        34, 28, 22, 36, 31, 22, 32, 33, 35, 39, 27, 23, 22, 27],
       device='cuda:0')
tensor([36, 30, 33, 27, 35, 36, 27, 34, 37, 38, 22, 33, 30, 23, 33, 37, 21, 32,
        21, 36, 38, 33, 37, 30, 36, 23, 32, 33, 30, 30, 21, 27],
       device='cuda:0')
tensor([36, 30, 33, 37, 35, 21, 26, 34, 25, 38, 38, 33, 37, 39, 25, 37, 21, 38,
        21, 22, 34, 34, 31, 30, 36, 27, 23, 33, 30, 24, 21, 27],
       device='cuda:0')
 * Average Acc: 0.230 Best acc 0.230
 Per-Task Acc:[0.0, 0.46]
================Task 2 Start!================
SGD (
Parameter Group 0
    dampening: 0
    differentiable: False
    foreach: None
    initial_lr: 0.1
    lr: 0.03333333333333333
    maximize: False
    momentum: 0
    nesterov: False
    weight_decay: 0
)
================Task 2 Training!================
The training samples number: 10000
learning rate: [0.03333333333333333]
================ Train on the train set ================
Epoch [0/3] |	Loss: 2.356 	Average Acc: 0.351 
learning rate: [0.06666666666666667]
================ Train on the train set ================
