{'data_root': '/data/bzx_yjy/cifar100', 'image_size': 32, 'pin_memory': False, 'augment': True, 'workers': 8, 'device_ids': 1, 'n_gpu': 1, 'seed': 1993, 'deterministic': True, 'epoch': 170, 'batch_size': 128, 'val_per_epoch': 5, 'optimzer': {'name': 'SGD', 'kwargs': {'lr': 0.1}}, 'lr_scheduler': {'name': 'StepLR', 'kwargs': {'gamma': 0.1, 'step_size': 60}}, 'warmup': 3, 'includes': ['headers/data.yaml', 'headers/device.yaml', 'headers/model.yaml', 'headers/optimizer.yaml', 'backbones/resnet12.yaml'], 'save_path': './', 'init_cls_num': 20, 'inc_cls_num': 20, 'task_num': 5, 'optimizer': {'name': 'SGD', 'kwargs': {'lr': 0.1, 'momentum': 0.95, 'weight_decay': 0.0002}}, 'backbone': {'name': 'resnet32', 'kwargs': None}, 'buffer': {'name': 'LinearBuffer', 'kwargs': {'buffer_size': 0, 'batch_size': 32, 'strategy': 'random'}}, 'classifier': {'name': 'GEM', 'kwargs': {'num_class': 100, 'feat_dim': 64, 'n_memories': 5120, 'n_task': 5, 'memory_strength': 0}}, 'rank': 0}
GEM(
  (net): CifarResNet(
    (conv_1_3x3): Conv2d(3, 16, kernel_size=(3, 3), stride=(1, 1), padding=(1, 1), bias=False)
    (bn_1): BatchNorm2d(16, eps=1e-05, momentum=0.1, affine=True, track_running_stats=True)
    (stage_1): Sequential(
      (0): ResNetBasicblock(
        (conv_a): Conv2d(16, 16, kernel_size=(3, 3), stride=(1, 1), padding=(1, 1), bias=False)
        (bn_a): BatchNorm2d(16, eps=1e-05, momentum=0.1, affine=True, track_running_stats=True)
        (conv_b): Conv2d(16, 16, kernel_size=(3, 3), stride=(1, 1), padding=(1, 1), bias=False)
        (bn_b): BatchNorm2d(16, eps=1e-05, momentum=0.1, affine=True, track_running_stats=True)
      )
      (1): ResNetBasicblock(
        (conv_a): Conv2d(16, 16, kernel_size=(3, 3), stride=(1, 1), padding=(1, 1), bias=False)
        (bn_a): BatchNorm2d(16, eps=1e-05, momentum=0.1, affine=True, track_running_stats=True)
        (conv_b): Conv2d(16, 16, kernel_size=(3, 3), stride=(1, 1), padding=(1, 1), bias=False)
        (bn_b): BatchNorm2d(16, eps=1e-05, momentum=0.1, affine=True, track_running_stats=True)
      )
      (2): ResNetBasicblock(
        (conv_a): Conv2d(16, 16, kernel_size=(3, 3), stride=(1, 1), padding=(1, 1), bias=False)
        (bn_a): BatchNorm2d(16, eps=1e-05, momentum=0.1, affine=True, track_running_stats=True)
        (conv_b): Conv2d(16, 16, kernel_size=(3, 3), stride=(1, 1), padding=(1, 1), bias=False)
        (bn_b): BatchNorm2d(16, eps=1e-05, momentum=0.1, affine=True, track_running_stats=True)
      )
      (3): ResNetBasicblock(
        (conv_a): Conv2d(16, 16, kernel_size=(3, 3), stride=(1, 1), padding=(1, 1), bias=False)
        (bn_a): BatchNorm2d(16, eps=1e-05, momentum=0.1, affine=True, track_running_stats=True)
        (conv_b): Conv2d(16, 16, kernel_size=(3, 3), stride=(1, 1), padding=(1, 1), bias=False)
        (bn_b): BatchNorm2d(16, eps=1e-05, momentum=0.1, affine=True, track_running_stats=True)
      )
      (4): ResNetBasicblock(
        (conv_a): Conv2d(16, 16, kernel_size=(3, 3), stride=(1, 1), padding=(1, 1), bias=False)
        (bn_a): BatchNorm2d(16, eps=1e-05, momentum=0.1, affine=True, track_running_stats=True)
        (conv_b): Conv2d(16, 16, kernel_size=(3, 3), stride=(1, 1), padding=(1, 1), bias=False)
        (bn_b): BatchNorm2d(16, eps=1e-05, momentum=0.1, affine=True, track_running_stats=True)
      )
    )
    (stage_2): Sequential(
      (0): ResNetBasicblock(
        (conv_a): Conv2d(16, 32, kernel_size=(3, 3), stride=(2, 2), padding=(1, 1), bias=False)
        (bn_a): BatchNorm2d(32, eps=1e-05, momentum=0.1, affine=True, track_running_stats=True)
        (conv_b): Conv2d(32, 32, kernel_size=(3, 3), stride=(1, 1), padding=(1, 1), bias=False)
        (bn_b): BatchNorm2d(32, eps=1e-05, momentum=0.1, affine=True, track_running_stats=True)
        (downsample): DownsampleA(
          (avg): AvgPool2d(kernel_size=1, stride=2, padding=0)
        )
      )
      (1): ResNetBasicblock(
        (conv_a): Conv2d(32, 32, kernel_size=(3, 3), stride=(1, 1), padding=(1, 1), bias=False)
        (bn_a): BatchNorm2d(32, eps=1e-05, momentum=0.1, affine=True, track_running_stats=True)
        (conv_b): Conv2d(32, 32, kernel_size=(3, 3), stride=(1, 1), padding=(1, 1), bias=False)
        (bn_b): BatchNorm2d(32, eps=1e-05, momentum=0.1, affine=True, track_running_stats=True)
      )
      (2): ResNetBasicblock(
        (conv_a): Conv2d(32, 32, kernel_size=(3, 3), stride=(1, 1), padding=(1, 1), bias=False)
        (bn_a): BatchNorm2d(32, eps=1e-05, momentum=0.1, affine=True, track_running_stats=True)
        (conv_b): Conv2d(32, 32, kernel_size=(3, 3), stride=(1, 1), padding=(1, 1), bias=False)
        (bn_b): BatchNorm2d(32, eps=1e-05, momentum=0.1, affine=True, track_running_stats=True)
      )
      (3): ResNetBasicblock(
        (conv_a): Conv2d(32, 32, kernel_size=(3, 3), stride=(1, 1), padding=(1, 1), bias=False)
        (bn_a): BatchNorm2d(32, eps=1e-05, momentum=0.1, affine=True, track_running_stats=True)
        (conv_b): Conv2d(32, 32, kernel_size=(3, 3), stride=(1, 1), padding=(1, 1), bias=False)
        (bn_b): BatchNorm2d(32, eps=1e-05, momentum=0.1, affine=True, track_running_stats=True)
      )
      (4): ResNetBasicblock(
        (conv_a): Conv2d(32, 32, kernel_size=(3, 3), stride=(1, 1), padding=(1, 1), bias=False)
        (bn_a): BatchNorm2d(32, eps=1e-05, momentum=0.1, affine=True, track_running_stats=True)
        (conv_b): Conv2d(32, 32, kernel_size=(3, 3), stride=(1, 1), padding=(1, 1), bias=False)
        (bn_b): BatchNorm2d(32, eps=1e-05, momentum=0.1, affine=True, track_running_stats=True)
      )
    )
    (stage_3): Sequential(
      (0): ResNetBasicblock(
        (conv_a): Conv2d(32, 64, kernel_size=(3, 3), stride=(2, 2), padding=(1, 1), bias=False)
        (bn_a): BatchNorm2d(64, eps=1e-05, momentum=0.1, affine=True, track_running_stats=True)
        (conv_b): Conv2d(64, 64, kernel_size=(3, 3), stride=(1, 1), padding=(1, 1), bias=False)
        (bn_b): BatchNorm2d(64, eps=1e-05, momentum=0.1, affine=True, track_running_stats=True)
        (downsample): DownsampleA(
          (avg): AvgPool2d(kernel_size=1, stride=2, padding=0)
        )
      )
      (1): ResNetBasicblock(
        (conv_a): Conv2d(64, 64, kernel_size=(3, 3), stride=(1, 1), padding=(1, 1), bias=False)
        (bn_a): BatchNorm2d(64, eps=1e-05, momentum=0.1, affine=True, track_running_stats=True)
        (conv_b): Conv2d(64, 64, kernel_size=(3, 3), stride=(1, 1), padding=(1, 1), bias=False)
        (bn_b): BatchNorm2d(64, eps=1e-05, momentum=0.1, affine=True, track_running_stats=True)
      )
      (2): ResNetBasicblock(
        (conv_a): Conv2d(64, 64, kernel_size=(3, 3), stride=(1, 1), padding=(1, 1), bias=False)
        (bn_a): BatchNorm2d(64, eps=1e-05, momentum=0.1, affine=True, track_running_stats=True)
        (conv_b): Conv2d(64, 64, kernel_size=(3, 3), stride=(1, 1), padding=(1, 1), bias=False)
        (bn_b): BatchNorm2d(64, eps=1e-05, momentum=0.1, affine=True, track_running_stats=True)
      )
      (3): ResNetBasicblock(
        (conv_a): Conv2d(64, 64, kernel_size=(3, 3), stride=(1, 1), padding=(1, 1), bias=False)
        (bn_a): BatchNorm2d(64, eps=1e-05, momentum=0.1, affine=True, track_running_stats=True)
        (conv_b): Conv2d(64, 64, kernel_size=(3, 3), stride=(1, 1), padding=(1, 1), bias=False)
        (bn_b): BatchNorm2d(64, eps=1e-05, momentum=0.1, affine=True, track_running_stats=True)
      )
      (4): ResNetBasicblock(
        (conv_a): Conv2d(64, 64, kernel_size=(3, 3), stride=(1, 1), padding=(1, 1), bias=False)
        (bn_a): BatchNorm2d(64, eps=1e-05, momentum=0.1, affine=True, track_running_stats=True)
        (conv_b): Conv2d(64, 64, kernel_size=(3, 3), stride=(1, 1), padding=(1, 1), bias=False)
        (bn_b): BatchNorm2d(64, eps=1e-05, momentum=0.1, affine=True, track_running_stats=True)
      )
    )
    (avgpool): AvgPool2d(kernel_size=8, stride=8, padding=0)
    (fc): Linear(in_features=64, out_features=10, bias=True)
  )
  (classifier): Linear(in_features=64, out_features=100, bias=True)
  (ce): CrossEntropyLoss()
)
Trainable params in the model: 470654
SGD (
Parameter Group 0
    dampening: 0
    differentiable: False
    foreach: None
    initial_lr: 0.1
    lr: 0.03333333333333333
    maximize: False
    momentum: 0.95
    nesterov: False
    weight_decay: 0.0002
)
================Task 0 Start!================
SGD (
Parameter Group 0
    dampening: 0
    differentiable: False
    foreach: None
    initial_lr: 0.1
    lr: 0.03333333333333333
    maximize: False
    momentum: 0.95
    nesterov: False
    weight_decay: 0.0002
)
================Task 0 Training!================
The training samples number: 10000
learning rate: [0.03333333333333333]
================ Train on the train set ================
Epoch [0/170] |	Loss: 2.798 	Average Acc: 0.145 
learning rate: [0.06666666666666667]
================ Train on the train set ================
Epoch [1/170] |	Loss: 2.489 	Average Acc: 0.230 
learning rate: [0.1]
================ Train on the train set ================
Epoch [2/170] |	Loss: 2.336 	Average Acc: 0.284 
learning rate: [0.1]
================ Train on the train set ================
Epoch [3/170] |	Loss: 2.137 	Average Acc: 0.343 
learning rate: [0.1]
================ Train on the train set ================
Epoch [4/170] |	Loss: 2.005 	Average Acc: 0.377 
================ Test on the test set ================
 * Average Acc: 0.380 Best acc 0.380
 Per-Task Acc:[0.38]
learning rate: [0.1]
================ Train on the train set ================
Epoch [5/170] |	Loss: 1.875 	Average Acc: 0.419 
learning rate: [0.1]
================ Train on the train set ================
Epoch [6/170] |	Loss: 1.799 	Average Acc: 0.449 
learning rate: [0.1]
================ Train on the train set ================
Epoch [7/170] |	Loss: 1.722 	Average Acc: 0.466 
learning rate: [0.1]
================ Train on the train set ================
Epoch [8/170] |	Loss: 1.609 	Average Acc: 0.496 
learning rate: [0.1]
================ Train on the train set ================
Epoch [9/170] |	Loss: 1.561 	Average Acc: 0.515 
================ Test on the test set ================
 * Average Acc: 0.450 Best acc 0.450
 Per-Task Acc:[0.45]
learning rate: [0.1]
================ Train on the train set ================
Epoch [10/170] |	Loss: 1.502 	Average Acc: 0.528 
learning rate: [0.1]
================ Train on the train set ================
Epoch [11/170] |	Loss: 1.467 	Average Acc: 0.545 
learning rate: [0.1]
================ Train on the train set ================
Epoch [12/170] |	Loss: 1.402 	Average Acc: 0.565 
learning rate: [0.1]
================ Train on the train set ================
Epoch [13/170] |	Loss: 1.353 	Average Acc: 0.575 
learning rate: [0.1]
================ Train on the train set ================
Epoch [14/170] |	Loss: 1.287 	Average Acc: 0.593 
================ Test on the test set ================
 * Average Acc: 0.490 Best acc 0.490
 Per-Task Acc:[0.49]
learning rate: [0.1]
================ Train on the train set ================
Epoch [15/170] |	Loss: 1.293 	Average Acc: 0.595 
learning rate: [0.1]
================ Train on the train set ================
Epoch [16/170] |	Loss: 1.268 	Average Acc: 0.607 
learning rate: [0.1]
================ Train on the train set ================
Epoch [17/170] |	Loss: 1.223 	Average Acc: 0.613 
learning rate: [0.1]
================ Train on the train set ================
Epoch [18/170] |	Loss: 1.217 	Average Acc: 0.617 
learning rate: [0.1]
================ Train on the train set ================
Epoch [19/170] |	Loss: 1.172 	Average Acc: 0.636 
================ Test on the test set ================
 * Average Acc: 0.530 Best acc 0.530
 Per-Task Acc:[0.53]
learning rate: [0.1]
================ Train on the train set ================
Epoch [20/170] |	Loss: 1.174 	Average Acc: 0.629 
learning rate: [0.1]
================ Train on the train set ================
Epoch [21/170] |	Loss: 1.163 	Average Acc: 0.633 
learning rate: [0.1]
================ Train on the train set ================
Epoch [22/170] |	Loss: 1.118 	Average Acc: 0.652 
learning rate: [0.1]
================ Train on the train set ================
Epoch [23/170] |	Loss: 1.109 	Average Acc: 0.651 
learning rate: [0.1]
================ Train on the train set ================
Epoch [24/170] |	Loss: 1.099 	Average Acc: 0.656 
================ Test on the test set ================
 * Average Acc: 0.630 Best acc 0.630
 Per-Task Acc:[0.63]
learning rate: [0.1]
================ Train on the train set ================
Epoch [25/170] |	Loss: 1.079 	Average Acc: 0.660 
learning rate: [0.1]
================ Train on the train set ================
Epoch [26/170] |	Loss: 1.075 	Average Acc: 0.664 
learning rate: [0.1]
================ Train on the train set ================
Epoch [27/170] |	Loss: 1.080 	Average Acc: 0.659 
learning rate: [0.1]
================ Train on the train set ================
Epoch [28/170] |	Loss: 1.061 	Average Acc: 0.666 
learning rate: [0.1]
================ Train on the train set ================
Epoch [29/170] |	Loss: 1.045 	Average Acc: 0.673 
================ Test on the test set ================
 * Average Acc: 0.620 Best acc 0.630
 Per-Task Acc:[0.62]
learning rate: [0.1]
================ Train on the train set ================
Epoch [30/170] |	Loss: 1.049 	Average Acc: 0.670 
learning rate: [0.1]
================ Train on the train set ================
Epoch [31/170] |	Loss: 1.029 	Average Acc: 0.674 
learning rate: [0.1]
================ Train on the train set ================
Epoch [32/170] |	Loss: 0.993 	Average Acc: 0.688 
learning rate: [0.1]
================ Train on the train set ================
Epoch [33/170] |	Loss: 1.002 	Average Acc: 0.686 
learning rate: [0.1]
================ Train on the train set ================
Epoch [34/170] |	Loss: 1.007 	Average Acc: 0.682 
================ Test on the test set ================
 * Average Acc: 0.590 Best acc 0.630
 Per-Task Acc:[0.59]
learning rate: [0.1]
================ Train on the train set ================
Epoch [35/170] |	Loss: 1.001 	Average Acc: 0.684 
learning rate: [0.1]
================ Train on the train set ================
Epoch [36/170] |	Loss: 0.980 	Average Acc: 0.691 
learning rate: [0.1]
================ Train on the train set ================
Epoch [37/170] |	Loss: 0.984 	Average Acc: 0.686 
learning rate: [0.1]
================ Train on the train set ================
Epoch [38/170] |	Loss: 0.989 	Average Acc: 0.686 
learning rate: [0.1]
================ Train on the train set ================
Epoch [39/170] |	Loss: 0.958 	Average Acc: 0.694 
================ Test on the test set ================
 * Average Acc: 0.560 Best acc 0.630
 Per-Task Acc:[0.56]
learning rate: [0.1]
================ Train on the train set ================
Epoch [40/170] |	Loss: 0.976 	Average Acc: 0.695 
learning rate: [0.1]
================ Train on the train set ================
Epoch [41/170] |	Loss: 0.948 	Average Acc: 0.707 
learning rate: [0.1]
================ Train on the train set ================
Epoch [42/170] |	Loss: 0.958 	Average Acc: 0.702 
learning rate: [0.1]
================ Train on the train set ================
Epoch [43/170] |	Loss: 0.970 	Average Acc: 0.694 
learning rate: [0.1]
================ Train on the train set ================
Epoch [44/170] |	Loss: 0.973 	Average Acc: 0.695 
================ Test on the test set ================
 * Average Acc: 0.550 Best acc 0.630
 Per-Task Acc:[0.55]
learning rate: [0.1]
================ Train on the train set ================
Epoch [45/170] |	Loss: 0.923 	Average Acc: 0.710 
learning rate: [0.1]
================ Train on the train set ================
Epoch [46/170] |	Loss: 0.942 	Average Acc: 0.707 
learning rate: [0.1]
================ Train on the train set ================
Epoch [47/170] |	Loss: 0.940 	Average Acc: 0.703 
learning rate: [0.1]
================ Train on the train set ================
Epoch [48/170] |	Loss: 0.944 	Average Acc: 0.705 
learning rate: [0.1]
================ Train on the train set ================
Epoch [49/170] |	Loss: 0.919 	Average Acc: 0.712 
================ Test on the test set ================
 * Average Acc: 0.640 Best acc 0.640
 Per-Task Acc:[0.64]
learning rate: [0.1]
================ Train on the train set ================
Epoch [50/170] |	Loss: 0.929 	Average Acc: 0.707 
learning rate: [0.1]
================ Train on the train set ================
Epoch [51/170] |	Loss: 0.934 	Average Acc: 0.707 
learning rate: [0.1]
================ Train on the train set ================
Epoch [52/170] |	Loss: 0.916 	Average Acc: 0.714 
learning rate: [0.1]
================ Train on the train set ================
Epoch [53/170] |	Loss: 0.909 	Average Acc: 0.716 
learning rate: [0.1]
================ Train on the train set ================
Epoch [54/170] |	Loss: 0.890 	Average Acc: 0.721 
================ Test on the test set ================
 * Average Acc: 0.660 Best acc 0.660
 Per-Task Acc:[0.66]
learning rate: [0.1]
================ Train on the train set ================
Epoch [55/170] |	Loss: 0.913 	Average Acc: 0.714 
learning rate: [0.1]
================ Train on the train set ================
Epoch [56/170] |	Loss: 0.914 	Average Acc: 0.712 
learning rate: [0.1]
================ Train on the train set ================
Epoch [57/170] |	Loss: 0.904 	Average Acc: 0.714 
learning rate: [0.1]
================ Train on the train set ================
Epoch [58/170] |	Loss: 0.891 	Average Acc: 0.719 
learning rate: [0.1]
================ Train on the train set ================
Epoch [59/170] |	Loss: 0.905 	Average Acc: 0.714 
================ Test on the test set ================
 * Average Acc: 0.640 Best acc 0.660
 Per-Task Acc:[0.64]
learning rate: [0.1]
================ Train on the train set ================
Epoch [60/170] |	Loss: 0.874 	Average Acc: 0.722 
learning rate: [0.1]
================ Train on the train set ================
Epoch [61/170] |	Loss: 0.905 	Average Acc: 0.718 
learning rate: [0.010000000000000002]
================ Train on the train set ================
Epoch [62/170] |	Loss: 0.589 	Average Acc: 0.814 
learning rate: [0.010000000000000002]
================ Train on the train set ================
Epoch [63/170] |	Loss: 0.480 	Average Acc: 0.849 
learning rate: [0.010000000000000002]
================ Train on the train set ================
Epoch [64/170] |	Loss: 0.426 	Average Acc: 0.866 
================ Test on the test set ================
 * Average Acc: 0.780 Best acc 0.780
 Per-Task Acc:[0.78]
learning rate: [0.010000000000000002]
================ Train on the train set ================
Epoch [65/170] |	Loss: 0.397 	Average Acc: 0.871 
learning rate: [0.010000000000000002]
================ Train on the train set ================
Epoch [66/170] |	Loss: 0.371 	Average Acc: 0.879 
learning rate: [0.010000000000000002]
================ Train on the train set ================
Epoch [67/170] |	Loss: 0.349 	Average Acc: 0.887 
learning rate: [0.010000000000000002]
================ Train on the train set ================
Epoch [68/170] |	Loss: 0.333 	Average Acc: 0.892 
learning rate: [0.010000000000000002]
================ Train on the train set ================
Epoch [69/170] |	Loss: 0.309 	Average Acc: 0.902 
================ Test on the test set ================
 * Average Acc: 0.790 Best acc 0.790
 Per-Task Acc:[0.79]
learning rate: [0.010000000000000002]
================ Train on the train set ================
Epoch [70/170] |	Loss: 0.309 	Average Acc: 0.899 
learning rate: [0.010000000000000002]
================ Train on the train set ================
Epoch [71/170] |	Loss: 0.293 	Average Acc: 0.904 
learning rate: [0.010000000000000002]
================ Train on the train set ================
Epoch [72/170] |	Loss: 0.268 	Average Acc: 0.913 
learning rate: [0.010000000000000002]
================ Train on the train set ================
Epoch [73/170] |	Loss: 0.267 	Average Acc: 0.915 
learning rate: [0.010000000000000002]
================ Train on the train set ================
Epoch [74/170] |	Loss: 0.253 	Average Acc: 0.917 
================ Test on the test set ================
 * Average Acc: 0.780 Best acc 0.790
 Per-Task Acc:[0.78]
learning rate: [0.010000000000000002]
================ Train on the train set ================
Epoch [75/170] |	Loss: 0.249 	Average Acc: 0.918 
learning rate: [0.010000000000000002]
================ Train on the train set ================
Epoch [76/170] |	Loss: 0.233 	Average Acc: 0.921 
learning rate: [0.010000000000000002]
================ Train on the train set ================
Epoch [77/170] |	Loss: 0.223 	Average Acc: 0.928 
learning rate: [0.010000000000000002]
================ Train on the train set ================
Epoch [78/170] |	Loss: 0.225 	Average Acc: 0.924 
learning rate: [0.010000000000000002]
================ Train on the train set ================
Epoch [79/170] |	Loss: 0.222 	Average Acc: 0.927 
================ Test on the test set ================
 * Average Acc: 0.800 Best acc 0.800
 Per-Task Acc:[0.8]
learning rate: [0.010000000000000002]
================ Train on the train set ================
Epoch [80/170] |	Loss: 0.213 	Average Acc: 0.929 
learning rate: [0.010000000000000002]
================ Train on the train set ================
Epoch [81/170] |	Loss: 0.202 	Average Acc: 0.936 
learning rate: [0.010000000000000002]
================ Train on the train set ================
Epoch [82/170] |	Loss: 0.195 	Average Acc: 0.939 
learning rate: [0.010000000000000002]
================ Train on the train set ================
Epoch [83/170] |	Loss: 0.207 	Average Acc: 0.930 
learning rate: [0.010000000000000002]
================ Train on the train set ================
Epoch [84/170] |	Loss: 0.197 	Average Acc: 0.936 
================ Test on the test set ================
 * Average Acc: 0.780 Best acc 0.800
 Per-Task Acc:[0.78]
learning rate: [0.010000000000000002]
================ Train on the train set ================
Epoch [85/170] |	Loss: 0.177 	Average Acc: 0.942 
learning rate: [0.010000000000000002]
================ Train on the train set ================
Epoch [86/170] |	Loss: 0.188 	Average Acc: 0.937 
learning rate: [0.010000000000000002]
================ Train on the train set ================
Epoch [87/170] |	Loss: 0.187 	Average Acc: 0.937 
learning rate: [0.010000000000000002]
================ Train on the train set ================
Epoch [88/170] |	Loss: 0.180 	Average Acc: 0.941 
learning rate: [0.010000000000000002]
================ Train on the train set ================
Epoch [89/170] |	Loss: 0.187 	Average Acc: 0.937 
================ Test on the test set ================
 * Average Acc: 0.790 Best acc 0.800
 Per-Task Acc:[0.79]
learning rate: [0.010000000000000002]
================ Train on the train set ================
Epoch [90/170] |	Loss: 0.171 	Average Acc: 0.944 
learning rate: [0.010000000000000002]
================ Train on the train set ================
Epoch [91/170] |	Loss: 0.169 	Average Acc: 0.943 
learning rate: [0.010000000000000002]
================ Train on the train set ================
Epoch [92/170] |	Loss: 0.161 	Average Acc: 0.946 
learning rate: [0.010000000000000002]
================ Train on the train set ================
Epoch [93/170] |	Loss: 0.176 	Average Acc: 0.943 
learning rate: [0.010000000000000002]
================ Train on the train set ================
Epoch [94/170] |	Loss: 0.166 	Average Acc: 0.946 
================ Test on the test set ================
 * Average Acc: 0.790 Best acc 0.800
 Per-Task Acc:[0.79]
learning rate: [0.010000000000000002]
================ Train on the train set ================
Epoch [95/170] |	Loss: 0.155 	Average Acc: 0.949 
learning rate: [0.010000000000000002]
================ Train on the train set ================
Epoch [96/170] |	Loss: 0.161 	Average Acc: 0.948 
learning rate: [0.010000000000000002]
================ Train on the train set ================
Epoch [97/170] |	Loss: 0.164 	Average Acc: 0.947 
learning rate: [0.010000000000000002]
================ Train on the train set ================
Epoch [98/170] |	Loss: 0.177 	Average Acc: 0.941 
learning rate: [0.010000000000000002]
================ Train on the train set ================
Epoch [99/170] |	Loss: 0.174 	Average Acc: 0.943 
================ Test on the test set ================
 * Average Acc: 0.780 Best acc 0.800
 Per-Task Acc:[0.78]
learning rate: [0.010000000000000002]
================ Train on the train set ================
Epoch [100/170] |	Loss: 0.164 	Average Acc: 0.946 
learning rate: [0.010000000000000002]
================ Train on the train set ================
Epoch [101/170] |	Loss: 0.158 	Average Acc: 0.951 
learning rate: [0.010000000000000002]
================ Train on the train set ================
Epoch [102/170] |	Loss: 0.181 	Average Acc: 0.938 
learning rate: [0.010000000000000002]
================ Train on the train set ================
Epoch [103/170] |	Loss: 0.170 	Average Acc: 0.944 
learning rate: [0.010000000000000002]
================ Train on the train set ================
Epoch [104/170] |	Loss: 0.175 	Average Acc: 0.943 
================ Test on the test set ================
 * Average Acc: 0.780 Best acc 0.800
 Per-Task Acc:[0.78]
learning rate: [0.010000000000000002]
================ Train on the train set ================
Epoch [105/170] |	Loss: 0.156 	Average Acc: 0.949 
learning rate: [0.010000000000000002]
================ Train on the train set ================
Epoch [106/170] |	Loss: 0.158 	Average Acc: 0.951 
learning rate: [0.010000000000000002]
================ Train on the train set ================
Epoch [107/170] |	Loss: 0.161 	Average Acc: 0.947 
learning rate: [0.010000000000000002]
================ Train on the train set ================
Epoch [108/170] |	Loss: 0.174 	Average Acc: 0.942 
learning rate: [0.010000000000000002]
================ Train on the train set ================
Epoch [109/170] |	Loss: 0.154 	Average Acc: 0.951 
================ Test on the test set ================
 * Average Acc: 0.780 Best acc 0.800
 Per-Task Acc:[0.78]
learning rate: [0.010000000000000002]
================ Train on the train set ================
Epoch [110/170] |	Loss: 0.149 	Average Acc: 0.954 
learning rate: [0.010000000000000002]
================ Train on the train set ================
Epoch [111/170] |	Loss: 0.157 	Average Acc: 0.949 
learning rate: [0.010000000000000002]
================ Train on the train set ================
Epoch [112/170] |	Loss: 0.154 	Average Acc: 0.951 
learning rate: [0.010000000000000002]
================ Train on the train set ================
Epoch [113/170] |	Loss: 0.152 	Average Acc: 0.948 
learning rate: [0.010000000000000002]
================ Train on the train set ================
Epoch [114/170] |	Loss: 0.145 	Average Acc: 0.952 
================ Test on the test set ================
 * Average Acc: 0.770 Best acc 0.800
 Per-Task Acc:[0.77]
learning rate: [0.010000000000000002]
================ Train on the train set ================
Epoch [115/170] |	Loss: 0.169 	Average Acc: 0.945 
learning rate: [0.010000000000000002]
================ Train on the train set ================
Epoch [116/170] |	Loss: 0.164 	Average Acc: 0.945 
learning rate: [0.010000000000000002]
================ Train on the train set ================
Epoch [117/170] |	Loss: 0.170 	Average Acc: 0.944 
learning rate: [0.010000000000000002]
================ Train on the train set ================
Epoch [118/170] |	Loss: 0.165 	Average Acc: 0.946 
learning rate: [0.010000000000000002]
================ Train on the train set ================
Epoch [119/170] |	Loss: 0.187 	Average Acc: 0.939 
================ Test on the test set ================
 * Average Acc: 0.780 Best acc 0.800
 Per-Task Acc:[0.78]
learning rate: [0.010000000000000002]
================ Train on the train set ================
Epoch [120/170] |	Loss: 0.160 	Average Acc: 0.947 
learning rate: [0.010000000000000002]
================ Train on the train set ================
Epoch [121/170] |	Loss: 0.148 	Average Acc: 0.952 
learning rate: [0.0010000000000000002]
================ Train on the train set ================
Epoch [122/170] |	Loss: 0.097 	Average Acc: 0.971 
learning rate: [0.0010000000000000002]
================ Train on the train set ================
Epoch [123/170] |	Loss: 0.066 	Average Acc: 0.982 
learning rate: [0.0010000000000000002]
================ Train on the train set ================
Epoch [124/170] |	Loss: 0.057 	Average Acc: 0.986 
================ Test on the test set ================
 * Average Acc: 0.810 Best acc 0.810
 Per-Task Acc:[0.81]
learning rate: [0.0010000000000000002]
================ Train on the train set ================
Epoch [125/170] |	Loss: 0.049 	Average Acc: 0.988 
learning rate: [0.0010000000000000002]
================ Train on the train set ================
Epoch [126/170] |	Loss: 0.045 	Average Acc: 0.990 
learning rate: [0.0010000000000000002]
================ Train on the train set ================
Epoch [127/170] |	Loss: 0.040 	Average Acc: 0.992 
learning rate: [0.0010000000000000002]
================ Train on the train set ================
Epoch [128/170] |	Loss: 0.040 	Average Acc: 0.991 
learning rate: [0.0010000000000000002]
================ Train on the train set ================
Epoch [129/170] |	Loss: 0.036 	Average Acc: 0.992 
================ Test on the test set ================
 * Average Acc: 0.810 Best acc 0.810
 Per-Task Acc:[0.81]
learning rate: [0.0010000000000000002]
================ Train on the train set ================
Epoch [130/170] |	Loss: 0.037 	Average Acc: 0.992 
learning rate: [0.0010000000000000002]
================ Train on the train set ================
Epoch [131/170] |	Loss: 0.037 	Average Acc: 0.991 
learning rate: [0.0010000000000000002]
================ Train on the train set ================
Epoch [132/170] |	Loss: 0.032 	Average Acc: 0.993 
learning rate: [0.0010000000000000002]
================ Train on the train set ================
Epoch [133/170] |	Loss: 0.030 	Average Acc: 0.995 
learning rate: [0.0010000000000000002]
================ Train on the train set ================
Epoch [134/170] |	Loss: 0.032 	Average Acc: 0.993 
================ Test on the test set ================
 * Average Acc: 0.820 Best acc 0.820
 Per-Task Acc:[0.82]
learning rate: [0.0010000000000000002]
================ Train on the train set ================
Epoch [135/170] |	Loss: 0.028 	Average Acc: 0.995 
learning rate: [0.0010000000000000002]
================ Train on the train set ================
Epoch [136/170] |	Loss: 0.031 	Average Acc: 0.993 
learning rate: [0.0010000000000000002]
================ Train on the train set ================
Epoch [137/170] |	Loss: 0.026 	Average Acc: 0.996 
learning rate: [0.0010000000000000002]
================ Train on the train set ================
Epoch [138/170] |	Loss: 0.028 	Average Acc: 0.995 
learning rate: [0.0010000000000000002]
================ Train on the train set ================
Epoch [139/170] |	Loss: 0.026 	Average Acc: 0.995 
================ Test on the test set ================
 * Average Acc: 0.810 Best acc 0.820
 Per-Task Acc:[0.81]
learning rate: [0.0010000000000000002]
================ Train on the train set ================
Epoch [140/170] |	Loss: 0.026 	Average Acc: 0.994 
learning rate: [0.0010000000000000002]
================ Train on the train set ================
Epoch [141/170] |	Loss: 0.025 	Average Acc: 0.995 
learning rate: [0.0010000000000000002]
================ Train on the train set ================
Epoch [142/170] |	Loss: 0.025 	Average Acc: 0.995 
learning rate: [0.0010000000000000002]
================ Train on the train set ================
Epoch [143/170] |	Loss: 0.022 	Average Acc: 0.996 
learning rate: [0.0010000000000000002]
================ Train on the train set ================
Epoch [144/170] |	Loss: 0.024 	Average Acc: 0.995 
================ Test on the test set ================
 * Average Acc: 0.810 Best acc 0.820
 Per-Task Acc:[0.81]
learning rate: [0.0010000000000000002]
================ Train on the train set ================
Epoch [145/170] |	Loss: 0.022 	Average Acc: 0.996 
learning rate: [0.0010000000000000002]
================ Train on the train set ================
Epoch [146/170] |	Loss: 0.022 	Average Acc: 0.996 
learning rate: [0.0010000000000000002]
================ Train on the train set ================
Epoch [147/170] |	Loss: 0.023 	Average Acc: 0.996 
learning rate: [0.0010000000000000002]
================ Train on the train set ================
Epoch [148/170] |	Loss: 0.022 	Average Acc: 0.996 
learning rate: [0.0010000000000000002]
================ Train on the train set ================
Epoch [149/170] |	Loss: 0.021 	Average Acc: 0.996 
================ Test on the test set ================
 * Average Acc: 0.810 Best acc 0.820
 Per-Task Acc:[0.81]
learning rate: [0.0010000000000000002]
================ Train on the train set ================
Epoch [150/170] |	Loss: 0.022 	Average Acc: 0.996 
learning rate: [0.0010000000000000002]
================ Train on the train set ================
Epoch [151/170] |	Loss: 0.021 	Average Acc: 0.996 
learning rate: [0.0010000000000000002]
================ Train on the train set ================
Epoch [152/170] |	Loss: 0.018 	Average Acc: 0.998 
learning rate: [0.0010000000000000002]
================ Train on the train set ================
Epoch [153/170] |	Loss: 0.019 	Average Acc: 0.997 
learning rate: [0.0010000000000000002]
================ Train on the train set ================
Epoch [154/170] |	Loss: 0.019 	Average Acc: 0.996 
================ Test on the test set ================
 * Average Acc: 0.830 Best acc 0.830
 Per-Task Acc:[0.83]
learning rate: [0.0010000000000000002]
================ Train on the train set ================
Epoch [155/170] |	Loss: 0.020 	Average Acc: 0.997 
learning rate: [0.0010000000000000002]
================ Train on the train set ================
Epoch [156/170] |	Loss: 0.018 	Average Acc: 0.998 
learning rate: [0.0010000000000000002]
================ Train on the train set ================
Epoch [157/170] |	Loss: 0.018 	Average Acc: 0.997 
learning rate: [0.0010000000000000002]
================ Train on the train set ================
Epoch [158/170] |	Loss: 0.018 	Average Acc: 0.997 
learning rate: [0.0010000000000000002]
================ Train on the train set ================
Epoch [159/170] |	Loss: 0.017 	Average Acc: 0.997 
================ Test on the test set ================
 * Average Acc: 0.820 Best acc 0.830
 Per-Task Acc:[0.82]
learning rate: [0.0010000000000000002]
================ Train on the train set ================
Epoch [160/170] |	Loss: 0.018 	Average Acc: 0.997 
learning rate: [0.0010000000000000002]
================ Train on the train set ================
Epoch [161/170] |	Loss: 0.020 	Average Acc: 0.996 
learning rate: [0.0010000000000000002]
================ Train on the train set ================
Epoch [162/170] |	Loss: 0.018 	Average Acc: 0.997 
learning rate: [0.0010000000000000002]
================ Train on the train set ================
Epoch [163/170] |	Loss: 0.017 	Average Acc: 0.998 
learning rate: [0.0010000000000000002]
================ Train on the train set ================
Epoch [164/170] |	Loss: 0.017 	Average Acc: 0.998 
================ Test on the test set ================
 * Average Acc: 0.810 Best acc 0.830
 Per-Task Acc:[0.81]
learning rate: [0.0010000000000000002]
================ Train on the train set ================
Epoch [165/170] |	Loss: 0.018 	Average Acc: 0.997 
learning rate: [0.0010000000000000002]
================ Train on the train set ================
Epoch [166/170] |	Loss: 0.017 	Average Acc: 0.998 
learning rate: [0.0010000000000000002]
================ Train on the train set ================
Epoch [167/170] |	Loss: 0.019 	Average Acc: 0.997 
learning rate: [0.0010000000000000002]
================ Train on the train set ================
Epoch [168/170] |	Loss: 0.015 	Average Acc: 0.998 
learning rate: [0.0010000000000000002]
================ Train on the train set ================
Epoch [169/170] |	Loss: 0.016 	Average Acc: 0.997 
================ Test on the test set ================
 * Average Acc: 0.820 Best acc 0.830
 Per-Task Acc:[0.82]
================Task 1 Start!================
SGD (
Parameter Group 0
    dampening: 0
    differentiable: False
    foreach: None
    initial_lr: 0.1
    lr: 0.03333333333333333
    maximize: False
    momentum: 0.95
    nesterov: False
    weight_decay: 0.0002
)
================Task 1 Training!================
The training samples number: 10000
learning rate: [0.03333333333333333]
================ Train on the train set ================
Epoch [0/170] |	Loss: 2.999 	Average Acc: 0.227 
learning rate: [0.06666666666666667]
================ Train on the train set ================
Epoch [1/170] |	Loss: 1.257 	Average Acc: 0.596 
learning rate: [0.1]
================ Train on the train set ================
Epoch [2/170] |	Loss: 0.993 	Average Acc: 0.670 
learning rate: [0.1]
================ Train on the train set ================
Epoch [3/170] |	Loss: 0.969 	Average Acc: 0.690 
learning rate: [0.1]
================ Train on the train set ================
Epoch [4/170] |	Loss: 0.800 	Average Acc: 0.737 
================ Test on the test set ================
 * Average Acc: 0.390 Best acc 0.390
 Per-Task Acc:[0.11, 0.67]
learning rate: [0.1]
================ Train on the train set ================
Epoch [5/170] |	Loss: 0.700 	Average Acc: 0.769 
learning rate: [0.1]
================ Train on the train set ================
Epoch [6/170] |	Loss: 0.637 	Average Acc: 0.792 
learning rate: [0.1]
================ Train on the train set ================
Epoch [7/170] |	Loss: 0.615 	Average Acc: 0.799 
learning rate: [0.1]
================ Train on the train set ================
Epoch [8/170] |	Loss: 0.754 	Average Acc: 0.767 
learning rate: [0.1]
================ Train on the train set ================
Epoch [9/170] |	Loss: 0.665 	Average Acc: 0.781 
================ Test on the test set ================
 * Average Acc: 0.375 Best acc 0.390
 Per-Task Acc:[0.02, 0.73]
learning rate: [0.1]
================ Train on the train set ================
Epoch [10/170] |	Loss: 0.557 	Average Acc: 0.817 
learning rate: [0.1]
================ Train on the train set ================
Epoch [11/170] |	Loss: 0.496 	Average Acc: 0.834 
learning rate: [0.1]
================ Train on the train set ================
Epoch [12/170] |	Loss: 0.479 	Average Acc: 0.838 
learning rate: [0.1]
================ Train on the train set ================
Epoch [13/170] |	Loss: 0.478 	Average Acc: 0.842 
learning rate: [0.1]
================ Train on the train set ================
Epoch [14/170] |	Loss: 0.575 	Average Acc: 0.823 
================ Test on the test set ================
 * Average Acc: 0.430 Best acc 0.430
 Per-Task Acc:[0.13, 0.73]
learning rate: [0.1]
================ Train on the train set ================
Epoch [15/170] |	Loss: 0.507 	Average Acc: 0.830 
learning rate: [0.1]
================ Train on the train set ================
Epoch [16/170] |	Loss: 0.459 	Average Acc: 0.846 
learning rate: [0.1]
================ Train on the train set ================
Epoch [17/170] |	Loss: 0.437 	Average Acc: 0.855 
learning rate: [0.1]
================ Train on the train set ================
Epoch [18/170] |	Loss: 0.479 	Average Acc: 0.850 
learning rate: [0.1]
================ Train on the train set ================
Epoch [19/170] |	Loss: 0.481 	Average Acc: 0.841 
================ Test on the test set ================
 * Average Acc: 0.335 Best acc 0.430
 Per-Task Acc:[0.01, 0.66]
learning rate: [0.1]
================ Train on the train set ================
Epoch [20/170] |	Loss: 0.459 	Average Acc: 0.849 
learning rate: [0.1]
================ Train on the train set ================
Epoch [21/170] |	Loss: 0.394 	Average Acc: 0.867 
learning rate: [0.1]
================ Train on the train set ================
Epoch [22/170] |	Loss: 0.385 	Average Acc: 0.869 
learning rate: [0.1]
================ Train on the train set ================
Epoch [23/170] |	Loss: 0.383 	Average Acc: 0.868 
learning rate: [0.1]
================ Train on the train set ================
Epoch [24/170] |	Loss: 0.376 	Average Acc: 0.887 
================ Test on the test set ================
 * Average Acc: 0.505 Best acc 0.505
 Per-Task Acc:[0.28, 0.73]
learning rate: [0.1]
================ Train on the train set ================
Epoch [25/170] |	Loss: 0.404 	Average Acc: 0.868 
learning rate: [0.1]
================ Train on the train set ================
Epoch [26/170] |	Loss: 0.421 	Average Acc: 0.860 
learning rate: [0.1]
================ Train on the train set ================
Epoch [27/170] |	Loss: 0.347 	Average Acc: 0.888 
learning rate: [0.1]
================ Train on the train set ================
Epoch [28/170] |	Loss: 0.332 	Average Acc: 0.887 
learning rate: [0.1]
================ Train on the train set ================
Epoch [29/170] |	Loss: 0.330 	Average Acc: 0.892 
================ Test on the test set ================
 * Average Acc: 0.410 Best acc 0.505
 Per-Task Acc:[0.06, 0.76]
learning rate: [0.1]
================ Train on the train set ================
Epoch [30/170] |	Loss: 0.313 	Average Acc: 0.898 
learning rate: [0.1]
================ Train on the train set ================
Epoch [31/170] |	Loss: 0.333 	Average Acc: 0.886 
learning rate: [0.1]
================ Train on the train set ================
Epoch [32/170] |	Loss: 0.305 	Average Acc: 0.894 
learning rate: [0.1]
================ Train on the train set ================
Epoch [33/170] |	Loss: 0.346 	Average Acc: 0.884 
learning rate: [0.1]
================ Train on the train set ================
Epoch [34/170] |	Loss: 0.347 	Average Acc: 0.886 
================ Test on the test set ================
 * Average Acc: 0.375 Best acc 0.505
 Per-Task Acc:[0.0, 0.75]
learning rate: [0.1]
================ Train on the train set ================
Epoch [35/170] |	Loss: 0.501 	Average Acc: 0.847 
learning rate: [0.1]
================ Train on the train set ================
Epoch [36/170] |	Loss: 0.429 	Average Acc: 0.866 
learning rate: [0.1]
================ Train on the train set ================
Epoch [37/170] |	Loss: 0.385 	Average Acc: 0.879 
learning rate: [0.1]
================ Train on the train set ================
Epoch [38/170] |	Loss: 0.381 	Average Acc: 0.873 
learning rate: [0.1]
================ Train on the train set ================
Epoch [39/170] |	Loss: 0.304 	Average Acc: 0.898 
================ Test on the test set ================
 * Average Acc: 0.380 Best acc 0.505
 Per-Task Acc:[0.01, 0.75]
learning rate: [0.1]
================ Train on the train set ================
Epoch [40/170] |	Loss: 0.314 	Average Acc: 0.904 
learning rate: [0.1]
================ Train on the train set ================
Epoch [41/170] |	Loss: 0.360 	Average Acc: 0.887 
learning rate: [0.1]
================ Train on the train set ================
Epoch [42/170] |	Loss: 0.340 	Average Acc: 0.890 
learning rate: [0.1]
================ Train on the train set ================
Epoch [43/170] |	Loss: 0.289 	Average Acc: 0.905 
learning rate: [0.1]
================ Train on the train set ================
Epoch [44/170] |	Loss: 0.258 	Average Acc: 0.917 
================ Test on the test set ================
 * Average Acc: 0.400 Best acc 0.505
 Per-Task Acc:[0.05, 0.75]
learning rate: [0.1]
================ Train on the train set ================
Epoch [45/170] |	Loss: 0.281 	Average Acc: 0.907 
learning rate: [0.1]
================ Train on the train set ================
Epoch [46/170] |	Loss: 0.291 	Average Acc: 0.902 
learning rate: [0.1]
================ Train on the train set ================
Epoch [47/170] |	Loss: 0.252 	Average Acc: 0.917 
learning rate: [0.1]
================ Train on the train set ================
Epoch [48/170] |	Loss: 0.290 	Average Acc: 0.905 
learning rate: [0.1]
================ Train on the train set ================
Epoch [49/170] |	Loss: 0.270 	Average Acc: 0.909 
================ Test on the test set ================
 * Average Acc: 0.395 Best acc 0.505
 Per-Task Acc:[0.01, 0.78]
learning rate: [0.1]
================ Train on the train set ================
