{'data_root': '/data/bzx_yjy/cifar100', 'image_size': 32, 'pin_memory': False, 'augment': True, 'workers': 8, 'device_ids': 0, 'n_gpu': 1, 'seed': 1993, 'deterministic': True, 'epoch': 20, 'batch_size': 128, 'val_per_epoch': 3, 'optimzer': {'name': 'SGD', 'kwargs': {'lr': 0.1}}, 'lr_scheduler': {'name': 'StepLR', 'kwargs': {'gamma': 0.1, 'step_size': 10}}, 'warmup': 3, 'includes': ['headers/data.yaml', 'headers/device.yaml', 'headers/model.yaml', 'headers/optimizer.yaml', 'backbones/resnet12.yaml'], 'save_path': './', 'init_cls_num': 20, 'inc_cls_num': 20, 'task_num': 5, 'optimizer': {'name': 'SGD', 'kwargs': {'lr': 0.1}}, 'backbone': {'name': 'resnet34', 'kwargs': {'num_classes': 100, 'args': {'dataset': 'cifar100'}}}, 'buffer': {'name': 'LinearBuffer', 'kwargs': {'buffer_size': 500, 'batch_size': 32, 'strategy': 'random'}}, 'classifier': {'name': 'GEM', 'kwargs': {'num_class': 100, 'feat_dim': 512, 'n_memories': 500, 'n_task': 100, 'memory_strength': 0}}, 'rank': 0}
GEM(
  (net): ResNet(
    (conv1): Sequential(
      (0): Conv2d(3, 64, kernel_size=(3, 3), stride=(1, 1), padding=(1, 1), bias=False)
      (1): BatchNorm2d(64, eps=1e-05, momentum=0.1, affine=True, track_running_stats=True)
      (2): ReLU(inplace=True)
    )
    (layer1): Sequential(
      (0): BasicBlock(
        (conv1): Conv2d(64, 64, kernel_size=(3, 3), stride=(1, 1), padding=(1, 1), bias=False)
        (bn1): BatchNorm2d(64, eps=1e-05, momentum=0.1, affine=True, track_running_stats=True)
        (relu): ReLU(inplace=True)
        (conv2): Conv2d(64, 64, kernel_size=(3, 3), stride=(1, 1), padding=(1, 1), bias=False)
        (bn2): BatchNorm2d(64, eps=1e-05, momentum=0.1, affine=True, track_running_stats=True)
      )
      (1): BasicBlock(
        (conv1): Conv2d(64, 64, kernel_size=(3, 3), stride=(1, 1), padding=(1, 1), bias=False)
        (bn1): BatchNorm2d(64, eps=1e-05, momentum=0.1, affine=True, track_running_stats=True)
        (relu): ReLU(inplace=True)
        (conv2): Conv2d(64, 64, kernel_size=(3, 3), stride=(1, 1), padding=(1, 1), bias=False)
        (bn2): BatchNorm2d(64, eps=1e-05, momentum=0.1, affine=True, track_running_stats=True)
      )
      (2): BasicBlock(
        (conv1): Conv2d(64, 64, kernel_size=(3, 3), stride=(1, 1), padding=(1, 1), bias=False)
        (bn1): BatchNorm2d(64, eps=1e-05, momentum=0.1, affine=True, track_running_stats=True)
        (relu): ReLU(inplace=True)
        (conv2): Conv2d(64, 64, kernel_size=(3, 3), stride=(1, 1), padding=(1, 1), bias=False)
        (bn2): BatchNorm2d(64, eps=1e-05, momentum=0.1, affine=True, track_running_stats=True)
      )
    )
    (layer2): Sequential(
      (0): BasicBlock(
        (conv1): Conv2d(64, 128, kernel_size=(3, 3), stride=(2, 2), padding=(1, 1), bias=False)
        (bn1): BatchNorm2d(128, eps=1e-05, momentum=0.1, affine=True, track_running_stats=True)
        (relu): ReLU(inplace=True)
        (conv2): Conv2d(128, 128, kernel_size=(3, 3), stride=(1, 1), padding=(1, 1), bias=False)
        (bn2): BatchNorm2d(128, eps=1e-05, momentum=0.1, affine=True, track_running_stats=True)
        (downsample): Sequential(
          (0): Conv2d(64, 128, kernel_size=(1, 1), stride=(2, 2), bias=False)
          (1): BatchNorm2d(128, eps=1e-05, momentum=0.1, affine=True, track_running_stats=True)
        )
      )
      (1): BasicBlock(
        (conv1): Conv2d(128, 128, kernel_size=(3, 3), stride=(1, 1), padding=(1, 1), bias=False)
        (bn1): BatchNorm2d(128, eps=1e-05, momentum=0.1, affine=True, track_running_stats=True)
        (relu): ReLU(inplace=True)
        (conv2): Conv2d(128, 128, kernel_size=(3, 3), stride=(1, 1), padding=(1, 1), bias=False)
        (bn2): BatchNorm2d(128, eps=1e-05, momentum=0.1, affine=True, track_running_stats=True)
      )
      (2): BasicBlock(
        (conv1): Conv2d(128, 128, kernel_size=(3, 3), stride=(1, 1), padding=(1, 1), bias=False)
        (bn1): BatchNorm2d(128, eps=1e-05, momentum=0.1, affine=True, track_running_stats=True)
        (relu): ReLU(inplace=True)
        (conv2): Conv2d(128, 128, kernel_size=(3, 3), stride=(1, 1), padding=(1, 1), bias=False)
        (bn2): BatchNorm2d(128, eps=1e-05, momentum=0.1, affine=True, track_running_stats=True)
      )
      (3): BasicBlock(
        (conv1): Conv2d(128, 128, kernel_size=(3, 3), stride=(1, 1), padding=(1, 1), bias=False)
        (bn1): BatchNorm2d(128, eps=1e-05, momentum=0.1, affine=True, track_running_stats=True)
        (relu): ReLU(inplace=True)
        (conv2): Conv2d(128, 128, kernel_size=(3, 3), stride=(1, 1), padding=(1, 1), bias=False)
        (bn2): BatchNorm2d(128, eps=1e-05, momentum=0.1, affine=True, track_running_stats=True)
      )
    )
    (layer3): Sequential(
      (0): BasicBlock(
        (conv1): Conv2d(128, 256, kernel_size=(3, 3), stride=(2, 2), padding=(1, 1), bias=False)
        (bn1): BatchNorm2d(256, eps=1e-05, momentum=0.1, affine=True, track_running_stats=True)
        (relu): ReLU(inplace=True)
        (conv2): Conv2d(256, 256, kernel_size=(3, 3), stride=(1, 1), padding=(1, 1), bias=False)
        (bn2): BatchNorm2d(256, eps=1e-05, momentum=0.1, affine=True, track_running_stats=True)
        (downsample): Sequential(
          (0): Conv2d(128, 256, kernel_size=(1, 1), stride=(2, 2), bias=False)
          (1): BatchNorm2d(256, eps=1e-05, momentum=0.1, affine=True, track_running_stats=True)
        )
      )
      (1): BasicBlock(
        (conv1): Conv2d(256, 256, kernel_size=(3, 3), stride=(1, 1), padding=(1, 1), bias=False)
        (bn1): BatchNorm2d(256, eps=1e-05, momentum=0.1, affine=True, track_running_stats=True)
        (relu): ReLU(inplace=True)
        (conv2): Conv2d(256, 256, kernel_size=(3, 3), stride=(1, 1), padding=(1, 1), bias=False)
        (bn2): BatchNorm2d(256, eps=1e-05, momentum=0.1, affine=True, track_running_stats=True)
      )
      (2): BasicBlock(
        (conv1): Conv2d(256, 256, kernel_size=(3, 3), stride=(1, 1), padding=(1, 1), bias=False)
        (bn1): BatchNorm2d(256, eps=1e-05, momentum=0.1, affine=True, track_running_stats=True)
        (relu): ReLU(inplace=True)
        (conv2): Conv2d(256, 256, kernel_size=(3, 3), stride=(1, 1), padding=(1, 1), bias=False)
        (bn2): BatchNorm2d(256, eps=1e-05, momentum=0.1, affine=True, track_running_stats=True)
      )
      (3): BasicBlock(
        (conv1): Conv2d(256, 256, kernel_size=(3, 3), stride=(1, 1), padding=(1, 1), bias=False)
        (bn1): BatchNorm2d(256, eps=1e-05, momentum=0.1, affine=True, track_running_stats=True)
        (relu): ReLU(inplace=True)
        (conv2): Conv2d(256, 256, kernel_size=(3, 3), stride=(1, 1), padding=(1, 1), bias=False)
        (bn2): BatchNorm2d(256, eps=1e-05, momentum=0.1, affine=True, track_running_stats=True)
      )
      (4): BasicBlock(
        (conv1): Conv2d(256, 256, kernel_size=(3, 3), stride=(1, 1), padding=(1, 1), bias=False)
        (bn1): BatchNorm2d(256, eps=1e-05, momentum=0.1, affine=True, track_running_stats=True)
        (relu): ReLU(inplace=True)
        (conv2): Conv2d(256, 256, kernel_size=(3, 3), stride=(1, 1), padding=(1, 1), bias=False)
        (bn2): BatchNorm2d(256, eps=1e-05, momentum=0.1, affine=True, track_running_stats=True)
      )
      (5): BasicBlock(
        (conv1): Conv2d(256, 256, kernel_size=(3, 3), stride=(1, 1), padding=(1, 1), bias=False)
        (bn1): BatchNorm2d(256, eps=1e-05, momentum=0.1, affine=True, track_running_stats=True)
        (relu): ReLU(inplace=True)
        (conv2): Conv2d(256, 256, kernel_size=(3, 3), stride=(1, 1), padding=(1, 1), bias=False)
        (bn2): BatchNorm2d(256, eps=1e-05, momentum=0.1, affine=True, track_running_stats=True)
      )
    )
    (layer4): Sequential(
      (0): BasicBlock(
        (conv1): Conv2d(256, 512, kernel_size=(3, 3), stride=(2, 2), padding=(1, 1), bias=False)
        (bn1): BatchNorm2d(512, eps=1e-05, momentum=0.1, affine=True, track_running_stats=True)
        (relu): ReLU(inplace=True)
        (conv2): Conv2d(512, 512, kernel_size=(3, 3), stride=(1, 1), padding=(1, 1), bias=False)
        (bn2): BatchNorm2d(512, eps=1e-05, momentum=0.1, affine=True, track_running_stats=True)
        (downsample): Sequential(
          (0): Conv2d(256, 512, kernel_size=(1, 1), stride=(2, 2), bias=False)
          (1): BatchNorm2d(512, eps=1e-05, momentum=0.1, affine=True, track_running_stats=True)
        )
      )
      (1): BasicBlock(
        (conv1): Conv2d(512, 512, kernel_size=(3, 3), stride=(1, 1), padding=(1, 1), bias=False)
        (bn1): BatchNorm2d(512, eps=1e-05, momentum=0.1, affine=True, track_running_stats=True)
        (relu): ReLU(inplace=True)
        (conv2): Conv2d(512, 512, kernel_size=(3, 3), stride=(1, 1), padding=(1, 1), bias=False)
        (bn2): BatchNorm2d(512, eps=1e-05, momentum=0.1, affine=True, track_running_stats=True)
      )
      (2): BasicBlock(
        (conv1): Conv2d(512, 512, kernel_size=(3, 3), stride=(1, 1), padding=(1, 1), bias=False)
        (bn1): BatchNorm2d(512, eps=1e-05, momentum=0.1, affine=True, track_running_stats=True)
        (relu): ReLU(inplace=True)
        (conv2): Conv2d(512, 512, kernel_size=(3, 3), stride=(1, 1), padding=(1, 1), bias=False)
        (bn2): BatchNorm2d(512, eps=1e-05, momentum=0.1, affine=True, track_running_stats=True)
      )
    )
    (avgpool): AdaptiveAvgPool2d(output_size=(1, 1))
  )
  (classifier): Linear(in_features=512, out_features=100, bias=True)
  (ce): CrossEntropyLoss()
)
Trainable params in the model: 21328292
SGD (
Parameter Group 0
    dampening: 0
    differentiable: False
    foreach: None
    initial_lr: 0.1
    lr: 0.03333333333333333
    maximize: False
    momentum: 0
    nesterov: False
    weight_decay: 0
)
================Task 0 Start!================
SGD (
Parameter Group 0
    dampening: 0
    differentiable: False
    foreach: None
    initial_lr: 0.1
    lr: 0.03333333333333333
    maximize: False
    momentum: 0
    nesterov: False
    weight_decay: 0
)
================Task 0 Training!================
The training samples number: 10000
learning rate: [0.03333333333333333]
================ Train on the train set ================
Epoch [0/20] |	Loss: 2.671 	Average Acc: 0.203 
learning rate: [0.06666666666666667]
================ Train on the train set ================
Epoch [1/20] |	Loss: 2.387 	Average Acc: 0.296 
learning rate: [0.1]
================ Train on the train set ================
Epoch [2/20] |	Loss: 2.059 	Average Acc: 0.365 
================ Test on the test set ================
tensor([ 3, 15,  1, 17, 16,  2, 18,  8,  4,  3,  1,  4,  7, 16, 15,  7,  8, 16,
        19, 13,  3, 16, 19,  3,  4, 10, 18, 12,  3,  1,  8,  2],
       device='cuda:0')
tensor([ 5, 16,  1,  1,  2, 19,  5, 18,  4, 16,  1,  4,  7, 13, 15,  8,  6,  5,
         3, 13, 14, 15, 16,  2,  4, 10, 12, 12,  7,  1,  8,  2],
       device='cuda:0')
tensor([ 6, 19, 16,  6, 13,  0, 11,  3,  6,  3,  1, 10,  0,  8, 12, 18,  6,  0,
         7, 14, 13, 19, 18, 19,  4,  8,  4, 15,  1,  4, 14,  4],
       device='cuda:0')
tensor([ 3, 17, 11, 11, 13,  0, 11, 10,  6, 15,  1, 10,  0,  3, 12,  5, 18, 16,
         7,  2, 13, 19, 18, 19,  6,  8, 10, 19, 16,  9,  1,  4],
       device='cuda:0')
tensor([11, 10, 17,  2, 15,  9, 18, 11, 14, 11,  7, 16, 10,  3, 14, 12, 11, 18,
        14, 14,  2,  4, 14, 13,  9,  6,  1,  7,  3, 14, 14, 18],
       device='cuda:0')
tensor([11,  5,  7,  2, 15,  4, 18, 11,  7, 11,  7,  6, 10,  2, 17, 12, 11,  7,
        12, 16,  7,  4, 19, 13,  9,  6,  1,  7, 15,  2, 10, 18],
       device='cuda:0')
tensor([13, 11,  1, 15, 17,  3,  3, 18,  2,  6, 14,  1, 13, 13,  4, 15, 10,  8,
         2,  8, 14, 14, 14,  8, 11,  3, 11,  9, 18,  4,  1,  3],
       device='cuda:0')
tensor([16,  3,  2, 15, 19,  3,  3, 18,  5,  6,  9,  1, 11, 13,  4, 18, 10, 13,
        18,  8, 14,  4,  6,  8,  6,  4,  6, 14, 17,  0,  1, 11],
       device='cuda:0')
tensor([15, 13,  0, 18,  9, 11, 16, 10, 13, 11, 18,  3, 11, 14,  9, 15, 14,  8,
         7,  4,  1, 13,  4, 15,  7, 11, 18,  8, 11, 11,  6,  2],
       device='cuda:0')
tensor([15,  9,  6,  7,  9, 12,  5, 10, 13, 11, 18,  2, 11, 11,  4, 15,  8,  7,
        10,  4,  1, 16,  4,  5,  7, 11, 18, 14, 11,  6,  6, 13],
       device='cuda:0')
tensor([ 8, 18,  1, 13, 14,  1, 16,  0, 14,  1, 15, 15, 17,  4,  6, 11, 14, 11,
         9, 11,  4,  3,  1,  8,  3,  9,  6,  6,  7,  4, 17, 11],
       device='cuda:0')
tensor([ 8, 17,  1,  2, 14, 10, 13,  0, 19,  2,  9, 15, 19, 14,  6, 11, 14, 11,
         9, 11,  4, 11,  1,  8,  3,  9,  1,  6,  1,  4, 13, 16],
       device='cuda:0')
tensor([15, 18, 18, 14, 12,  9,  5,  8, 18,  3,  2,  3,  4, 15, 11,  1, 14,  0,
        19, 15,  7,  0, 13,  7, 12, 14, 15, 16,  7,  7,  7,  1],
       device='cuda:0')
tensor([ 5,  7,  5,  1, 17,  9,  5,  7,  7,  2,  8,  3,  4, 15,  6, 10,  8,  0,
        17, 14, 19,  0, 13,  8, 12,  8, 12, 16, 16, 19, 14,  1],
       device='cuda:0')
tensor([ 1, 15, 18, 16, 16,  7, 11,  4,  0,  4, 19, 18, 14, 13, 16, 12,  3, 10,
        16, 16,  3, 15,  2, 18, 16, 13,  7, 15, 13,  3, 13,  4],
       device='cuda:0')
tensor([ 1, 15, 18,  2, 18,  7,  6,  0,  0,  4, 19, 10, 14, 13, 16, 12,  3,  5,
        16,  2, 13, 19,  2, 19, 16, 10, 17,  7, 13,  7, 10,  0],
       device='cuda:0')
tensor([ 3,  7, 15, 14, 12,  8,  4,  3, 15,  1,  8, 16, 18, 11, 14, 18,  4,  8,
         8,  3,  3, 17,  9,  9,  8,  3, 15, 11, 11, 15,  7, 14],
       device='cuda:0')
tensor([12, 16,  8, 13, 12, 12,  7, 15, 15, 11, 16,  2,  3, 11, 17, 18, 10, 18,
        14,  3, 12, 19,  9, 10,  8, 17, 15,  8,  6, 15, 18,  8],
       device='cuda:0')
tensor([ 4, 15,  0, 15,  9, 16,  3,  7, 13, 18, 12, 11,  8,  9,  0,  7, 16,  3,
         4, 14, 14,  9, 10,  4, 13,  2,  9,  4, 17, 10,  0,  1],
       device='cuda:0')
tensor([ 9, 15,  0, 10,  9, 11,  3,  7, 13, 19, 12,  8,  8,  9,  0,  5,  5, 19,
         4, 17,  8,  9, 10,  9, 13,  3, 17,  9, 19, 10,  0, 11],
       device='cuda:0')
tensor([13,  0,  3, 18, 12,  3,  8, 13,  9,  4,  3, 11, 18,  7,  8,  9,  1,  2,
         7,  4,  6,  7,  1,  3, 11,  3,  4, 17, 11, 10, 17,  0],
       device='cuda:0')
tensor([13,  0,  3, 18, 12,  3,  0, 13, 15, 10,  3, 11, 12, 14,  8, 15, 14,  2,
        17,  4,  6, 18,  1,  3,  9,  3,  4, 17,  6, 16, 17,  4],
       device='cuda:0')
tensor([ 3,  9, 18, 15,  7, 15,  8,  8,  1, 13,  6, 12, 14, 11, 15, 16, 10, 12,
         4,  3,  4, 14, 16, 18,  4, 11,  4,  0,  0,  4,  5, 16],
       device='cuda:0')
tensor([ 2,  9, 18, 15, 18, 15,  7, 19,  1, 16,  6, 14, 16, 11, 12,  5, 16, 14,
         4, 17,  4, 17,  8, 18,  4, 12,  4,  0,  0,  4,  5, 14],
       device='cuda:0')
tensor([ 8,  9,  6, 15, 16, 15,  8, 13, 11,  4, 10, 14,  9, 13, 14,  1,  6,  7,
        10, 14,  7, 18,  9, 18, 14, 13,  0, 15, 10, 15, 10, 10],
       device='cuda:0')
tensor([ 8,  3, 16, 15, 16, 17,  8, 13, 11,  4, 15,  7,  9, 13, 12,  3, 14,  7,
         6, 16,  7,  7,  4, 19, 10, 13,  0, 15, 15,  7, 10, 10],
       device='cuda:0')
tensor([ 6, 18,  9, 18,  8, 18,  7, 14,  7, 13,  1, 14,  7,  3, 15, 15, 14, 11,
         9, 18, 15, 13,  1, 15,  7,  8,  7,  9, 15,  8,  4, 15],
       device='cuda:0')
tensor([ 6, 18,  9,  2, 14, 12,  5,  7,  8, 13,  1,  8,  7,  2, 15, 17, 15,  3,
         8, 17, 17, 13,  1, 14,  7, 14, 19,  0,  4,  1,  4,  7],
       device='cuda:0')
tensor([15, 10, 10,  7, 12,  1,  1, 13, 13,  3,  1,  8, 18, 13, 14, 13,  3,  9,
         3,  7,  1, 18,  3, 11, 10, 18, 13, 12, 15, 15,  1,  7],
       device='cuda:0')
tensor([14, 16, 10, 17, 16,  1,  6,  6,  5, 17,  3,  6, 16, 13, 14,  1, 14, 11,
        17,  5,  1, 17, 10,  5, 10, 14, 13, 12, 10,  8,  1,  8],
       device='cuda:0')
tensor([16, 14, 11, 16, 17, 11,  1, 10, 17,  1, 13,  2, 15, 15,  4,  9, 13,  3,
         1, 10, 15, 15,  8,  4,  7, 16, 13,  3,  6, 15, 19, 15],
       device='cuda:0')
tensor([16,  8, 12,  5, 12,  1,  8,  7,  7,  1, 13,  2,  7,  5,  4,  4, 13,  7,
         1, 17, 15,  6,  1,  4,  2,  5, 13,  3,  0, 18, 19, 10],
       device='cuda:0')
tensor([15, 18, 14, 13,  7, 14, 18, 16,  3, 13, 19,  7, 15,  6, 14, 11,  2, 19,
        18, 10, 10,  0, 18, 18, 14, 13, 10,  2, 14,  8, 18,  6],
       device='cuda:0')
tensor([15,  5, 14, 13,  7, 15,  7, 12, 14, 18,  5,  5, 15, 11,  6,  6,  2, 14,
        18,  5, 10,  0, 18, 18, 14, 13,  2, 13, 17,  2, 18, 19],
       device='cuda:0')
tensor([ 4,  8, 18, 11, 15, 15, 15, 10,  7,  9,  9,  3,  3,  9,  1, 18,  8, 15,
         9,  7,  2, 14,  3, 13,  8,  9,  1,  1, 18,  0,  2, 15],
       device='cuda:0')
tensor([ 4,  8, 18, 11, 15, 15, 15,  2,  5,  9,  9, 16,  3,  9,  1,  7, 11, 15,
         9, 19,  2,  8,  6, 18,  2,  9,  1, 16, 16,  0, 17, 19],
       device='cuda:0')
tensor([ 9, 13,  4,  9, 10, 12,  9,  1, 14, 14,  3, 13,  3, 18,  7, 15, 14, 15,
         0,  8,  4,  2,  1, 11, 18,  1,  3, 15, 11, 11, 10,  3],
       device='cuda:0')
tensor([ 9,  5,  4,  9, 10, 12,  9,  1, 12,  8,  2, 16,  8,  5,  8, 15,  6, 13,
         0,  8,  4, 18, 16, 11, 18,  1,  3, 16, 11, 14, 10,  3],
       device='cuda:0')
tensor([11,  1, 10, 13, 14, 14, 13, 11,  2,  4, 18, 15, 18, 10,  7, 13,  7,  1,
         9, 14,  8,  0,  8,  7,  9, 13, 13, 15,  8, 11, 13,  3],
       device='cuda:0')
tensor([11,  1, 10, 13, 12, 16, 18, 11,  2,  6, 17, 15, 18,  2,  8, 13,  7, 10,
         9, 14,  8,  0,  4,  7,  9, 10, 16, 10,  2, 11, 13,  5],
       device='cuda:0')
tensor([ 6,  7, 13,  8, 11, 17, 13, 15, 11,  1, 17,  4,  0,  8, 14, 18,  7,  2,
        13, 16,  3,  8, 13, 14,  3,  4,  8, 14,  2, 15, 11,  9],
       device='cuda:0')
tensor([15,  5, 13, 17,  6, 17, 10, 13, 18,  7, 17,  4,  0,  8,  8, 15, 16,  2,
        13, 15,  6,  6, 13, 12, 13,  4, 15, 13,  8, 14,  6,  9],
       device='cuda:0')
tensor([ 3, 11, 10, 11,  7, 15, 11,  5, 14, 12, 13, 14, 14, 17,  8,  7,  9, 13,
        19, 14,  9,  6,  3, 14, 10,  9, 18,  3, 18, 13, 13,  6],
       device='cuda:0')
tensor([ 3,  3,  9,  5,  7, 15,  5,  8, 16, 15, 13,  6,  5, 17,  8, 14,  9, 16,
        17, 17, 19,  6,  3, 14, 15,  9, 19,  3, 18, 16, 13,  6],
       device='cuda:0')
tensor([14,  8,  2,  8, 11,  4,  3, 10,  7,  4,  4, 13,  0,  4,  1, 13, 17, 11,
        13,  9, 13,  1,  9, 18, 17,  1, 15, 15,  8,  8, 11,  3],
       device='cuda:0')
tensor([18, 19, 18, 10,  3, 14, 10, 16,  7,  4,  4,  7,  0,  4,  7, 13, 19, 16,
        16,  6, 13,  1,  9, 17, 19,  1,  9, 19,  5, 17, 11, 19],
       device='cuda:0')
tensor([ 3, 16, 13,  8, 15,  7,  0, 15, 15, 14, 14,  1, 16,  7, 15,  3,  6,  7,
         0, 11,  8,  6, 12,  7, 17,  0,  9,  7, 18, 11,  3, 14],
       device='cuda:0')
tensor([ 3, 12, 13, 19, 17,  0,  0, 16, 15, 14, 12,  1, 16,  7, 15, 19,  6,  1,
         0, 16, 12,  6, 18, 17,  7,  0, 11,  5, 18, 11,  3,  8],
       device='cuda:0')
tensor([11,  1, 15,  7, 11,  9, 10,  3,  9, 18,  1, 16, 15, 11,  3, 17, 16, 15,
         3, 14, 15, 15,  7,  8,  7, 15, 13, 11,  3,  0,  0, 18],
       device='cuda:0')
tensor([11,  1, 15, 17,  5, 15, 15,  2,  0, 19,  1, 16, 13, 11, 19, 12, 11, 13,
        16, 12,  5,  7,  3,  2,  7, 16, 18,  3, 16,  0,  0, 18],
       device='cuda:0')
tensor([ 3, 14,  1,  4, 16, 10,  3, 10, 13,  3, 11, 12,  9, 11,  0, 14,  8,  8,
        10,  4, 13,  1, 13,  3,  3,  7, 13,  4,  9, 11, 13,  6],
       device='cuda:0')
tensor([17, 17,  1,  4, 16,  8,  3,  4, 13, 19,  2, 12,  9, 11,  0, 14, 12,  9,
         4,  4,  6,  1, 10,  2, 16,  7, 13,  4,  9, 11, 13,  6],
       device='cuda:0')
tensor([13, 11,  3, 18,  9,  0,  6,  0,  1,  1, 19,  1, 11,  9, 10,  3, 10, 17,
         3, 16, 10, 14,  1, 12,  4,  9, 14,  4,  8,  7,  8, 11],
       device='cuda:0')
tensor([13, 17, 17,  1,  9,  0,  3,  0,  1,  1, 19,  8, 11,  9,  5,  0, 14, 10,
         2,  8, 10, 14, 19, 17,  4,  9, 19,  4,  8,  7, 19, 11],
       device='cuda:0')
tensor([18, 15,  4, 11, 10,  8,  2,  1,  0,  1, 16, 19, 11, 10,  2,  6, 15, 18,
         0,  8,  9,  1, 13, 15,  1, 12, 15,  3, 11, 19,  4, 19],
       device='cuda:0')
tensor([18, 15,  4,  3, 15, 19, 12,  1,  0,  1, 12, 19, 11,  2, 19,  6, 15, 19,
         0,  8,  9,  1, 16, 13,  1, 14,  9,  3, 16, 19,  4, 19],
       device='cuda:0')
tensor([10,  0, 13, 10,  8, 15,  6, 14, 16,  8,  2,  1, 15,  6,  9, 10,  8, 14,
         7,  0, 18,  4,  3, 15, 15, 17, 15, 16, 11,  8,  9, 15],
       device='cuda:0')
tensor([10,  0, 13, 10,  8, 15,  6,  8,  5,  8,  2,  1, 12,  6,  6, 10,  9, 12,
        14,  0,  5,  4, 19, 15,  5, 15,  5,  5,  7,  8, 11, 15],
       device='cuda:0')
tensor([10, 15, 15,  0, 13,  8,  2,  2,  6, 18,  7,  9, 11,  9,  8,  4,  0, 15,
         3,  2,  8,  4, 15, 10, 17,  4, 15,  4,  7, 11,  9,  1],
       device='cuda:0')
tensor([13, 10,  5,  0,  6,  8, 14, 16, 11, 18,  7,  9, 16,  9, 19,  4,  0, 14,
         6,  2,  8,  7,  5,  9, 12,  4, 14,  4,  9, 11,  7,  2],
       device='cuda:0')
tensor([13,  1,  0,  7, 14,  1,  0, 15, 11,  9, 18, 13,  1, 16,  7,  0, 18,  7,
         3, 18,  2, 15, 13,  3,  3, 16,  7,  3,  1, 16,  7, 14],
       device='cuda:0')
tensor([ 7, 14,  0, 19,  2,  1,  0, 15,  6, 17, 17, 13,  1, 16,  7,  8, 17, 16,
         2, 18, 14, 15, 13, 14, 14, 11, 19,  6, 14, 16,  8, 12],
       device='cuda:0')
tensor([11,  1,  0,  9, 11, 10, 13,  7,  0, 18, 12,  3, 12,  9,  9, 13, 18, 14,
        15, 14, 13, 10,  7,  3, 14,  1, 13,  4, 15, 11,  7,  4],
       device='cuda:0')
tensor([11,  3,  0,  9, 11,  0, 10, 17,  0, 18, 12,  9,  7,  9,  9, 17, 17, 14,
        10,  7, 16,  5,  7,  3, 14,  3, 13,  4, 15,  3,  7, 14],
       device='cuda:0')
tensor([ 4,  7, 16, 14,  9, 14,  7,  6,  7,  3, 12,  0, 15,  0, 18, 15, 18,  9,
         7, 18, 14, 15,  4, 13, 19,  0, 12,  8, 18, 13, 15,  7],
       device='cuda:0')
tensor([ 4,  7,  7, 14,  9, 11, 19,  9,  5,  5, 10,  0, 15,  0, 18, 15, 18,  9,
        14, 18, 14, 14,  4,  2, 19,  0, 12,  8,  5, 15, 12, 17],
       device='cuda:0')
tensor([ 3, 17,  1,  8, 11,  1, 19, 14, 11, 11,  9,  4,  4, 13, 18,  9, 13, 10,
         8,  6,  1,  1,  0,  0,  2,  3, 16,  8,  1,  6,  3,  9],
       device='cuda:0')
tensor([ 2,  9, 10, 16,  6,  3, 19, 19, 11,  6, 10,  4,  4, 13, 18,  9,  2, 15,
         7,  6,  5,  1,  0,  0, 12, 19, 16,  8,  1,  6, 19,  9],
       device='cuda:0')
tensor([ 3, 15, 14, 10, 10,  8,  9,  9, 11, 16,  7,  8, 16, 17, 13, 14, 14,  3,
        15,  4,  7,  8, 12, 17, 13,  7,  8, 14,  1, 11,  3, 13],
       device='cuda:0')
tensor([ 3, 12, 16,  7, 12, 17,  3,  6, 18,  3, 19, 19,  8, 11, 16,  2,  0, 16,
         2,  4,  7, 19, 12, 17, 16, 12, 11, 12,  1, 13,  7, 13],
       device='cuda:0')
tensor([ 8,  7,  4, 19, 11, 15,  7,  7, 18, 13,  1, 14, 15,  6,  0, 18, 14, 16,
        11,  3,  9,  0,  3, 10,  1,  7,  3,  8, 11, 14,  0, 11],
       device='cuda:0')
tensor([ 5,  7,  9, 19,  2, 13, 14, 17, 19, 16,  9,  5, 14,  6,  0, 16,  2, 16,
        16,  2, 17,  0,  3, 10,  3, 17, 12, 14,  6, 14,  0,  6],
       device='cuda:0')
tensor([ 0, 19, 13, 14,  8,  4,  7,  0, 18,  9,  3, 17,  9, 11, 15,  0,  3, 14,
        13, 15, 10, 15,  1,  1, 15,  2, 18, 14,  6,  3, 10, 11],
       device='cuda:0')
tensor([ 0, 19, 13, 17, 12,  4, 19,  0, 18,  9,  8,  1,  9, 11, 10,  0, 10,  6,
        13, 13,  5, 15, 10, 18,  2,  2, 18,  7,  6, 15, 12,  8],
       device='cuda:0')
tensor([11, 18,  3,  4,  8,  8,  1,  4,  4,  8,  7, 12, 13, 14,  3, 10, 14,  0,
         8,  8,  2,  8, 13,  0,  3,  7, 15,  4,  0, 15, 14,  4],
       device='cuda:0')
tensor([19, 18,  3,  4,  2,  3,  1,  4,  4, 12, 17, 18, 13, 14,  3, 10, 12,  0,
         1, 12,  8,  8, 13,  0, 17, 15, 12,  4,  0, 15, 19,  4],
       device='cuda:0')
tensor([ 7, 14,  7,  3, 11, 10,  3,  6, 15, 15,  3,  0, 14,  9,  3,  4, 17, 18,
         3, 14,  9, 14,  1,  1, 18,  3,  4, 11,  1, 13,  9,  8],
       device='cuda:0')
tensor([ 7, 14,  7,  2, 11,  4, 14,  6, 15, 15, 19,  0,  0, 17,  5,  4, 17, 18,
         3, 14,  9,  7,  1,  3, 18, 16,  4, 11,  1,  5,  9,  8],
       device='cuda:0')
tensor([11, 18,  2, 13, 15,  7, 10, 14, 11, 12, 10, 14,  7,  0,  4,  6, 10, 11,
        18, 10,  3,  3,  6, 10, 15,  1, 13,  9, 15, 14,  0, 12],
       device='cuda:0')
tensor([18, 18, 19, 13, 16,  7,  1, 10, 11, 12,  7, 12, 12,  0, 12,  6,  5, 11,
         2, 12, 19,  4,  6, 13, 15,  5, 13,  1,  6, 14,  0,  3],
       device='cuda:0')
tensor([ 3, 11, 14,  9,  3, 18,  7,  9, 14, 18,  0,  3, 15,  1,  2,  2, 15, 13,
         3,  9,  3, 15, 12,  8, 17,  7,  7, 17,  3, 12, 10,  2],
       device='cuda:0')
tensor([ 5, 14, 14,  4,  3, 18, 17, 10,  1, 18,  0,  7,  2,  1,  2,  2, 17, 13,
         6,  9,  3,  9, 14,  8, 16,  9, 14, 19, 14, 19,  5,  2],
       device='cuda:0')
tensor([15, 13, 15, 16, 13,  1,  2,  4,  3,  6, 11, 16,  7, 10,  2, 18,  7, 14,
        19, 17,  9, 17, 18,  0,  9,  0, 15,  4,  1,  8,  1,  1],
       device='cuda:0')
tensor([18, 10, 10,  5,  8,  1,  2,  4,  3,  6, 11,  5,  6,  5, 19, 18,  7, 14,
         8, 17, 11, 17, 18,  0,  1,  0, 15,  4,  1, 14,  1,  1],
       device='cuda:0')
tensor([ 3,  6, 12, 16,  3,  9, 13, 18,  1,  8,  3, 15,  8,  8,  6,  3, 18, 15,
         1, 16, 11, 10,  9, 13,  1,  9, 15, 15,  3, 11,  4, 13],
       device='cuda:0')
tensor([ 8,  6, 12,  6,  3, 14,  2, 18, 10, 18, 12, 10,  0,  8,  5,  8,  7, 15,
         1, 16, 11, 10,  6, 13,  1,  9, 15,  8,  3, 11,  1, 13],
       device='cuda:0')
tensor([ 3,  6, 16,  9,  0, 13,  4, 11,  1, 10,  9, 10, 17, 14,  2, 10, 10,  0,
         1, 15, 17, 13, 11, 18, 10,  3,  7, 11,  9, 10, 18, 11],
       device='cuda:0')
tensor([ 5, 11,  2,  9,  0,  2,  4, 14,  1, 10,  9,  5, 17, 10,  2,  2, 10,  0,
         1, 15, 18, 13,  3,  5, 10,  3,  3, 14,  5,  2, 18, 19],
       device='cuda:0')
tensor([ 8,  3, 14, 11, 11, 14,  6,  2, 18,  1,  1, 12,  3,  1,  9, 15, 12, 14,
        18, 14, 14, 15,  3,  7,  7, 10, 10,  7,  8,  8,  3,  3],
       device='cuda:0')
tensor([17,  0, 16, 11,  6, 12,  6, 19, 18,  3,  1, 19,  3,  6, 10, 15, 12, 12,
        18, 14, 14, 15,  2,  5,  7, 18,  2,  7, 18,  8,  3,  2],
       device='cuda:0')
tensor([15, 10,  7, 14,  9,  7,  9,  3,  0, 14,  6,  3, 11,  7, 13, 18,  6,  9,
         9,  2, 14, 10, 11,  9, 13, 13, 14,  4,  1,  6, 16,  9],
       device='cuda:0')
tensor([ 4,  6,  7, 14, 15, 19,  9,  3,  0,  8, 14,  6, 19, 18, 13,  2,  6,  4,
        19, 19, 19, 10,  6,  9, 13, 13, 14,  4,  1,  3, 16,  1],
       device='cuda:0')
tensor([10, 14,  3,  3, 11, 10, 15, 15, 15, 11,  8, 11, 12,  3,  1, 14, 10, 14,
        18, 11,  9, 15, 11,  8, 11, 18,  3, 11,  7,  1,  7, 16],
       device='cuda:0')
tensor([10, 17, 11,  3, 11,  7,  1, 15,  6, 11,  2,  6, 18,  2,  1, 12, 14,  8,
        17, 11,  9, 12, 16,  8, 18, 18,  3, 11,  8,  1, 17, 16],
       device='cuda:0')
tensor([16, 18,  3,  9,  3,  8,  8, 15,  1,  7,  7,  8,  8,  9, 11,  8,  4, 18,
        14,  8, 11,  6, 14,  3,  8, 12, 15,  1,  9, 16,  1, 13],
       device='cuda:0')
tensor([ 2, 18,  3,  9,  3, 12, 12, 15,  1,  7, 17,  8, 17,  9, 11, 17,  4,  4,
         6,  5,  2, 11,  8,  5,  5, 12, 18,  1, 14,  2,  1, 13],
       device='cuda:0')
tensor([11,  9,  9,  3,  1, 15,  8, 18,  4, 15, 17, 15, 15, 13,  3, 16,  8, 10,
        18, 13, 10, 17,  8,  7,  3, 14,  3,  7, 13,  9,  3,  2],
       device='cuda:0')
tensor([ 6,  9,  0,  3, 14, 15, 16, 19,  4, 19, 19, 15, 18, 16, 19, 16,  5, 10,
        18, 13,  8,  5, 16, 17, 17, 12,  7,  7, 13, 15,  2,  7],
       device='cuda:0')
tensor([ 1,  3, 10,  1,  3,  2, 10,  3,  0, 12,  4,  8, 18,  7,  8,  0,  8, 16,
        16, 18, 18,  8,  9,  1, 16,  1,  2, 16,  1,  4,  3, 15],
       device='cuda:0')
tensor([ 8,  3, 10,  1,  8,  5, 15,  3,  0,  3,  4,  8, 17,  8, 14,  0, 14,  7,
        16,  2, 18,  8, 12,  1, 16, 10, 17,  3, 10, 14,  3,  7],
       device='cuda:0')
tensor([13,  4,  3, 15,  3, 11, 18,  4, 11,  8, 14,  7, 19, 18,  4,  9, 10, 11,
        17,  4, 14, 11,  8, 12,  3, 15,  7,  4,  4, 12,  8, 11],
       device='cuda:0')
tensor([16,  9,  8,  3,  2,  3, 18, 14, 11, 16, 12,  8, 18,  2,  4,  9, 10, 11,
        17,  0,  8, 11,  1, 12,  7, 15,  7,  4,  9, 12, 17,  5],
       device='cuda:0')
tensor([16, 11,  8,  3, 14,  1, 13, 11,  8,  3, 12,  0, 11, 14,  7, 18,  7, 10,
         3,  3, 18, 16, 16,  7, 12,  2, 11, 13,  8, 16,  9, 11],
       device='cuda:0')
tensor([11, 11,  8, 15, 12,  1,  3, 11, 11, 19, 12,  0, 11, 14,  4,  7,  7,  0,
         3, 19, 18,  5,  4,  5, 12, 10,  1, 13,  2, 16,  9, 12],
       device='cuda:0')
tensor([ 9,  3, 15, 13, 13, 14,  2,  8, 15, 13,  7,  9,  9, 11,  6,  9, 12, 16,
         8, 14, 14, 15,  3, 13, 10, 18, 14,  9,  3,  3,  9,  7],
       device='cuda:0')
tensor([ 9,  3, 15, 13, 17, 14,  8, 18, 10, 13, 17,  9,  0, 11,  6, 10, 12, 16,
         7, 12,  0, 18,  2,  0, 14, 14, 16,  9,  3,  3,  9,  8],
       device='cuda:0')
tensor([ 3,  3,  9,  9,  4, 11,  3,  3,  1, 14,  4, 15, 10, 15,  4, 19,  1,  9,
         3, 13, 11,  4, 14, 13, 16,  9,  1,  7,  3,  1,  8, 19],
       device='cuda:0')
tensor([19, 19,  9,  1,  2, 11,  5,  3,  2,  1,  4,  9, 10, 15,  9, 19,  1,  6,
        19, 11, 11,  6, 16,  3,  1,  9, 19,  7,  6,  1, 12,  2],
       device='cuda:0')
tensor([16,  8, 18, 13, 13, 18,  9, 15,  9, 18, 11,  7,  3, 16, 15,  7, 15, 16,
        13,  9,  3,  7, 13, 14, 11, 15,  0,  9, 15, 11,  0,  1],
       device='cuda:0')
tensor([11,  8,  8, 13, 13, 18, 10, 15, 12, 17,  3, 17,  3, 10, 15,  2, 10, 11,
        13,  9,  3,  1, 13, 14,  5, 15,  0,  9,  5, 15,  0, 12],
       device='cuda:0')
tensor([16,  9, 10, 17, 15,  3,  3,  9,  8, 11, 14, 10, 14, 17,  0, 16,  6,  7,
        10, 10, 18, 14, 12,  4,  0,  3, 16, 11, 10,  3, 14,  7],
       device='cuda:0')
tensor([16, 12, 10,  7, 15,  3, 17,  9, 18, 17, 12, 17, 12, 19,  0, 19,  1, 10,
         5, 14, 18,  5, 12,  4,  0, 14, 16,  1, 10, 15,  7,  3],
       device='cuda:0')
tensor([ 3,  7, 16,  4,  4, 11, 11,  3, 11,  1, 13,  6,  9,  7, 18,  3, 14, 18,
        18,  3, 10,  3,  2,  7,  1,  7,  4,  6,  6,  3, 15, 11],
       device='cuda:0')
tensor([ 2, 10,  5,  4,  4, 12, 14,  2,  6, 10, 13,  6,  9, 10, 18,  2, 18,  5,
         8, 10, 10, 14,  8,  7,  6, 14,  0,  6,  6,  2, 10, 16],
       device='cuda:0')
tensor([11, 11, 15, 10, 14,  7, 18, 14, 10,  7,  0, 16, 14, 12,  8,  2,  3, 16,
        14,  4,  3,  7, 11,  3,  1,  1, 18,  1, 13, 11,  8, 10],
       device='cuda:0')
tensor([11,  5, 15,  8, 14,  5, 17, 14, 10, 17,  0, 17, 12, 12,  8, 16, 11,  5,
        12,  4,  3, 19, 11, 16,  1,  2, 18,  3,  2, 11,  5,  5],
       device='cuda:0')
tensor([ 0, 11, 13,  3,  3, 11,  8,  0,  8,  3, 13,  8, 13,  3,  2,  3,  9,  8,
         7, 13, 17,  7, 15, 13,  3, 15,  7,  8,  7, 15, 10,  6],
       device='cuda:0')
tensor([ 0,  2, 13, 11,  3, 11,  1,  0, 19, 11, 13, 10, 16,  6,  2, 17,  9, 19,
         5, 13,  8, 14,  4, 13, 18, 15, 17, 11,  4,  3, 10,  6],
       device='cuda:0')
tensor([13,  9, 11, 11,  4,  8,  0, 10, 11,  7, 14,  4,  4,  3,  7, 18, 17, 14,
         7,  3,  7,  0,  1, 15, 11,  6,  7, 14, 13, 10,  7,  9],
       device='cuda:0')
tensor([13,  9, 11,  6,  7, 18,  0, 10, 11, 19, 17,  4,  4,  3, 19, 18, 13, 12,
        19,  3,  7,  0,  1, 15,  6, 13, 17, 12, 18, 15,  0,  9],
       device='cuda:0')
tensor([11, 10,  2, 10,  3,  8, 19, 10,  3,  9,  1, 14,  6,  9,  6, 11,  3,  5,
         4, 10, 13,  0,  1,  0,  8,  0, 17, 10,  3,  4, 13,  8],
       device='cuda:0')
tensor([ 5,  7,  2, 10,  3, 15,  0,  5, 15,  9,  6, 17,  6,  5,  5, 18, 10,  5,
        10, 12, 18,  0, 10,  0,  2,  0, 16, 10, 17,  4, 13,  8],
       device='cuda:0')
tensor([17,  9,  4, 10, 11, 18, 11,  6, 13,  2, 10,  3, 11,  3,  3,  3,  8, 18,
        11, 13, 10,  9,  3,  4,  4,  9, 14,  3, 13,  0, 10, 11],
       device='cuda:0')
tensor([ 5,  9, 17,  5,  3, 12, 13,  6,  8, 19,  6, 17, 11,  2,  7,  4, 17, 18,
        11,  7, 10, 11, 16,  4,  4, 15,  6,  2, 13,  0, 16, 17],
       device='cuda:0')
 * Average Acc: 0.450 Best acc 0.450
 Per-Task Acc:[0.45]
learning rate: [0.1]
================ Train on the train set ================
