{'data_root': '/data/bzx_yjy/cifar100', 'image_size': 32, 'pin_memory': False, 'augment': True, 'workers': 8, 'device_ids': 0, 'n_gpu': 1, 'seed': 1993, 'deterministic': True, 'epoch': 100, 'batch_size': 128, 'val_per_epoch': 5, 'optimzer': {'name': 'SGD', 'kwargs': {'lr': 0.1}}, 'lr_scheduler': {'name': 'StepLR', 'kwargs': {'gamma': 0.1, 'step_size': 80}}, 'warmup': 3, 'includes': ['headers/data.yaml', 'headers/device.yaml', 'headers/model.yaml', 'headers/optimizer.yaml', 'backbones/resnet12.yaml'], 'save_path': './', 'init_cls_num': 20, 'inc_cls_num': 20, 'task_num': 5, 'optimizer': {'name': 'SGD', 'kwargs': {'lr': 0.1, 'momentum': 0.88, 'weight_decay': 0.0002}}, 'backbone': {'name': 'resnet32', 'kwargs': None}, 'buffer': {'name': 'LinearBuffer', 'kwargs': {'buffer_size': 0, 'batch_size': 32, 'strategy': 'random'}}, 'classifier': {'name': 'GEM', 'kwargs': {'num_class': 100, 'feat_dim': 64, 'n_memories': 5120, 'n_task': 5, 'memory_strength': 0}}, 'rank': 0}
GEM(
  (net): CifarResNet(
    (conv_1_3x3): Conv2d(3, 16, kernel_size=(3, 3), stride=(1, 1), padding=(1, 1), bias=False)
    (bn_1): BatchNorm2d(16, eps=1e-05, momentum=0.1, affine=True, track_running_stats=True)
    (stage_1): Sequential(
      (0): ResNetBasicblock(
        (conv_a): Conv2d(16, 16, kernel_size=(3, 3), stride=(1, 1), padding=(1, 1), bias=False)
        (bn_a): BatchNorm2d(16, eps=1e-05, momentum=0.1, affine=True, track_running_stats=True)
        (conv_b): Conv2d(16, 16, kernel_size=(3, 3), stride=(1, 1), padding=(1, 1), bias=False)
        (bn_b): BatchNorm2d(16, eps=1e-05, momentum=0.1, affine=True, track_running_stats=True)
      )
      (1): ResNetBasicblock(
        (conv_a): Conv2d(16, 16, kernel_size=(3, 3), stride=(1, 1), padding=(1, 1), bias=False)
        (bn_a): BatchNorm2d(16, eps=1e-05, momentum=0.1, affine=True, track_running_stats=True)
        (conv_b): Conv2d(16, 16, kernel_size=(3, 3), stride=(1, 1), padding=(1, 1), bias=False)
        (bn_b): BatchNorm2d(16, eps=1e-05, momentum=0.1, affine=True, track_running_stats=True)
      )
      (2): ResNetBasicblock(
        (conv_a): Conv2d(16, 16, kernel_size=(3, 3), stride=(1, 1), padding=(1, 1), bias=False)
        (bn_a): BatchNorm2d(16, eps=1e-05, momentum=0.1, affine=True, track_running_stats=True)
        (conv_b): Conv2d(16, 16, kernel_size=(3, 3), stride=(1, 1), padding=(1, 1), bias=False)
        (bn_b): BatchNorm2d(16, eps=1e-05, momentum=0.1, affine=True, track_running_stats=True)
      )
      (3): ResNetBasicblock(
        (conv_a): Conv2d(16, 16, kernel_size=(3, 3), stride=(1, 1), padding=(1, 1), bias=False)
        (bn_a): BatchNorm2d(16, eps=1e-05, momentum=0.1, affine=True, track_running_stats=True)
        (conv_b): Conv2d(16, 16, kernel_size=(3, 3), stride=(1, 1), padding=(1, 1), bias=False)
        (bn_b): BatchNorm2d(16, eps=1e-05, momentum=0.1, affine=True, track_running_stats=True)
      )
      (4): ResNetBasicblock(
        (conv_a): Conv2d(16, 16, kernel_size=(3, 3), stride=(1, 1), padding=(1, 1), bias=False)
        (bn_a): BatchNorm2d(16, eps=1e-05, momentum=0.1, affine=True, track_running_stats=True)
        (conv_b): Conv2d(16, 16, kernel_size=(3, 3), stride=(1, 1), padding=(1, 1), bias=False)
        (bn_b): BatchNorm2d(16, eps=1e-05, momentum=0.1, affine=True, track_running_stats=True)
      )
    )
    (stage_2): Sequential(
      (0): ResNetBasicblock(
        (conv_a): Conv2d(16, 32, kernel_size=(3, 3), stride=(2, 2), padding=(1, 1), bias=False)
        (bn_a): BatchNorm2d(32, eps=1e-05, momentum=0.1, affine=True, track_running_stats=True)
        (conv_b): Conv2d(32, 32, kernel_size=(3, 3), stride=(1, 1), padding=(1, 1), bias=False)
        (bn_b): BatchNorm2d(32, eps=1e-05, momentum=0.1, affine=True, track_running_stats=True)
        (downsample): DownsampleA(
          (avg): AvgPool2d(kernel_size=1, stride=2, padding=0)
        )
      )
      (1): ResNetBasicblock(
        (conv_a): Conv2d(32, 32, kernel_size=(3, 3), stride=(1, 1), padding=(1, 1), bias=False)
        (bn_a): BatchNorm2d(32, eps=1e-05, momentum=0.1, affine=True, track_running_stats=True)
        (conv_b): Conv2d(32, 32, kernel_size=(3, 3), stride=(1, 1), padding=(1, 1), bias=False)
        (bn_b): BatchNorm2d(32, eps=1e-05, momentum=0.1, affine=True, track_running_stats=True)
      )
      (2): ResNetBasicblock(
        (conv_a): Conv2d(32, 32, kernel_size=(3, 3), stride=(1, 1), padding=(1, 1), bias=False)
        (bn_a): BatchNorm2d(32, eps=1e-05, momentum=0.1, affine=True, track_running_stats=True)
        (conv_b): Conv2d(32, 32, kernel_size=(3, 3), stride=(1, 1), padding=(1, 1), bias=False)
        (bn_b): BatchNorm2d(32, eps=1e-05, momentum=0.1, affine=True, track_running_stats=True)
      )
      (3): ResNetBasicblock(
        (conv_a): Conv2d(32, 32, kernel_size=(3, 3), stride=(1, 1), padding=(1, 1), bias=False)
        (bn_a): BatchNorm2d(32, eps=1e-05, momentum=0.1, affine=True, track_running_stats=True)
        (conv_b): Conv2d(32, 32, kernel_size=(3, 3), stride=(1, 1), padding=(1, 1), bias=False)
        (bn_b): BatchNorm2d(32, eps=1e-05, momentum=0.1, affine=True, track_running_stats=True)
      )
      (4): ResNetBasicblock(
        (conv_a): Conv2d(32, 32, kernel_size=(3, 3), stride=(1, 1), padding=(1, 1), bias=False)
        (bn_a): BatchNorm2d(32, eps=1e-05, momentum=0.1, affine=True, track_running_stats=True)
        (conv_b): Conv2d(32, 32, kernel_size=(3, 3), stride=(1, 1), padding=(1, 1), bias=False)
        (bn_b): BatchNorm2d(32, eps=1e-05, momentum=0.1, affine=True, track_running_stats=True)
      )
    )
    (stage_3): Sequential(
      (0): ResNetBasicblock(
        (conv_a): Conv2d(32, 64, kernel_size=(3, 3), stride=(2, 2), padding=(1, 1), bias=False)
        (bn_a): BatchNorm2d(64, eps=1e-05, momentum=0.1, affine=True, track_running_stats=True)
        (conv_b): Conv2d(64, 64, kernel_size=(3, 3), stride=(1, 1), padding=(1, 1), bias=False)
        (bn_b): BatchNorm2d(64, eps=1e-05, momentum=0.1, affine=True, track_running_stats=True)
        (downsample): DownsampleA(
          (avg): AvgPool2d(kernel_size=1, stride=2, padding=0)
        )
      )
      (1): ResNetBasicblock(
        (conv_a): Conv2d(64, 64, kernel_size=(3, 3), stride=(1, 1), padding=(1, 1), bias=False)
        (bn_a): BatchNorm2d(64, eps=1e-05, momentum=0.1, affine=True, track_running_stats=True)
        (conv_b): Conv2d(64, 64, kernel_size=(3, 3), stride=(1, 1), padding=(1, 1), bias=False)
        (bn_b): BatchNorm2d(64, eps=1e-05, momentum=0.1, affine=True, track_running_stats=True)
      )
      (2): ResNetBasicblock(
        (conv_a): Conv2d(64, 64, kernel_size=(3, 3), stride=(1, 1), padding=(1, 1), bias=False)
        (bn_a): BatchNorm2d(64, eps=1e-05, momentum=0.1, affine=True, track_running_stats=True)
        (conv_b): Conv2d(64, 64, kernel_size=(3, 3), stride=(1, 1), padding=(1, 1), bias=False)
        (bn_b): BatchNorm2d(64, eps=1e-05, momentum=0.1, affine=True, track_running_stats=True)
      )
      (3): ResNetBasicblock(
        (conv_a): Conv2d(64, 64, kernel_size=(3, 3), stride=(1, 1), padding=(1, 1), bias=False)
        (bn_a): BatchNorm2d(64, eps=1e-05, momentum=0.1, affine=True, track_running_stats=True)
        (conv_b): Conv2d(64, 64, kernel_size=(3, 3), stride=(1, 1), padding=(1, 1), bias=False)
        (bn_b): BatchNorm2d(64, eps=1e-05, momentum=0.1, affine=True, track_running_stats=True)
      )
      (4): ResNetBasicblock(
        (conv_a): Conv2d(64, 64, kernel_size=(3, 3), stride=(1, 1), padding=(1, 1), bias=False)
        (bn_a): BatchNorm2d(64, eps=1e-05, momentum=0.1, affine=True, track_running_stats=True)
        (conv_b): Conv2d(64, 64, kernel_size=(3, 3), stride=(1, 1), padding=(1, 1), bias=False)
        (bn_b): BatchNorm2d(64, eps=1e-05, momentum=0.1, affine=True, track_running_stats=True)
      )
    )
    (avgpool): AvgPool2d(kernel_size=8, stride=8, padding=0)
    (fc): Linear(in_features=64, out_features=10, bias=True)
  )
  (classifier): Linear(in_features=64, out_features=100, bias=True)
  (ce): CrossEntropyLoss()
)
Trainable params in the model: 470654
SGD (
Parameter Group 0
    dampening: 0
    differentiable: False
    foreach: None
    initial_lr: 0.1
    lr: 0.03333333333333333
    maximize: False
    momentum: 0.88
    nesterov: False
    weight_decay: 0.0002
)
================Task 0 Start!================
SGD (
Parameter Group 0
    dampening: 0
    differentiable: False
    foreach: None
    initial_lr: 0.1
    lr: 0.03333333333333333
    maximize: False
    momentum: 0.88
    nesterov: False
    weight_decay: 0.0002
)
================Task 0 Training!================
The training samples number: 10000
learning rate: [0.03333333333333333]
================ Train on the train set ================
Epoch [0/100] |	Loss: 2.686 	Average Acc: 0.185 
learning rate: [0.06666666666666667]
================ Train on the train set ================
Epoch [1/100] |	Loss: 2.303 	Average Acc: 0.297 
learning rate: [0.1]
================ Train on the train set ================
Epoch [2/100] |	Loss: 2.077 	Average Acc: 0.362 
learning rate: [0.1]
================ Train on the train set ================
Epoch [3/100] |	Loss: 1.834 	Average Acc: 0.429 
learning rate: [0.1]
================ Train on the train set ================
Epoch [4/100] |	Loss: 1.634 	Average Acc: 0.488 
================ Test on the test set ================
 * Average Acc: 0.480 Best acc 0.480
 Per-Task Acc:[0.48]
learning rate: [0.1]
================ Train on the train set ================
Epoch [5/100] |	Loss: 1.463 	Average Acc: 0.544 
learning rate: [0.1]
================ Train on the train set ================
Epoch [6/100] |	Loss: 1.308 	Average Acc: 0.585 
learning rate: [0.1]
================ Train on the train set ================
Epoch [7/100] |	Loss: 1.173 	Average Acc: 0.627 
learning rate: [0.1]
================ Train on the train set ================
Epoch [8/100] |	Loss: 1.069 	Average Acc: 0.657 
learning rate: [0.1]
================ Train on the train set ================
Epoch [9/100] |	Loss: 0.980 	Average Acc: 0.687 
================ Test on the test set ================
 * Average Acc: 0.490 Best acc 0.490
 Per-Task Acc:[0.49]
learning rate: [0.1]
================ Train on the train set ================
Epoch [10/100] |	Loss: 0.883 	Average Acc: 0.716 
learning rate: [0.1]
================ Train on the train set ================
Epoch [11/100] |	Loss: 0.797 	Average Acc: 0.742 
learning rate: [0.1]
================ Train on the train set ================
Epoch [12/100] |	Loss: 0.723 	Average Acc: 0.763 
learning rate: [0.1]
================ Train on the train set ================
Epoch [13/100] |	Loss: 0.670 	Average Acc: 0.782 
learning rate: [0.1]
================ Train on the train set ================
Epoch [14/100] |	Loss: 0.596 	Average Acc: 0.806 
================ Test on the test set ================
 * Average Acc: 0.590 Best acc 0.590
 Per-Task Acc:[0.59]
learning rate: [0.1]
================ Train on the train set ================
Epoch [15/100] |	Loss: 0.542 	Average Acc: 0.820 
learning rate: [0.1]
================ Train on the train set ================
Epoch [16/100] |	Loss: 0.513 	Average Acc: 0.831 
learning rate: [0.1]
================ Train on the train set ================
Epoch [17/100] |	Loss: 0.446 	Average Acc: 0.853 
learning rate: [0.1]
================ Train on the train set ================
Epoch [18/100] |	Loss: 0.430 	Average Acc: 0.856 
learning rate: [0.1]
================ Train on the train set ================
Epoch [19/100] |	Loss: 0.389 	Average Acc: 0.871 
================ Test on the test set ================
 * Average Acc: 0.560 Best acc 0.590
 Per-Task Acc:[0.56]
learning rate: [0.1]
================ Train on the train set ================
Epoch [20/100] |	Loss: 0.367 	Average Acc: 0.880 
learning rate: [0.1]
================ Train on the train set ================
Epoch [21/100] |	Loss: 0.352 	Average Acc: 0.880 
learning rate: [0.1]
================ Train on the train set ================
Epoch [22/100] |	Loss: 0.323 	Average Acc: 0.894 
learning rate: [0.1]
================ Train on the train set ================
Epoch [23/100] |	Loss: 0.326 	Average Acc: 0.890 
learning rate: [0.1]
================ Train on the train set ================
Epoch [24/100] |	Loss: 0.311 	Average Acc: 0.898 
================ Test on the test set ================
 * Average Acc: 0.590 Best acc 0.590
 Per-Task Acc:[0.59]
learning rate: [0.1]
================ Train on the train set ================
Epoch [25/100] |	Loss: 0.278 	Average Acc: 0.909 
learning rate: [0.1]
================ Train on the train set ================
Epoch [26/100] |	Loss: 0.295 	Average Acc: 0.904 
learning rate: [0.1]
================ Train on the train set ================
Epoch [27/100] |	Loss: 0.268 	Average Acc: 0.912 
learning rate: [0.1]
================ Train on the train set ================
Epoch [28/100] |	Loss: 0.227 	Average Acc: 0.927 
learning rate: [0.1]
================ Train on the train set ================
Epoch [29/100] |	Loss: 0.288 	Average Acc: 0.904 
================ Test on the test set ================
 * Average Acc: 0.580 Best acc 0.590
 Per-Task Acc:[0.58]
learning rate: [0.1]
================ Train on the train set ================
Epoch [30/100] |	Loss: 0.277 	Average Acc: 0.909 
learning rate: [0.1]
================ Train on the train set ================
Epoch [31/100] |	Loss: 0.241 	Average Acc: 0.922 
learning rate: [0.1]
================ Train on the train set ================
Epoch [32/100] |	Loss: 0.215 	Average Acc: 0.930 
learning rate: [0.1]
================ Train on the train set ================
Epoch [33/100] |	Loss: 0.213 	Average Acc: 0.928 
learning rate: [0.1]
================ Train on the train set ================
Epoch [34/100] |	Loss: 0.285 	Average Acc: 0.907 
================ Test on the test set ================
 * Average Acc: 0.490 Best acc 0.590
 Per-Task Acc:[0.49]
learning rate: [0.1]
================ Train on the train set ================
Epoch [35/100] |	Loss: 0.258 	Average Acc: 0.913 
learning rate: [0.1]
================ Train on the train set ================
Epoch [36/100] |	Loss: 0.183 	Average Acc: 0.939 
learning rate: [0.1]
================ Train on the train set ================
Epoch [37/100] |	Loss: 0.218 	Average Acc: 0.929 
learning rate: [0.1]
================ Train on the train set ================
Epoch [38/100] |	Loss: 0.249 	Average Acc: 0.917 
learning rate: [0.1]
================ Train on the train set ================
Epoch [39/100] |	Loss: 0.241 	Average Acc: 0.921 
================ Test on the test set ================
 * Average Acc: 0.500 Best acc 0.590
 Per-Task Acc:[0.5]
learning rate: [0.1]
================ Train on the train set ================
Epoch [40/100] |	Loss: 0.204 	Average Acc: 0.934 
learning rate: [0.1]
================ Train on the train set ================
Epoch [41/100] |	Loss: 0.206 	Average Acc: 0.935 
learning rate: [0.1]
================ Train on the train set ================
Epoch [42/100] |	Loss: 0.276 	Average Acc: 0.907 
learning rate: [0.1]
================ Train on the train set ================
Epoch [43/100] |	Loss: 0.193 	Average Acc: 0.936 
learning rate: [0.1]
================ Train on the train set ================
Epoch [44/100] |	Loss: 0.180 	Average Acc: 0.943 
================ Test on the test set ================
 * Average Acc: 0.490 Best acc 0.590
 Per-Task Acc:[0.49]
learning rate: [0.1]
================ Train on the train set ================
Epoch [45/100] |	Loss: 0.246 	Average Acc: 0.919 
learning rate: [0.1]
================ Train on the train set ================
Epoch [46/100] |	Loss: 0.240 	Average Acc: 0.922 
learning rate: [0.1]
================ Train on the train set ================
Epoch [47/100] |	Loss: 0.201 	Average Acc: 0.934 
learning rate: [0.1]
================ Train on the train set ================
Epoch [48/100] |	Loss: 0.221 	Average Acc: 0.929 
learning rate: [0.1]
================ Train on the train set ================
Epoch [49/100] |	Loss: 0.208 	Average Acc: 0.932 
================ Test on the test set ================
 * Average Acc: 0.570 Best acc 0.590
 Per-Task Acc:[0.57]
learning rate: [0.1]
================ Train on the train set ================
Epoch [50/100] |	Loss: 0.229 	Average Acc: 0.924 
learning rate: [0.1]
================ Train on the train set ================
Epoch [51/100] |	Loss: 0.217 	Average Acc: 0.928 
learning rate: [0.1]
================ Train on the train set ================
Epoch [52/100] |	Loss: 0.236 	Average Acc: 0.926 
learning rate: [0.1]
================ Train on the train set ================
Epoch [53/100] |	Loss: 0.200 	Average Acc: 0.933 
learning rate: [0.1]
================ Train on the train set ================
Epoch [54/100] |	Loss: 0.195 	Average Acc: 0.936 
================ Test on the test set ================
 * Average Acc: 0.560 Best acc 0.590
 Per-Task Acc:[0.56]
learning rate: [0.1]
================ Train on the train set ================
Epoch [55/100] |	Loss: 0.183 	Average Acc: 0.942 
learning rate: [0.1]
================ Train on the train set ================
Epoch [56/100] |	Loss: 0.219 	Average Acc: 0.930 
learning rate: [0.1]
================ Train on the train set ================
Epoch [57/100] |	Loss: 0.185 	Average Acc: 0.939 
learning rate: [0.1]
================ Train on the train set ================
Epoch [58/100] |	Loss: 0.191 	Average Acc: 0.936 
learning rate: [0.1]
================ Train on the train set ================
Epoch [59/100] |	Loss: 0.236 	Average Acc: 0.922 
================ Test on the test set ================
 * Average Acc: 0.530 Best acc 0.590
 Per-Task Acc:[0.53]
learning rate: [0.1]
================ Train on the train set ================
Epoch [60/100] |	Loss: 0.220 	Average Acc: 0.929 
learning rate: [0.1]
================ Train on the train set ================
Epoch [61/100] |	Loss: 0.193 	Average Acc: 0.937 
learning rate: [0.1]
================ Train on the train set ================
Epoch [62/100] |	Loss: 0.210 	Average Acc: 0.931 
learning rate: [0.1]
================ Train on the train set ================
Epoch [63/100] |	Loss: 0.191 	Average Acc: 0.936 
learning rate: [0.1]
================ Train on the train set ================
Epoch [64/100] |	Loss: 0.230 	Average Acc: 0.924 
================ Test on the test set ================
 * Average Acc: 0.520 Best acc 0.590
 Per-Task Acc:[0.52]
learning rate: [0.1]
================ Train on the train set ================
Epoch [65/100] |	Loss: 0.177 	Average Acc: 0.941 
learning rate: [0.1]
================ Train on the train set ================
Epoch [66/100] |	Loss: 0.187 	Average Acc: 0.938 
learning rate: [0.1]
================ Train on the train set ================
Epoch [67/100] |	Loss: 0.234 	Average Acc: 0.924 
learning rate: [0.1]
================ Train on the train set ================
Epoch [68/100] |	Loss: 0.204 	Average Acc: 0.933 
learning rate: [0.1]
================ Train on the train set ================
Epoch [69/100] |	Loss: 0.178 	Average Acc: 0.941 
================ Test on the test set ================
 * Average Acc: 0.530 Best acc 0.590
 Per-Task Acc:[0.53]
learning rate: [0.1]
================ Train on the train set ================
Epoch [70/100] |	Loss: 0.221 	Average Acc: 0.927 
learning rate: [0.1]
================ Train on the train set ================
Epoch [71/100] |	Loss: 0.210 	Average Acc: 0.932 
learning rate: [0.1]
================ Train on the train set ================
Epoch [72/100] |	Loss: 0.171 	Average Acc: 0.943 
learning rate: [0.1]
================ Train on the train set ================
Epoch [73/100] |	Loss: 0.194 	Average Acc: 0.933 
learning rate: [0.1]
================ Train on the train set ================
Epoch [74/100] |	Loss: 0.183 	Average Acc: 0.940 
================ Test on the test set ================
 * Average Acc: 0.570 Best acc 0.590
 Per-Task Acc:[0.57]
learning rate: [0.1]
================ Train on the train set ================
Epoch [75/100] |	Loss: 0.218 	Average Acc: 0.926 
learning rate: [0.1]
================ Train on the train set ================
Epoch [76/100] |	Loss: 0.215 	Average Acc: 0.930 
learning rate: [0.1]
================ Train on the train set ================
Epoch [77/100] |	Loss: 0.134 	Average Acc: 0.957 
learning rate: [0.1]
================ Train on the train set ================
Epoch [78/100] |	Loss: 0.207 	Average Acc: 0.932 
learning rate: [0.1]
================ Train on the train set ================
Epoch [79/100] |	Loss: 0.227 	Average Acc: 0.926 
================ Test on the test set ================
 * Average Acc: 0.560 Best acc 0.590
 Per-Task Acc:[0.56]
learning rate: [0.1]
================ Train on the train set ================
Epoch [80/100] |	Loss: 0.221 	Average Acc: 0.927 
learning rate: [0.1]
================ Train on the train set ================
Epoch [81/100] |	Loss: 0.159 	Average Acc: 0.948 
learning rate: [0.010000000000000002]
================ Train on the train set ================
Epoch [82/100] |	Loss: 0.053 	Average Acc: 0.985 
learning rate: [0.010000000000000002]
================ Train on the train set ================
Epoch [83/100] |	Loss: 0.017 	Average Acc: 0.998 
learning rate: [0.010000000000000002]
================ Train on the train set ================
Epoch [84/100] |	Loss: 0.012 	Average Acc: 0.999 
================ Test on the test set ================
 * Average Acc: 0.650 Best acc 0.650
 Per-Task Acc:[0.65]
learning rate: [0.010000000000000002]
================ Train on the train set ================
Epoch [85/100] |	Loss: 0.008 	Average Acc: 1.000 
learning rate: [0.010000000000000002]
================ Train on the train set ================
Epoch [86/100] |	Loss: 0.007 	Average Acc: 1.000 
learning rate: [0.010000000000000002]
================ Train on the train set ================
Epoch [87/100] |	Loss: 0.006 	Average Acc: 1.000 
learning rate: [0.010000000000000002]
================ Train on the train set ================
Epoch [88/100] |	Loss: 0.006 	Average Acc: 1.000 
learning rate: [0.010000000000000002]
================ Train on the train set ================
Epoch [89/100] |	Loss: 0.005 	Average Acc: 1.000 
================ Test on the test set ================
 * Average Acc: 0.660 Best acc 0.660
 Per-Task Acc:[0.66]
learning rate: [0.010000000000000002]
================ Train on the train set ================
Epoch [90/100] |	Loss: 0.005 	Average Acc: 1.000 
learning rate: [0.010000000000000002]
================ Train on the train set ================
Epoch [91/100] |	Loss: 0.005 	Average Acc: 1.000 
learning rate: [0.010000000000000002]
================ Train on the train set ================
Epoch [92/100] |	Loss: 0.005 	Average Acc: 1.000 
learning rate: [0.010000000000000002]
================ Train on the train set ================
Epoch [93/100] |	Loss: 0.004 	Average Acc: 1.000 
learning rate: [0.010000000000000002]
================ Train on the train set ================
Epoch [94/100] |	Loss: 0.005 	Average Acc: 1.000 
================ Test on the test set ================
 * Average Acc: 0.670 Best acc 0.670
 Per-Task Acc:[0.67]
learning rate: [0.010000000000000002]
================ Train on the train set ================
Epoch [95/100] |	Loss: 0.004 	Average Acc: 1.000 
learning rate: [0.010000000000000002]
================ Train on the train set ================
Epoch [96/100] |	Loss: 0.004 	Average Acc: 1.000 
learning rate: [0.010000000000000002]
================ Train on the train set ================
Epoch [97/100] |	Loss: 0.004 	Average Acc: 1.000 
learning rate: [0.010000000000000002]
================ Train on the train set ================
Epoch [98/100] |	Loss: 0.004 	Average Acc: 1.000 
learning rate: [0.010000000000000002]
================ Train on the train set ================
Epoch [99/100] |	Loss: 0.003 	Average Acc: 1.000 
================ Test on the test set ================
 * Average Acc: 0.670 Best acc 0.670
 Per-Task Acc:[0.67]
================Task 1 Start!================
SGD (
Parameter Group 0
    dampening: 0
    differentiable: False
    foreach: None
    initial_lr: 0.1
    lr: 0.03333333333333333
    maximize: False
    momentum: 0.88
    nesterov: False
    weight_decay: 0.0002
)
================Task 1 Training!================
The training samples number: 10000
learning rate: [0.03333333333333333]
================ Train on the train set ================
Epoch [0/100] |	Loss: 3.212 	Average Acc: 0.206 
learning rate: [0.06666666666666667]
================ Train on the train set ================
Epoch [1/100] |	Loss: 1.605 	Average Acc: 0.476 
learning rate: [0.1]
================ Train on the train set ================
Epoch [2/100] |	Loss: 1.133 	Average Acc: 0.623 
learning rate: [0.1]
================ Train on the train set ================
Epoch [3/100] |	Loss: 0.753 	Average Acc: 0.752 
learning rate: [0.1]
================ Train on the train set ================
Epoch [4/100] |	Loss: 0.465 	Average Acc: 0.844 
================ Test on the test set ================
 * Average Acc: 0.330 Best acc 0.330
 Per-Task Acc:[0.05, 0.61]
learning rate: [0.1]
================ Train on the train set ================
Epoch [5/100] |	Loss: 0.272 	Average Acc: 0.921 
learning rate: [0.1]
================ Train on the train set ================
Epoch [6/100] |	Loss: 0.135 	Average Acc: 0.968 
learning rate: [0.1]
================ Train on the train set ================
Epoch [7/100] |	Loss: 0.056 	Average Acc: 0.993 
learning rate: [0.1]
================ Train on the train set ================
Epoch [8/100] |	Loss: 0.024 	Average Acc: 0.999 
learning rate: [0.1]
================ Train on the train set ================
Epoch [9/100] |	Loss: 0.012 	Average Acc: 1.000 
================ Test on the test set ================
 * Average Acc: 0.440 Best acc 0.440
 Per-Task Acc:[0.25, 0.63]
learning rate: [0.1]
================ Train on the train set ================
Epoch [10/100] |	Loss: 0.008 	Average Acc: 1.000 
learning rate: [0.1]
================ Train on the train set ================
Epoch [11/100] |	Loss: 0.006 	Average Acc: 1.000 
learning rate: [0.1]
================ Train on the train set ================
Epoch [12/100] |	Loss: 0.005 	Average Acc: 1.000 
learning rate: [0.1]
================ Train on the train set ================
Epoch [13/100] |	Loss: 0.005 	Average Acc: 1.000 
learning rate: [0.1]
================ Train on the train set ================
Epoch [14/100] |	Loss: 0.005 	Average Acc: 1.000 
================ Test on the test set ================
 * Average Acc: 0.430 Best acc 0.440
 Per-Task Acc:[0.24, 0.62]
learning rate: [0.1]
================ Train on the train set ================
Epoch [15/100] |	Loss: 0.004 	Average Acc: 1.000 
learning rate: [0.1]
================ Train on the train set ================
Epoch [16/100] |	Loss: 0.004 	Average Acc: 1.000 
learning rate: [0.1]
================ Train on the train set ================
Epoch [17/100] |	Loss: 0.004 	Average Acc: 1.000 
learning rate: [0.1]
================ Train on the train set ================
