{'data_root': '/data/bzx_yjy/cifar100', 'image_size': 32, 'pin_memory': False, 'augment': True, 'workers': 8, 'device_ids': 1, 'n_gpu': 1, 'seed': 1993, 'deterministic': True, 'epoch': 20, 'batch_size': 128, 'val_per_epoch': 5, 'optimzer': {'name': 'SGD', 'kwargs': {'lr': 0.1}}, 'lr_scheduler': {'name': 'StepLR', 'kwargs': {'gamma': 0.1, 'step_size': 10}}, 'warmup': 3, 'includes': ['headers/data.yaml', 'headers/device.yaml', 'headers/model.yaml', 'headers/optimizer.yaml', 'backbones/resnet12.yaml'], 'save_path': './', 'init_cls_num': 20, 'inc_cls_num': 20, 'task_num': 5, 'optimizer': {'name': 'SGD', 'kwargs': {'lr': 0.1}}, 'backbone': {'name': 'resnet34', 'kwargs': {'num_classes': 100, 'args': {'dataset': 'cifar100'}}}, 'buffer': {'name': 'LinearBuffer', 'kwargs': {'buffer_size': 500, 'batch_size': 32, 'strategy': 'random'}}, 'classifier': {'name': 'GEM', 'kwargs': {'num_class': 100, 'feat_dim': 512, 'n_memories': 500, 'n_task': 100, 'memory_strength': 0}}, 'rank': 0}
GEM(
  (net): ResNet(
    (conv1): Sequential(
      (0): Conv2d(3, 64, kernel_size=(3, 3), stride=(1, 1), padding=(1, 1), bias=False)
      (1): BatchNorm2d(64, eps=1e-05, momentum=0.1, affine=True, track_running_stats=True)
      (2): ReLU(inplace=True)
    )
    (layer1): Sequential(
      (0): BasicBlock(
        (conv1): Conv2d(64, 64, kernel_size=(3, 3), stride=(1, 1), padding=(1, 1), bias=False)
        (bn1): BatchNorm2d(64, eps=1e-05, momentum=0.1, affine=True, track_running_stats=True)
        (relu): ReLU(inplace=True)
        (conv2): Conv2d(64, 64, kernel_size=(3, 3), stride=(1, 1), padding=(1, 1), bias=False)
        (bn2): BatchNorm2d(64, eps=1e-05, momentum=0.1, affine=True, track_running_stats=True)
      )
      (1): BasicBlock(
        (conv1): Conv2d(64, 64, kernel_size=(3, 3), stride=(1, 1), padding=(1, 1), bias=False)
        (bn1): BatchNorm2d(64, eps=1e-05, momentum=0.1, affine=True, track_running_stats=True)
        (relu): ReLU(inplace=True)
        (conv2): Conv2d(64, 64, kernel_size=(3, 3), stride=(1, 1), padding=(1, 1), bias=False)
        (bn2): BatchNorm2d(64, eps=1e-05, momentum=0.1, affine=True, track_running_stats=True)
      )
      (2): BasicBlock(
        (conv1): Conv2d(64, 64, kernel_size=(3, 3), stride=(1, 1), padding=(1, 1), bias=False)
        (bn1): BatchNorm2d(64, eps=1e-05, momentum=0.1, affine=True, track_running_stats=True)
        (relu): ReLU(inplace=True)
        (conv2): Conv2d(64, 64, kernel_size=(3, 3), stride=(1, 1), padding=(1, 1), bias=False)
        (bn2): BatchNorm2d(64, eps=1e-05, momentum=0.1, affine=True, track_running_stats=True)
      )
    )
    (layer2): Sequential(
      (0): BasicBlock(
        (conv1): Conv2d(64, 128, kernel_size=(3, 3), stride=(2, 2), padding=(1, 1), bias=False)
        (bn1): BatchNorm2d(128, eps=1e-05, momentum=0.1, affine=True, track_running_stats=True)
        (relu): ReLU(inplace=True)
        (conv2): Conv2d(128, 128, kernel_size=(3, 3), stride=(1, 1), padding=(1, 1), bias=False)
        (bn2): BatchNorm2d(128, eps=1e-05, momentum=0.1, affine=True, track_running_stats=True)
        (downsample): Sequential(
          (0): Conv2d(64, 128, kernel_size=(1, 1), stride=(2, 2), bias=False)
          (1): BatchNorm2d(128, eps=1e-05, momentum=0.1, affine=True, track_running_stats=True)
        )
      )
      (1): BasicBlock(
        (conv1): Conv2d(128, 128, kernel_size=(3, 3), stride=(1, 1), padding=(1, 1), bias=False)
        (bn1): BatchNorm2d(128, eps=1e-05, momentum=0.1, affine=True, track_running_stats=True)
        (relu): ReLU(inplace=True)
        (conv2): Conv2d(128, 128, kernel_size=(3, 3), stride=(1, 1), padding=(1, 1), bias=False)
        (bn2): BatchNorm2d(128, eps=1e-05, momentum=0.1, affine=True, track_running_stats=True)
      )
      (2): BasicBlock(
        (conv1): Conv2d(128, 128, kernel_size=(3, 3), stride=(1, 1), padding=(1, 1), bias=False)
        (bn1): BatchNorm2d(128, eps=1e-05, momentum=0.1, affine=True, track_running_stats=True)
        (relu): ReLU(inplace=True)
        (conv2): Conv2d(128, 128, kernel_size=(3, 3), stride=(1, 1), padding=(1, 1), bias=False)
        (bn2): BatchNorm2d(128, eps=1e-05, momentum=0.1, affine=True, track_running_stats=True)
      )
      (3): BasicBlock(
        (conv1): Conv2d(128, 128, kernel_size=(3, 3), stride=(1, 1), padding=(1, 1), bias=False)
        (bn1): BatchNorm2d(128, eps=1e-05, momentum=0.1, affine=True, track_running_stats=True)
        (relu): ReLU(inplace=True)
        (conv2): Conv2d(128, 128, kernel_size=(3, 3), stride=(1, 1), padding=(1, 1), bias=False)
        (bn2): BatchNorm2d(128, eps=1e-05, momentum=0.1, affine=True, track_running_stats=True)
      )
    )
    (layer3): Sequential(
      (0): BasicBlock(
        (conv1): Conv2d(128, 256, kernel_size=(3, 3), stride=(2, 2), padding=(1, 1), bias=False)
        (bn1): BatchNorm2d(256, eps=1e-05, momentum=0.1, affine=True, track_running_stats=True)
        (relu): ReLU(inplace=True)
        (conv2): Conv2d(256, 256, kernel_size=(3, 3), stride=(1, 1), padding=(1, 1), bias=False)
        (bn2): BatchNorm2d(256, eps=1e-05, momentum=0.1, affine=True, track_running_stats=True)
        (downsample): Sequential(
          (0): Conv2d(128, 256, kernel_size=(1, 1), stride=(2, 2), bias=False)
          (1): BatchNorm2d(256, eps=1e-05, momentum=0.1, affine=True, track_running_stats=True)
        )
      )
      (1): BasicBlock(
        (conv1): Conv2d(256, 256, kernel_size=(3, 3), stride=(1, 1), padding=(1, 1), bias=False)
        (bn1): BatchNorm2d(256, eps=1e-05, momentum=0.1, affine=True, track_running_stats=True)
        (relu): ReLU(inplace=True)
        (conv2): Conv2d(256, 256, kernel_size=(3, 3), stride=(1, 1), padding=(1, 1), bias=False)
        (bn2): BatchNorm2d(256, eps=1e-05, momentum=0.1, affine=True, track_running_stats=True)
      )
      (2): BasicBlock(
        (conv1): Conv2d(256, 256, kernel_size=(3, 3), stride=(1, 1), padding=(1, 1), bias=False)
        (bn1): BatchNorm2d(256, eps=1e-05, momentum=0.1, affine=True, track_running_stats=True)
        (relu): ReLU(inplace=True)
        (conv2): Conv2d(256, 256, kernel_size=(3, 3), stride=(1, 1), padding=(1, 1), bias=False)
        (bn2): BatchNorm2d(256, eps=1e-05, momentum=0.1, affine=True, track_running_stats=True)
      )
      (3): BasicBlock(
        (conv1): Conv2d(256, 256, kernel_size=(3, 3), stride=(1, 1), padding=(1, 1), bias=False)
        (bn1): BatchNorm2d(256, eps=1e-05, momentum=0.1, affine=True, track_running_stats=True)
        (relu): ReLU(inplace=True)
        (conv2): Conv2d(256, 256, kernel_size=(3, 3), stride=(1, 1), padding=(1, 1), bias=False)
        (bn2): BatchNorm2d(256, eps=1e-05, momentum=0.1, affine=True, track_running_stats=True)
      )
      (4): BasicBlock(
        (conv1): Conv2d(256, 256, kernel_size=(3, 3), stride=(1, 1), padding=(1, 1), bias=False)
        (bn1): BatchNorm2d(256, eps=1e-05, momentum=0.1, affine=True, track_running_stats=True)
        (relu): ReLU(inplace=True)
        (conv2): Conv2d(256, 256, kernel_size=(3, 3), stride=(1, 1), padding=(1, 1), bias=False)
        (bn2): BatchNorm2d(256, eps=1e-05, momentum=0.1, affine=True, track_running_stats=True)
      )
      (5): BasicBlock(
        (conv1): Conv2d(256, 256, kernel_size=(3, 3), stride=(1, 1), padding=(1, 1), bias=False)
        (bn1): BatchNorm2d(256, eps=1e-05, momentum=0.1, affine=True, track_running_stats=True)
        (relu): ReLU(inplace=True)
        (conv2): Conv2d(256, 256, kernel_size=(3, 3), stride=(1, 1), padding=(1, 1), bias=False)
        (bn2): BatchNorm2d(256, eps=1e-05, momentum=0.1, affine=True, track_running_stats=True)
      )
    )
    (layer4): Sequential(
      (0): BasicBlock(
        (conv1): Conv2d(256, 512, kernel_size=(3, 3), stride=(2, 2), padding=(1, 1), bias=False)
        (bn1): BatchNorm2d(512, eps=1e-05, momentum=0.1, affine=True, track_running_stats=True)
        (relu): ReLU(inplace=True)
        (conv2): Conv2d(512, 512, kernel_size=(3, 3), stride=(1, 1), padding=(1, 1), bias=False)
        (bn2): BatchNorm2d(512, eps=1e-05, momentum=0.1, affine=True, track_running_stats=True)
        (downsample): Sequential(
          (0): Conv2d(256, 512, kernel_size=(1, 1), stride=(2, 2), bias=False)
          (1): BatchNorm2d(512, eps=1e-05, momentum=0.1, affine=True, track_running_stats=True)
        )
      )
      (1): BasicBlock(
        (conv1): Conv2d(512, 512, kernel_size=(3, 3), stride=(1, 1), padding=(1, 1), bias=False)
        (bn1): BatchNorm2d(512, eps=1e-05, momentum=0.1, affine=True, track_running_stats=True)
        (relu): ReLU(inplace=True)
        (conv2): Conv2d(512, 512, kernel_size=(3, 3), stride=(1, 1), padding=(1, 1), bias=False)
        (bn2): BatchNorm2d(512, eps=1e-05, momentum=0.1, affine=True, track_running_stats=True)
      )
      (2): BasicBlock(
        (conv1): Conv2d(512, 512, kernel_size=(3, 3), stride=(1, 1), padding=(1, 1), bias=False)
        (bn1): BatchNorm2d(512, eps=1e-05, momentum=0.1, affine=True, track_running_stats=True)
        (relu): ReLU(inplace=True)
        (conv2): Conv2d(512, 512, kernel_size=(3, 3), stride=(1, 1), padding=(1, 1), bias=False)
        (bn2): BatchNorm2d(512, eps=1e-05, momentum=0.1, affine=True, track_running_stats=True)
      )
    )
    (avgpool): AdaptiveAvgPool2d(output_size=(1, 1))
  )
  (classifier): Linear(in_features=512, out_features=100, bias=True)
  (ce): CrossEntropyLoss()
)
Trainable params in the model: 21328292
SGD (
Parameter Group 0
    dampening: 0
    differentiable: False
    foreach: None
    initial_lr: 0.1
    lr: 0.03333333333333333
    maximize: False
    momentum: 0
    nesterov: False
    weight_decay: 0
)
================Task 0 Start!================
SGD (
Parameter Group 0
    dampening: 0
    differentiable: False
    foreach: None
    initial_lr: 0.1
    lr: 0.03333333333333333
    maximize: False
    momentum: 0
    nesterov: False
    weight_decay: 0
)
================Task 0 Training!================
The training samples number: 10000
learning rate: [0.03333333333333333]
================ Train on the train set ================
Epoch [0/20] |	Loss: 2.671 	Average Acc: 0.203 
learning rate: [0.06666666666666667]
================ Train on the train set ================
Epoch [1/20] |	Loss: 2.387 	Average Acc: 0.296 
learning rate: [0.1]
================ Train on the train set ================
Epoch [2/20] |	Loss: 2.059 	Average Acc: 0.365 
learning rate: [0.1]
================ Train on the train set ================
Epoch [3/20] |	Loss: 1.716 	Average Acc: 0.470 
learning rate: [0.1]
================ Train on the train set ================
Epoch [4/20] |	Loss: 1.476 	Average Acc: 0.540 
================ Test on the test set ================
 * Average Acc: 0.500 Best acc 0.500
 Per-Task Acc:[0.5]
learning rate: [0.1]
================ Train on the train set ================
Epoch [5/20] |	Loss: 1.212 	Average Acc: 0.619 
learning rate: [0.1]
================ Train on the train set ================
Epoch [6/20] |	Loss: 0.978 	Average Acc: 0.688 
learning rate: [0.1]
================ Train on the train set ================
Epoch [7/20] |	Loss: 0.749 	Average Acc: 0.761 
learning rate: [0.1]
================ Train on the train set ================
Epoch [8/20] |	Loss: 0.557 	Average Acc: 0.825 
learning rate: [0.1]
================ Train on the train set ================
Epoch [9/20] |	Loss: 0.418 	Average Acc: 0.868 
================ Test on the test set ================
 * Average Acc: 0.460 Best acc 0.500
 Per-Task Acc:[0.46]
learning rate: [0.1]
================ Train on the train set ================
Epoch [10/20] |	Loss: 0.301 	Average Acc: 0.904 
learning rate: [0.1]
================ Train on the train set ================
Epoch [11/20] |	Loss: 0.236 	Average Acc: 0.925 
learning rate: [0.010000000000000002]
================ Train on the train set ================
Epoch [12/20] |	Loss: 0.079 	Average Acc: 0.975 
learning rate: [0.010000000000000002]
================ Train on the train set ================
Epoch [13/20] |	Loss: 0.022 	Average Acc: 0.995 
learning rate: [0.010000000000000002]
================ Train on the train set ================
Epoch [14/20] |	Loss: 0.014 	Average Acc: 0.997 
================ Test on the test set ================
 * Average Acc: 0.630 Best acc 0.630
 Per-Task Acc:[0.63]
learning rate: [0.010000000000000002]
================ Train on the train set ================
Epoch [15/20] |	Loss: 0.010 	Average Acc: 0.998 
learning rate: [0.010000000000000002]
================ Train on the train set ================
Epoch [16/20] |	Loss: 0.007 	Average Acc: 0.998 
learning rate: [0.010000000000000002]
================ Train on the train set ================
Epoch [17/20] |	Loss: 0.005 	Average Acc: 0.999 
learning rate: [0.010000000000000002]
================ Train on the train set ================
Epoch [18/20] |	Loss: 0.004 	Average Acc: 0.999 
learning rate: [0.010000000000000002]
================ Train on the train set ================
Epoch [19/20] |	Loss: 0.003 	Average Acc: 1.000 
================ Test on the test set ================
 * Average Acc: 0.630 Best acc 0.630
 Per-Task Acc:[0.63]
================Task 1 Start!================
SGD (
Parameter Group 0
    dampening: 0
    differentiable: False
    foreach: None
    initial_lr: 0.1
    lr: 0.03333333333333333
    maximize: False
    momentum: 0
    nesterov: False
    weight_decay: 0
)
================Task 1 Training!================
The training samples number: 10000
learning rate: [0.03333333333333333]
================ Train on the train set ================
Epoch [0/20] |	Loss: 2.115 	Average Acc: 0.348 
learning rate: [0.06666666666666667]
================ Train on the train set ================
Epoch [1/20] |	Loss: 1.348 	Average Acc: 0.562 
learning rate: [0.1]
================ Train on the train set ================
Epoch [2/20] |	Loss: 1.001 	Average Acc: 0.674 
learning rate: [0.1]
================ Train on the train set ================
Epoch [3/20] |	Loss: 0.601 	Average Acc: 0.802 
learning rate: [0.1]
================ Train on the train set ================
Epoch [4/20] |	Loss: 0.369 	Average Acc: 0.879 
================ Test on the test set ================
 * Average Acc: 0.290 Best acc 0.290
 Per-Task Acc:[0.0, 0.58]
learning rate: [0.1]
================ Train on the train set ================
Epoch [5/20] |	Loss: 0.271 	Average Acc: 0.909 
learning rate: [0.1]
================ Train on the train set ================
Epoch [6/20] |	Loss: 0.198 	Average Acc: 0.931 
learning rate: [0.1]
================ Train on the train set ================
Epoch [7/20] |	Loss: 0.161 	Average Acc: 0.945 
learning rate: [0.1]
================ Train on the train set ================
Epoch [8/20] |	Loss: 0.124 	Average Acc: 0.958 
learning rate: [0.1]
================ Train on the train set ================
Epoch [9/20] |	Loss: 0.088 	Average Acc: 0.970 
================ Test on the test set ================
 * Average Acc: 0.300 Best acc 0.300
 Per-Task Acc:[0.0, 0.6]
learning rate: [0.1]
================ Train on the train set ================
Epoch [10/20] |	Loss: 0.091 	Average Acc: 0.969 
learning rate: [0.1]
================ Train on the train set ================
Epoch [11/20] |	Loss: 0.076 	Average Acc: 0.974 
learning rate: [0.010000000000000002]
================ Train on the train set ================
Epoch [12/20] |	Loss: 0.027 	Average Acc: 0.992 
learning rate: [0.010000000000000002]
================ Train on the train set ================
Epoch [13/20] |	Loss: 0.008 	Average Acc: 0.998 
learning rate: [0.010000000000000002]
================ Train on the train set ================
Epoch [14/20] |	Loss: 0.006 	Average Acc: 0.999 
================ Test on the test set ================
 * Average Acc: 0.345 Best acc 0.345
 Per-Task Acc:[0.0, 0.69]
learning rate: [0.010000000000000002]
================ Train on the train set ================
Epoch [15/20] |	Loss: 0.005 	Average Acc: 0.999 
learning rate: [0.010000000000000002]
================ Train on the train set ================
Epoch [16/20] |	Loss: 0.003 	Average Acc: 1.000 
learning rate: [0.010000000000000002]
================ Train on the train set ================
Epoch [17/20] |	Loss: 0.003 	Average Acc: 1.000 
learning rate: [0.010000000000000002]
================ Train on the train set ================
Epoch [18/20] |	Loss: 0.003 	Average Acc: 0.999 
learning rate: [0.010000000000000002]
================ Train on the train set ================
Epoch [19/20] |	Loss: 0.002 	Average Acc: 1.000 
================ Test on the test set ================
 * Average Acc: 0.350 Best acc 0.350
 Per-Task Acc:[0.0, 0.7]
================Task 2 Start!================
SGD (
Parameter Group 0
    dampening: 0
    differentiable: False
    foreach: None
    initial_lr: 0.1
    lr: 0.03333333333333333
    maximize: False
    momentum: 0
    nesterov: False
    weight_decay: 0
)
================Task 2 Training!================
The training samples number: 10000
learning rate: [0.03333333333333333]
================ Train on the train set ================
Epoch [0/20] |	Loss: 2.115 	Average Acc: 0.412 
learning rate: [0.06666666666666667]
================ Train on the train set ================
Epoch [1/20] |	Loss: 1.112 	Average Acc: 0.636 
learning rate: [0.1]
================ Train on the train set ================
Epoch [2/20] |	Loss: 0.780 	Average Acc: 0.742 
learning rate: [0.1]
================ Train on the train set ================
Epoch [3/20] |	Loss: 0.348 	Average Acc: 0.886 
learning rate: [0.1]
================ Train on the train set ================
Epoch [4/20] |	Loss: 0.200 	Average Acc: 0.931 
================ Test on the test set ================
 * Average Acc: 0.207 Best acc 0.207
 Per-Task Acc:[0.0, 0.0, 0.62]
learning rate: [0.1]
================ Train on the train set ================
Epoch [5/20] |	Loss: 0.128 	Average Acc: 0.957 
learning rate: [0.1]
================ Train on the train set ================
Epoch [6/20] |	Loss: 0.109 	Average Acc: 0.964 
learning rate: [0.1]
================ Train on the train set ================
