{'data_root': '/data/bzx_yjy/cifar100', 'image_size': 32, 'pin_memory': False, 'augment': True, 'workers': 8, 'device_ids': 1, 'n_gpu': 1, 'seed': 1993, 'deterministic': True, 'epoch': 70, 'batch_size': 128, 'val_per_epoch': 5, 'optimzer': {'name': 'SGD', 'kwargs': {'lr': 0.1}}, 'lr_scheduler': {'name': 'StepLR', 'kwargs': {'gamma': 0.5, 'step_size': 30}}, 'warmup': 3, 'includes': ['headers/data.yaml', 'headers/device.yaml', 'headers/model.yaml', 'headers/optimizer.yaml', 'backbones/resnet12.yaml'], 'save_path': './', 'init_cls_num': 10, 'inc_cls_num': 10, 'task_num': 10, 'optimizer': {'name': 'SGD', 'kwargs': {'lr': 0.1, 'momentum': 0.95, 'weight_decay': 0.0002}}, 'backbone': {'name': 'resnet32', 'kwargs': None}, 'buffer': {'name': 'LinearBuffer', 'kwargs': {'buffer_size': 0, 'batch_size': 32, 'strategy': 'random'}}, 'classifier': {'name': 'GEM', 'kwargs': {'num_class': 100, 'feat_dim': 64, 'n_memories': 5120, 'n_task': 10, 'memory_strength': 0}}, 'rank': 0}
GEM(
  (net): CifarResNet(
    (conv_1_3x3): Conv2d(3, 16, kernel_size=(3, 3), stride=(1, 1), padding=(1, 1), bias=False)
    (bn_1): BatchNorm2d(16, eps=1e-05, momentum=0.1, affine=True, track_running_stats=True)
    (stage_1): Sequential(
      (0): ResNetBasicblock(
        (conv_a): Conv2d(16, 16, kernel_size=(3, 3), stride=(1, 1), padding=(1, 1), bias=False)
        (bn_a): BatchNorm2d(16, eps=1e-05, momentum=0.1, affine=True, track_running_stats=True)
        (conv_b): Conv2d(16, 16, kernel_size=(3, 3), stride=(1, 1), padding=(1, 1), bias=False)
        (bn_b): BatchNorm2d(16, eps=1e-05, momentum=0.1, affine=True, track_running_stats=True)
      )
      (1): ResNetBasicblock(
        (conv_a): Conv2d(16, 16, kernel_size=(3, 3), stride=(1, 1), padding=(1, 1), bias=False)
        (bn_a): BatchNorm2d(16, eps=1e-05, momentum=0.1, affine=True, track_running_stats=True)
        (conv_b): Conv2d(16, 16, kernel_size=(3, 3), stride=(1, 1), padding=(1, 1), bias=False)
        (bn_b): BatchNorm2d(16, eps=1e-05, momentum=0.1, affine=True, track_running_stats=True)
      )
      (2): ResNetBasicblock(
        (conv_a): Conv2d(16, 16, kernel_size=(3, 3), stride=(1, 1), padding=(1, 1), bias=False)
        (bn_a): BatchNorm2d(16, eps=1e-05, momentum=0.1, affine=True, track_running_stats=True)
        (conv_b): Conv2d(16, 16, kernel_size=(3, 3), stride=(1, 1), padding=(1, 1), bias=False)
        (bn_b): BatchNorm2d(16, eps=1e-05, momentum=0.1, affine=True, track_running_stats=True)
      )
      (3): ResNetBasicblock(
        (conv_a): Conv2d(16, 16, kernel_size=(3, 3), stride=(1, 1), padding=(1, 1), bias=False)
        (bn_a): BatchNorm2d(16, eps=1e-05, momentum=0.1, affine=True, track_running_stats=True)
        (conv_b): Conv2d(16, 16, kernel_size=(3, 3), stride=(1, 1), padding=(1, 1), bias=False)
        (bn_b): BatchNorm2d(16, eps=1e-05, momentum=0.1, affine=True, track_running_stats=True)
      )
      (4): ResNetBasicblock(
        (conv_a): Conv2d(16, 16, kernel_size=(3, 3), stride=(1, 1), padding=(1, 1), bias=False)
        (bn_a): BatchNorm2d(16, eps=1e-05, momentum=0.1, affine=True, track_running_stats=True)
        (conv_b): Conv2d(16, 16, kernel_size=(3, 3), stride=(1, 1), padding=(1, 1), bias=False)
        (bn_b): BatchNorm2d(16, eps=1e-05, momentum=0.1, affine=True, track_running_stats=True)
      )
    )
    (stage_2): Sequential(
      (0): ResNetBasicblock(
        (conv_a): Conv2d(16, 32, kernel_size=(3, 3), stride=(2, 2), padding=(1, 1), bias=False)
        (bn_a): BatchNorm2d(32, eps=1e-05, momentum=0.1, affine=True, track_running_stats=True)
        (conv_b): Conv2d(32, 32, kernel_size=(3, 3), stride=(1, 1), padding=(1, 1), bias=False)
        (bn_b): BatchNorm2d(32, eps=1e-05, momentum=0.1, affine=True, track_running_stats=True)
        (downsample): DownsampleA(
          (avg): AvgPool2d(kernel_size=1, stride=2, padding=0)
        )
      )
      (1): ResNetBasicblock(
        (conv_a): Conv2d(32, 32, kernel_size=(3, 3), stride=(1, 1), padding=(1, 1), bias=False)
        (bn_a): BatchNorm2d(32, eps=1e-05, momentum=0.1, affine=True, track_running_stats=True)
        (conv_b): Conv2d(32, 32, kernel_size=(3, 3), stride=(1, 1), padding=(1, 1), bias=False)
        (bn_b): BatchNorm2d(32, eps=1e-05, momentum=0.1, affine=True, track_running_stats=True)
      )
      (2): ResNetBasicblock(
        (conv_a): Conv2d(32, 32, kernel_size=(3, 3), stride=(1, 1), padding=(1, 1), bias=False)
        (bn_a): BatchNorm2d(32, eps=1e-05, momentum=0.1, affine=True, track_running_stats=True)
        (conv_b): Conv2d(32, 32, kernel_size=(3, 3), stride=(1, 1), padding=(1, 1), bias=False)
        (bn_b): BatchNorm2d(32, eps=1e-05, momentum=0.1, affine=True, track_running_stats=True)
      )
      (3): ResNetBasicblock(
        (conv_a): Conv2d(32, 32, kernel_size=(3, 3), stride=(1, 1), padding=(1, 1), bias=False)
        (bn_a): BatchNorm2d(32, eps=1e-05, momentum=0.1, affine=True, track_running_stats=True)
        (conv_b): Conv2d(32, 32, kernel_size=(3, 3), stride=(1, 1), padding=(1, 1), bias=False)
        (bn_b): BatchNorm2d(32, eps=1e-05, momentum=0.1, affine=True, track_running_stats=True)
      )
      (4): ResNetBasicblock(
        (conv_a): Conv2d(32, 32, kernel_size=(3, 3), stride=(1, 1), padding=(1, 1), bias=False)
        (bn_a): BatchNorm2d(32, eps=1e-05, momentum=0.1, affine=True, track_running_stats=True)
        (conv_b): Conv2d(32, 32, kernel_size=(3, 3), stride=(1, 1), padding=(1, 1), bias=False)
        (bn_b): BatchNorm2d(32, eps=1e-05, momentum=0.1, affine=True, track_running_stats=True)
      )
    )
    (stage_3): Sequential(
      (0): ResNetBasicblock(
        (conv_a): Conv2d(32, 64, kernel_size=(3, 3), stride=(2, 2), padding=(1, 1), bias=False)
        (bn_a): BatchNorm2d(64, eps=1e-05, momentum=0.1, affine=True, track_running_stats=True)
        (conv_b): Conv2d(64, 64, kernel_size=(3, 3), stride=(1, 1), padding=(1, 1), bias=False)
        (bn_b): BatchNorm2d(64, eps=1e-05, momentum=0.1, affine=True, track_running_stats=True)
        (downsample): DownsampleA(
          (avg): AvgPool2d(kernel_size=1, stride=2, padding=0)
        )
      )
      (1): ResNetBasicblock(
        (conv_a): Conv2d(64, 64, kernel_size=(3, 3), stride=(1, 1), padding=(1, 1), bias=False)
        (bn_a): BatchNorm2d(64, eps=1e-05, momentum=0.1, affine=True, track_running_stats=True)
        (conv_b): Conv2d(64, 64, kernel_size=(3, 3), stride=(1, 1), padding=(1, 1), bias=False)
        (bn_b): BatchNorm2d(64, eps=1e-05, momentum=0.1, affine=True, track_running_stats=True)
      )
      (2): ResNetBasicblock(
        (conv_a): Conv2d(64, 64, kernel_size=(3, 3), stride=(1, 1), padding=(1, 1), bias=False)
        (bn_a): BatchNorm2d(64, eps=1e-05, momentum=0.1, affine=True, track_running_stats=True)
        (conv_b): Conv2d(64, 64, kernel_size=(3, 3), stride=(1, 1), padding=(1, 1), bias=False)
        (bn_b): BatchNorm2d(64, eps=1e-05, momentum=0.1, affine=True, track_running_stats=True)
      )
      (3): ResNetBasicblock(
        (conv_a): Conv2d(64, 64, kernel_size=(3, 3), stride=(1, 1), padding=(1, 1), bias=False)
        (bn_a): BatchNorm2d(64, eps=1e-05, momentum=0.1, affine=True, track_running_stats=True)
        (conv_b): Conv2d(64, 64, kernel_size=(3, 3), stride=(1, 1), padding=(1, 1), bias=False)
        (bn_b): BatchNorm2d(64, eps=1e-05, momentum=0.1, affine=True, track_running_stats=True)
      )
      (4): ResNetBasicblock(
        (conv_a): Conv2d(64, 64, kernel_size=(3, 3), stride=(1, 1), padding=(1, 1), bias=False)
        (bn_a): BatchNorm2d(64, eps=1e-05, momentum=0.1, affine=True, track_running_stats=True)
        (conv_b): Conv2d(64, 64, kernel_size=(3, 3), stride=(1, 1), padding=(1, 1), bias=False)
        (bn_b): BatchNorm2d(64, eps=1e-05, momentum=0.1, affine=True, track_running_stats=True)
      )
    )
    (avgpool): AvgPool2d(kernel_size=8, stride=8, padding=0)
    (fc): Linear(in_features=64, out_features=10, bias=True)
  )
  (classifier): Linear(in_features=64, out_features=100, bias=True)
  (ce): CrossEntropyLoss()
)
Trainable params in the model: 470654
SGD (
Parameter Group 0
    dampening: 0
    differentiable: False
    foreach: None
    initial_lr: 0.1
    lr: 0.03333333333333333
    maximize: False
    momentum: 0.95
    nesterov: False
    weight_decay: 0.0002
)
================Task 0 Start!================
SGD (
Parameter Group 0
    dampening: 0
    differentiable: False
    foreach: None
    initial_lr: 0.1
    lr: 0.03333333333333333
    maximize: False
    momentum: 0.95
    nesterov: False
    weight_decay: 0.0002
)
================Task 0 Training!================
The training samples number: 5000
learning rate: [0.03333333333333333]
================ Train on the train set ================
Epoch [0/70] |	Loss: 2.115 	Average Acc: 0.282 
learning rate: [0.06666666666666667]
================ Train on the train set ================
Epoch [1/70] |	Loss: 1.654 	Average Acc: 0.420 
learning rate: [0.1]
================ Train on the train set ================
Epoch [2/70] |	Loss: 1.465 	Average Acc: 0.481 
learning rate: [0.1]
================ Train on the train set ================
Epoch [3/70] |	Loss: 1.303 	Average Acc: 0.543 
learning rate: [0.1]
================ Train on the train set ================
Epoch [4/70] |	Loss: 1.126 	Average Acc: 0.607 
================ Test on the test set ================
 * Average Acc: 0.590 Best acc 0.590
 Per-Task Acc:[0.59]
learning rate: [0.1]
================ Train on the train set ================
Epoch [5/70] |	Loss: 0.966 	Average Acc: 0.658 
learning rate: [0.1]
================ Train on the train set ================
Epoch [6/70] |	Loss: 0.909 	Average Acc: 0.690 
learning rate: [0.1]
================ Train on the train set ================
Epoch [7/70] |	Loss: 0.830 	Average Acc: 0.713 
learning rate: [0.1]
================ Train on the train set ================
Epoch [8/70] |	Loss: 0.726 	Average Acc: 0.758 
learning rate: [0.1]
================ Train on the train set ================
Epoch [9/70] |	Loss: 0.665 	Average Acc: 0.776 
================ Test on the test set ================
 * Average Acc: 0.610 Best acc 0.610
 Per-Task Acc:[0.61]
learning rate: [0.1]
================ Train on the train set ================
Epoch [10/70] |	Loss: 0.582 	Average Acc: 0.798 
learning rate: [0.1]
================ Train on the train set ================
Epoch [11/70] |	Loss: 0.547 	Average Acc: 0.813 
learning rate: [0.1]
================ Train on the train set ================
Epoch [12/70] |	Loss: 0.474 	Average Acc: 0.843 
learning rate: [0.1]
================ Train on the train set ================
Epoch [13/70] |	Loss: 0.455 	Average Acc: 0.843 
learning rate: [0.1]
================ Train on the train set ================
Epoch [14/70] |	Loss: 0.366 	Average Acc: 0.876 
================ Test on the test set ================
 * Average Acc: 0.720 Best acc 0.720
 Per-Task Acc:[0.72]
learning rate: [0.1]
================ Train on the train set ================
Epoch [15/70] |	Loss: 0.366 	Average Acc: 0.881 
learning rate: [0.1]
================ Train on the train set ================
Epoch [16/70] |	Loss: 0.353 	Average Acc: 0.884 
learning rate: [0.1]
================ Train on the train set ================
Epoch [17/70] |	Loss: 0.318 	Average Acc: 0.896 
learning rate: [0.1]
================ Train on the train set ================
Epoch [18/70] |	Loss: 0.292 	Average Acc: 0.899 
learning rate: [0.1]
================ Train on the train set ================
Epoch [19/70] |	Loss: 0.340 	Average Acc: 0.884 
================ Test on the test set ================
 * Average Acc: 0.720 Best acc 0.720
 Per-Task Acc:[0.72]
learning rate: [0.1]
================ Train on the train set ================
Epoch [20/70] |	Loss: 0.303 	Average Acc: 0.899 
learning rate: [0.1]
================ Train on the train set ================
Epoch [21/70] |	Loss: 0.284 	Average Acc: 0.905 
learning rate: [0.1]
================ Train on the train set ================
Epoch [22/70] |	Loss: 0.231 	Average Acc: 0.919 
learning rate: [0.1]
================ Train on the train set ================
Epoch [23/70] |	Loss: 0.286 	Average Acc: 0.907 
learning rate: [0.1]
================ Train on the train set ================
Epoch [24/70] |	Loss: 0.210 	Average Acc: 0.927 
================ Test on the test set ================
 * Average Acc: 0.680 Best acc 0.720
 Per-Task Acc:[0.68]
learning rate: [0.1]
================ Train on the train set ================
Epoch [25/70] |	Loss: 0.256 	Average Acc: 0.916 
learning rate: [0.1]
================ Train on the train set ================
Epoch [26/70] |	Loss: 0.184 	Average Acc: 0.940 
learning rate: [0.1]
================ Train on the train set ================
Epoch [27/70] |	Loss: 0.179 	Average Acc: 0.941 
learning rate: [0.1]
================ Train on the train set ================
Epoch [28/70] |	Loss: 0.219 	Average Acc: 0.923 
learning rate: [0.1]
================ Train on the train set ================
Epoch [29/70] |	Loss: 0.281 	Average Acc: 0.906 
================ Test on the test set ================
 * Average Acc: 0.690 Best acc 0.720
 Per-Task Acc:[0.69]
learning rate: [0.1]
================ Train on the train set ================
Epoch [30/70] |	Loss: 0.219 	Average Acc: 0.926 
learning rate: [0.1]
================ Train on the train set ================
Epoch [31/70] |	Loss: 0.257 	Average Acc: 0.915 
learning rate: [0.05]
================ Train on the train set ================
Epoch [32/70] |	Loss: 0.076 	Average Acc: 0.977 
learning rate: [0.05]
================ Train on the train set ================
Epoch [33/70] |	Loss: 0.017 	Average Acc: 0.997 
learning rate: [0.05]
================ Train on the train set ================
Epoch [34/70] |	Loss: 0.010 	Average Acc: 0.998 
================ Test on the test set ================
 * Average Acc: 0.790 Best acc 0.790
 Per-Task Acc:[0.79]
learning rate: [0.05]
================ Train on the train set ================
Epoch [35/70] |	Loss: 0.005 	Average Acc: 1.000 
learning rate: [0.05]
================ Train on the train set ================
Epoch [36/70] |	Loss: 0.004 	Average Acc: 1.000 
learning rate: [0.05]
================ Train on the train set ================
Epoch [37/70] |	Loss: 0.004 	Average Acc: 1.000 
learning rate: [0.05]
================ Train on the train set ================
Epoch [38/70] |	Loss: 0.003 	Average Acc: 1.000 
learning rate: [0.05]
================ Train on the train set ================
Epoch [39/70] |	Loss: 0.003 	Average Acc: 1.000 
================ Test on the test set ================
 * Average Acc: 0.800 Best acc 0.800
 Per-Task Acc:[0.8]
learning rate: [0.05]
================ Train on the train set ================
Epoch [40/70] |	Loss: 0.003 	Average Acc: 1.000 
learning rate: [0.05]
================ Train on the train set ================
Epoch [41/70] |	Loss: 0.003 	Average Acc: 1.000 
learning rate: [0.05]
================ Train on the train set ================
Epoch [42/70] |	Loss: 0.003 	Average Acc: 1.000 
learning rate: [0.05]
================ Train on the train set ================
Epoch [43/70] |	Loss: 0.005 	Average Acc: 0.999 
learning rate: [0.05]
================ Train on the train set ================
Epoch [44/70] |	Loss: 0.007 	Average Acc: 0.999 
================ Test on the test set ================
 * Average Acc: 0.800 Best acc 0.800
 Per-Task Acc:[0.8]
learning rate: [0.05]
================ Train on the train set ================
Epoch [45/70] |	Loss: 0.005 	Average Acc: 1.000 
learning rate: [0.05]
================ Train on the train set ================
Epoch [46/70] |	Loss: 0.003 	Average Acc: 1.000 
learning rate: [0.05]
================ Train on the train set ================
Epoch [47/70] |	Loss: 0.003 	Average Acc: 1.000 
learning rate: [0.05]
================ Train on the train set ================
Epoch [48/70] |	Loss: 0.003 	Average Acc: 1.000 
learning rate: [0.05]
================ Train on the train set ================
Epoch [49/70] |	Loss: 0.002 	Average Acc: 1.000 
================ Test on the test set ================
 * Average Acc: 0.800 Best acc 0.800
 Per-Task Acc:[0.8]
learning rate: [0.05]
================ Train on the train set ================
Epoch [50/70] |	Loss: 0.002 	Average Acc: 1.000 
learning rate: [0.05]
================ Train on the train set ================
Epoch [51/70] |	Loss: 0.002 	Average Acc: 1.000 
learning rate: [0.05]
================ Train on the train set ================
Epoch [52/70] |	Loss: 0.002 	Average Acc: 1.000 
learning rate: [0.05]
================ Train on the train set ================
Epoch [53/70] |	Loss: 0.002 	Average Acc: 1.000 
learning rate: [0.05]
================ Train on the train set ================
Epoch [54/70] |	Loss: 0.003 	Average Acc: 1.000 
================ Test on the test set ================
 * Average Acc: 0.790 Best acc 0.800
 Per-Task Acc:[0.79]
learning rate: [0.05]
================ Train on the train set ================
Epoch [55/70] |	Loss: 0.003 	Average Acc: 1.000 
learning rate: [0.05]
================ Train on the train set ================
Epoch [56/70] |	Loss: 0.002 	Average Acc: 1.000 
learning rate: [0.05]
================ Train on the train set ================
Epoch [57/70] |	Loss: 0.004 	Average Acc: 0.999 
learning rate: [0.05]
================ Train on the train set ================
Epoch [58/70] |	Loss: 0.447 	Average Acc: 0.851 
learning rate: [0.05]
================ Train on the train set ================
Epoch [59/70] |	Loss: 0.431 	Average Acc: 0.853 
================ Test on the test set ================
 * Average Acc: 0.640 Best acc 0.800
 Per-Task Acc:[0.64]
learning rate: [0.05]
================ Train on the train set ================
Epoch [60/70] |	Loss: 0.284 	Average Acc: 0.904 
learning rate: [0.05]
================ Train on the train set ================
Epoch [61/70] |	Loss: 0.207 	Average Acc: 0.931 
learning rate: [0.025]
================ Train on the train set ================
Epoch [62/70] |	Loss: 0.067 	Average Acc: 0.979 
learning rate: [0.025]
================ Train on the train set ================
Epoch [63/70] |	Loss: 0.021 	Average Acc: 0.995 
learning rate: [0.025]
================ Train on the train set ================
Epoch [64/70] |	Loss: 0.008 	Average Acc: 1.000 
================ Test on the test set ================
 * Average Acc: 0.800 Best acc 0.800
 Per-Task Acc:[0.8]
learning rate: [0.025]
================ Train on the train set ================
Epoch [65/70] |	Loss: 0.006 	Average Acc: 0.999 
learning rate: [0.025]
================ Train on the train set ================
Epoch [66/70] |	Loss: 0.004 	Average Acc: 1.000 
learning rate: [0.025]
================ Train on the train set ================
Epoch [67/70] |	Loss: 0.003 	Average Acc: 1.000 
learning rate: [0.025]
================ Train on the train set ================
Epoch [68/70] |	Loss: 0.005 	Average Acc: 0.999 
learning rate: [0.025]
================ Train on the train set ================
Epoch [69/70] |	Loss: 0.003 	Average Acc: 1.000 
================ Test on the test set ================
 * Average Acc: 0.810 Best acc 0.810
 Per-Task Acc:[0.81]
================Task 1 Start!================
SGD (
Parameter Group 0
    dampening: 0
    differentiable: False
    foreach: None
    initial_lr: 0.1
    lr: 0.03333333333333333
    maximize: False
    momentum: 0.95
    nesterov: False
    weight_decay: 0.0002
)
================Task 1 Training!================
The training samples number: 5000
learning rate: [0.03333333333333333]
================ Train on the train set ================
Epoch [0/70] |	Loss: 4.033 	Average Acc: 0.148 
learning rate: [0.06666666666666667]
================ Train on the train set ================
Epoch [1/70] |	Loss: 1.858 	Average Acc: 0.378 
learning rate: [0.1]
================ Train on the train set ================
Epoch [2/70] |	Loss: 1.307 	Average Acc: 0.545 
learning rate: [0.1]
================ Train on the train set ================
Epoch [3/70] |	Loss: 0.941 	Average Acc: 0.668 
learning rate: [0.1]
================ Train on the train set ================
Epoch [4/70] |	Loss: 0.724 	Average Acc: 0.739 
================ Test on the test set ================
 * Average Acc: 0.275 Best acc 0.275
 Per-Task Acc:[0.03, 0.52]
learning rate: [0.1]
================ Train on the train set ================
Epoch [5/70] |	Loss: 0.585 	Average Acc: 0.796 
learning rate: [0.1]
================ Train on the train set ================
Epoch [6/70] |	Loss: 0.473 	Average Acc: 0.833 
learning rate: [0.1]
================ Train on the train set ================
Epoch [7/70] |	Loss: 0.382 	Average Acc: 0.866 
learning rate: [0.1]
================ Train on the train set ================
Epoch [8/70] |	Loss: 0.754 	Average Acc: 0.748 
learning rate: [0.1]
================ Train on the train set ================
Epoch [9/70] |	Loss: 0.404 	Average Acc: 0.858 
================ Test on the test set ================
 * Average Acc: 0.280 Best acc 0.280
 Per-Task Acc:[0.0, 0.56]
learning rate: [0.1]
================ Train on the train set ================
Epoch [10/70] |	Loss: 0.449 	Average Acc: 0.855 
learning rate: [0.1]
================ Train on the train set ================
Epoch [11/70] |	Loss: 0.301 	Average Acc: 0.895 
learning rate: [0.1]
================ Train on the train set ================
Epoch [12/70] |	Loss: 0.190 	Average Acc: 0.936 
learning rate: [0.1]
================ Train on the train set ================
Epoch [13/70] |	Loss: 0.143 	Average Acc: 0.949 
learning rate: [0.1]
================ Train on the train set ================
Epoch [14/70] |	Loss: 0.105 	Average Acc: 0.967 
================ Test on the test set ================
 * Average Acc: 0.310 Best acc 0.310
 Per-Task Acc:[0.07, 0.55]
learning rate: [0.1]
================ Train on the train set ================
Epoch [15/70] |	Loss: 0.074 	Average Acc: 0.980 
learning rate: [0.1]
================ Train on the train set ================
Epoch [16/70] |	Loss: 0.137 	Average Acc: 0.954 
learning rate: [0.1]
================ Train on the train set ================
Epoch [17/70] |	Loss: 0.120 	Average Acc: 0.963 
learning rate: [0.1]
================ Train on the train set ================
Epoch [18/70] |	Loss: 0.084 	Average Acc: 0.970 
learning rate: [0.1]
================ Train on the train set ================
Epoch [19/70] |	Loss: 0.126 	Average Acc: 0.966 
================ Test on the test set ================
 * Average Acc: 0.405 Best acc 0.405
 Per-Task Acc:[0.3, 0.51]
learning rate: [0.1]
================ Train on the train set ================
Epoch [20/70] |	Loss: 0.094 	Average Acc: 0.968 
learning rate: [0.1]
================ Train on the train set ================
Epoch [21/70] |	Loss: 0.079 	Average Acc: 0.975 
learning rate: [0.1]
================ Train on the train set ================
Epoch [22/70] |	Loss: 0.062 	Average Acc: 0.984 
learning rate: [0.1]
================ Train on the train set ================
Epoch [23/70] |	Loss: 0.032 	Average Acc: 0.992 
learning rate: [0.1]
================ Train on the train set ================
Epoch [24/70] |	Loss: 0.026 	Average Acc: 0.995 
================ Test on the test set ================
 * Average Acc: 0.410 Best acc 0.410
 Per-Task Acc:[0.27, 0.55]
learning rate: [0.1]
================ Train on the train set ================
Epoch [25/70] |	Loss: 0.012 	Average Acc: 0.998 
learning rate: [0.1]
================ Train on the train set ================
Epoch [26/70] |	Loss: 0.005 	Average Acc: 1.000 
learning rate: [0.1]
================ Train on the train set ================
Epoch [27/70] |	Loss: 0.002 	Average Acc: 1.000 
learning rate: [0.1]
================ Train on the train set ================
Epoch [28/70] |	Loss: 0.001 	Average Acc: 1.000 
learning rate: [0.1]
================ Train on the train set ================
Epoch [29/70] |	Loss: 0.001 	Average Acc: 1.000 
================ Test on the test set ================
 * Average Acc: 0.470 Best acc 0.470
 Per-Task Acc:[0.36, 0.58]
learning rate: [0.1]
================ Train on the train set ================
Epoch [30/70] |	Loss: 0.001 	Average Acc: 1.000 
learning rate: [0.1]
================ Train on the train set ================
Epoch [31/70] |	Loss: 0.001 	Average Acc: 1.000 
learning rate: [0.05]
================ Train on the train set ================
Epoch [32/70] |	Loss: 0.001 	Average Acc: 1.000 
learning rate: [0.05]
================ Train on the train set ================
Epoch [33/70] |	Loss: 0.001 	Average Acc: 1.000 
learning rate: [0.05]
================ Train on the train set ================
Epoch [34/70] |	Loss: 0.001 	Average Acc: 1.000 
================ Test on the test set ================
 * Average Acc: 0.465 Best acc 0.470
 Per-Task Acc:[0.35, 0.58]
learning rate: [0.05]
================ Train on the train set ================
Epoch [35/70] |	Loss: 0.001 	Average Acc: 1.000 
learning rate: [0.05]
================ Train on the train set ================
Epoch [36/70] |	Loss: 0.001 	Average Acc: 1.000 
learning rate: [0.05]
================ Train on the train set ================
Epoch [37/70] |	Loss: 0.001 	Average Acc: 1.000 
learning rate: [0.05]
================ Train on the train set ================
Epoch [38/70] |	Loss: 0.001 	Average Acc: 1.000 
learning rate: [0.05]
================ Train on the train set ================
Epoch [39/70] |	Loss: 0.001 	Average Acc: 1.000 
================ Test on the test set ================
 * Average Acc: 0.465 Best acc 0.470
 Per-Task Acc:[0.35, 0.58]
learning rate: [0.05]
================ Train on the train set ================
Epoch [40/70] |	Loss: 0.001 	Average Acc: 1.000 
learning rate: [0.05]
================ Train on the train set ================
Epoch [41/70] |	Loss: 0.001 	Average Acc: 1.000 
learning rate: [0.05]
================ Train on the train set ================
Epoch [42/70] |	Loss: 0.001 	Average Acc: 1.000 
learning rate: [0.05]
================ Train on the train set ================
Epoch [43/70] |	Loss: 0.001 	Average Acc: 1.000 
learning rate: [0.05]
================ Train on the train set ================
Epoch [44/70] |	Loss: 0.001 	Average Acc: 1.000 
================ Test on the test set ================
 * Average Acc: 0.460 Best acc 0.470
 Per-Task Acc:[0.34, 0.58]
learning rate: [0.05]
================ Train on the train set ================
Epoch [45/70] |	Loss: 0.001 	Average Acc: 1.000 
learning rate: [0.05]
================ Train on the train set ================
Epoch [46/70] |	Loss: 0.001 	Average Acc: 1.000 
learning rate: [0.05]
================ Train on the train set ================
Epoch [47/70] |	Loss: 0.001 	Average Acc: 1.000 
learning rate: [0.05]
================ Train on the train set ================
Epoch [48/70] |	Loss: 0.001 	Average Acc: 1.000 
learning rate: [0.05]
================ Train on the train set ================
Epoch [49/70] |	Loss: 0.001 	Average Acc: 1.000 
================ Test on the test set ================
 * Average Acc: 0.460 Best acc 0.470
 Per-Task Acc:[0.34, 0.58]
learning rate: [0.05]
================ Train on the train set ================
Epoch [50/70] |	Loss: 0.001 	Average Acc: 1.000 
learning rate: [0.05]
================ Train on the train set ================
Epoch [51/70] |	Loss: 0.001 	Average Acc: 1.000 
learning rate: [0.05]
================ Train on the train set ================
Epoch [52/70] |	Loss: 0.001 	Average Acc: 1.000 
learning rate: [0.05]
================ Train on the train set ================
Epoch [53/70] |	Loss: 0.001 	Average Acc: 1.000 
learning rate: [0.05]
================ Train on the train set ================
Epoch [54/70] |	Loss: 0.001 	Average Acc: 1.000 
================ Test on the test set ================
 * Average Acc: 0.460 Best acc 0.470
 Per-Task Acc:[0.34, 0.58]
learning rate: [0.05]
================ Train on the train set ================
Epoch [55/70] |	Loss: 0.001 	Average Acc: 1.000 
learning rate: [0.05]
================ Train on the train set ================
Epoch [56/70] |	Loss: 0.001 	Average Acc: 1.000 
learning rate: [0.05]
================ Train on the train set ================
Epoch [57/70] |	Loss: 0.001 	Average Acc: 1.000 
learning rate: [0.05]
================ Train on the train set ================
Epoch [58/70] |	Loss: 0.001 	Average Acc: 1.000 
learning rate: [0.05]
================ Train on the train set ================
Epoch [59/70] |	Loss: 0.001 	Average Acc: 1.000 
================ Test on the test set ================
 * Average Acc: 0.460 Best acc 0.470
 Per-Task Acc:[0.33, 0.59]
learning rate: [0.05]
================ Train on the train set ================
Epoch [60/70] |	Loss: 0.001 	Average Acc: 1.000 
learning rate: [0.05]
================ Train on the train set ================
Epoch [61/70] |	Loss: 0.001 	Average Acc: 1.000 
learning rate: [0.025]
================ Train on the train set ================
Epoch [62/70] |	Loss: 0.001 	Average Acc: 1.000 
learning rate: [0.025]
================ Train on the train set ================
Epoch [63/70] |	Loss: 0.001 	Average Acc: 1.000 
learning rate: [0.025]
================ Train on the train set ================
Epoch [64/70] |	Loss: 0.001 	Average Acc: 1.000 
================ Test on the test set ================
 * Average Acc: 0.460 Best acc 0.470
 Per-Task Acc:[0.34, 0.58]
learning rate: [0.025]
================ Train on the train set ================
Epoch [65/70] |	Loss: 0.001 	Average Acc: 1.000 
learning rate: [0.025]
================ Train on the train set ================
Epoch [66/70] |	Loss: 0.001 	Average Acc: 1.000 
learning rate: [0.025]
================ Train on the train set ================
Epoch [67/70] |	Loss: 0.001 	Average Acc: 1.000 
learning rate: [0.025]
================ Train on the train set ================
Epoch [68/70] |	Loss: 0.001 	Average Acc: 1.000 
learning rate: [0.025]
================ Train on the train set ================
Epoch [69/70] |	Loss: 0.001 	Average Acc: 1.000 
================ Test on the test set ================
 * Average Acc: 0.465 Best acc 0.470
 Per-Task Acc:[0.34, 0.59]
================Task 2 Start!================
SGD (
Parameter Group 0
    dampening: 0
    differentiable: False
    foreach: None
    initial_lr: 0.1
    lr: 0.03333333333333333
    maximize: False
    momentum: 0.95
    nesterov: False
    weight_decay: 0.0002
)
================Task 2 Training!================
The training samples number: 5000
learning rate: [0.03333333333333333]
================ Train on the train set ================
Epoch [0/70] |	Loss: 4.144 	Average Acc: 0.199 
learning rate: [0.06666666666666667]
================ Train on the train set ================
Epoch [1/70] |	Loss: 1.322 	Average Acc: 0.552 
learning rate: [0.1]
================ Train on the train set ================
Epoch [2/70] |	Loss: 0.792 	Average Acc: 0.732 
learning rate: [0.1]
================ Train on the train set ================
Epoch [3/70] |	Loss: 0.683 	Average Acc: 0.766 
learning rate: [0.1]
================ Train on the train set ================
Epoch [4/70] |	Loss: 1.271 	Average Acc: 0.610 
================ Test on the test set ================
 * Average Acc: 0.217 Best acc 0.217
 Per-Task Acc:[0.02, 0.0, 0.63]
learning rate: [0.1]
================ Train on the train set ================
Epoch [5/70] |	Loss: 1.252 	Average Acc: 0.627 
learning rate: [0.1]
================ Train on the train set ================
Epoch [6/70] |	Loss: 0.575 	Average Acc: 0.814 
learning rate: [0.1]
================ Train on the train set ================
Epoch [7/70] |	Loss: 0.333 	Average Acc: 0.882 
learning rate: [0.1]
================ Train on the train set ================
Epoch [8/70] |	Loss: 0.492 	Average Acc: 0.838 
learning rate: [0.1]
================ Train on the train set ================
Epoch [9/70] |	Loss: 0.708 	Average Acc: 0.777 
================ Test on the test set ================
 * Average Acc: 0.260 Best acc 0.260
 Per-Task Acc:[0.26, 0.09, 0.43]
learning rate: [0.1]
================ Train on the train set ================
Epoch [10/70] |	Loss: 0.859 	Average Acc: 0.750 
learning rate: [0.1]
================ Train on the train set ================
Epoch [11/70] |	Loss: 0.298 	Average Acc: 0.904 
learning rate: [0.1]
================ Train on the train set ================
Epoch [12/70] |	Loss: 0.284 	Average Acc: 0.918 
learning rate: [0.1]
================ Train on the train set ================
Epoch [13/70] |	Loss: 0.115 	Average Acc: 0.970 
learning rate: [0.1]
================ Train on the train set ================
Epoch [14/70] |	Loss: 0.037 	Average Acc: 0.992 
================ Test on the test set ================
 * Average Acc: 0.380 Best acc 0.380
 Per-Task Acc:[0.29, 0.16, 0.69]
learning rate: [0.1]
================ Train on the train set ================
Epoch [15/70] |	Loss: 0.027 	Average Acc: 0.992 
learning rate: [0.1]
================ Train on the train set ================
Epoch [16/70] |	Loss: 0.013 	Average Acc: 0.997 
learning rate: [0.1]
================ Train on the train set ================
Epoch [17/70] |	Loss: 0.008 	Average Acc: 0.999 
learning rate: [0.1]
================ Train on the train set ================
Epoch [18/70] |	Loss: 0.005 	Average Acc: 1.000 
learning rate: [0.1]
================ Train on the train set ================
Epoch [19/70] |	Loss: 0.004 	Average Acc: 1.000 
================ Test on the test set ================
 * Average Acc: 0.403 Best acc 0.403
 Per-Task Acc:[0.31, 0.16, 0.74]
learning rate: [0.1]
================ Train on the train set ================
Epoch [20/70] |	Loss: 0.002 	Average Acc: 1.000 
learning rate: [0.1]
================ Train on the train set ================
Epoch [21/70] |	Loss: 0.002 	Average Acc: 1.000 
learning rate: [0.1]
================ Train on the train set ================
Epoch [22/70] |	Loss: 0.002 	Average Acc: 1.000 
learning rate: [0.1]
================ Train on the train set ================
Epoch [23/70] |	Loss: 0.002 	Average Acc: 1.000 
learning rate: [0.1]
================ Train on the train set ================
Epoch [24/70] |	Loss: 0.001 	Average Acc: 1.000 
================ Test on the test set ================
 * Average Acc: 0.397 Best acc 0.403
 Per-Task Acc:[0.3, 0.14, 0.75]
learning rate: [0.1]
================ Train on the train set ================
Epoch [25/70] |	Loss: 0.001 	Average Acc: 1.000 
learning rate: [0.1]
================ Train on the train set ================
Epoch [26/70] |	Loss: 0.001 	Average Acc: 1.000 
learning rate: [0.1]
================ Train on the train set ================
Epoch [27/70] |	Loss: 0.001 	Average Acc: 1.000 
learning rate: [0.1]
================ Train on the train set ================
Epoch [28/70] |	Loss: 0.001 	Average Acc: 1.000 
learning rate: [0.1]
================ Train on the train set ================
Epoch [29/70] |	Loss: 0.001 	Average Acc: 1.000 
================ Test on the test set ================
 * Average Acc: 0.397 Best acc 0.403
 Per-Task Acc:[0.31, 0.14, 0.74]
learning rate: [0.1]
================ Train on the train set ================
Epoch [30/70] |	Loss: 0.001 	Average Acc: 1.000 
learning rate: [0.1]
================ Train on the train set ================
Epoch [31/70] |	Loss: 0.001 	Average Acc: 1.000 
learning rate: [0.05]
================ Train on the train set ================
Epoch [32/70] |	Loss: 0.001 	Average Acc: 1.000 
learning rate: [0.05]
================ Train on the train set ================
Epoch [33/70] |	Loss: 0.001 	Average Acc: 1.000 
learning rate: [0.05]
================ Train on the train set ================
Epoch [34/70] |	Loss: 0.001 	Average Acc: 1.000 
================ Test on the test set ================
 * Average Acc: 0.397 Best acc 0.403
 Per-Task Acc:[0.31, 0.14, 0.74]
learning rate: [0.05]
================ Train on the train set ================
Epoch [35/70] |	Loss: 0.001 	Average Acc: 1.000 
learning rate: [0.05]
================ Train on the train set ================
Epoch [36/70] |	Loss: 0.001 	Average Acc: 1.000 
learning rate: [0.05]
================ Train on the train set ================
Epoch [37/70] |	Loss: 0.001 	Average Acc: 1.000 
learning rate: [0.05]
================ Train on the train set ================
Epoch [38/70] |	Loss: 0.001 	Average Acc: 1.000 
learning rate: [0.05]
================ Train on the train set ================
Epoch [39/70] |	Loss: 0.001 	Average Acc: 1.000 
================ Test on the test set ================
 * Average Acc: 0.397 Best acc 0.403
 Per-Task Acc:[0.31, 0.14, 0.74]
learning rate: [0.05]
================ Train on the train set ================
Epoch [40/70] |	Loss: 0.001 	Average Acc: 1.000 
learning rate: [0.05]
================ Train on the train set ================
Epoch [41/70] |	Loss: 0.001 	Average Acc: 1.000 
learning rate: [0.05]
================ Train on the train set ================
Epoch [42/70] |	Loss: 0.001 	Average Acc: 1.000 
learning rate: [0.05]
================ Train on the train set ================
Epoch [43/70] |	Loss: 0.001 	Average Acc: 1.000 
learning rate: [0.05]
================ Train on the train set ================
Epoch [44/70] |	Loss: 0.001 	Average Acc: 1.000 
================ Test on the test set ================
 * Average Acc: 0.397 Best acc 0.403
 Per-Task Acc:[0.32, 0.14, 0.73]
learning rate: [0.05]
================ Train on the train set ================
Epoch [45/70] |	Loss: 0.001 	Average Acc: 1.000 
learning rate: [0.05]
================ Train on the train set ================
Epoch [46/70] |	Loss: 0.001 	Average Acc: 1.000 
learning rate: [0.05]
================ Train on the train set ================
Epoch [47/70] |	Loss: 0.001 	Average Acc: 1.000 
learning rate: [0.05]
================ Train on the train set ================
Epoch [48/70] |	Loss: 0.001 	Average Acc: 1.000 
learning rate: [0.05]
================ Train on the train set ================
Epoch [49/70] |	Loss: 0.001 	Average Acc: 1.000 
================ Test on the test set ================
 * Average Acc: 0.400 Best acc 0.403
 Per-Task Acc:[0.31, 0.15, 0.74]
learning rate: [0.05]
================ Train on the train set ================
Epoch [50/70] |	Loss: 0.001 	Average Acc: 1.000 
learning rate: [0.05]
================ Train on the train set ================
Epoch [51/70] |	Loss: 0.001 	Average Acc: 1.000 
learning rate: [0.05]
================ Train on the train set ================
Epoch [52/70] |	Loss: 0.001 	Average Acc: 1.000 
learning rate: [0.05]
================ Train on the train set ================
Epoch [53/70] |	Loss: 0.001 	Average Acc: 1.000 
learning rate: [0.05]
================ Train on the train set ================
Epoch [54/70] |	Loss: 0.001 	Average Acc: 1.000 
================ Test on the test set ================
 * Average Acc: 0.393 Best acc 0.403
 Per-Task Acc:[0.31, 0.14, 0.73]
learning rate: [0.05]
================ Train on the train set ================
Epoch [55/70] |	Loss: 0.001 	Average Acc: 1.000 
learning rate: [0.05]
================ Train on the train set ================
Epoch [56/70] |	Loss: 0.001 	Average Acc: 1.000 
learning rate: [0.05]
================ Train on the train set ================
Epoch [57/70] |	Loss: 0.001 	Average Acc: 1.000 
learning rate: [0.05]
================ Train on the train set ================
Epoch [58/70] |	Loss: 0.001 	Average Acc: 1.000 
learning rate: [0.05]
================ Train on the train set ================
Epoch [59/70] |	Loss: 0.001 	Average Acc: 1.000 
================ Test on the test set ================
 * Average Acc: 0.400 Best acc 0.403
 Per-Task Acc:[0.31, 0.15, 0.74]
learning rate: [0.05]
================ Train on the train set ================
Epoch [60/70] |	Loss: 0.001 	Average Acc: 1.000 
learning rate: [0.05]
================ Train on the train set ================
Epoch [61/70] |	Loss: 0.001 	Average Acc: 1.000 
learning rate: [0.025]
================ Train on the train set ================
Epoch [62/70] |	Loss: 0.001 	Average Acc: 1.000 
learning rate: [0.025]
================ Train on the train set ================
Epoch [63/70] |	Loss: 0.001 	Average Acc: 1.000 
learning rate: [0.025]
================ Train on the train set ================
Epoch [64/70] |	Loss: 0.001 	Average Acc: 1.000 
================ Test on the test set ================
 * Average Acc: 0.393 Best acc 0.403
 Per-Task Acc:[0.31, 0.14, 0.73]
learning rate: [0.025]
================ Train on the train set ================
Epoch [65/70] |	Loss: 0.001 	Average Acc: 1.000 
learning rate: [0.025]
================ Train on the train set ================
Epoch [66/70] |	Loss: 0.001 	Average Acc: 1.000 
learning rate: [0.025]
================ Train on the train set ================
Epoch [67/70] |	Loss: 0.001 	Average Acc: 1.000 
learning rate: [0.025]
================ Train on the train set ================
Epoch [68/70] |	Loss: 0.001 	Average Acc: 1.000 
learning rate: [0.025]
================ Train on the train set ================
Epoch [69/70] |	Loss: 0.001 	Average Acc: 1.000 
================ Test on the test set ================
 * Average Acc: 0.393 Best acc 0.403
 Per-Task Acc:[0.31, 0.14, 0.73]
================Task 3 Start!================
SGD (
Parameter Group 0
    dampening: 0
    differentiable: False
    foreach: None
    initial_lr: 0.1
    lr: 0.03333333333333333
    maximize: False
    momentum: 0.95
    nesterov: False
    weight_decay: 0.0002
)
================Task 3 Training!================
The training samples number: 5000
learning rate: [0.03333333333333333]
================ Train on the train set ================
Epoch [0/70] |	Loss: 4.271 	Average Acc: 0.200 
learning rate: [0.06666666666666667]
================ Train on the train set ================
Epoch [1/70] |	Loss: 1.414 	Average Acc: 0.520 
learning rate: [0.1]
================ Train on the train set ================
Epoch [2/70] |	Loss: 1.694 	Average Acc: 0.447 
learning rate: [0.1]
================ Train on the train set ================
Epoch [3/70] |	Loss: 1.267 	Average Acc: 0.579 
learning rate: [0.1]
================ Train on the train set ================
Epoch [4/70] |	Loss: 0.669 	Average Acc: 0.764 
================ Test on the test set ================
 * Average Acc: 0.165 Best acc 0.165
 Per-Task Acc:[0.03, 0.0, 0.0, 0.63]
learning rate: [0.1]
================ Train on the train set ================
Epoch [5/70] |	Loss: 0.475 	Average Acc: 0.830 
learning rate: [0.1]
================ Train on the train set ================
Epoch [6/70] |	Loss: 0.319 	Average Acc: 0.884 
learning rate: [0.1]
================ Train on the train set ================
Epoch [7/70] |	Loss: 0.666 	Average Acc: 0.769 
learning rate: [0.1]
================ Train on the train set ================
Epoch [8/70] |	Loss: 0.494 	Average Acc: 0.839 
learning rate: [0.1]
================ Train on the train set ================
Epoch [9/70] |	Loss: 1.806 	Average Acc: 0.499 
================ Test on the test set ================
 * Average Acc: 0.287 Best acc 0.287
 Per-Task Acc:[0.28, 0.14, 0.24, 0.49]
learning rate: [0.1]
================ Train on the train set ================
Epoch [10/70] |	Loss: 0.548 	Average Acc: 0.826 
learning rate: [0.1]
================ Train on the train set ================
Epoch [11/70] |	Loss: 0.278 	Average Acc: 0.901 
learning rate: [0.1]
================ Train on the train set ================
Epoch [12/70] |	Loss: 0.803 	Average Acc: 0.768 
learning rate: [0.1]
================ Train on the train set ================
Epoch [13/70] |	Loss: 0.601 	Average Acc: 0.796 
learning rate: [0.1]
================ Train on the train set ================
Epoch [14/70] |	Loss: 1.447 	Average Acc: 0.627 
================ Test on the test set ================
 * Average Acc: 0.135 Best acc 0.287
 Per-Task Acc:[0.0, 0.02, 0.04, 0.48]
learning rate: [0.1]
================ Train on the train set ================
Epoch [15/70] |	Loss: 1.008 	Average Acc: 0.693 
learning rate: [0.1]
================ Train on the train set ================
Epoch [16/70] |	Loss: 0.241 	Average Acc: 0.924 
learning rate: [0.1]
================ Train on the train set ================
Epoch [17/70] |	Loss: 0.175 	Average Acc: 0.944 
learning rate: [0.1]
================ Train on the train set ================
Epoch [18/70] |	Loss: 0.340 	Average Acc: 0.889 
learning rate: [0.1]
================ Train on the train set ================
Epoch [19/70] |	Loss: 0.211 	Average Acc: 0.932 
================ Test on the test set ================
 * Average Acc: 0.253 Best acc 0.287
 Per-Task Acc:[0.24, 0.1, 0.19, 0.48]
learning rate: [0.1]
================ Train on the train set ================
Epoch [20/70] |	Loss: 0.335 	Average Acc: 0.896 
learning rate: [0.1]
================ Train on the train set ================
Epoch [21/70] |	Loss: 0.377 	Average Acc: 0.889 
learning rate: [0.1]
================ Train on the train set ================
Epoch [22/70] |	Loss: 0.159 	Average Acc: 0.954 
learning rate: [0.1]
================ Train on the train set ================
Epoch [23/70] |	Loss: 0.106 	Average Acc: 0.974 
learning rate: [0.1]
================ Train on the train set ================
Epoch [24/70] |	Loss: 0.045 	Average Acc: 0.993 
================ Test on the test set ================
 * Average Acc: 0.295 Best acc 0.295
 Per-Task Acc:[0.21, 0.12, 0.23, 0.62]
learning rate: [0.1]
================ Train on the train set ================
Epoch [25/70] |	Loss: 0.010 	Average Acc: 0.999 
learning rate: [0.1]
================ Train on the train set ================
Epoch [26/70] |	Loss: 0.003 	Average Acc: 1.000 
learning rate: [0.1]
================ Train on the train set ================
Epoch [27/70] |	Loss: 0.002 	Average Acc: 1.000 
learning rate: [0.1]
================ Train on the train set ================
Epoch [28/70] |	Loss: 0.002 	Average Acc: 1.000 
learning rate: [0.1]
================ Train on the train set ================
Epoch [29/70] |	Loss: 0.001 	Average Acc: 1.000 
================ Test on the test set ================
 * Average Acc: 0.292 Best acc 0.295
 Per-Task Acc:[0.21, 0.13, 0.21, 0.62]
learning rate: [0.1]
================ Train on the train set ================
Epoch [30/70] |	Loss: 0.002 	Average Acc: 1.000 
learning rate: [0.1]
================ Train on the train set ================
Epoch [31/70] |	Loss: 0.002 	Average Acc: 1.000 
learning rate: [0.05]
================ Train on the train set ================
Epoch [32/70] |	Loss: 0.001 	Average Acc: 1.000 
learning rate: [0.05]
================ Train on the train set ================
Epoch [33/70] |	Loss: 0.001 	Average Acc: 1.000 
learning rate: [0.05]
================ Train on the train set ================
Epoch [34/70] |	Loss: 0.001 	Average Acc: 1.000 
================ Test on the test set ================
 * Average Acc: 0.292 Best acc 0.295
 Per-Task Acc:[0.21, 0.13, 0.21, 0.62]
learning rate: [0.05]
================ Train on the train set ================
Epoch [35/70] |	Loss: 0.002 	Average Acc: 1.000 
learning rate: [0.05]
================ Train on the train set ================
Epoch [36/70] |	Loss: 0.001 	Average Acc: 1.000 
learning rate: [0.05]
================ Train on the train set ================
Epoch [37/70] |	Loss: 0.001 	Average Acc: 1.000 
learning rate: [0.05]
================ Train on the train set ================
Epoch [38/70] |	Loss: 0.001 	Average Acc: 1.000 
learning rate: [0.05]
================ Train on the train set ================
Epoch [39/70] |	Loss: 0.002 	Average Acc: 1.000 
================ Test on the test set ================
 * Average Acc: 0.292 Best acc 0.295
 Per-Task Acc:[0.21, 0.13, 0.22, 0.61]
learning rate: [0.05]
================ Train on the train set ================
Epoch [40/70] |	Loss: 0.001 	Average Acc: 1.000 
learning rate: [0.05]
================ Train on the train set ================
Epoch [41/70] |	Loss: 0.002 	Average Acc: 1.000 
learning rate: [0.05]
================ Train on the train set ================
Epoch [42/70] |	Loss: 0.001 	Average Acc: 1.000 
learning rate: [0.05]
================ Train on the train set ================
Epoch [43/70] |	Loss: 0.001 	Average Acc: 1.000 
learning rate: [0.05]
================ Train on the train set ================
Epoch [44/70] |	Loss: 0.001 	Average Acc: 1.000 
================ Test on the test set ================
 * Average Acc: 0.292 Best acc 0.295
 Per-Task Acc:[0.21, 0.14, 0.21, 0.61]
learning rate: [0.05]
================ Train on the train set ================
Epoch [45/70] |	Loss: 0.001 	Average Acc: 1.000 
learning rate: [0.05]
================ Train on the train set ================
Epoch [46/70] |	Loss: 0.001 	Average Acc: 1.000 
learning rate: [0.05]
================ Train on the train set ================
Epoch [47/70] |	Loss: 0.001 	Average Acc: 1.000 
learning rate: [0.05]
================ Train on the train set ================
Epoch [48/70] |	Loss: 0.001 	Average Acc: 1.000 
learning rate: [0.05]
================ Train on the train set ================
Epoch [49/70] |	Loss: 0.001 	Average Acc: 1.000 
================ Test on the test set ================
 * Average Acc: 0.292 Best acc 0.295
 Per-Task Acc:[0.22, 0.14, 0.21, 0.6]
learning rate: [0.05]
================ Train on the train set ================
Epoch [50/70] |	Loss: 0.001 	Average Acc: 1.000 
learning rate: [0.05]
================ Train on the train set ================
Epoch [51/70] |	Loss: 0.001 	Average Acc: 1.000 
learning rate: [0.05]
================ Train on the train set ================
Epoch [52/70] |	Loss: 0.001 	Average Acc: 1.000 
learning rate: [0.05]
================ Train on the train set ================
Epoch [53/70] |	Loss: 0.002 	Average Acc: 1.000 
learning rate: [0.05]
================ Train on the train set ================
Epoch [54/70] |	Loss: 0.001 	Average Acc: 1.000 
================ Test on the test set ================
 * Average Acc: 0.290 Best acc 0.295
 Per-Task Acc:[0.21, 0.13, 0.22, 0.6]
learning rate: [0.05]
================ Train on the train set ================
Epoch [55/70] |	Loss: 0.001 	Average Acc: 1.000 
learning rate: [0.05]
================ Train on the train set ================
Epoch [56/70] |	Loss: 0.001 	Average Acc: 1.000 
learning rate: [0.05]
================ Train on the train set ================
Epoch [57/70] |	Loss: 0.001 	Average Acc: 1.000 
learning rate: [0.05]
================ Train on the train set ================
Epoch [58/70] |	Loss: 0.001 	Average Acc: 1.000 
learning rate: [0.05]
================ Train on the train set ================
Epoch [59/70] |	Loss: 0.001 	Average Acc: 1.000 
================ Test on the test set ================
 * Average Acc: 0.287 Best acc 0.295
 Per-Task Acc:[0.21, 0.13, 0.21, 0.6]
learning rate: [0.05]
================ Train on the train set ================
Epoch [60/70] |	Loss: 0.001 	Average Acc: 1.000 
learning rate: [0.05]
================ Train on the train set ================
Epoch [61/70] |	Loss: 0.001 	Average Acc: 1.000 
learning rate: [0.025]
================ Train on the train set ================
Epoch [62/70] |	Loss: 0.001 	Average Acc: 1.000 
learning rate: [0.025]
================ Train on the train set ================
Epoch [63/70] |	Loss: 0.001 	Average Acc: 1.000 
learning rate: [0.025]
================ Train on the train set ================
Epoch [64/70] |	Loss: 0.001 	Average Acc: 1.000 
================ Test on the test set ================
 * Average Acc: 0.285 Best acc 0.295
 Per-Task Acc:[0.21, 0.12, 0.21, 0.6]
learning rate: [0.025]
================ Train on the train set ================
Epoch [65/70] |	Loss: 0.001 	Average Acc: 1.000 
learning rate: [0.025]
================ Train on the train set ================
Epoch [66/70] |	Loss: 0.002 	Average Acc: 1.000 
learning rate: [0.025]
================ Train on the train set ================
Epoch [67/70] |	Loss: 0.001 	Average Acc: 1.000 
learning rate: [0.025]
================ Train on the train set ================
Epoch [68/70] |	Loss: 0.001 	Average Acc: 1.000 
learning rate: [0.025]
================ Train on the train set ================
Epoch [69/70] |	Loss: 0.001 	Average Acc: 1.000 
================ Test on the test set ================
 * Average Acc: 0.287 Best acc 0.295
 Per-Task Acc:[0.21, 0.13, 0.21, 0.6]
================Task 4 Start!================
SGD (
Parameter Group 0
    dampening: 0
    differentiable: False
    foreach: None
    initial_lr: 0.1
    lr: 0.03333333333333333
    maximize: False
    momentum: 0.95
    nesterov: False
    weight_decay: 0.0002
)
================Task 4 Training!================
The training samples number: 5000
learning rate: [0.03333333333333333]
================ Train on the train set ================
Epoch [0/70] |	Loss: 4.661 	Average Acc: 0.255 
learning rate: [0.06666666666666667]
================ Train on the train set ================
Epoch [1/70] |	Loss: 1.140 	Average Acc: 0.640 
learning rate: [0.1]
================ Train on the train set ================
Epoch [2/70] |	Loss: 0.571 	Average Acc: 0.816 
learning rate: [0.1]
================ Train on the train set ================
Epoch [3/70] |	Loss: 1.145 	Average Acc: 0.666 
learning rate: [0.1]
================ Train on the train set ================
Epoch [4/70] |	Loss: 0.726 	Average Acc: 0.770 
================ Test on the test set ================
 * Average Acc: 0.258 Best acc 0.258
 Per-Task Acc:[0.15, 0.08, 0.2, 0.27, 0.59]
learning rate: [0.1]
================ Train on the train set ================
Epoch [5/70] |	Loss: 0.292 	Average Acc: 0.906 
learning rate: [0.1]
================ Train on the train set ================
Epoch [6/70] |	Loss: 0.358 	Average Acc: 0.887 
learning rate: [0.1]
================ Train on the train set ================
Epoch [7/70] |	Loss: 0.708 	Average Acc: 0.788 
learning rate: [0.1]
================ Train on the train set ================
Epoch [8/70] |	Loss: 0.941 	Average Acc: 0.728 
learning rate: [0.1]
================ Train on the train set ================
Epoch [9/70] |	Loss: 1.533 	Average Acc: 0.592 
================ Test on the test set ================
 * Average Acc: 0.266 Best acc 0.266
 Per-Task Acc:[0.18, 0.08, 0.27, 0.19, 0.61]
learning rate: [0.1]
================ Train on the train set ================
Epoch [10/70] |	Loss: 0.363 	Average Acc: 0.891 
learning rate: [0.1]
================ Train on the train set ================
Epoch [11/70] |	Loss: 0.125 	Average Acc: 0.960 
learning rate: [0.1]
================ Train on the train set ================
Epoch [12/70] |	Loss: 0.051 	Average Acc: 0.985 
learning rate: [0.1]
================ Train on the train set ================
Epoch [13/70] |	Loss: 0.024 	Average Acc: 0.994 
learning rate: [0.1]
================ Train on the train set ================
Epoch [14/70] |	Loss: 0.013 	Average Acc: 0.997 
================ Test on the test set ================
 * Average Acc: 0.264 Best acc 0.266
 Per-Task Acc:[0.17, 0.05, 0.26, 0.15, 0.69]
learning rate: [0.1]
================ Train on the train set ================
Epoch [15/70] |	Loss: 0.005 	Average Acc: 1.000 
learning rate: [0.1]
================ Train on the train set ================
Epoch [16/70] |	Loss: 0.003 	Average Acc: 1.000 
learning rate: [0.1]
================ Train on the train set ================
Epoch [17/70] |	Loss: 0.002 	Average Acc: 1.000 
learning rate: [0.1]
================ Train on the train set ================
Epoch [18/70] |	Loss: 0.002 	Average Acc: 1.000 
learning rate: [0.1]
================ Train on the train set ================
Epoch [19/70] |	Loss: 0.002 	Average Acc: 1.000 
================ Test on the test set ================
 * Average Acc: 0.276 Best acc 0.276
 Per-Task Acc:[0.19, 0.06, 0.34, 0.15, 0.64]
learning rate: [0.1]
================ Train on the train set ================
Epoch [20/70] |	Loss: 0.002 	Average Acc: 1.000 
learning rate: [0.1]
================ Train on the train set ================
Epoch [21/70] |	Loss: 0.001 	Average Acc: 1.000 
learning rate: [0.1]
================ Train on the train set ================
Epoch [22/70] |	Loss: 0.002 	Average Acc: 1.000 
learning rate: [0.1]
================ Train on the train set ================
Epoch [23/70] |	Loss: 0.002 	Average Acc: 1.000 
learning rate: [0.1]
================ Train on the train set ================
Epoch [24/70] |	Loss: 0.002 	Average Acc: 1.000 
================ Test on the test set ================
 * Average Acc: 0.276 Best acc 0.276
 Per-Task Acc:[0.19, 0.07, 0.36, 0.14, 0.62]
learning rate: [0.1]
================ Train on the train set ================
Epoch [25/70] |	Loss: 0.002 	Average Acc: 1.000 
learning rate: [0.1]
================ Train on the train set ================
Epoch [26/70] |	Loss: 0.002 	Average Acc: 1.000 
learning rate: [0.1]
================ Train on the train set ================
Epoch [27/70] |	Loss: 0.002 	Average Acc: 1.000 
learning rate: [0.1]
================ Train on the train set ================
Epoch [28/70] |	Loss: 0.002 	Average Acc: 1.000 
learning rate: [0.1]
================ Train on the train set ================
Epoch [29/70] |	Loss: 0.002 	Average Acc: 1.000 
================ Test on the test set ================
 * Average Acc: 0.278 Best acc 0.278
 Per-Task Acc:[0.19, 0.07, 0.38, 0.14, 0.61]
learning rate: [0.1]
================ Train on the train set ================
Epoch [30/70] |	Loss: 0.002 	Average Acc: 1.000 
learning rate: [0.1]
================ Train on the train set ================
Epoch [31/70] |	Loss: 0.002 	Average Acc: 1.000 
learning rate: [0.05]
================ Train on the train set ================
Epoch [32/70] |	Loss: 0.002 	Average Acc: 1.000 
learning rate: [0.05]
================ Train on the train set ================
Epoch [33/70] |	Loss: 0.002 	Average Acc: 1.000 
learning rate: [0.05]
================ Train on the train set ================
Epoch [34/70] |	Loss: 0.002 	Average Acc: 1.000 
================ Test on the test set ================
 * Average Acc: 0.278 Best acc 0.278
 Per-Task Acc:[0.19, 0.07, 0.38, 0.14, 0.61]
learning rate: [0.05]
================ Train on the train set ================
Epoch [35/70] |	Loss: 0.002 	Average Acc: 1.000 
learning rate: [0.05]
================ Train on the train set ================
Epoch [36/70] |	Loss: 0.002 	Average Acc: 1.000 
learning rate: [0.05]
================ Train on the train set ================
Epoch [37/70] |	Loss: 0.002 	Average Acc: 1.000 
learning rate: [0.05]
================ Train on the train set ================
Epoch [38/70] |	Loss: 0.002 	Average Acc: 1.000 
learning rate: [0.05]
================ Train on the train set ================
Epoch [39/70] |	Loss: 0.002 	Average Acc: 1.000 
================ Test on the test set ================
 * Average Acc: 0.278 Best acc 0.278
 Per-Task Acc:[0.2, 0.07, 0.39, 0.13, 0.6]
learning rate: [0.05]
================ Train on the train set ================
Epoch [40/70] |	Loss: 0.002 	Average Acc: 1.000 
learning rate: [0.05]
================ Train on the train set ================
Epoch [41/70] |	Loss: 0.002 	Average Acc: 1.000 
learning rate: [0.05]
================ Train on the train set ================
Epoch [42/70] |	Loss: 0.002 	Average Acc: 1.000 
learning rate: [0.05]
================ Train on the train set ================
Epoch [43/70] |	Loss: 0.002 	Average Acc: 1.000 
learning rate: [0.05]
================ Train on the train set ================
Epoch [44/70] |	Loss: 0.002 	Average Acc: 1.000 
================ Test on the test set ================
 * Average Acc: 0.276 Best acc 0.278
 Per-Task Acc:[0.2, 0.07, 0.38, 0.13, 0.6]
learning rate: [0.05]
================ Train on the train set ================
Epoch [45/70] |	Loss: 0.002 	Average Acc: 1.000 
learning rate: [0.05]
================ Train on the train set ================
Epoch [46/70] |	Loss: 0.002 	Average Acc: 1.000 
learning rate: [0.05]
================ Train on the train set ================
Epoch [47/70] |	Loss: 0.002 	Average Acc: 1.000 
learning rate: [0.05]
================ Train on the train set ================
Epoch [48/70] |	Loss: 0.002 	Average Acc: 1.000 
learning rate: [0.05]
================ Train on the train set ================
Epoch [49/70] |	Loss: 0.002 	Average Acc: 1.000 
================ Test on the test set ================
 * Average Acc: 0.274 Best acc 0.278
 Per-Task Acc:[0.19, 0.07, 0.39, 0.12, 0.6]
learning rate: [0.05]
================ Train on the train set ================
Epoch [50/70] |	Loss: 0.002 	Average Acc: 1.000 
learning rate: [0.05]
================ Train on the train set ================
Epoch [51/70] |	Loss: 0.002 	Average Acc: 1.000 
learning rate: [0.05]
================ Train on the train set ================
Epoch [52/70] |	Loss: 0.002 	Average Acc: 1.000 
learning rate: [0.05]
================ Train on the train set ================
Epoch [53/70] |	Loss: 0.002 	Average Acc: 1.000 
learning rate: [0.05]
================ Train on the train set ================
Epoch [54/70] |	Loss: 0.002 	Average Acc: 1.000 
================ Test on the test set ================
 * Average Acc: 0.276 Best acc 0.278
 Per-Task Acc:[0.19, 0.07, 0.4, 0.12, 0.6]
learning rate: [0.05]
================ Train on the train set ================
Epoch [55/70] |	Loss: 0.002 	Average Acc: 1.000 
learning rate: [0.05]
================ Train on the train set ================
Epoch [56/70] |	Loss: 0.002 	Average Acc: 1.000 
learning rate: [0.05]
================ Train on the train set ================
Epoch [57/70] |	Loss: 0.002 	Average Acc: 1.000 
learning rate: [0.05]
================ Train on the train set ================
Epoch [58/70] |	Loss: 0.002 	Average Acc: 1.000 
learning rate: [0.05]
================ Train on the train set ================
Epoch [59/70] |	Loss: 0.002 	Average Acc: 1.000 
================ Test on the test set ================
 * Average Acc: 0.274 Best acc 0.278
 Per-Task Acc:[0.19, 0.07, 0.39, 0.12, 0.6]
learning rate: [0.05]
================ Train on the train set ================
Epoch [60/70] |	Loss: 0.002 	Average Acc: 1.000 
learning rate: [0.05]
================ Train on the train set ================
Epoch [61/70] |	Loss: 0.002 	Average Acc: 1.000 
learning rate: [0.025]
================ Train on the train set ================
Epoch [62/70] |	Loss: 0.002 	Average Acc: 1.000 
learning rate: [0.025]
================ Train on the train set ================
Epoch [63/70] |	Loss: 0.002 	Average Acc: 1.000 
learning rate: [0.025]
================ Train on the train set ================
Epoch [64/70] |	Loss: 0.001 	Average Acc: 1.000 
================ Test on the test set ================
 * Average Acc: 0.272 Best acc 0.278
 Per-Task Acc:[0.19, 0.07, 0.39, 0.11, 0.6]
learning rate: [0.025]
================ Train on the train set ================
Epoch [65/70] |	Loss: 0.001 	Average Acc: 1.000 
learning rate: [0.025]
================ Train on the train set ================
Epoch [66/70] |	Loss: 0.001 	Average Acc: 1.000 
learning rate: [0.025]
================ Train on the train set ================
Epoch [67/70] |	Loss: 0.002 	Average Acc: 1.000 
learning rate: [0.025]
================ Train on the train set ================
Epoch [68/70] |	Loss: 0.002 	Average Acc: 1.000 
learning rate: [0.025]
================ Train on the train set ================
Epoch [69/70] |	Loss: 0.001 	Average Acc: 1.000 
================ Test on the test set ================
 * Average Acc: 0.274 Best acc 0.278
 Per-Task Acc:[0.18, 0.07, 0.4, 0.12, 0.6]
================Task 5 Start!================
SGD (
Parameter Group 0
    dampening: 0
    differentiable: False
    foreach: None
    initial_lr: 0.1
    lr: 0.03333333333333333
    maximize: False
    momentum: 0.95
    nesterov: False
    weight_decay: 0.0002
)
================Task 5 Training!================
The training samples number: 5000
learning rate: [0.03333333333333333]
================ Train on the train set ================
Epoch [0/70] |	Loss: 4.022 	Average Acc: 0.251 
learning rate: [0.06666666666666667]
================ Train on the train set ================
Epoch [1/70] |	Loss: 1.251 	Average Acc: 0.557 
learning rate: [0.1]
================ Train on the train set ================
Epoch [2/70] |	Loss: 0.905 	Average Acc: 0.679 
learning rate: [0.1]
================ Train on the train set ================
Epoch [3/70] |	Loss: 1.228 	Average Acc: 0.595 
learning rate: [0.1]
================ Train on the train set ================
Epoch [4/70] |	Loss: 1.014 	Average Acc: 0.664 
================ Test on the test set ================
 * Average Acc: 0.217 Best acc 0.217
 Per-Task Acc:[0.14, 0.08, 0.24, 0.11, 0.19, 0.54]
learning rate: [0.1]
================ Train on the train set ================
Epoch [5/70] |	Loss: 0.537 	Average Acc: 0.817 
learning rate: [0.1]
================ Train on the train set ================
Epoch [6/70] |	Loss: 0.398 	Average Acc: 0.861 
learning rate: [0.1]
================ Train on the train set ================
Epoch [7/70] |	Loss: 0.638 	Average Acc: 0.789 
learning rate: [0.1]
================ Train on the train set ================
Epoch [8/70] |	Loss: 1.035 	Average Acc: 0.694 
learning rate: [0.1]
================ Train on the train set ================
Epoch [9/70] |	Loss: 0.986 	Average Acc: 0.697 
================ Test on the test set ================
 * Average Acc: 0.230 Best acc 0.230
 Per-Task Acc:[0.17, 0.14, 0.1, 0.18, 0.29, 0.5]
learning rate: [0.1]
================ Train on the train set ================
Epoch [10/70] |	Loss: 0.300 	Average Acc: 0.902 
learning rate: [0.1]
================ Train on the train set ================
Epoch [11/70] |	Loss: 0.162 	Average Acc: 0.949 
learning rate: [0.1]
================ Train on the train set ================
Epoch [12/70] |	Loss: 0.119 	Average Acc: 0.960 
learning rate: [0.1]
================ Train on the train set ================
Epoch [13/70] |	Loss: 0.080 	Average Acc: 0.974 
learning rate: [0.1]
================ Train on the train set ================
Epoch [14/70] |	Loss: 0.041 	Average Acc: 0.988 
================ Test on the test set ================
 * Average Acc: 0.223 Best acc 0.230
 Per-Task Acc:[0.15, 0.12, 0.22, 0.13, 0.21, 0.51]
learning rate: [0.1]
================ Train on the train set ================
Epoch [15/70] |	Loss: 0.024 	Average Acc: 0.995 
learning rate: [0.1]
================ Train on the train set ================
Epoch [16/70] |	Loss: 0.013 	Average Acc: 0.999 
learning rate: [0.1]
================ Train on the train set ================
Epoch [17/70] |	Loss: 0.007 	Average Acc: 0.999 
learning rate: [0.1]
================ Train on the train set ================
Epoch [18/70] |	Loss: 0.004 	Average Acc: 1.000 
learning rate: [0.1]
================ Train on the train set ================
Epoch [19/70] |	Loss: 0.002 	Average Acc: 1.000 
================ Test on the test set ================
 * Average Acc: 0.233 Best acc 0.233
 Per-Task Acc:[0.15, 0.14, 0.26, 0.13, 0.21, 0.51]
learning rate: [0.1]
================ Train on the train set ================
Epoch [20/70] |	Loss: 0.002 	Average Acc: 1.000 
learning rate: [0.1]
================ Train on the train set ================
Epoch [21/70] |	Loss: 0.002 	Average Acc: 1.000 
learning rate: [0.1]
================ Train on the train set ================
Epoch [22/70] |	Loss: 0.001 	Average Acc: 1.000 
learning rate: [0.1]
================ Train on the train set ================
Epoch [23/70] |	Loss: 0.002 	Average Acc: 1.000 
learning rate: [0.1]
================ Train on the train set ================
Epoch [24/70] |	Loss: 0.002 	Average Acc: 1.000 
================ Test on the test set ================
 * Average Acc: 0.233 Best acc 0.233
 Per-Task Acc:[0.15, 0.15, 0.28, 0.12, 0.2, 0.5]
learning rate: [0.1]
================ Train on the train set ================
Epoch [25/70] |	Loss: 0.002 	Average Acc: 1.000 
learning rate: [0.1]
================ Train on the train set ================
Epoch [26/70] |	Loss: 0.002 	Average Acc: 1.000 
learning rate: [0.1]
================ Train on the train set ================
Epoch [27/70] |	Loss: 0.002 	Average Acc: 1.000 
learning rate: [0.1]
================ Train on the train set ================
Epoch [28/70] |	Loss: 0.002 	Average Acc: 1.000 
learning rate: [0.1]
================ Train on the train set ================
Epoch [29/70] |	Loss: 0.002 	Average Acc: 1.000 
================ Test on the test set ================
 * Average Acc: 0.230 Best acc 0.233
 Per-Task Acc:[0.15, 0.15, 0.29, 0.11, 0.19, 0.49]
learning rate: [0.1]
================ Train on the train set ================
Epoch [30/70] |	Loss: 0.002 	Average Acc: 1.000 
learning rate: [0.1]
================ Train on the train set ================
Epoch [31/70] |	Loss: 0.002 	Average Acc: 1.000 
learning rate: [0.05]
================ Train on the train set ================
Epoch [32/70] |	Loss: 0.002 	Average Acc: 1.000 
learning rate: [0.05]
================ Train on the train set ================
Epoch [33/70] |	Loss: 0.002 	Average Acc: 1.000 
learning rate: [0.05]
================ Train on the train set ================
Epoch [34/70] |	Loss: 0.002 	Average Acc: 1.000 
================ Test on the test set ================
 * Average Acc: 0.227 Best acc 0.233
 Per-Task Acc:[0.14, 0.16, 0.29, 0.1, 0.18, 0.49]
learning rate: [0.05]
================ Train on the train set ================
Epoch [35/70] |	Loss: 0.002 	Average Acc: 1.000 
learning rate: [0.05]
================ Train on the train set ================
Epoch [36/70] |	Loss: 0.002 	Average Acc: 1.000 
learning rate: [0.05]
================ Train on the train set ================
Epoch [37/70] |	Loss: 0.002 	Average Acc: 1.000 
learning rate: [0.05]
================ Train on the train set ================
Epoch [38/70] |	Loss: 0.002 	Average Acc: 1.000 
learning rate: [0.05]
================ Train on the train set ================
Epoch [39/70] |	Loss: 0.002 	Average Acc: 1.000 
================ Test on the test set ================
 * Average Acc: 0.223 Best acc 0.233
 Per-Task Acc:[0.14, 0.16, 0.28, 0.1, 0.18, 0.48]
learning rate: [0.05]
================ Train on the train set ================
Epoch [40/70] |	Loss: 0.002 	Average Acc: 1.000 
learning rate: [0.05]
================ Train on the train set ================
Epoch [41/70] |	Loss: 0.002 	Average Acc: 1.000 
learning rate: [0.05]
================ Train on the train set ================
Epoch [42/70] |	Loss: 0.002 	Average Acc: 1.000 
learning rate: [0.05]
================ Train on the train set ================
Epoch [43/70] |	Loss: 0.002 	Average Acc: 1.000 
learning rate: [0.05]
================ Train on the train set ================
Epoch [44/70] |	Loss: 0.002 	Average Acc: 1.000 
================ Test on the test set ================
 * Average Acc: 0.225 Best acc 0.233
 Per-Task Acc:[0.14, 0.16, 0.3, 0.1, 0.18, 0.47]
learning rate: [0.05]
================ Train on the train set ================
Epoch [45/70] |	Loss: 0.002 	Average Acc: 1.000 
learning rate: [0.05]
================ Train on the train set ================
Epoch [46/70] |	Loss: 0.002 	Average Acc: 1.000 
learning rate: [0.05]
================ Train on the train set ================
Epoch [47/70] |	Loss: 0.002 	Average Acc: 1.000 
learning rate: [0.05]
================ Train on the train set ================
Epoch [48/70] |	Loss: 0.002 	Average Acc: 1.000 
learning rate: [0.05]
================ Train on the train set ================
Epoch [49/70] |	Loss: 0.002 	Average Acc: 1.000 
================ Test on the test set ================
 * Average Acc: 0.222 Best acc 0.233
 Per-Task Acc:[0.13, 0.15, 0.29, 0.1, 0.18, 0.48]
learning rate: [0.05]
================ Train on the train set ================
Epoch [50/70] |	Loss: 0.002 	Average Acc: 1.000 
learning rate: [0.05]
================ Train on the train set ================
Epoch [51/70] |	Loss: 0.002 	Average Acc: 1.000 
learning rate: [0.05]
================ Train on the train set ================
Epoch [52/70] |	Loss: 0.002 	Average Acc: 1.000 
learning rate: [0.05]
================ Train on the train set ================
Epoch [53/70] |	Loss: 0.002 	Average Acc: 1.000 
learning rate: [0.05]
================ Train on the train set ================
Epoch [54/70] |	Loss: 0.002 	Average Acc: 1.000 
================ Test on the test set ================
 * Average Acc: 0.217 Best acc 0.233
 Per-Task Acc:[0.13, 0.15, 0.29, 0.09, 0.17, 0.47]
learning rate: [0.05]
================ Train on the train set ================
Epoch [55/70] |	Loss: 0.002 	Average Acc: 1.000 
learning rate: [0.05]
================ Train on the train set ================
Epoch [56/70] |	Loss: 0.002 	Average Acc: 1.000 
learning rate: [0.05]
================ Train on the train set ================
Epoch [57/70] |	Loss: 0.002 	Average Acc: 1.000 
learning rate: [0.05]
================ Train on the train set ================
Epoch [58/70] |	Loss: 0.002 	Average Acc: 1.000 
learning rate: [0.05]
================ Train on the train set ================
Epoch [59/70] |	Loss: 0.002 	Average Acc: 1.000 
================ Test on the test set ================
 * Average Acc: 0.217 Best acc 0.233
 Per-Task Acc:[0.13, 0.15, 0.29, 0.09, 0.17, 0.47]
learning rate: [0.05]
================ Train on the train set ================
Epoch [60/70] |	Loss: 0.002 	Average Acc: 1.000 
learning rate: [0.05]
================ Train on the train set ================
Epoch [61/70] |	Loss: 0.002 	Average Acc: 1.000 
learning rate: [0.025]
================ Train on the train set ================
Epoch [62/70] |	Loss: 0.002 	Average Acc: 1.000 
learning rate: [0.025]
================ Train on the train set ================
Epoch [63/70] |	Loss: 0.002 	Average Acc: 1.000 
learning rate: [0.025]
================ Train on the train set ================
Epoch [64/70] |	Loss: 0.002 	Average Acc: 1.000 
================ Test on the test set ================
 * Average Acc: 0.213 Best acc 0.233
 Per-Task Acc:[0.13, 0.15, 0.3, 0.08, 0.16, 0.46]
learning rate: [0.025]
================ Train on the train set ================
Epoch [65/70] |	Loss: 0.002 	Average Acc: 1.000 
learning rate: [0.025]
================ Train on the train set ================
Epoch [66/70] |	Loss: 0.002 	Average Acc: 1.000 
learning rate: [0.025]
================ Train on the train set ================
Epoch [67/70] |	Loss: 0.002 	Average Acc: 1.000 
learning rate: [0.025]
================ Train on the train set ================
Epoch [68/70] |	Loss: 0.002 	Average Acc: 1.000 
learning rate: [0.025]
================ Train on the train set ================
Epoch [69/70] |	Loss: 0.002 	Average Acc: 1.000 
================ Test on the test set ================
 * Average Acc: 0.213 Best acc 0.233
 Per-Task Acc:[0.13, 0.15, 0.3, 0.08, 0.16, 0.46]
================Task 6 Start!================
SGD (
Parameter Group 0
    dampening: 0
    differentiable: False
    foreach: None
    initial_lr: 0.1
    lr: 0.03333333333333333
    maximize: False
    momentum: 0.95
    nesterov: False
    weight_decay: 0.0002
)
================Task 6 Training!================
The training samples number: 5000
learning rate: [0.03333333333333333]
================ Train on the train set ================
Epoch [0/70] |	Loss: 3.754 	Average Acc: 0.263 
learning rate: [0.06666666666666667]
================ Train on the train set ================
Epoch [1/70] |	Loss: 1.286 	Average Acc: 0.597 
learning rate: [0.1]
================ Train on the train set ================
Epoch [2/70] |	Loss: 1.633 	Average Acc: 0.541 
learning rate: [0.1]
================ Train on the train set ================
Epoch [3/70] |	Loss: 1.391 	Average Acc: 0.586 
learning rate: [0.1]
================ Train on the train set ================
Epoch [4/70] |	Loss: 0.957 	Average Acc: 0.704 
================ Test on the test set ================
 * Average Acc: 0.087 Best acc 0.087
 Per-Task Acc:[0.0, 0.0, 0.07, 0.0, 0.0, 0.0, 0.54]
learning rate: [0.1]
================ Train on the train set ================
Epoch [5/70] |	Loss: 0.735 	Average Acc: 0.756 
learning rate: [0.1]
================ Train on the train set ================
Epoch [6/70] |	Loss: 3.777 	Average Acc: 0.193 
learning rate: [0.1]
================ Train on the train set ================
Epoch [7/70] |	Loss: 1.332 	Average Acc: 0.617 
learning rate: [0.1]
================ Train on the train set ================
Epoch [8/70] |	Loss: 0.654 	Average Acc: 0.782 
learning rate: [0.1]
================ Train on the train set ================
Epoch [9/70] |	Loss: 1.082 	Average Acc: 0.679 
================ Test on the test set ================
 * Average Acc: 0.090 Best acc 0.090
 Per-Task Acc:[0.02, 0.0, 0.04, 0.01, 0.0, 0.0, 0.56]
learning rate: [0.1]
================ Train on the train set ================
Epoch [10/70] |	Loss: 1.222 	Average Acc: 0.636 
learning rate: [0.1]
================ Train on the train set ================
Epoch [11/70] |	Loss: 0.883 	Average Acc: 0.747 
learning rate: [0.1]
================ Train on the train set ================
Epoch [12/70] |	Loss: 0.354 	Average Acc: 0.884 
learning rate: [0.1]
================ Train on the train set ================
Epoch [13/70] |	Loss: 0.144 	Average Acc: 0.957 
learning rate: [0.1]
================ Train on the train set ================
Epoch [14/70] |	Loss: 0.062 	Average Acc: 0.985 
================ Test on the test set ================
 * Average Acc: 0.139 Best acc 0.139
 Per-Task Acc:[0.04, 0.06, 0.04, 0.07, 0.06, 0.01, 0.69]
learning rate: [0.1]
================ Train on the train set ================
Epoch [15/70] |	Loss: 0.026 	Average Acc: 0.995 
learning rate: [0.1]
================ Train on the train set ================
Epoch [16/70] |	Loss: 0.012 	Average Acc: 0.999 
learning rate: [0.1]
================ Train on the train set ================
Epoch [17/70] |	Loss: 0.006 	Average Acc: 1.000 
learning rate: [0.1]
================ Train on the train set ================
Epoch [18/70] |	Loss: 0.005 	Average Acc: 1.000 
learning rate: [0.1]
================ Train on the train set ================
Epoch [19/70] |	Loss: 0.004 	Average Acc: 1.000 
================ Test on the test set ================
 * Average Acc: 0.151 Best acc 0.151
 Per-Task Acc:[0.06, 0.08, 0.06, 0.09, 0.07, 0.01, 0.69]
learning rate: [0.1]
================ Train on the train set ================
Epoch [20/70] |	Loss: 0.003 	Average Acc: 1.000 
learning rate: [0.1]
================ Train on the train set ================
Epoch [21/70] |	Loss: 0.003 	Average Acc: 1.000 
learning rate: [0.1]
================ Train on the train set ================
Epoch [22/70] |	Loss: 0.003 	Average Acc: 1.000 
learning rate: [0.1]
================ Train on the train set ================
Epoch [23/70] |	Loss: 0.003 	Average Acc: 1.000 
learning rate: [0.1]
================ Train on the train set ================
Epoch [24/70] |	Loss: 0.003 	Average Acc: 1.000 
================ Test on the test set ================
 * Average Acc: 0.149 Best acc 0.151
 Per-Task Acc:[0.06, 0.08, 0.07, 0.08, 0.06, 0.01, 0.68]
learning rate: [0.1]
================ Train on the train set ================
Epoch [25/70] |	Loss: 0.003 	Average Acc: 1.000 
learning rate: [0.1]
================ Train on the train set ================
Epoch [26/70] |	Loss: 0.003 	Average Acc: 1.000 
learning rate: [0.1]
================ Train on the train set ================
Epoch [27/70] |	Loss: 0.003 	Average Acc: 1.000 
learning rate: [0.1]
================ Train on the train set ================
Epoch [28/70] |	Loss: 0.003 	Average Acc: 1.000 
learning rate: [0.1]
================ Train on the train set ================
Epoch [29/70] |	Loss: 0.003 	Average Acc: 1.000 
================ Test on the test set ================
 * Average Acc: 0.150 Best acc 0.151
 Per-Task Acc:[0.06, 0.07, 0.1, 0.08, 0.06, 0.01, 0.67]
learning rate: [0.1]
================ Train on the train set ================
Epoch [30/70] |	Loss: 0.003 	Average Acc: 1.000 
learning rate: [0.1]
================ Train on the train set ================
Epoch [31/70] |	Loss: 0.003 	Average Acc: 1.000 
learning rate: [0.05]
================ Train on the train set ================
Epoch [32/70] |	Loss: 0.003 	Average Acc: 1.000 
learning rate: [0.05]
================ Train on the train set ================
Epoch [33/70] |	Loss: 0.002 	Average Acc: 1.000 
learning rate: [0.05]
================ Train on the train set ================
Epoch [34/70] |	Loss: 0.003 	Average Acc: 1.000 
================ Test on the test set ================
 * Average Acc: 0.151 Best acc 0.151
 Per-Task Acc:[0.06, 0.08, 0.11, 0.07, 0.06, 0.01, 0.67]
learning rate: [0.05]
================ Train on the train set ================
Epoch [35/70] |	Loss: 0.005 	Average Acc: 1.000 
learning rate: [0.05]
================ Train on the train set ================
Epoch [36/70] |	Loss: 0.005 	Average Acc: 0.999 
learning rate: [0.05]
================ Train on the train set ================
Epoch [37/70] |	Loss: 0.003 	Average Acc: 1.000 
learning rate: [0.05]
================ Train on the train set ================
Epoch [38/70] |	Loss: 0.003 	Average Acc: 1.000 
learning rate: [0.05]
================ Train on the train set ================
Epoch [39/70] |	Loss: 0.003 	Average Acc: 1.000 
================ Test on the test set ================
 * Average Acc: 0.153 Best acc 0.153
 Per-Task Acc:[0.07, 0.07, 0.11, 0.08, 0.07, 0.01, 0.66]
learning rate: [0.05]
================ Train on the train set ================
Epoch [40/70] |	Loss: 0.002 	Average Acc: 1.000 
learning rate: [0.05]
================ Train on the train set ================
