{'data_root': '/data/bzx_yjy/cifar100', 'image_size': 32, 'pin_memory': False, 'augment': True, 'workers': 8, 'device_ids': 1, 'n_gpu': 1, 'seed': 1993, 'deterministic': True, 'epoch': 2, 'batch_size': 128, 'val_per_epoch': 2, 'optimzer': {'name': 'SGD', 'kwargs': {'lr': 0.1}}, 'lr_scheduler': {'name': 'StepLR', 'kwargs': {'gamma': 0.5, 'step_size': 10}}, 'warmup': 3, 'includes': ['headers/data.yaml', 'headers/device.yaml', 'headers/model.yaml', 'headers/optimizer.yaml', 'backbones/resnet12.yaml'], 'save_path': './', 'init_cls_num': 20, 'inc_cls_num': 20, 'task_num': 5, 'optimizer': {'name': 'SGD', 'kwargs': {'lr': 0.1}}, 'backbone': {'name': 'resnet18', 'kwargs': {'num_classes': 100, 'args': {'dataset': 'cifar100'}}}, 'buffer': {'name': 'LinearBuffer', 'kwargs': {'buffer_size': 500, 'batch_size': 32, 'strategy': 'random'}}, 'classifier': {'name': 'GEM', 'kwargs': {'num_class': 100, 'feat_dim': 512, 'n_memories': 200, 'n_task': 100, 'memory_strength': 0}}, 'rank': 0}
GEM(
  (net): ResNet(
    (conv1): Sequential(
      (0): Conv2d(3, 64, kernel_size=(3, 3), stride=(1, 1), padding=(1, 1), bias=False)
      (1): BatchNorm2d(64, eps=1e-05, momentum=0.1, affine=True, track_running_stats=True)
      (2): ReLU(inplace=True)
    )
    (layer1): Sequential(
      (0): BasicBlock(
        (conv1): Conv2d(64, 64, kernel_size=(3, 3), stride=(1, 1), padding=(1, 1), bias=False)
        (bn1): BatchNorm2d(64, eps=1e-05, momentum=0.1, affine=True, track_running_stats=True)
        (relu): ReLU(inplace=True)
        (conv2): Conv2d(64, 64, kernel_size=(3, 3), stride=(1, 1), padding=(1, 1), bias=False)
        (bn2): BatchNorm2d(64, eps=1e-05, momentum=0.1, affine=True, track_running_stats=True)
      )
      (1): BasicBlock(
        (conv1): Conv2d(64, 64, kernel_size=(3, 3), stride=(1, 1), padding=(1, 1), bias=False)
        (bn1): BatchNorm2d(64, eps=1e-05, momentum=0.1, affine=True, track_running_stats=True)
        (relu): ReLU(inplace=True)
        (conv2): Conv2d(64, 64, kernel_size=(3, 3), stride=(1, 1), padding=(1, 1), bias=False)
        (bn2): BatchNorm2d(64, eps=1e-05, momentum=0.1, affine=True, track_running_stats=True)
      )
    )
    (layer2): Sequential(
      (0): BasicBlock(
        (conv1): Conv2d(64, 128, kernel_size=(3, 3), stride=(2, 2), padding=(1, 1), bias=False)
        (bn1): BatchNorm2d(128, eps=1e-05, momentum=0.1, affine=True, track_running_stats=True)
        (relu): ReLU(inplace=True)
        (conv2): Conv2d(128, 128, kernel_size=(3, 3), stride=(1, 1), padding=(1, 1), bias=False)
        (bn2): BatchNorm2d(128, eps=1e-05, momentum=0.1, affine=True, track_running_stats=True)
        (downsample): Sequential(
          (0): Conv2d(64, 128, kernel_size=(1, 1), stride=(2, 2), bias=False)
          (1): BatchNorm2d(128, eps=1e-05, momentum=0.1, affine=True, track_running_stats=True)
        )
      )
      (1): BasicBlock(
        (conv1): Conv2d(128, 128, kernel_size=(3, 3), stride=(1, 1), padding=(1, 1), bias=False)
        (bn1): BatchNorm2d(128, eps=1e-05, momentum=0.1, affine=True, track_running_stats=True)
        (relu): ReLU(inplace=True)
        (conv2): Conv2d(128, 128, kernel_size=(3, 3), stride=(1, 1), padding=(1, 1), bias=False)
        (bn2): BatchNorm2d(128, eps=1e-05, momentum=0.1, affine=True, track_running_stats=True)
      )
    )
    (layer3): Sequential(
      (0): BasicBlock(
        (conv1): Conv2d(128, 256, kernel_size=(3, 3), stride=(2, 2), padding=(1, 1), bias=False)
        (bn1): BatchNorm2d(256, eps=1e-05, momentum=0.1, affine=True, track_running_stats=True)
        (relu): ReLU(inplace=True)
        (conv2): Conv2d(256, 256, kernel_size=(3, 3), stride=(1, 1), padding=(1, 1), bias=False)
        (bn2): BatchNorm2d(256, eps=1e-05, momentum=0.1, affine=True, track_running_stats=True)
        (downsample): Sequential(
          (0): Conv2d(128, 256, kernel_size=(1, 1), stride=(2, 2), bias=False)
          (1): BatchNorm2d(256, eps=1e-05, momentum=0.1, affine=True, track_running_stats=True)
        )
      )
      (1): BasicBlock(
        (conv1): Conv2d(256, 256, kernel_size=(3, 3), stride=(1, 1), padding=(1, 1), bias=False)
        (bn1): BatchNorm2d(256, eps=1e-05, momentum=0.1, affine=True, track_running_stats=True)
        (relu): ReLU(inplace=True)
        (conv2): Conv2d(256, 256, kernel_size=(3, 3), stride=(1, 1), padding=(1, 1), bias=False)
        (bn2): BatchNorm2d(256, eps=1e-05, momentum=0.1, affine=True, track_running_stats=True)
      )
    )
    (layer4): Sequential(
      (0): BasicBlock(
        (conv1): Conv2d(256, 512, kernel_size=(3, 3), stride=(2, 2), padding=(1, 1), bias=False)
        (bn1): BatchNorm2d(512, eps=1e-05, momentum=0.1, affine=True, track_running_stats=True)
        (relu): ReLU(inplace=True)
        (conv2): Conv2d(512, 512, kernel_size=(3, 3), stride=(1, 1), padding=(1, 1), bias=False)
        (bn2): BatchNorm2d(512, eps=1e-05, momentum=0.1, affine=True, track_running_stats=True)
        (downsample): Sequential(
          (0): Conv2d(256, 512, kernel_size=(1, 1), stride=(2, 2), bias=False)
          (1): BatchNorm2d(512, eps=1e-05, momentum=0.1, affine=True, track_running_stats=True)
        )
      )
      (1): BasicBlock(
        (conv1): Conv2d(512, 512, kernel_size=(3, 3), stride=(1, 1), padding=(1, 1), bias=False)
        (bn1): BatchNorm2d(512, eps=1e-05, momentum=0.1, affine=True, track_running_stats=True)
        (relu): ReLU(inplace=True)
        (conv2): Conv2d(512, 512, kernel_size=(3, 3), stride=(1, 1), padding=(1, 1), bias=False)
        (bn2): BatchNorm2d(512, eps=1e-05, momentum=0.1, affine=True, track_running_stats=True)
      )
    )
    (avgpool): AdaptiveAvgPool2d(output_size=(1, 1))
  )
  (ce): CrossEntropyLoss()
)
Trainable params in the model: 11168832
SGD (
Parameter Group 0
    dampening: 0
    differentiable: False
    foreach: None
    initial_lr: 0.1
    lr: 0.03333333333333333
    maximize: False
    momentum: 0
    nesterov: False
    weight_decay: 0
)
================Task 0 Start!================
SGD (
Parameter Group 0
    dampening: 0
    differentiable: False
    foreach: None
    initial_lr: 0.1
    lr: 0.03333333333333333
    maximize: False
    momentum: 0
    nesterov: False
    weight_decay: 0
)
================Task 0 Training!================
The training samples number: 10000
learning rate: [0.03333333333333333]
================ Train on the train set ================
Epoch [0/2] |	Loss: 0.000 	Average Acc: 0.312 
learning rate: [0.06666666666666667]
================ Train on the train set ================
Epoch [1/2] |	Loss: 0.000 	Average Acc: 0.432 
================ Test on the test set ================
 * Average Acc: 0.430 Best acc 0.430
 Per-Task Acc:[0.43]
================Task 1 Start!================
SGD (
Parameter Group 0
    dampening: 0
    differentiable: False
    foreach: None
    initial_lr: 0.1
    lr: 0.03333333333333333
    maximize: False
    momentum: 0
    nesterov: False
    weight_decay: 0
)
================Task 1 Training!================
The training samples number: 10500
learning rate: [0.03333333333333333]
================ Train on the train set ================
tensor([[0.0357, 0.4682, 0.3239,  ..., 2.9140, 0.9174, 2.2231],
        [0.0178, 0.8107, 0.8421,  ..., 1.9972, 5.1417, 2.4036],
        [0.0000, 0.0000, 0.9390,  ..., 1.7130, 3.1549, 0.9250],
        ...,
        [0.3527, 0.1658, 2.1039,  ..., 0.5919, 0.9725, 1.3089],
        [2.1197, 0.8226, 0.0000,  ..., 0.4593, 0.0000, 0.1340],
        [0.2214, 0.0000, 3.7809,  ..., 0.2683, 2.1288, 2.2849]],
       device='cuda:1', grad_fn=<SliceBackward0>)
tensor([12, 18, 14, 16,  4, 17, 15,  9, 17, 15, 11,  3, 13,  5, 18,  5, 10,  0,
        11,  4,  3,  6, 16, 17, 11,  4, 17,  1,  6,  0, 10,  4, 16, 17, 11,  8,
         4,  5, 17, 17,  7, 15,  0, 18, 13,  4, 10, 13,  2,  4,  8,  1,  1,  0,
        11,  1,  5, 19, 18, 16,  7, 12, 16,  2, 12, 17,  9,  9,  4, 10,  9, 16,
         3, 10, 11,  7,  7,  3,  4, 11,  9, 19,  5,  2,  6,  4,  1,  9,  8,  5,
         6, 11, 15, 14,  0, 16,  5, 10,  6, 15, 18,  5, 14,  8,  6, 19, 10,  5,
         2,  1,  5, 18, 17, 10, 18,  8,  7,  2, 18,  6,  0, 11, 16,  5, 17,  0,
        11, 18,  7, 16,  8, 17,  9,  0, 19,  5, 19, 13,  9, 18, 10,  4, 12,  7,
        18, 13,  8, 15, 15,  9, 13,  9,  4,  0,  4,  1, 17, 13,  0, 11,  5,  3,
        13, 14,  8,  3,  5,  8, 18,  7, 18,  5,  6,  5,  2, 19,  5, 16, 19,  8,
         6,  6, 10, 12, 14, 16, 10,  1, 14,  1, 10,  6, 18, 17,  0, 18, 13, 13,
         9,  2])
