{'data_root': '/data/bzx_yjy/cifar100', 'image_size': 32, 'pin_memory': False, 'augment': True, 'workers': 8, 'device_ids': 0, 'n_gpu': 1, 'seed': 1993, 'deterministic': True, 'epoch': 25, 'batch_size': 128, 'val_per_epoch': 5, 'optimzer': {'name': 'SGD', 'kwargs': {'lr': 0.1}}, 'lr_scheduler': {'name': 'StepLR', 'kwargs': {'gamma': 0.5, 'step_size': 10}}, 'warmup': 3, 'includes': ['headers/data.yaml', 'headers/device.yaml', 'headers/model.yaml', 'headers/optimizer.yaml', 'backbones/resnet12.yaml'], 'save_path': './', 'init_cls_num': 20, 'inc_cls_num': 20, 'task_num': 5, 'optimizer': {'name': 'SGD', 'kwargs': {'lr': 0.1}}, 'backbone': {'name': 'resnet18', 'kwargs': {'num_classes': 100, 'args': {'dataset': 'cifar100'}}}, 'buffer': {'name': 'LinearBuffer', 'kwargs': {'buffer_size': 500, 'batch_size': 32, 'strategy': 'random'}}, 'classifier': {'name': 'GEM', 'kwargs': {'num_class': 100, 'feat_dim': 512, 'n_memories': 500, 'n_task': 100, 'memory_strength': 0}}, 'rank': 0}
GEM(
  (net): ResNet(
    (conv1): Sequential(
      (0): Conv2d(3, 64, kernel_size=(3, 3), stride=(1, 1), padding=(1, 1), bias=False)
      (1): BatchNorm2d(64, eps=1e-05, momentum=0.1, affine=True, track_running_stats=True)
      (2): ReLU(inplace=True)
    )
    (layer1): Sequential(
      (0): BasicBlock(
        (conv1): Conv2d(64, 64, kernel_size=(3, 3), stride=(1, 1), padding=(1, 1), bias=False)
        (bn1): BatchNorm2d(64, eps=1e-05, momentum=0.1, affine=True, track_running_stats=True)
        (relu): ReLU(inplace=True)
        (conv2): Conv2d(64, 64, kernel_size=(3, 3), stride=(1, 1), padding=(1, 1), bias=False)
        (bn2): BatchNorm2d(64, eps=1e-05, momentum=0.1, affine=True, track_running_stats=True)
      )
      (1): BasicBlock(
        (conv1): Conv2d(64, 64, kernel_size=(3, 3), stride=(1, 1), padding=(1, 1), bias=False)
        (bn1): BatchNorm2d(64, eps=1e-05, momentum=0.1, affine=True, track_running_stats=True)
        (relu): ReLU(inplace=True)
        (conv2): Conv2d(64, 64, kernel_size=(3, 3), stride=(1, 1), padding=(1, 1), bias=False)
        (bn2): BatchNorm2d(64, eps=1e-05, momentum=0.1, affine=True, track_running_stats=True)
      )
    )
    (layer2): Sequential(
      (0): BasicBlock(
        (conv1): Conv2d(64, 128, kernel_size=(3, 3), stride=(2, 2), padding=(1, 1), bias=False)
        (bn1): BatchNorm2d(128, eps=1e-05, momentum=0.1, affine=True, track_running_stats=True)
        (relu): ReLU(inplace=True)
        (conv2): Conv2d(128, 128, kernel_size=(3, 3), stride=(1, 1), padding=(1, 1), bias=False)
        (bn2): BatchNorm2d(128, eps=1e-05, momentum=0.1, affine=True, track_running_stats=True)
        (downsample): Sequential(
          (0): Conv2d(64, 128, kernel_size=(1, 1), stride=(2, 2), bias=False)
          (1): BatchNorm2d(128, eps=1e-05, momentum=0.1, affine=True, track_running_stats=True)
        )
      )
      (1): BasicBlock(
        (conv1): Conv2d(128, 128, kernel_size=(3, 3), stride=(1, 1), padding=(1, 1), bias=False)
        (bn1): BatchNorm2d(128, eps=1e-05, momentum=0.1, affine=True, track_running_stats=True)
        (relu): ReLU(inplace=True)
        (conv2): Conv2d(128, 128, kernel_size=(3, 3), stride=(1, 1), padding=(1, 1), bias=False)
        (bn2): BatchNorm2d(128, eps=1e-05, momentum=0.1, affine=True, track_running_stats=True)
      )
    )
    (layer3): Sequential(
      (0): BasicBlock(
        (conv1): Conv2d(128, 256, kernel_size=(3, 3), stride=(2, 2), padding=(1, 1), bias=False)
        (bn1): BatchNorm2d(256, eps=1e-05, momentum=0.1, affine=True, track_running_stats=True)
        (relu): ReLU(inplace=True)
        (conv2): Conv2d(256, 256, kernel_size=(3, 3), stride=(1, 1), padding=(1, 1), bias=False)
        (bn2): BatchNorm2d(256, eps=1e-05, momentum=0.1, affine=True, track_running_stats=True)
        (downsample): Sequential(
          (0): Conv2d(128, 256, kernel_size=(1, 1), stride=(2, 2), bias=False)
          (1): BatchNorm2d(256, eps=1e-05, momentum=0.1, affine=True, track_running_stats=True)
        )
      )
      (1): BasicBlock(
        (conv1): Conv2d(256, 256, kernel_size=(3, 3), stride=(1, 1), padding=(1, 1), bias=False)
        (bn1): BatchNorm2d(256, eps=1e-05, momentum=0.1, affine=True, track_running_stats=True)
        (relu): ReLU(inplace=True)
        (conv2): Conv2d(256, 256, kernel_size=(3, 3), stride=(1, 1), padding=(1, 1), bias=False)
        (bn2): BatchNorm2d(256, eps=1e-05, momentum=0.1, affine=True, track_running_stats=True)
      )
    )
    (layer4): Sequential(
      (0): BasicBlock(
        (conv1): Conv2d(256, 512, kernel_size=(3, 3), stride=(2, 2), padding=(1, 1), bias=False)
        (bn1): BatchNorm2d(512, eps=1e-05, momentum=0.1, affine=True, track_running_stats=True)
        (relu): ReLU(inplace=True)
        (conv2): Conv2d(512, 512, kernel_size=(3, 3), stride=(1, 1), padding=(1, 1), bias=False)
        (bn2): BatchNorm2d(512, eps=1e-05, momentum=0.1, affine=True, track_running_stats=True)
        (downsample): Sequential(
          (0): Conv2d(256, 512, kernel_size=(1, 1), stride=(2, 2), bias=False)
          (1): BatchNorm2d(512, eps=1e-05, momentum=0.1, affine=True, track_running_stats=True)
        )
      )
      (1): BasicBlock(
        (conv1): Conv2d(512, 512, kernel_size=(3, 3), stride=(1, 1), padding=(1, 1), bias=False)
        (bn1): BatchNorm2d(512, eps=1e-05, momentum=0.1, affine=True, track_running_stats=True)
        (relu): ReLU(inplace=True)
        (conv2): Conv2d(512, 512, kernel_size=(3, 3), stride=(1, 1), padding=(1, 1), bias=False)
        (bn2): BatchNorm2d(512, eps=1e-05, momentum=0.1, affine=True, track_running_stats=True)
      )
    )
    (avgpool): AdaptiveAvgPool2d(output_size=(1, 1))
  )
  (classifier): Linear(in_features=512, out_features=100, bias=True)
  (ce): CrossEntropyLoss()
)
Trainable params in the model: 11220132
SGD (
Parameter Group 0
    dampening: 0
    differentiable: False
    foreach: None
    initial_lr: 0.1
    lr: 0.03333333333333333
    maximize: False
    momentum: 0
    nesterov: False
    weight_decay: 0
)
================Task 0 Start!================
SGD (
Parameter Group 0
    dampening: 0
    differentiable: False
    foreach: None
    initial_lr: 0.1
    lr: 0.03333333333333333
    maximize: False
    momentum: 0
    nesterov: False
    weight_decay: 0
)
================Task 0 Training!================
The training samples number: 10000
learning rate: [0.03333333333333333]
================ Train on the train set ================
Epoch [0/25] |	Loss: 2.462 	Average Acc: 0.242 
learning rate: [0.06666666666666667]
================ Train on the train set ================
Epoch [1/25] |	Loss: 2.213 	Average Acc: 0.341 
learning rate: [0.1]
================ Train on the train set ================
Epoch [2/25] |	Loss: 2.004 	Average Acc: 0.413 
learning rate: [0.1]
================ Train on the train set ================
Epoch [3/25] |	Loss: 1.520 	Average Acc: 0.531 
learning rate: [0.1]
================ Train on the train set ================
Epoch [4/25] |	Loss: 1.137 	Average Acc: 0.639 
================ Test on the test set ================
 * Average Acc: 0.480 Best acc 0.480
 Per-Task Acc:[0.48]
learning rate: [0.1]
================ Train on the train set ================
Epoch [5/25] |	Loss: 0.748 	Average Acc: 0.762 
learning rate: [0.1]
================ Train on the train set ================
Epoch [6/25] |	Loss: 0.464 	Average Acc: 0.848 
learning rate: [0.1]
================ Train on the train set ================
Epoch [7/25] |	Loss: 0.228 	Average Acc: 0.929 
learning rate: [0.1]
================ Train on the train set ================
Epoch [8/25] |	Loss: 0.112 	Average Acc: 0.967 
learning rate: [0.1]
================ Train on the train set ================
Epoch [9/25] |	Loss: 0.057 	Average Acc: 0.984 
================ Test on the test set ================
 * Average Acc: 0.590 Best acc 0.590
 Per-Task Acc:[0.59]
learning rate: [0.1]
================ Train on the train set ================
Epoch [10/25] |	Loss: 0.025 	Average Acc: 0.995 
learning rate: [0.1]
================ Train on the train set ================
Epoch [11/25] |	Loss: 0.010 	Average Acc: 0.999 
learning rate: [0.05]
================ Train on the train set ================
Epoch [12/25] |	Loss: 0.003 	Average Acc: 1.000 
learning rate: [0.05]
================ Train on the train set ================
Epoch [13/25] |	Loss: 0.002 	Average Acc: 1.000 
learning rate: [0.05]
================ Train on the train set ================
Epoch [14/25] |	Loss: 0.002 	Average Acc: 1.000 
================ Test on the test set ================
 * Average Acc: 0.630 Best acc 0.630
 Per-Task Acc:[0.63]
learning rate: [0.05]
================ Train on the train set ================
Epoch [15/25] |	Loss: 0.002 	Average Acc: 1.000 
learning rate: [0.05]
================ Train on the train set ================
Epoch [16/25] |	Loss: 0.001 	Average Acc: 1.000 
learning rate: [0.05]
================ Train on the train set ================
Epoch [17/25] |	Loss: 0.001 	Average Acc: 1.000 
learning rate: [0.05]
================ Train on the train set ================
Epoch [18/25] |	Loss: 0.001 	Average Acc: 1.000 
learning rate: [0.05]
================ Train on the train set ================
Epoch [19/25] |	Loss: 0.001 	Average Acc: 1.000 
================ Test on the test set ================
 * Average Acc: 0.640 Best acc 0.640
 Per-Task Acc:[0.64]
learning rate: [0.05]
================ Train on the train set ================
Epoch [20/25] |	Loss: 0.001 	Average Acc: 1.000 
learning rate: [0.05]
================ Train on the train set ================
Epoch [21/25] |	Loss: 0.001 	Average Acc: 1.000 
learning rate: [0.025]
================ Train on the train set ================
Epoch [22/25] |	Loss: 0.001 	Average Acc: 1.000 
learning rate: [0.025]
================ Train on the train set ================
Epoch [23/25] |	Loss: 0.001 	Average Acc: 1.000 
learning rate: [0.025]
================ Train on the train set ================
Epoch [24/25] |	Loss: 0.001 	Average Acc: 1.000 
================ Test on the test set ================
 * Average Acc: 0.630 Best acc 0.640
 Per-Task Acc:[0.63]
================Task 1 Start!================
SGD (
Parameter Group 0
    dampening: 0
    differentiable: False
    foreach: None
    initial_lr: 0.1
    lr: 0.03333333333333333
    maximize: False
    momentum: 0
    nesterov: False
    weight_decay: 0
)
================Task 1 Training!================
The training samples number: 10500
learning rate: [0.03333333333333333]
================ Train on the train set ================
Epoch [0/25] |	Loss: 2.903 	Average Acc: 0.249 
learning rate: [0.06666666666666667]
================ Train on the train set ================
Epoch [1/25] |	Loss: 1.623 	Average Acc: 0.489 
learning rate: [0.1]
================ Train on the train set ================
Epoch [2/25] |	Loss: 1.152 	Average Acc: 0.619 
learning rate: [0.1]
================ Train on the train set ================
Epoch [3/25] |	Loss: 0.696 	Average Acc: 0.779 
learning rate: [0.1]
================ Train on the train set ================
Epoch [4/25] |	Loss: 0.317 	Average Acc: 0.925 
================ Test on the test set ================
 * Average Acc: 0.375 Best acc 0.375
 Per-Task Acc:[0.14, 0.61]
learning rate: [0.1]
================ Train on the train set ================
Epoch [5/25] |	Loss: 0.107 	Average Acc: 0.991 
learning rate: [0.1]
================ Train on the train set ================
Epoch [6/25] |	Loss: 0.038 	Average Acc: 1.000 
learning rate: [0.1]
================ Train on the train set ================
Epoch [7/25] |	Loss: 0.022 	Average Acc: 1.000 
learning rate: [0.1]
================ Train on the train set ================
Epoch [8/25] |	Loss: 0.015 	Average Acc: 1.000 
learning rate: [0.1]
================ Train on the train set ================
Epoch [9/25] |	Loss: 0.011 	Average Acc: 1.000 
================ Test on the test set ================
 * Average Acc: 0.385 Best acc 0.385
 Per-Task Acc:[0.12, 0.65]
learning rate: [0.1]
================ Train on the train set ================
Epoch [10/25] |	Loss: 0.009 	Average Acc: 1.000 
learning rate: [0.1]
================ Train on the train set ================
Epoch [11/25] |	Loss: 0.008 	Average Acc: 1.000 
learning rate: [0.05]
================ Train on the train set ================
Epoch [12/25] |	Loss: 0.007 	Average Acc: 1.000 
learning rate: [0.05]
================ Train on the train set ================
Epoch [13/25] |	Loss: 0.006 	Average Acc: 1.000 
learning rate: [0.05]
================ Train on the train set ================
Epoch [14/25] |	Loss: 0.006 	Average Acc: 1.000 
================ Test on the test set ================
 * Average Acc: 0.380 Best acc 0.385
 Per-Task Acc:[0.12, 0.64]
learning rate: [0.05]
================ Train on the train set ================
Epoch [15/25] |	Loss: 0.005 	Average Acc: 1.000 
learning rate: [0.05]
================ Train on the train set ================
Epoch [16/25] |	Loss: 0.005 	Average Acc: 1.000 
learning rate: [0.05]
================ Train on the train set ================
Epoch [17/25] |	Loss: 0.005 	Average Acc: 1.000 
learning rate: [0.05]
================ Train on the train set ================
Epoch [18/25] |	Loss: 0.005 	Average Acc: 1.000 
learning rate: [0.05]
================ Train on the train set ================
Epoch [19/25] |	Loss: 0.005 	Average Acc: 1.000 
================ Test on the test set ================
 * Average Acc: 0.380 Best acc 0.385
 Per-Task Acc:[0.12, 0.64]
learning rate: [0.05]
================ Train on the train set ================
Epoch [20/25] |	Loss: 0.004 	Average Acc: 1.000 
learning rate: [0.05]
================ Train on the train set ================
Epoch [21/25] |	Loss: 0.004 	Average Acc: 1.000 
learning rate: [0.025]
================ Train on the train set ================
Epoch [22/25] |	Loss: 0.004 	Average Acc: 1.000 
learning rate: [0.025]
================ Train on the train set ================
Epoch [23/25] |	Loss: 0.004 	Average Acc: 1.000 
learning rate: [0.025]
================ Train on the train set ================
Epoch [24/25] |	Loss: 0.004 	Average Acc: 1.000 
================ Test on the test set ================
 * Average Acc: 0.380 Best acc 0.385
 Per-Task Acc:[0.12, 0.64]
================Task 2 Start!================
SGD (
Parameter Group 0
    dampening: 0
    differentiable: False
    foreach: None
    initial_lr: 0.1
    lr: 0.03333333333333333
    maximize: False
    momentum: 0
    nesterov: False
    weight_decay: 0
)
================Task 2 Training!================
The training samples number: 10500
learning rate: [0.03333333333333333]
================ Train on the train set ================
Epoch [0/25] |	Loss: 2.786 	Average Acc: 0.328 
learning rate: [0.06666666666666667]
================ Train on the train set ================
Epoch [1/25] |	Loss: 1.307 	Average Acc: 0.601 
learning rate: [0.1]
================ Train on the train set ================
Epoch [2/25] |	Loss: 0.889 	Average Acc: 0.716 
learning rate: [0.1]
================ Train on the train set ================
Epoch [3/25] |	Loss: 0.387 	Average Acc: 0.894 
learning rate: [0.1]
================ Train on the train set ================
Epoch [4/25] |	Loss: 0.113 	Average Acc: 0.985 
================ Test on the test set ================
 * Average Acc: 0.253 Best acc 0.253
 Per-Task Acc:[0.02, 0.1, 0.64]
learning rate: [0.1]
================ Train on the train set ================
Epoch [5/25] |	Loss: 0.039 	Average Acc: 0.998 
learning rate: [0.1]
================ Train on the train set ================
Epoch [6/25] |	Loss: 0.020 	Average Acc: 0.999 
learning rate: [0.1]
================ Train on the train set ================
Epoch [7/25] |	Loss: 0.013 	Average Acc: 1.000 
learning rate: [0.1]
================ Train on the train set ================
Epoch [8/25] |	Loss: 0.010 	Average Acc: 1.000 
learning rate: [0.1]
================ Train on the train set ================
Epoch [9/25] |	Loss: 0.008 	Average Acc: 1.000 
================ Test on the test set ================
 * Average Acc: 0.257 Best acc 0.257
 Per-Task Acc:[0.02, 0.09, 0.66]
learning rate: [0.1]
================ Train on the train set ================
Epoch [10/25] |	Loss: 0.006 	Average Acc: 1.000 
learning rate: [0.1]
================ Train on the train set ================
Epoch [11/25] |	Loss: 0.006 	Average Acc: 1.000 
learning rate: [0.05]
================ Train on the train set ================
Epoch [12/25] |	Loss: 0.005 	Average Acc: 1.000 
learning rate: [0.05]
================ Train on the train set ================
Epoch [13/25] |	Loss: 0.005 	Average Acc: 1.000 
learning rate: [0.05]
================ Train on the train set ================
Epoch [14/25] |	Loss: 0.004 	Average Acc: 1.000 
================ Test on the test set ================
 * Average Acc: 0.253 Best acc 0.257
 Per-Task Acc:[0.02, 0.09, 0.65]
learning rate: [0.05]
================ Train on the train set ================
Epoch [15/25] |	Loss: 0.004 	Average Acc: 1.000 
learning rate: [0.05]
================ Train on the train set ================
Epoch [16/25] |	Loss: 0.004 	Average Acc: 1.000 
learning rate: [0.05]
================ Train on the train set ================
Epoch [17/25] |	Loss: 0.004 	Average Acc: 1.000 
learning rate: [0.05]
================ Train on the train set ================
Epoch [18/25] |	Loss: 0.004 	Average Acc: 1.000 
learning rate: [0.05]
================ Train on the train set ================
Epoch [19/25] |	Loss: 0.003 	Average Acc: 1.000 
================ Test on the test set ================
 * Average Acc: 0.253 Best acc 0.257
 Per-Task Acc:[0.01, 0.09, 0.66]
learning rate: [0.05]
================ Train on the train set ================
Epoch [20/25] |	Loss: 0.003 	Average Acc: 1.000 
learning rate: [0.05]
================ Train on the train set ================
Epoch [21/25] |	Loss: 0.003 	Average Acc: 1.000 
learning rate: [0.025]
================ Train on the train set ================
Epoch [22/25] |	Loss: 0.003 	Average Acc: 1.000 
learning rate: [0.025]
================ Train on the train set ================
Epoch [23/25] |	Loss: 0.003 	Average Acc: 1.000 
learning rate: [0.025]
================ Train on the train set ================
Epoch [24/25] |	Loss: 0.003 	Average Acc: 1.000 
================ Test on the test set ================
 * Average Acc: 0.250 Best acc 0.257
 Per-Task Acc:[0.01, 0.09, 0.65]
================Task 3 Start!================
SGD (
Parameter Group 0
    dampening: 0
    differentiable: False
    foreach: None
    initial_lr: 0.1
    lr: 0.03333333333333333
    maximize: False
    momentum: 0
    nesterov: False
    weight_decay: 0
)
================Task 3 Training!================
The training samples number: 10500
learning rate: [0.03333333333333333]
================ Train on the train set ================
Epoch [0/25] |	Loss: 2.865 	Average Acc: 0.341 
learning rate: [0.06666666666666667]
================ Train on the train set ================
Epoch [1/25] |	Loss: 1.319 	Average Acc: 0.581 
learning rate: [0.1]
================ Train on the train set ================
Epoch [2/25] |	Loss: 0.914 	Average Acc: 0.696 
learning rate: [0.1]
================ Train on the train set ================
Epoch [3/25] |	Loss: 0.363 	Average Acc: 0.891 
learning rate: [0.1]
================ Train on the train set ================
Epoch [4/25] |	Loss: 0.094 	Average Acc: 0.988 
================ Test on the test set ================
 * Average Acc: 0.190 Best acc 0.190
 Per-Task Acc:[0.0, 0.0, 0.11, 0.65]
learning rate: [0.1]
================ Train on the train set ================
Epoch [5/25] |	Loss: 0.025 	Average Acc: 1.000 
learning rate: [0.1]
================ Train on the train set ================
Epoch [6/25] |	Loss: 0.013 	Average Acc: 1.000 
learning rate: [0.1]
================ Train on the train set ================
Epoch [7/25] |	Loss: 0.009 	Average Acc: 1.000 
learning rate: [0.1]
================ Train on the train set ================
Epoch [8/25] |	Loss: 0.007 	Average Acc: 1.000 
learning rate: [0.1]
================ Train on the train set ================
Epoch [9/25] |	Loss: 0.006 	Average Acc: 1.000 
================ Test on the test set ================
 * Average Acc: 0.190 Best acc 0.190
 Per-Task Acc:[0.0, 0.0, 0.11, 0.65]
learning rate: [0.1]
================ Train on the train set ================
Epoch [10/25] |	Loss: 0.005 	Average Acc: 1.000 
learning rate: [0.1]
================ Train on the train set ================
Epoch [11/25] |	Loss: 0.004 	Average Acc: 1.000 
learning rate: [0.05]
================ Train on the train set ================
Epoch [12/25] |	Loss: 0.004 	Average Acc: 1.000 
learning rate: [0.05]
================ Train on the train set ================
Epoch [13/25] |	Loss: 0.004 	Average Acc: 1.000 
learning rate: [0.05]
================ Train on the train set ================
Epoch [14/25] |	Loss: 0.004 	Average Acc: 1.000 
================ Test on the test set ================
 * Average Acc: 0.190 Best acc 0.190
 Per-Task Acc:[0.0, 0.0, 0.11, 0.65]
learning rate: [0.05]
================ Train on the train set ================
Epoch [15/25] |	Loss: 0.003 	Average Acc: 1.000 
learning rate: [0.05]
================ Train on the train set ================
Epoch [16/25] |	Loss: 0.003 	Average Acc: 1.000 
learning rate: [0.05]
================ Train on the train set ================
Epoch [17/25] |	Loss: 0.003 	Average Acc: 1.000 
learning rate: [0.05]
================ Train on the train set ================
Epoch [18/25] |	Loss: 0.003 	Average Acc: 1.000 
learning rate: [0.05]
================ Train on the train set ================
Epoch [19/25] |	Loss: 0.003 	Average Acc: 1.000 
================ Test on the test set ================
 * Average Acc: 0.190 Best acc 0.190
 Per-Task Acc:[0.0, 0.0, 0.11, 0.65]
learning rate: [0.05]
================ Train on the train set ================
Epoch [20/25] |	Loss: 0.003 	Average Acc: 1.000 
learning rate: [0.05]
================ Train on the train set ================
Epoch [21/25] |	Loss: 0.003 	Average Acc: 1.000 
learning rate: [0.025]
================ Train on the train set ================
Epoch [22/25] |	Loss: 0.002 	Average Acc: 1.000 
learning rate: [0.025]
================ Train on the train set ================
Epoch [23/25] |	Loss: 0.002 	Average Acc: 1.000 
learning rate: [0.025]
================ Train on the train set ================
Epoch [24/25] |	Loss: 0.002 	Average Acc: 1.000 
================ Test on the test set ================
 * Average Acc: 0.190 Best acc 0.190
 Per-Task Acc:[0.0, 0.0, 0.11, 0.65]
================Task 4 Start!================
SGD (
Parameter Group 0
    dampening: 0
    differentiable: False
    foreach: None
    initial_lr: 0.1
    lr: 0.03333333333333333
    maximize: False
    momentum: 0
    nesterov: False
    weight_decay: 0
)
================Task 4 Training!================
The training samples number: 10500
learning rate: [0.03333333333333333]
================ Train on the train set ================
Epoch [0/25] |	Loss: 2.940 	Average Acc: 0.356 
learning rate: [0.06666666666666667]
================ Train on the train set ================
Epoch [1/25] |	Loss: 1.265 	Average Acc: 0.615 
learning rate: [0.1]
================ Train on the train set ================
Epoch [2/25] |	Loss: 0.776 	Average Acc: 0.761 
learning rate: [0.1]
================ Train on the train set ================
Epoch [3/25] |	Loss: 0.255 	Average Acc: 0.939 
learning rate: [0.1]
================ Train on the train set ================
Epoch [4/25] |	Loss: 0.059 	Average Acc: 0.992 
================ Test on the test set ================
 * Average Acc: 0.148 Best acc 0.148
 Per-Task Acc:[0.0, 0.0, 0.0, 0.11, 0.63]
learning rate: [0.1]
================ Train on the train set ================
Epoch [5/25] |	Loss: 0.022 	Average Acc: 0.998 
learning rate: [0.1]
================ Train on the train set ================
Epoch [6/25] |	Loss: 0.012 	Average Acc: 1.000 
learning rate: [0.1]
================ Train on the train set ================
Epoch [7/25] |	Loss: 0.009 	Average Acc: 1.000 
learning rate: [0.1]
================ Train on the train set ================
Epoch [8/25] |	Loss: 0.006 	Average Acc: 1.000 
learning rate: [0.1]
================ Train on the train set ================
Epoch [9/25] |	Loss: 0.005 	Average Acc: 1.000 
================ Test on the test set ================
 * Average Acc: 0.156 Best acc 0.156
 Per-Task Acc:[0.0, 0.0, 0.01, 0.11, 0.66]
learning rate: [0.1]
================ Train on the train set ================
Epoch [10/25] |	Loss: 0.004 	Average Acc: 1.000 
learning rate: [0.1]
================ Train on the train set ================
Epoch [11/25] |	Loss: 0.004 	Average Acc: 1.000 
learning rate: [0.05]
================ Train on the train set ================
Epoch [12/25] |	Loss: 0.003 	Average Acc: 1.000 
learning rate: [0.05]
================ Train on the train set ================
Epoch [13/25] |	Loss: 0.003 	Average Acc: 1.000 
learning rate: [0.05]
================ Train on the train set ================
Epoch [14/25] |	Loss: 0.003 	Average Acc: 1.000 
================ Test on the test set ================
 * Average Acc: 0.156 Best acc 0.156
 Per-Task Acc:[0.0, 0.0, 0.01, 0.11, 0.66]
learning rate: [0.05]
================ Train on the train set ================
Epoch [15/25] |	Loss: 0.003 	Average Acc: 1.000 
learning rate: [0.05]
================ Train on the train set ================
Epoch [16/25] |	Loss: 0.003 	Average Acc: 1.000 
learning rate: [0.05]
================ Train on the train set ================
Epoch [17/25] |	Loss: 0.003 	Average Acc: 1.000 
learning rate: [0.05]
================ Train on the train set ================
Epoch [18/25] |	Loss: 0.002 	Average Acc: 1.000 
learning rate: [0.05]
================ Train on the train set ================
Epoch [19/25] |	Loss: 0.002 	Average Acc: 1.000 
================ Test on the test set ================
 * Average Acc: 0.156 Best acc 0.156
 Per-Task Acc:[0.0, 0.0, 0.01, 0.11, 0.66]
learning rate: [0.05]
================ Train on the train set ================
Epoch [20/25] |	Loss: 0.002 	Average Acc: 1.000 
learning rate: [0.05]
================ Train on the train set ================
Epoch [21/25] |	Loss: 0.002 	Average Acc: 1.000 
learning rate: [0.025]
================ Train on the train set ================
Epoch [22/25] |	Loss: 0.002 	Average Acc: 1.000 
learning rate: [0.025]
================ Train on the train set ================
Epoch [23/25] |	Loss: 0.002 	Average Acc: 1.000 
learning rate: [0.025]
================ Train on the train set ================
Epoch [24/25] |	Loss: 0.002 	Average Acc: 1.000 
================ Test on the test set ================
 * Average Acc: 0.156 Best acc 0.156
 Per-Task Acc:[0.0, 0.0, 0.01, 0.11, 0.66]
Time cost :  5640.173743247986
