{'data_root': '/data/bzx_yjy/cifar100', 'image_size': 32, 'pin_memory': False, 'augment': True, 'workers': 8, 'device_ids': 0, 'n_gpu': 1, 'seed': 1993, 'deterministic': True, 'epoch': 2, 'batch_size': 128, 'val_per_epoch': 2, 'optimzer': {'name': 'SGD', 'kwargs': {'lr': 0.1}}, 'lr_scheduler': {'name': 'StepLR', 'kwargs': {'gamma': 0.1, 'step_size': 10}}, 'warmup': 3, 'includes': ['headers/data.yaml', 'headers/device.yaml', 'headers/model.yaml', 'headers/optimizer.yaml', 'backbones/resnet12.yaml'], 'save_path': './', 'init_cls_num': 20, 'inc_cls_num': 20, 'task_num': 5, 'optimizer': {'name': 'SGD', 'kwargs': {'lr': 0.1}}, 'backbone': {'name': 'resnet34', 'kwargs': {'num_classes': 100, 'args': {'dataset': 'cifar100'}}}, 'buffer': {'name': 'LinearBuffer', 'kwargs': {'buffer_size': 500, 'batch_size': 32, 'strategy': 'random'}}, 'classifier': {'name': 'GEM', 'kwargs': {'num_class': 100, 'feat_dim': 512, 'n_memories': 500, 'n_task': 100, 'memory_strength': 0}}, 'rank': 0}
GEM(
  (net): ResNet(
    (conv1): Sequential(
      (0): Conv2d(3, 64, kernel_size=(3, 3), stride=(1, 1), padding=(1, 1), bias=False)
      (1): BatchNorm2d(64, eps=1e-05, momentum=0.1, affine=True, track_running_stats=True)
      (2): ReLU(inplace=True)
    )
    (layer1): Sequential(
      (0): BasicBlock(
        (conv1): Conv2d(64, 64, kernel_size=(3, 3), stride=(1, 1), padding=(1, 1), bias=False)
        (bn1): BatchNorm2d(64, eps=1e-05, momentum=0.1, affine=True, track_running_stats=True)
        (relu): ReLU(inplace=True)
        (conv2): Conv2d(64, 64, kernel_size=(3, 3), stride=(1, 1), padding=(1, 1), bias=False)
        (bn2): BatchNorm2d(64, eps=1e-05, momentum=0.1, affine=True, track_running_stats=True)
      )
      (1): BasicBlock(
        (conv1): Conv2d(64, 64, kernel_size=(3, 3), stride=(1, 1), padding=(1, 1), bias=False)
        (bn1): BatchNorm2d(64, eps=1e-05, momentum=0.1, affine=True, track_running_stats=True)
        (relu): ReLU(inplace=True)
        (conv2): Conv2d(64, 64, kernel_size=(3, 3), stride=(1, 1), padding=(1, 1), bias=False)
        (bn2): BatchNorm2d(64, eps=1e-05, momentum=0.1, affine=True, track_running_stats=True)
      )
      (2): BasicBlock(
        (conv1): Conv2d(64, 64, kernel_size=(3, 3), stride=(1, 1), padding=(1, 1), bias=False)
        (bn1): BatchNorm2d(64, eps=1e-05, momentum=0.1, affine=True, track_running_stats=True)
        (relu): ReLU(inplace=True)
        (conv2): Conv2d(64, 64, kernel_size=(3, 3), stride=(1, 1), padding=(1, 1), bias=False)
        (bn2): BatchNorm2d(64, eps=1e-05, momentum=0.1, affine=True, track_running_stats=True)
      )
    )
    (layer2): Sequential(
      (0): BasicBlock(
        (conv1): Conv2d(64, 128, kernel_size=(3, 3), stride=(2, 2), padding=(1, 1), bias=False)
        (bn1): BatchNorm2d(128, eps=1e-05, momentum=0.1, affine=True, track_running_stats=True)
        (relu): ReLU(inplace=True)
        (conv2): Conv2d(128, 128, kernel_size=(3, 3), stride=(1, 1), padding=(1, 1), bias=False)
        (bn2): BatchNorm2d(128, eps=1e-05, momentum=0.1, affine=True, track_running_stats=True)
        (downsample): Sequential(
          (0): Conv2d(64, 128, kernel_size=(1, 1), stride=(2, 2), bias=False)
          (1): BatchNorm2d(128, eps=1e-05, momentum=0.1, affine=True, track_running_stats=True)
        )
      )
      (1): BasicBlock(
        (conv1): Conv2d(128, 128, kernel_size=(3, 3), stride=(1, 1), padding=(1, 1), bias=False)
        (bn1): BatchNorm2d(128, eps=1e-05, momentum=0.1, affine=True, track_running_stats=True)
        (relu): ReLU(inplace=True)
        (conv2): Conv2d(128, 128, kernel_size=(3, 3), stride=(1, 1), padding=(1, 1), bias=False)
        (bn2): BatchNorm2d(128, eps=1e-05, momentum=0.1, affine=True, track_running_stats=True)
      )
      (2): BasicBlock(
        (conv1): Conv2d(128, 128, kernel_size=(3, 3), stride=(1, 1), padding=(1, 1), bias=False)
        (bn1): BatchNorm2d(128, eps=1e-05, momentum=0.1, affine=True, track_running_stats=True)
        (relu): ReLU(inplace=True)
        (conv2): Conv2d(128, 128, kernel_size=(3, 3), stride=(1, 1), padding=(1, 1), bias=False)
        (bn2): BatchNorm2d(128, eps=1e-05, momentum=0.1, affine=True, track_running_stats=True)
      )
      (3): BasicBlock(
        (conv1): Conv2d(128, 128, kernel_size=(3, 3), stride=(1, 1), padding=(1, 1), bias=False)
        (bn1): BatchNorm2d(128, eps=1e-05, momentum=0.1, affine=True, track_running_stats=True)
        (relu): ReLU(inplace=True)
        (conv2): Conv2d(128, 128, kernel_size=(3, 3), stride=(1, 1), padding=(1, 1), bias=False)
        (bn2): BatchNorm2d(128, eps=1e-05, momentum=0.1, affine=True, track_running_stats=True)
      )
    )
    (layer3): Sequential(
      (0): BasicBlock(
        (conv1): Conv2d(128, 256, kernel_size=(3, 3), stride=(2, 2), padding=(1, 1), bias=False)
        (bn1): BatchNorm2d(256, eps=1e-05, momentum=0.1, affine=True, track_running_stats=True)
        (relu): ReLU(inplace=True)
        (conv2): Conv2d(256, 256, kernel_size=(3, 3), stride=(1, 1), padding=(1, 1), bias=False)
        (bn2): BatchNorm2d(256, eps=1e-05, momentum=0.1, affine=True, track_running_stats=True)
        (downsample): Sequential(
          (0): Conv2d(128, 256, kernel_size=(1, 1), stride=(2, 2), bias=False)
          (1): BatchNorm2d(256, eps=1e-05, momentum=0.1, affine=True, track_running_stats=True)
        )
      )
      (1): BasicBlock(
        (conv1): Conv2d(256, 256, kernel_size=(3, 3), stride=(1, 1), padding=(1, 1), bias=False)
        (bn1): BatchNorm2d(256, eps=1e-05, momentum=0.1, affine=True, track_running_stats=True)
        (relu): ReLU(inplace=True)
        (conv2): Conv2d(256, 256, kernel_size=(3, 3), stride=(1, 1), padding=(1, 1), bias=False)
        (bn2): BatchNorm2d(256, eps=1e-05, momentum=0.1, affine=True, track_running_stats=True)
      )
      (2): BasicBlock(
        (conv1): Conv2d(256, 256, kernel_size=(3, 3), stride=(1, 1), padding=(1, 1), bias=False)
        (bn1): BatchNorm2d(256, eps=1e-05, momentum=0.1, affine=True, track_running_stats=True)
        (relu): ReLU(inplace=True)
        (conv2): Conv2d(256, 256, kernel_size=(3, 3), stride=(1, 1), padding=(1, 1), bias=False)
        (bn2): BatchNorm2d(256, eps=1e-05, momentum=0.1, affine=True, track_running_stats=True)
      )
      (3): BasicBlock(
        (conv1): Conv2d(256, 256, kernel_size=(3, 3), stride=(1, 1), padding=(1, 1), bias=False)
        (bn1): BatchNorm2d(256, eps=1e-05, momentum=0.1, affine=True, track_running_stats=True)
        (relu): ReLU(inplace=True)
        (conv2): Conv2d(256, 256, kernel_size=(3, 3), stride=(1, 1), padding=(1, 1), bias=False)
        (bn2): BatchNorm2d(256, eps=1e-05, momentum=0.1, affine=True, track_running_stats=True)
      )
      (4): BasicBlock(
        (conv1): Conv2d(256, 256, kernel_size=(3, 3), stride=(1, 1), padding=(1, 1), bias=False)
        (bn1): BatchNorm2d(256, eps=1e-05, momentum=0.1, affine=True, track_running_stats=True)
        (relu): ReLU(inplace=True)
        (conv2): Conv2d(256, 256, kernel_size=(3, 3), stride=(1, 1), padding=(1, 1), bias=False)
        (bn2): BatchNorm2d(256, eps=1e-05, momentum=0.1, affine=True, track_running_stats=True)
      )
      (5): BasicBlock(
        (conv1): Conv2d(256, 256, kernel_size=(3, 3), stride=(1, 1), padding=(1, 1), bias=False)
        (bn1): BatchNorm2d(256, eps=1e-05, momentum=0.1, affine=True, track_running_stats=True)
        (relu): ReLU(inplace=True)
        (conv2): Conv2d(256, 256, kernel_size=(3, 3), stride=(1, 1), padding=(1, 1), bias=False)
        (bn2): BatchNorm2d(256, eps=1e-05, momentum=0.1, affine=True, track_running_stats=True)
      )
    )
    (layer4): Sequential(
      (0): BasicBlock(
        (conv1): Conv2d(256, 512, kernel_size=(3, 3), stride=(2, 2), padding=(1, 1), bias=False)
        (bn1): BatchNorm2d(512, eps=1e-05, momentum=0.1, affine=True, track_running_stats=True)
        (relu): ReLU(inplace=True)
        (conv2): Conv2d(512, 512, kernel_size=(3, 3), stride=(1, 1), padding=(1, 1), bias=False)
        (bn2): BatchNorm2d(512, eps=1e-05, momentum=0.1, affine=True, track_running_stats=True)
        (downsample): Sequential(
          (0): Conv2d(256, 512, kernel_size=(1, 1), stride=(2, 2), bias=False)
          (1): BatchNorm2d(512, eps=1e-05, momentum=0.1, affine=True, track_running_stats=True)
        )
      )
      (1): BasicBlock(
        (conv1): Conv2d(512, 512, kernel_size=(3, 3), stride=(1, 1), padding=(1, 1), bias=False)
        (bn1): BatchNorm2d(512, eps=1e-05, momentum=0.1, affine=True, track_running_stats=True)
        (relu): ReLU(inplace=True)
        (conv2): Conv2d(512, 512, kernel_size=(3, 3), stride=(1, 1), padding=(1, 1), bias=False)
        (bn2): BatchNorm2d(512, eps=1e-05, momentum=0.1, affine=True, track_running_stats=True)
      )
      (2): BasicBlock(
        (conv1): Conv2d(512, 512, kernel_size=(3, 3), stride=(1, 1), padding=(1, 1), bias=False)
        (bn1): BatchNorm2d(512, eps=1e-05, momentum=0.1, affine=True, track_running_stats=True)
        (relu): ReLU(inplace=True)
        (conv2): Conv2d(512, 512, kernel_size=(3, 3), stride=(1, 1), padding=(1, 1), bias=False)
        (bn2): BatchNorm2d(512, eps=1e-05, momentum=0.1, affine=True, track_running_stats=True)
      )
    )
    (avgpool): AdaptiveAvgPool2d(output_size=(1, 1))
  )
  (classifier): Linear(in_features=512, out_features=100, bias=True)
  (ce): CrossEntropyLoss()
)
Trainable params in the model: 21328292
SGD (
Parameter Group 0
    dampening: 0
    differentiable: False
    foreach: None
    initial_lr: 0.1
    lr: 0.03333333333333333
    maximize: False
    momentum: 0
    nesterov: False
    weight_decay: 0
)
================Task 0 Start!================
SGD (
Parameter Group 0
    dampening: 0
    differentiable: False
    foreach: None
    initial_lr: 0.1
    lr: 0.03333333333333333
    maximize: False
    momentum: 0
    nesterov: False
    weight_decay: 0
)
================Task 0 Training!================
The training samples number: 10000
learning rate: [0.03333333333333333]
================ Train on the train set ================
Epoch [0/2] |	Loss: 2.671 	Average Acc: 0.203 
learning rate: [0.06666666666666667]
================ Train on the train set ================
Epoch [1/2] |	Loss: 2.387 	Average Acc: 0.296 
================ Test on the test set ================
tensor([12, 11, 19, 15,  8,  1,  2, 12,  9,  2,  1, 13,  6,  2, 10,  4,  2, 10,
        12,  9,  9, 11,  2, 18, 18, 12,  8,  8, 11,  3, 10, 16],
       device='cuda:0')
tensor([19, 11, 14, 15,  2,  1, 17, 10,  9, 11,  2, 13, 11,  5, 11,  4, 14, 10,
        14,  3,  9, 11, 11,  1, 19, 12,  8, 10, 11,  3, 16, 10],
       device='cuda:0')
tensor([13, 19, 12,  6, 11, 12,  5, 12, 18, 12,  2, 19, 11,  1,  9,  9, 19, 12,
         9, 12,  0, 12,  2, 11,  5, 16,  8,  9, 18, 11, 15, 19],
       device='cuda:0')
tensor([16, 17, 19,  6,  3,  8,  5,  8, 17, 17,  8, 17, 11,  1, 17,  6,  8, 14,
        12,  5,  0, 12,  2,  6, 17, 11,  1,  7, 19,  6, 15, 10],
       device='cuda:0')
tensor([ 9, 10, 18,  2,  9,  2,  0, 12, 10,  1, 15, 18, 18,  9, 15, 11, 11,  9,
         2,  9, 12, 12, 11, 16, 11, 15,  2, 12,  2, 10, 19, 18],
       device='cuda:0')
tensor([ 3, 19, 18, 14, 17,  3,  0,  7, 10,  1, 15,  8,  8,  9, 15, 11, 11,  9,
         2, 11, 12,  7,  3, 13,  6,  5,  2, 19, 17, 16,  8, 18],
       device='cuda:0')
tensor([ 0,  3, 16,  9,  2, 18, 16,  9,  4, 18,  5, 15, 13, 12,  9,  9, 11, 18,
        18, 11, 12, 18,  7, 18,  5, 12, 12, 15, 19, 12, 11,  8],
       device='cuda:0')
tensor([ 0,  3, 16,  9,  8, 18,  2,  9,  4,  7, 16, 15, 13,  3, 19,  9,  2,  2,
        18,  3, 14, 10,  1, 17, 14, 19, 14, 15,  3, 16, 11,  8],
       device='cuda:0')
tensor([16,  0, 10,  8,  9, 12, 18,  9,  9,  8,  2,  9,  4, 12,  2, 16, 18, 12,
         9,  0,  4, 10, 18, 12,  0, 12,  0, 11, 16,  2, 12, 19],
       device='cuda:0')
tensor([16,  0, 10,  2,  4, 17, 17, 15,  9,  8, 17,  9,  4, 14, 19, 16,  8, 15,
        14,  0,  4, 10, 11, 11,  0, 17,  0, 16,  5, 15, 16,  1],
       device='cuda:0')
tensor([19,  6, 15,  0,  6, 18,  9, 16, 12,  4, 11, 11, 11,  1,  1,  9, 19, 19,
         0, 12, 12,  3, 11,  2,  6, 11,  2,  8, 19, 16,  8,  4],
       device='cuda:0')
tensor([12, 11, 15,  6,  6,  2, 10, 13, 18,  4,  6,  5,  6,  1,  1,  9,  7,  2,
         0, 17, 14, 14, 14,  3,  6,  9, 14, 15, 19, 16,  8,  4],
       device='cuda:0')
tensor([18,  8, 18, 18, 12, 12, 11, 10, 12,  8, 12,  0, 11, 12, 12,  9,  2, 12,
         2,  1, 18, 12,  6, 12,  1,  6,  9,  8,  0, 13, 16, 19],
       device='cuda:0')
tensor([19, 18, 18, 15, 12, 18, 11,  5,  8,  2,  8,  0,  6, 12,  2,  9,  3, 12,
        16,  1, 13,  8,  6,  2,  1, 11, 10,  8, 12, 13, 14,  8],
       device='cuda:0')
tensor([ 8,  0, 18, 10,  9,  8, 16, 11, 15, 19, 16,  2, 10, 15,  5, 11,  4, 12,
         1, 12,  6, 18, 18, 18,  2,  8,  2, 19,  2,  1,  9, 19],
       device='cuda:0')
tensor([ 1,  0,  7,  0,  4,  7, 11, 11, 15,  8, 16, 19, 14, 15,  7, 11,  9, 12,
         1,  6,  6,  8, 18, 18,  3, 12, 12,  7, 19,  1,  9,  7],
       device='cuda:0')
tensor([12, 12,  9,  5, 12, 12, 18, 18, 18, 12,  8, 18,  2, 18,  9, 12,  2, 18,
         8, 18,  9, 10, 18, 16, 10,  2, 12, 12, 18, 12,  4, 18],
       device='cuda:0')
tensor([ 3,  6,  9,  5, 15, 12, 18,  3,  5, 16,  8, 18, 11, 18, 16, 10, 15, 18,
        19, 17,  4,  3, 18, 16,  1,  2, 10, 12,  5, 15,  4, 18],
       device='cuda:0')
tensor([ 2, 10, 11, 11,  0,  5,  4,  2, 12, 12, 11,  4, 18,  4, 12, 12,  9,  0,
         2, 18, 12, 11,  9, 12, 11,  1,  4,  2, 11,  8, 18,  9],
       device='cuda:0')
tensor([ 3, 13, 17, 11,  0,  5,  4,  6, 12, 17,  6,  4,  7,  2,  6, 19, 14,  0,
         3, 18,  5, 11,  4, 16, 11,  1,  4, 18,  3,  9, 11,  6],
       device='cuda:0')
tensor([ 0,  9,  2, 18, 18, 16,  2,  9, 10,  9,  9,  2,  0, 12, 12,  8,  2,  8,
         2, 11,  2, 12,  9, 12, 10, 18, 12,  1,  2,  9,  9, 19],
       device='cuda:0')
tensor([ 0,  1,  5, 14,  5, 16,  5,  9, 13,  2,  7, 14,  6, 17, 12,  7, 13,  8,
        18, 11, 15,  0, 11, 14,  2,  3, 15,  3,  3, 10, 15, 17],
       device='cuda:0')
tensor([16, 16,  2,  4,  9,  1,  2, 12,  0, 11,  4, 12, 19,  9,  2,  9, 10,  3,
         6,  0,  8, 12, 12, 18, 10, 11, 19,  9,  0,  8,  2,  4],
       device='cuda:0')
tensor([ 6, 16,  2,  4,  9,  4, 19,  7,  0,  1,  9, 14, 17, 15,  2,  9,  2,  3,
         1,  0,  8,  1, 18, 18, 10,  2,  3, 15,  0,  8,  5,  4],
       device='cuda:0')
tensor([19,  4, 18, 16,  9, 10, 11,  7,  9,  2,  1, 10,  9, 18, 18,  0, 19,  0,
         0, 12,  2,  0,  1,  2,  8,  1,  0, 16,  9, 16,  5,  2],
       device='cuda:0')
tensor([17,  5,  4,  5,  6, 10,  6, 19, 15,  2,  9, 10, 17, 18,  8,  4, 16, 10,
         6,  2,  5,  0,  5,  2,  1,  1,  0, 10, 13, 13,  8,  3],
       device='cuda:0')
tensor([12,  4, 11,  4,  4, 12, 16,  2, 12, 16,  8, 18, 11, 12, 18, 18,  9,  8,
         7, 10,  9, 10, 18, 12,  2,  0,  2, 12,  0,  9, 11,  3],
       device='cuda:0')
tensor([12,  4,  6,  4,  4, 12, 16, 16,  2, 14,  8,  8, 15, 19, 18, 17,  9,  2,
         4, 15, 10,  7, 18,  8,  3,  0,  8, 12,  0,  9, 11,  3],
       device='cuda:0')
tensor([ 2, 18,  6,  5,  1,  2, 12,  2, 15,  2, 11, 12,  7,  1,  9,  2, 18,  1,
         7, 11,  1,  0, 11, 10,  2,  9,  9, 18,  2,  4, 12, 12],
       device='cuda:0')
tensor([ 7,  5,  6, 14,  1,  2, 12,  5, 18,  3,  5, 12,  1,  1, 10, 11,  8,  1,
         0, 11,  1,  0, 11, 10,  1,  9, 10,  1,  5,  4, 15, 10],
       device='cuda:0')
tensor([ 2,  0,  2, 15, 16,  6, 10,  7, 18, 13, 12, 11,  2,  4, 16,  1,  0, 18,
        13, 15,  9,  2, 11, 18, 11, 10,  1,  1,  9, 11,  1,  9],
       device='cuda:0')
tensor([12,  0, 16, 15, 13,  6, 12,  7, 10, 13,  2,  6,  5,  4, 19,  1,  0, 17,
        13, 10,  9, 17,  1,  7,  1,  2,  2,  1, 10, 19, 14,  9],
       device='cuda:0')
tensor([18, 10, 12,  9,  0, 16, 12,  2,  2, 18, 18, 12,  9,  4, 12, 18, 11,  0,
        16,  9,  9,  4,  2, 11,  2,  2,  0, 16, 18,  9, 16,  1],
       device='cuda:0')
tensor([18, 13, 17, 13,  5, 13,  8,  8,  6, 12, 18,  6,  4,  5,  8, 18, 11,  0,
        19, 15,  9,  4,  2, 19,  3, 11,  0, 15,  5,  9, 11,  1],
       device='cuda:0')
tensor([10, 11, 11,  2, 11, 11, 12, 12,  4,  1, 18,  2,  5,  9, 11, 16, 12,  9,
         9, 16,  2,  2, 19,  5,  9, 18, 16, 12, 11, 18, 10, 15],
       device='cuda:0')
tensor([ 9,  6,  6,  2, 14,  1,  6,  8, 13, 12, 17, 19,  5,  9,  3, 12, 12,  9,
        15, 13,  1, 19, 19,  5,  4, 13, 14, 19, 17,  8, 10, 15],
       device='cuda:0')
tensor([ 7,  2,  3, 11,  8,  8, 18, 15,  0,  9, 15, 18,  3,  2, 12,  4,  9, 10,
         9, 10, 19, 12,  1, 18, 11, 15,  1, 18,  5, 18, 16, 16],
       device='cuda:0')
tensor([ 7,  2,  3,  5,  5, 11, 17, 15,  6,  6,  4, 15,  3,  7,  8,  4,  9, 10,
        14,  5, 19, 19,  1,  5, 11,  9, 14, 17, 11, 10,  5, 16],
       device='cuda:0')
tensor([12,  9,  9,  7,  6, 10,  9,  4, 18,  5,  9, 18, 15, 18,  2, 12, 18,  7,
         4,  9, 18, 10, 12, 12, 12,  2,  4,  1,  4,  2, 13, 10],
       device='cuda:0')
tensor([12,  9,  9,  7,  3, 14, 14,  4, 19,  2,  7, 18, 15, 18, 13,  7, 19,  5,
        10,  0, 12, 16,  8, 14, 12, 16,  4, 16,  4,  6, 13, 14],
       device='cuda:0')
tensor([19, 12, 13,  8, 12, 12, 13,  1, 15,  1, 12,  9,  0, 12, 12,  2,  4, 12,
         8,  1,  6,  4,  1,  2, 18, 18,  0, 11, 18, 16,  4, 18],
       device='cuda:0')
tensor([17, 16,  2, 17,  2,  6, 13, 10,  9,  8, 14,  9,  0,  6, 14,  2,  5, 10,
         7,  1,  6,  4,  1, 11, 13,  5, 16,  6,  3,  2,  4, 10],
       device='cuda:0')
tensor([11,  4,  9,  9, 12, 18, 18, 19,  9, 12, 18,  9, 16,  6, 11, 11,  9,  8,
        18, 18, 16, 18,  4,  0,  0,  9,  2,  1,  0,  1, 11, 10],
       device='cuda:0')
tensor([15,  4,  4,  9, 12, 13,  8, 19, 17, 14, 17,  0,  8,  6,  3, 11, 10,  8,
         4, 17, 16, 13,  4,  0,  0, 14, 19,  1, 13,  3,  6,  5],
       device='cuda:0')
tensor([ 8,  6, 12, 12, 12,  2, 11,  4,  4, 16,  9,  4,  4,  5, 19, 18, 11,  9,
         9,  9,  2, 11, 15, 19,  0,  1, 16, 18,  1,  9,  8, 18],
       device='cuda:0')
tensor([ 8, 11, 18, 12, 17, 11, 16, 14,  4, 13,  4,  9,  4,  5, 19,  3,  0,  4,
         9,  9,  2,  5, 15, 19,  0,  1,  2, 17,  1,  6, 17, 18],
       device='cuda:0')
tensor([ 2,  1,  6,  9, 12, 18, 19,  5, 12,  4,  5,  9,  8, 16, 18, 12, 16,  7,
         9, 13,  0,  9,  0, 18, 12,  9,  4, 13,  4,  0, 12, 11],
       device='cuda:0')
tensor([ 2,  1,  6, 17, 12, 18, 17,  5, 12,  4,  5,  9,  8, 13, 15, 14, 13,  7,
         4, 13,  0,  9,  0, 19, 12,  3,  4, 13,  4,  0, 12,  6],
       device='cuda:0')
tensor([18,  1, 12, 18,  0, 12,  8,  8,  9, 11,  4,  2,  9, 16,  2, 19,  0,  9,
        16,  2, 15, 16, 18,  2, 12,  2, 12, 19, 16, 16,  9,  0],
       device='cuda:0')
tensor([14,  1, 12, 15,  6, 11,  0,  5, 15, 11,  4, 17,  9, 13, 19, 17,  0,  9,
        13,  2, 15, 13, 13,  3,  8,  3,  3, 17, 13, 16,  5,  0],
       device='cuda:0')
tensor([15,  2, 18,  2, 16,  2,  9,  4, 16,  5, 10, 18, 12, 11, 12, 18, 18, 10,
         3,  2,  2, 12, 13, 18, 16, 12, 12,  9, 15, 12,  2,  9],
       device='cuda:0')
tensor([15, 11, 18, 18, 11, 17,  5,  9, 13, 13,  7, 18,  3, 11, 14, 16,  8, 13,
         3, 14, 13, 14, 13, 13, 11, 12,  1, 10, 15, 14, 19, 15],
       device='cuda:0')
tensor([11, 15,  1, 12, 18,  5,  8,  2, 12, 15, 12,  6,  9, 12,  2, 11, 12, 11,
        10, 13, 10,  4, 11,  9, 16,  4, 11,  1, 18, 15, 18,  8],
       device='cuda:0')
tensor([11, 15, 12, 14, 18,  2,  7, 18, 15, 10,  8,  6,  5, 17, 19, 11,  2, 18,
        13, 13, 15,  4, 19,  9, 10, 14,  6,  6, 18, 15, 19, 16],
       device='cuda:0')
tensor([11, 19, 18,  9,  4, 19, 15,  2, 18, 16,  2, 12,  4, 18, 18,  9,  1, 11,
         1,  1,  4,  9, 10,  5, 12, 12, 16,  7,  4, 19,  9, 11],
       device='cuda:0')
tensor([11, 17, 19,  9,  4, 17, 15, 14, 13,  4,  5,  7, 14, 14, 17, 12,  1,  6,
        12, 19,  7,  9, 10, 15, 15,  7, 13,  0,  7,  3,  9, 11],
       device='cuda:0')
tensor([12,  8, 18, 13,  9,  2,  3, 12,  9,  1,  1, 10, 12,  0,  9, 10, 18, 12,
         6,  0,  2,  0,  2, 12, 18,  8, 16, 19,  0, 16,  2,  0],
       device='cuda:0')
tensor([15,  8,  5, 13, 15,  2,  3,  2,  4,  1,  1,  5, 12,  0,  6, 10,  7,  5,
         6, 17,  6,  0,  8, 10, 18,  7,  2,  7,  0, 13,  8,  6],
       device='cuda:0')
tensor([ 2,  2,  2, 13, 19,  9, 12,  2,  4, 11, 18, 11, 16, 19, 10, 10,  5, 16,
        15, 18,  0,  2,  9,  0,  0, 11,  6,  2,  1,  4, 12, 12],
       device='cuda:0')
tensor([ 2, 19,  2, 13,  7,  6,  4,  2,  6, 11, 18,  7, 16, 17,  7, 10, 16, 16,
        10,  2,  4, 15, 12,  0,  1, 18,  0, 19,  3,  4, 10, 17],
       device='cuda:0')
tensor([ 2, 11, 11, 16, 12,  0, 11,  5,  4, 12,  8, 11,  2, 11, 12, 16,  0, 16,
        11, 11, 19,  9, 19, 12,  8, 12,  8, 16, 12,  2,  9, 19],
       device='cuda:0')
tensor([ 2,  6, 11, 13,  8,  0, 16,  5,  4,  8, 16, 11,  8,  3,  6, 13,  0, 13,
         3,  8,  7, 10, 19, 12, 11, 15,  7, 16, 12,  2,  4,  8],
       device='cuda:0')
tensor([ 2,  2,  0, 18, 18, 10,  9, 12, 11, 18,  9,  0,  0, 18, 18, 11, 18, 11,
        12, 15,  4,  2, 12, 15, 12, 16, 18,  2,  8,  0, 19,  9],
       device='cuda:0')
tensor([19,  2,  0, 18, 18, 16,  3,  8,  3, 17, 15,  0,  0, 13,  7, 19, 19, 11,
        12,  5,  4, 11,  8, 15,  7, 13,  2,  2,  8,  0, 17,  9],
       device='cuda:0')
tensor([ 9, 10,  9, 18, 19,  2,  2, 12,  4, 16, 18,  9,  4, 12, 12,  2,  1, 12,
         0,  2,  4, 18, 10, 12, 12, 12, 13, 16,  2,  2,  7,  2],
       device='cuda:0')
tensor([ 9,  5, 17, 18,  7,  2,  2,  7,  4, 13,  7,  9,  4, 12, 14, 16,  1,  8,
         0, 19,  4, 18, 19, 19, 17, 14, 13,  2,  8,  2,  7, 10],
       device='cuda:0')
tensor([10, 12, 12, 18, 18,  0,  0,  7, 16,  0,  9,  2, 12, 18,  2, 12, 16,  9,
        10, 12, 11, 11,  5,  2, 19, 11, 11, 19, 16, 11, 10,  9],
       device='cuda:0')
tensor([13, 17,  7, 18, 18, 16,  0,  7, 16,  0,  7,  1, 19, 10, 11, 12, 13,  9,
         5,  5, 11, 11,  2, 11, 17, 11, 11,  8, 13,  5,  8,  3],
       device='cuda:0')
tensor([ 2, 18, 18,  3,  5, 12, 18,  0,  1,  4,  4, 18,  2, 11, 12, 12,  9, 16,
        19,  2,  2, 16,  0, 13, 12,  9, 19,  3,  4, 12, 19, 12],
       device='cuda:0')
tensor([ 2, 17, 18,  3,  5, 12, 17,  0, 14,  4,  1, 18,  5,  1, 14,  8,  9, 16,
         7,  5,  3, 16,  0, 13, 14, 15,  4,  3,  2, 14, 17,  2],
       device='cuda:0')
tensor([ 9, 19, 12, 16, 18,  4, 11, 12, 12,  1, 19, 18, 16,  1,  4, 11,  2, 18,
        12, 12,  8, 16, 18, 11, 11,  9,  3,  1, 12,  1, 16,  9],
       device='cuda:0')
tensor([ 9,  2,  2,  8, 18,  4, 11,  8,  7, 14, 17,  2, 13, 13,  4,  1, 13, 18,
         8,  2, 10, 15,  7, 11, 16,  9,  7,  2, 14,  1, 16,  4],
       device='cuda:0')
tensor([18, 12,  5, 18, 11, 11,  9, 10,  9, 12,  4, 18,  2,  2, 12, 18, 18, 19,
        12, 11, 16,  9,  2, 18,  9,  6, 19,  4, 15, 12, 19, 16],
       device='cuda:0')
tensor([ 7,  6, 16,  6,  6,  6, 17,  4, 15, 16,  4, 18,  3,  7, 12, 18, 18, 19,
        14,  1, 13,  9,  2, 18,  4,  6, 14,  4, 15, 14,  7,  8],
       device='cuda:0')
tensor([18, 18,  0, 10, 11, 18,  2,  1,  9,  4, 19, 18,  4, 15,  9,  1, 11,  1,
         3,  1,  2, 16, 18,  3,  0, 18,  9, 18,  4, 11,  9, 10],
       device='cuda:0')
tensor([ 2, 19,  0, 18,  3,  9, 16,  5,  9,  6, 19,  1,  9, 15, 15,  1,  6, 10,
         3,  3,  8, 16, 17,  3,  0,  5, 19, 12,  4,  3,  9, 14],
       device='cuda:0')
tensor([ 0, 10, 16, 12,  4, 19, 12,  2,  6,  2, 11, 12,  9, 11,  7,  4,  9,  1,
         2,  9,  1, 18, 15,  9,  5, 19,  2, 18, 12,  2,  3,  0],
       device='cuda:0')
tensor([ 0, 15, 13, 14, 10, 18, 12, 13,  1, 16,  6,  5,  9, 14,  7,  4, 10,  1,
        14,  9, 10, 18, 15,  4,  2, 17,  2, 16, 18,  3,  5,  8],
       device='cuda:0')
tensor([ 9,  9, 16, 15,  2, 16, 18, 19, 10, 18, 16, 10, 19,  4,  9, 18,  2,  2,
        16, 18,  0, 10, 15, 18, 12, 12, 18,  7, 10, 18, 12,  8],
       device='cuda:0')
tensor([ 9,  9, 10, 15,  8,  5, 10, 17, 10, 18,  5,  8, 19, 12, 11, 18, 13,  2,
        15, 19,  0, 15, 15, 16, 12,  8,  8,  7, 16, 12, 14, 17],
       device='cuda:0')
tensor([18, 11, 18, 12,  7, 11,  2, 11, 18, 12, 19, 16, 18,  1,  0,  2,  9,  5,
        12,  1, 18, 18, 16, 10, 12,  2, 11, 11, 15, 12,  1,  8],
       device='cuda:0')
tensor([ 5, 11,  7,  7,  5,  6,  3, 11, 13, 10, 19, 13, 18,  1,  0,  7, 12, 15,
        12,  1, 17,  7,  3, 13, 13,  2,  3, 11, 15, 16,  1, 12],
       device='cuda:0')
tensor([12,  1, 12,  8,  8, 11,  6,  9, 10, 12, 10,  1, 16, 12, 13,  7,  9, 12,
         9, 12, 19, 18, 11,  9,  4, 18, 16,  2, 19,  5, 11,  2],
       device='cuda:0')
tensor([16,  1, 12, 19,  8, 16, 17,  1, 13, 12, 10,  1, 16,  6,  7,  7,  9, 10,
         9, 12, 12,  6, 11,  9,  0, 16,  5, 14, 19,  5,  6, 14],
       device='cuda:0')
tensor([18,  9, 18,  8,  0, 19, 18,  2,  9,  2, 18, 16, 15, 12,  2, 11,  4,  9,
         8,  4, 11, 10, 12,  1, 16, 11, 12,  9,  4, 16,  9,  3],
       device='cuda:0')
tensor([18,  9, 18,  8,  0,  7, 17,  2,  9,  2,  2,  8, 15, 12, 19, 12, 10,  9,
         8,  4,  2, 10,  1,  1, 16,  3, 11,  9, 10, 16,  9, 10],
       device='cuda:0')
tensor([ 0, 11,  4, 12,  9, 18,  9, 16, 16,  6,  9,  5, 11, 12, 16, 18, 11, 19,
         5, 11, 16,  9,  8,  1,  4, 16,  1, 16,  1,  3, 19,  9],
       device='cuda:0')
tensor([ 0,  1, 15, 11, 15, 18,  3, 13, 13,  6, 15, 13, 11, 12, 13,  2, 19, 19,
         5,  6,  7, 10,  0,  1,  4, 13,  1, 11, 10,  3, 19,  9],
       device='cuda:0')
tensor([12, 16,  9,  2,  4, 12, 12,  1, 12,  9, 18, 18, 11,  0, 12, 18, 18,  4,
         9, 12,  5,  4,  0,  8,  4, 12, 18, 11, 18,  1, 18,  9],
       device='cuda:0')
tensor([12,  6,  9,  2,  4,  5,  7, 14, 17,  9,  8, 18,  6,  1,  3,  1,  3,  9,
         9, 12,  5,  1,  0,  8,  4,  6, 11, 18, 18, 10, 19,  6],
       device='cuda:0')
tensor([ 8,  2,  3, 12, 11,  6,  0,  2,  5,  2, 18,  1,  2, 12, 18,  1,  9, 11,
        12, 12,  4, 12, 13,  2,  4, 10, 12, 12, 12, 16, 16,  2],
       device='cuda:0')
tensor([ 0, 19,  3, 17, 11,  3,  6,  2,  8, 16, 18,  1, 18, 14, 13,  1,  5, 18,
        14, 12,  4, 12, 13, 19,  4,  5,  5, 15,  3, 16, 16, 16],
       device='cuda:0')
tensor([18, 12, 16,  2, 15, 19, 12,  2, 12,  5, 18, 18, 18, 18,  0, 15,  1,  4,
         9, 12,  2,  2, 12,  8,  0,  2, 12,  9,  8,  1,  9, 18],
       device='cuda:0')
tensor([13, 12, 12, 16, 15, 14, 14,  1, 12,  5,  8, 12, 15, 19,  0, 15,  3,  4,
         9, 10, 17, 14,  6, 16,  0,  7, 15, 10,  8,  1,  4, 19],
       device='cuda:0')
tensor([ 9, 12, 11, 12, 19, 11, 15, 12,  2, 16, 18, 10, 12,  9,  9, 16, 11,  8,
        16, 12, 13,  2,  2,  7, 12,  9,  9, 18,  1,  1,  8, 18],
       device='cuda:0')
tensor([ 5, 12,  3,  5,  7, 19, 15, 15, 11, 16,  7, 10, 17,  9, 14, 13,  1, 19,
        13, 12, 13, 15,  3,  7, 12,  3,  4, 17,  1,  1, 14, 16],
       device='cuda:0')
tensor([18, 10, 13, 12, 11, 16, 16, 12,  1, 10, 16,  2,  0, 11,  0,  0, 19,  5,
        16, 16, 19,  9, 18, 12,  0, 18,  2,  1, 18, 18, 12, 18],
       device='cuda:0')
tensor([18, 10, 18, 17,  6,  3, 16, 16, 10, 10, 16,  8,  3, 16,  0,  0, 19,  5,
        15, 13, 10,  9, 18, 14, 13, 18,  8,  1, 12,  2,  8, 10],
       device='cuda:0')
tensor([ 4,  9,  4, 11,  9, 18, 16,  2, 16,  0, 11,  2,  0, 11, 12, 12, 10,  5,
        18, 18, 12, 13,  7, 18,  9, 19,  9,  0, 18,  2, 18, 10],
       device='cuda:0')
tensor([10,  9,  4,  3,  9, 18, 16,  2, 13,  0,  6,  2,  0,  1, 14,  1, 13,  3,
        17, 19, 18, 13,  7, 18, 12, 19,  7,  0, 19, 17,  2,  5],
       device='cuda:0')
tensor([11, 16, 15,  2,  2,  4,  9, 11,  9,  0, 11, 12, 13,  6,  3, 15, 10, 12,
        18,  0, 10,  9,  2, 11, 12,  0,  2,  9,  4, 12, 19,  9],
       device='cuda:0')
tensor([ 6, 16, 17,  3,  3,  4, 10, 11, 14,  0,  3, 10, 13, 14,  3, 15,  8, 12,
         2,  0,  5,  6, 10, 11,  6,  0, 19,  4,  7, 12, 12, 11],
       device='cuda:0')
tensor([ 2, 12,  2, 11, 18,  1,  2,  0, 12,  5,  8, 16, 16,  2,  9,  2, 18,  0,
         9, 10, 12, 16, 12,  0,  5, 18, 12, 10, 12, 18, 18,  9],
       device='cuda:0')
tensor([ 2,  6,  2,  1, 10, 10, 17,  0, 18, 19, 19, 13,  5, 16,  9,  3,  8,  0,
        17, 10, 14,  6, 18, 14,  5, 17, 12,  1, 14, 12,  7, 16],
       device='cuda:0')
tensor([18, 12,  8, 11,  0,  4, 19,  9, 12, 19, 12, 16,  2, 12,  4,  4, 18, 10,
        19,  0,  0, 16, 12,  0, 13,  8, 18, 18,  9, 12, 11, 18],
       device='cuda:0')
tensor([12,  6,  4,  3,  0,  4, 19,  1, 11, 19, 18, 13, 15,  7,  4, 16, 13, 10,
        14,  0, 11, 15,  1,  0,  6,  8, 17, 18,  9,  8, 11, 18],
       device='cuda:0')
tensor([18, 12, 12,  2, 16, 12,  9,  2,  8,  9,  3, 18,  9, 11, 18,  0, 10,  0,
         9, 16,  8, 12, 18, 18,  3,  0,  1, 12, 18,  9, 18, 12],
       device='cuda:0')
tensor([18, 14,  2,  2, 16,  5,  1, 14,  6,  6,  3, 15, 10, 11, 17,  0,  5,  0,
         9,  6, 19, 12, 18,  8,  3,  0,  1, 14, 17,  9, 18, 14],
       device='cuda:0')
tensor([12, 12, 10, 10, 18, 18, 11, 18,  4, 11, 12, 12,  9, 18, 19, 12,  4, 11,
         3, 16, 16,  9, 18,  5, 19,  2,  9,  9, 12, 13,  9, 12],
       device='cuda:0')
tensor([16, 16,  5,  4, 18,  7,  3, 18,  4, 11, 14, 19, 16, 18, 17, 19,  4,  6,
         3, 13, 16,  7,  7,  2, 18, 14, 12, 17, 14,  3,  9, 12],
       device='cuda:0')
tensor([ 9,  9, 18, 10,  2, 18, 13, 16,  9, 18, 10, 12,  9, 11, 18, 18, 10, 10,
         1, 11, 11, 16,  5, 19,  2, 11, 12, 16, 11,  4, 11,  7],
       device='cuda:0')
tensor([15,  9, 17,  7, 12, 17, 10, 10,  9,  3, 10, 14,  5,  5, 19, 17, 10, 13,
         1, 11,  7, 16,  5,  7, 19, 11, 14, 11,  6,  7, 11,  5],
       device='cuda:0')
tensor([ 9,  1, 18,  9, 19,  2, 10, 18, 12, 12, 12, 10, 19, 10, 18,  8,  2, 12,
         1,  9, 16, 15, 18, 11, 16, 12, 12, 18,  0, 18, 19,  7],
       device='cuda:0')
tensor([14,  1,  2,  0,  3,  3,  7, 16, 17, 19, 19, 10, 16, 19,  7, 14,  3, 17,
         3,  1,  5, 15,  2, 11,  5,  8,  3, 10,  5, 15,  7,  7],
       device='cuda:0')
tensor([11, 19,  9,  1,  4,  9, 10,  1, 18, 16, 12,  9, 18, 19, 18, 16, 12, 18,
        11,  6, 18, 19, 11,  1,  2,  8, 16, 11, 12, 11, 16, 15],
       device='cuda:0')
tensor([11, 17,  4, 16,  4, 18, 15,  2, 18,  4,  7, 12, 16, 19, 18, 16,  7, 18,
         5,  6, 17, 19, 15,  1, 12, 17, 16,  7, 14,  6, 16, 15],
       device='cuda:0')
tensor([11, 12, 18,  0, 11,  5, 10, 12, 12, 19, 12, 18, 19, 12,  0, 10,  9, 18,
        18,  2, 18, 18, 10,  9,  9, 10, 16,  4, 12, 10, 11,  4],
       device='cuda:0')
tensor([11,  8, 19,  0,  6,  2,  0, 14, 14,  7,  6,  7,  7, 12,  0, 10,  9,  7,
         8, 19, 17, 18, 13,  9,  9, 14, 10,  4, 10, 13,  1,  4],
       device='cuda:0')
tensor([ 0,  1, 11,  2, 12,  2, 10, 12,  0, 11, 12, 18,  9,  0, 18, 18, 12,  9,
        11, 19, 12,  4, 11, 11,  9, 12, 18, 16, 18, 18,  1, 10],
       device='cuda:0')
tensor([ 0,  1, 11,  2, 16, 19,  5,  8,  0, 15,  1,  7,  9,  0,  6,  8,  7,  9,
         0, 15,  8,  4, 12, 11,  9,  6, 18, 16, 13, 19,  2, 10],
       device='cuda:0')
tensor([ 4,  1, 13, 11,  8,  9, 18, 12, 11,  2, 12,  2, 18,  5, 12,  7,  7, 19,
        12,  9, 12, 10,  8,  2,  7, 10,  2, 12, 19,  4, 12, 15],
       device='cuda:0')
tensor([ 7,  8, 16, 11,  1,  9, 16,  8, 11,  3, 10,  5,  7, 10, 10,  7, 15, 19,
        11, 11,  6, 16, 16, 19,  7, 10,  3, 12, 19,  4,  8, 15],
       device='cuda:0')
tensor([16, 11,  2,  8, 11, 15,  7,  8,  9, 12, 12, 11, 19,  2, 16,  4, 12, 11,
        18,  0, 16,  2,  9,  0, 12, 12, 16, 18, 15, 16,  0,  0],
       device='cuda:0')
tensor([16,  6, 15,  8, 18,  5,  7,  1, 10, 12, 12,  1, 17, 14, 15,  4, 12, 11,
         5,  0, 13,  3,  9,  0, 12, 17, 13, 19, 15, 10,  0, 17],
       device='cuda:0')
 * Average Acc: 0.380 Best acc 0.380
 Per-Task Acc:[0.38]
1
================Task 1 Start!================
SGD (
Parameter Group 0
    dampening: 0
    differentiable: False
    foreach: None
    initial_lr: 0.1
    lr: 0.03333333333333333
    maximize: False
    momentum: 0
    nesterov: False
    weight_decay: 0
)
================Task 1 Training!================
The training samples number: 10000
learning rate: [0.03333333333333333]
================ Train on the train set ================
Epoch [0/2] |	Loss: 2.411 	Average Acc: 0.273 
learning rate: [0.06666666666666667]
================ Train on the train set ================
Epoch [1/2] |	Loss: 1.866 	Average Acc: 0.395 
================ Test on the test set ================
tensor([39, 35, 28, 32, 38, 39, 25, 37, 22, 20, 25, 38, 26, 25, 22, 38, 32, 38,
        34, 38, 38, 35, 22, 30, 27, 27, 38, 37, 38, 32, 23, 36],
       device='cuda:0')
tensor([ 5,  1,  4,  0,  8,  8, 12,  3,  7,  6, 17, 12,  6,  0, 12,  9, 11, 18,
        15,  9, 18,  0, 17, 14, 17,  8, 19, 15, 18,  5,  5, 11],
       device='cuda:0')
tensor([37, 38, 39, 25, 36, 35, 39, 24, 39, 39, 39, 28, 36, 32, 37, 36, 38, 22,
        38, 24, 38, 26, 25, 36, 24, 38, 39, 25, 20, 22, 36, 38],
       device='cuda:0')
tensor([ 5, 17,  0, 14, 13,  9,  9,  6,  7, 18, 19, 10, 15, 12,  9,  4, 10, 16,
        15, 16, 16,  9,  8, 13,  2,  2,  8,  3,  8, 14, 13, 18],
       device='cuda:0')
tensor([38, 37, 35, 20, 28, 28, 20, 38, 35, 32, 20, 38, 30, 39, 22, 24, 24, 22,
        39, 25, 38, 25, 36, 38, 28, 36, 32, 26, 38, 38, 30, 23],
       device='cuda:0')
tensor([ 1,  7,  1, 16, 15, 10, 11, 12,  3,  2,  6,  5,  3,  3, 16, 12, 11,  8,
         4,  5,  5, 17, 13, 18, 10, 16, 16,  4, 19, 18, 11,  4],
       device='cuda:0')
tensor([24, 26, 22, 25, 39, 38, 24, 24, 39, 35, 39, 37, 22, 24, 26, 20, 28, 29,
        25, 27, 20, 23, 24, 22, 20, 25, 26, 38, 22, 20, 26, 27],
       device='cuda:0')
tensor([12,  9, 19,  7, 14, 17,  4,  1, 14,  1, 14, 13,  8,  3,  0, 12,  4, 18,
        12, 18,  3, 13,  3,  8,  0, 12,  0, 11, 16,  6,  4, 17],
       device='cuda:0')
tensor([25, 35, 20, 39, 38, 24, 38, 38, 36, 20, 38, 38, 37, 38, 38, 25, 25, 28,
        28, 35, 35, 22, 30, 38, 25, 20, 36, 36, 32, 25, 32, 38],
       device='cuda:0')
tensor([ 6,  9, 10,  2, 15, 11,  0,  0,  5, 11, 12,  1,  5,  7,  2,  0, 12, 10,
         9,  1,  9, 14,  2, 17,  3,  6,  3, 17,  5,  8, 11, 16],
       device='cuda:0')
tensor([38, 38, 38, 24, 25, 38, 34, 25, 30, 30, 30, 38, 38, 38, 27, 26, 37, 22,
        38, 38, 30, 30, 25, 38, 28, 25, 38, 28, 25, 20, 26, 38],
       device='cuda:0')
tensor([ 0,  5, 18, 14, 10, 17, 10, 15,  2,  2,  1, 19,  8,  4,  8,  0,  2, 14,
         4,  8, 10, 15,  7, 19, 10, 11, 11,  4,  0,  6,  9,  1],
       device='cuda:0')
tensor([38, 35, 30, 38, 26, 24, 24, 28, 28, 38, 21, 35, 22, 25, 39, 24, 34, 22,
        22, 38, 35, 22, 38, 28, 30, 38, 39, 37, 38, 28, 32, 25],
       device='cuda:0')
tensor([16, 16, 18,  8, 19, 17, 11,  4,  6, 19, 13,  6,  7, 19, 17, 10,  1, 17,
        12,  0, 15,  8,  7, 10, 11, 17,  7,  3, 19, 15, 14, 19],
       device='cuda:0')
tensor([37, 28, 21, 36, 38, 28, 22, 37, 30, 30, 26, 38, 28, 30, 34, 23, 20, 24,
        36, 39, 38, 36, 26, 38, 35, 20, 22, 28, 22, 38, 20, 28],
       device='cuda:0')
tensor([ 5, 15, 13, 13, 18,  9, 14, 17,  7, 14,  9,  7, 16,  6, 19,  0,  3,  2,
         8, 15, 11, 13,  9,  0,  1,  6, 19, 15,  8, 12, 11,  4],
       device='cuda:0')
tensor([36, 22, 26, 39, 38, 20, 24, 26, 30, 32, 27, 20, 28, 24, 30, 38, 20, 25,
        38, 37, 36, 22, 30, 38, 39, 25, 37, 38, 25, 39, 28, 32],
       device='cuda:0')
tensor([13, 17,  0, 19, 10,  6,  1,  0,  6,  6,  3,  5,  8,  3,  2, 19,  6, 14,
         5,  3, 15, 17,  7, 11,  0,  8,  2,  8, 11, 16,  7,  8],
       device='cuda:0')
tensor([24, 32, 30, 37, 26, 30, 22, 38, 30, 32, 30, 39, 22, 38, 37, 39, 36, 32,
        28, 25, 28, 38, 20, 38, 36, 25, 22, 28, 35, 26, 38, 22],
       device='cuda:0')
tensor([10, 16, 11, 10,  0,  4, 10, 11,  2,  7,  0, 19,  7, 14, 15,  0, 15, 13,
         4, 12, 15,  0,  2,  7,  2, 17, 14,  5,  1,  9, 11,  2],
       device='cuda:0')
tensor([28, 32, 28, 35, 28, 30, 28, 35, 28, 36, 22, 38, 38, 38, 35, 28, 35, 25,
        38, 26, 37, 37, 25, 39, 38, 38, 38, 20, 36, 35, 30, 34],
       device='cuda:0')
tensor([ 4,  5,  7,  1,  4,  4, 10, 17, 10, 13, 19,  4, 11,  1,  9, 15,  7,  6,
        10,  8,  5,  3, 14, 17, 12,  4, 15,  6, 10,  1,  2, 15],
       device='cuda:0')
tensor([39, 28, 39, 22, 23, 28, 25, 26, 22, 30, 38, 32, 34, 25, 35, 37, 37, 32,
        20, 38, 36, 39, 22, 20, 29, 38, 25, 26, 28, 26, 36, 22],
       device='cuda:0')
tensor([ 2, 14,  2, 12, 13, 16, 11,  6,  8, 11, 14, 19, 16,  0, 11, 19,  2, 17,
        14,  8, 13, 14,  7, 14,  4, 15, 12,  0, 10,  9, 10, 12],
       device='cuda:0')
tensor([32, 28, 34, 25, 22, 26, 32, 34, 30, 38, 30, 38, 38, 38, 37, 37, 35, 38,
        24, 28, 24, 37, 35, 29, 24, 36, 30, 37, 38, 38, 26, 38],
       device='cuda:0')
tensor([15, 14, 18,  6,  8,  9, 16,  2,  2,  5,  3,  4, 18, 17, 15, 13,  1, 19,
         8,  7,  3, 15, 14,  5, 16, 13,  2, 15, 12, 12,  9,  2],
       device='cuda:0')
tensor([22, 38, 22, 36, 38, 28, 38, 32, 28, 34, 38, 26, 28, 38, 21, 26, 24, 38,
        38, 25, 29, 38, 37, 34, 34, 20, 26, 25, 37, 38, 29, 29],
       device='cuda:0')
tensor([19, 19, 19, 13, 18,  4,  0,  3, 13, 16, 16,  9,  4,  2, 13,  4,  5, 12,
        10, 12, 13, 12,  9, 16,  5,  2,  9, 19, 19,  2, 18, 18],
       device='cuda:0')
tensor([24, 24, 32, 30, 22, 37, 37, 32, 38, 23, 28, 38, 27, 24, 35, 38, 35, 25,
        26, 25, 38, 39, 22, 36, 38, 22, 30, 22, 35, 25, 35, 36],
       device='cuda:0')
tensor([ 6,  1,  9,  7, 14, 15, 12, 16, 12,  3, 14, 15, 18,  3,  9, 14,  1,  7,
         6, 17,  3,  2, 17, 13,  9, 17, 17, 17,  9,  0,  1, 13],
       device='cuda:0')
tensor([38, 24, 28, 37, 38, 38, 36, 23, 28, 25, 38, 28, 22, 20, 25, 35, 22, 20,
        35, 28, 38, 28, 22, 36, 32, 38, 38, 38, 32, 20, 38, 30],
       device='cuda:0')
tensor([ 8, 11, 10, 16,  7, 16, 13,  5, 10, 14, 15,  7, 17,  1,  1, 10, 19, 11,
         1, 15, 12, 10,  8,  6,  8,  2,  3, 12,  2, 11,  0,  0],
       device='cuda:0')
tensor([32, 38, 20, 25, 30, 22, 37, 36, 20, 37, 25, 22, 36, 24, 30, 36, 28, 29,
        36, 26, 30, 32, 28, 29, 38, 25, 38, 38, 36, 24, 28, 28],
       device='cuda:0')
tensor([11,  8,  6,  6, 11,  7, 15,  8, 11,  5, 11,  6, 10,  3,  6, 16,  7, 13,
        15,  4, 11,  5,  5, 18, 18,  2, 16, 18, 13,  9, 10,  4],
       device='cuda:0')
tensor([32, 26, 25, 22, 22, 36, 27, 28, 22, 23, 34, 28, 39, 35, 26, 38, 28, 35,
        27, 37, 39, 39, 32, 30, 22, 25, 28, 28, 28, 25, 34, 20],
       device='cuda:0')
tensor([ 8,  0,  6, 17,  7, 13, 14,  4, 14, 16,  8, 10,  8,  3,  9, 10, 10,  5,
        17,  2,  7,  4, 18,  3,  7, 14, 10, 10,  5,  3, 12,  5],
       device='cuda:0')
tensor([22, 25, 28, 37, 22, 32, 25, 38, 30, 20, 35, 22, 38, 36, 38, 22, 22, 32,
        22, 37, 39, 36, 36, 38, 20, 22, 32, 28, 28, 29, 38, 20],
       device='cuda:0')
tensor([19,  2,  4,  2,  4,  5,  3, 19,  8,  3,  1, 17, 18, 13,  8, 17, 19,  3,
         8, 15, 19, 16, 16,  0, 16,  7, 16,  5,  9, 18, 17, 11],
       device='cuda:0')
tensor([32, 22, 23, 37, 26, 23, 37, 32, 28, 36, 20, 28, 24, 22, 22, 38, 39, 28,
        30, 34, 37, 22, 38, 24, 27, 25, 29, 28, 34, 32, 20, 38],
       device='cuda:0')
tensor([17, 17,  9,  9,  9,  4, 15,  5,  2, 13, 16,  9,  9,  5,  8,  8,  7,  7,
         3, 15,  3, 17, 12,  8,  2, 11, 18,  7, 11,  5, 11, 18],
       device='cuda:0')
tensor([30, 38, 24, 28, 25, 36, 22, 28, 39, 32, 26, 25, 26, 29, 25, 38, 20, 25,
        37, 23, 29, 36, 39, 25, 38, 39, 24, 24, 32, 36, 39, 38],
       device='cuda:0')
tensor([ 3, 14, 11, 10,  0, 13, 12,  9, 19, 10,  9,  2,  9, 15,  8, 19, 16, 12,
         5,  6, 18, 16,  6, 19, 12, 14, 11, 12,  7, 16,  2, 18],
       device='cuda:0')
tensor([36, 28, 35, 24, 22, 22, 20, 38, 22, 22, 37, 24, 26, 38, 38, 37, 23, 32,
        38, 24, 28, 38, 24, 39, 25, 28, 38, 22, 25, 39, 28, 38],
       device='cuda:0')
tensor([ 2,  9,  1, 10, 17,  8, 11, 12, 15, 13, 12,  2, 17,  7, 12,  2,  1,  5,
        15, 11,  5, 14,  0,  8, 12,  5, 18,  8, 19,  8, 10,  3],
       device='cuda:0')
tensor([28, 38, 28, 22, 32, 38, 38, 25, 25, 28, 36, 28, 28, 37, 36, 38, 20, 38,
        30, 22, 22, 38, 38, 38, 22, 24, 26, 38, 32, 28, 20, 38],
       device='cuda:0')
tensor([ 4, 18,  4, 14, 10,  0,  8,  1,  1,  5, 16, 10,  4,  7, 13,  7,  6, 11,
        15,  8, 17, 17,  8, 14,  1, 17,  9,  2, 16,  7, 14, 19],
       device='cuda:0')
tensor([28, 39, 22, 26, 38, 28, 22, 26, 30, 38, 22, 24, 24, 22, 26, 32, 36, 25,
        24, 30, 38, 25, 36, 34, 38, 22, 37, 38, 38, 28, 22, 25],
       device='cuda:0')
tensor([10,  2,  2,  9, 10,  4, 14,  9,  5, 14,  7, 19,  8, 17,  0,  5, 13, 11,
        17,  3,  2, 14, 16,  7,  5,  7, 15,  6, 12,  3,  1, 12],
       device='cuda:0')
tensor([25, 28, 39, 32, 38, 28, 24, 25, 22, 30, 38, 22, 38, 25, 25, 22, 25, 38,
        24, 24, 20, 37, 20, 26, 32, 22, 30, 28, 38, 30, 33, 23],
       device='cuda:0')
tensor([14,  5,  7,  2, 11,  7, 19, 15, 16,  2,  6,  8,  0,  5,  3, 18,  0, 19,
         3, 11,  6, 17,  6, 11, 16,  2, 11,  4,  6,  2, 13,  7],
       device='cuda:0')
tensor([39, 36, 39, 22, 20, 36, 24, 38, 36, 38, 28, 30, 34, 38, 26, 30, 28, 25,
        27, 22, 28, 32, 35, 38, 38, 38, 37, 25, 35, 28, 39, 39],
       device='cuda:0')
tensor([ 7, 13,  5, 12, 16, 13,  2, 19,  5, 18,  4, 11, 13, 15,  0,  2, 10,  6,
         8,  7, 10, 18,  1,  7, 10, 17,  9, 19,  1,  4,  2, 14],
       device='cuda:0')
tensor([35, 36, 37, 37, 22, 32, 38, 30, 35, 38, 36, 25, 32, 32, 25, 24, 23, 29,
        35, 30, 38, 38, 36, 26, 20, 39, 36, 36, 22, 30, 30, 30],
       device='cuda:0')
tensor([10, 13, 10, 15, 14, 15,  7, 14,  1,  1, 16, 12, 16,  5, 16,  6,  4, 10,
        10,  1,  5,  7, 15, 17,  6,  8,  2, 13,  8, 11,  5, 11],
       device='cuda:0')
tensor([26, 38, 30, 28, 36, 38, 21, 28, 36, 39, 38, 30, 26, 35, 23, 34, 36, 20,
        38, 25, 23, 38, 26, 20, 23, 24, 38, 25, 28, 20, 25, 20],
       device='cuda:0')
tensor([ 9, 17,  8,  4, 13,  8, 13,  1, 13,  9, 19,  1, 15,  1, 10,  1,  8,  6,
        14, 18,  4, 19,  0,  3, 15,  5,  0,  4, 10,  0, 12, 14],
       device='cuda:0')
tensor([34, 32, 20, 20, 35, 28, 38, 25, 35, 37, 26, 36, 36, 38, 28, 38, 21, 26,
        28, 28, 26, 37, 23, 30, 38, 38, 39, 34, 35, 38, 23, 23],
       device='cuda:0')
tensor([ 7,  2,  6, 11, 17,  2, 18, 12,  2, 15,  9, 13,  5, 17, 14, 18, 13,  9,
         4,  4,  9, 10,  6, 12, 18,  5, 14, 18, 17, 18,  7, 16],
       device='cuda:0')
tensor([28, 32, 38, 35, 22, 35, 22, 28, 37, 20, 34, 23, 25, 26, 31, 34, 23, 37,
        20, 35, 28, 39, 38, 38, 38, 38, 22, 27, 28, 32, 39, 20],
       device='cuda:0')
tensor([10,  4,  8,  1, 17,  1, 19,  2, 17,  6,  2,  4,  5,  9,  8, 14,  4,  3,
         6,  1,  4, 11, 14, 17, 11,  1,  7,  7, 13, 16,  2, 12],
       device='cuda:0')
tensor([36, 28, 36, 38, 33, 28, 25, 34, 35, 25, 34, 22, 24, 38, 25, 25, 38, 38,
        38, 25, 34, 30, 37, 20, 28, 34, 39, 24, 39, 39, 38, 38],
       device='cuda:0')
tensor([13, 10, 16, 11, 13, 12, 19,  8, 14, 12,  8, 12,  6,  1, 12, 19, 10, 15,
        19,  0,  2, 10,  2,  3, 15, 18,  3,  2, 19,  0,  1, 13],
       device='cuda:0')
tensor([38, 39, 36, 26, 39, 28, 25, 25, 39, 36, 22, 27, 22, 25, 22, 36, 38, 38,
        20, 30, 20, 38, 38, 26, 35, 36, 24, 25, 24, 38, 24, 38],
       device='cuda:0')
tensor([19, 14, 11,  0, 10,  4,  2, 16, 19, 16,  3,  4, 16,  0, 12, 13,  1, 14,
         6, 16,  6,  7, 18,  0,  0, 13,  1, 14,  1,  6,  9, 16],
       device='cuda:0')
tensor([29, 23, 26, 22, 36, 38, 22, 23, 38, 38, 38, 35, 38, 38, 28, 37, 37, 36,
        22, 28, 28, 37, 38, 23, 35, 38, 38, 28, 38, 25, 28, 39],
       device='cuda:0')
tensor([10, 10,  6, 14, 13, 13, 14,  4, 19, 19, 14,  1, 16,  3,  7, 15,  3, 13,
         3,  4,  4, 16, 12, 10,  9,  8, 14, 15, 17,  0, 17, 12],
       device='cuda:0')
tensor([38, 24, 38, 38, 22, 35, 36, 24, 32, 38, 38, 34, 25, 39, 32, 39, 27, 35,
        28, 38, 26, 38, 30, 24, 20, 39, 25, 24, 35, 32, 30, 35],
       device='cuda:0')
tensor([11,  5, 10, 14,  4, 12, 18, 17, 16, 12,  8, 19, 19,  2,  3,  3, 17,  1,
         4, 18,  0,  8,  3,  9,  6,  2, 12,  8,  9, 18,  3,  2],
       device='cuda:0')
tensor([38, 20, 25, 38, 38, 37, 20, 32, 24, 38, 24, 33, 28, 38, 38, 38, 38, 38,
        29, 37, 39, 27, 38, 38, 24, 24, 28, 38, 22, 38, 22, 25],
       device='cuda:0')
tensor([14,  6, 19,  8, 11,  3,  2,  5, 11,  1,  5,  9,  1, 18, 16, 11, 18, 19,
        16, 13,  7, 18,  2,  8,  3,  6, 10, 19, 17, 15,  7,  0],
       device='cuda:0')
tensor([32, 38, 35, 22, 24, 22, 35, 35, 32, 38, 23, 35, 26, 38, 39, 38, 30, 37,
        23, 27, 20, 38, 36, 25, 38, 22, 28, 22, 30, 39, 20, 28],
       device='cuda:0')
tensor([16,  1,  1, 10, 11,  7, 14,  3, 10, 17, 10, 17,  9, 17, 11, 17,  2,  5,
        18, 18, 11,  8, 15,  0, 18,  5,  4, 19,  5,  8,  6,  5],
       device='cuda:0')
tensor([32, 38, 29, 26, 28, 26, 34, 22, 38, 23, 20, 22, 36, 22, 29, 30, 24, 38,
        38, 32, 38, 38, 28, 23, 32, 38, 38, 22, 23, 38, 28, 22],
       device='cuda:0')
tensor([ 4,  2, 18,  0,  4,  9,  8, 19,  5,  7, 10, 17, 15,  8,  5,  5,  6, 18,
        17,  5,  3, 18,  7,  4,  7, 19, 15, 16, 16, 19,  1, 19],
       device='cuda:0')
tensor([20, 23, 28, 38, 34, 22, 23, 38, 35, 36, 24, 25, 32, 35, 36, 38, 27, 22,
        24, 38, 38, 20, 24, 38, 20, 39, 36, 35, 22, 22, 38, 26],
       device='cuda:0')
tensor([ 0,  0,  4, 18,  8,  7, 13, 18,  9, 16, 15, 11, 16, 19, 15, 14,  8, 15,
        14,  5, 19, 11,  3, 18, 12,  0, 13,  3,  2, 12, 19,  0],
       device='cuda:0')
tensor([22, 38, 38, 36, 38, 38, 38, 22, 25, 36, 38, 39, 38, 36, 22, 28, 22, 22,
        30, 25, 36, 36, 30, 28, 22, 25, 24, 35, 20, 27, 38, 20],
       device='cuda:0')
tensor([12,  7,  7, 16,  9,  2,  0, 15,  8, 13, 17,  4, 16, 13, 17, 12, 17, 14,
        16, 19, 13, 16, 11, 10, 17,  2,  3,  1,  5, 19, 11,  2],
       device='cuda:0')
tensor([38, 29, 24, 39, 38, 33, 36, 28, 34, 22, 39, 20, 28, 35, 28, 28, 20, 39,
        39, 25, 38, 22, 28, 28, 28, 39, 30, 39, 35, 26, 39, 22],
       device='cuda:0')
tensor([ 5, 18,  1,  2, 17, 19, 13,  4,  3,  0,  6,  5,  4,  1,  4,  9, 11,  4,
         8, 14, 18, 17, 10, 15, 14,  5, 12,  2,  1,  4,  6, 14],
       device='cuda:0')
tensor([32, 38, 36, 39, 38, 36, 32, 20, 37, 30, 38, 22, 35, 39, 26, 29, 20, 34,
        28, 28, 38, 38, 30, 38, 28, 24, 37, 36, 35, 28, 22, 32],
       device='cuda:0')
tensor([16, 17, 13, 16,  0, 15, 17, 11,  3,  3,  7, 14,  1,  4,  9, 18,  6, 11,
         7, 10,  3,  9,  4,  7,  4,  4, 12, 13,  1, 15, 14,  3],
       device='cuda:0')
tensor([38, 22, 35, 22, 24, 39, 37, 22, 37, 34, 27, 20, 30, 28, 25, 38, 36, 38,
        30, 35, 32, 35, 32, 38, 38, 39, 24, 25, 36, 38, 24, 25],
       device='cuda:0')
tensor([ 7, 19, 11,  6, 14,  5,  6, 10, 15,  2, 19,  3, 11, 16, 14, 19, 13,  7,
         1,  6,  5,  3, 14, 10, 18, 18,  9,  6,  3, 12,  6,  3],
       device='cuda:0')
tensor([22, 28, 38, 24, 28, 36, 32, 22, 28, 28, 22, 38, 38, 34, 38, 38, 27, 24,
        36, 36, 36, 39, 35, 39, 36, 37, 30, 38, 28, 36, 36, 29],
       device='cuda:0')
tensor([18,  3, 17,  6,  4, 10, 14,  7, 15, 15,  1,  5,  2,  2, 11, 16, 17, 11,
        13, 16, 16,  4,  1,  5, 15, 19, 14, 12, 15, 13, 16, 18],
       device='cuda:0')
tensor([34, 28, 35, 28, 20, 36, 22, 24, 30, 38, 35, 28, 23, 20, 23, 35, 37, 25,
        28, 24, 38, 37, 35, 36, 38, 28, 38, 28, 24, 32, 37, 22],
       device='cuda:0')
tensor([18,  9,  1, 15, 10, 15,  7,  5,  7,  8,  1, 10, 13, 11, 16,  3, 10,  7,
         9,  8,  7,  9,  9, 13, 14,  9, 16,  4, 11, 18, 15, 16],
       device='cuda:0')
tensor([20, 24, 38, 30, 23, 22, 20, 36, 20, 28, 37, 25, 37, 39, 24, 36, 35, 39,
        22, 20, 20, 24, 32, 28, 23, 39, 35, 39, 29, 38, 28, 20],
       device='cuda:0')
tensor([ 2,  9,  8,  7, 16, 19,  6, 13, 14,  1, 15,  6,  7,  5,  6,  0,  9,  2,
        18, 11, 14,  4,  4, 10,  9,  0,  1, 19, 19,  1, 14, 12],
       device='cuda:0')
tensor([28, 38, 38, 27, 23, 38, 26, 20, 25, 32, 30, 38, 38, 32, 30, 25, 26, 36,
        20, 28, 22, 36, 28, 28, 25, 32, 38, 36, 28, 22, 35, 36],
       device='cuda:0')
tensor([ 4, 19, 18, 17, 18, 18,  9, 12,  0,  6,  3,  1,  8, 16,  5,  6,  0, 13,
         6, 15,  1, 13, 12, 15,  0,  5, 18, 13, 12,  4, 12, 12],
       device='cuda:0')
tensor([32, 39, 28, 22, 32, 28, 28, 28, 22, 37, 23, 37, 24, 29, 20, 26, 20, 36,
        24, 38, 38, 25, 38, 23, 25, 30, 25, 26, 25, 32, 38, 39],
       device='cuda:0')
tensor([ 8,  2, 10, 12, 18, 14, 15,  4, 19, 10, 17, 15, 17,  7,  6,  9,  0, 15,
         9, 12,  5, 10, 17,  1, 17, 15, 16,  0, 10, 11, 18,  4],
       device='cuda:0')
tensor([21, 25, 24, 22, 35, 36, 25, 30, 38, 32, 20, 32, 38, 32, 20, 25, 22, 25,
        36, 35, 22, 35, 32, 20, 32, 25, 38, 28, 25, 38, 25, 38],
       device='cuda:0')
tensor([10, 12,  3, 10,  1, 16,  7,  8, 19,  2,  0,  5, 10,  7, 11, 14, 19,  0,
        13,  1,  7,  9,  1,  4,  2, 11,  8,  8,  0, 18, 12, 19],
       device='cuda:0')
tensor([35, 35, 36, 37, 26, 28, 24, 32, 36, 35, 28, 34, 38, 38, 35, 32, 22, 37,
        36, 38, 38, 38, 37, 37, 28, 35, 39, 22, 38, 28, 23, 36],
       device='cuda:0')
tensor([ 7,  1,  2,  5,  0,  4,  9,  7, 13,  3,  8, 18,  2,  7,  1,  8, 17, 15,
        13,  6,  5, 10,  5, 15,  4,  3,  4,  3, 16,  9, 13, 10],
       device='cuda:0')
tensor([22, 29, 32, 35, 36, 36, 39, 35, 30, 25, 35, 32, 24, 34, 25, 29, 36, 38,
        25, 28, 22, 37, 36, 25, 38, 38, 24, 38, 26, 38, 24, 35],
       device='cuda:0')
tensor([14, 18, 15,  9, 15, 13,  8, 18,  3,  0, 14, 14, 11,  7,  6,  8, 13, 14,
        12, 15,  1,  9, 13, 17, 18, 18,  2,  0,  0,  8,  6,  1],
       device='cuda:0')
tensor([24, 28, 35, 28, 22, 26, 37, 35, 24, 28, 28, 38, 38, 22, 38, 22, 22, 25,
        28, 36, 26, 39, 38, 21, 26, 30, 21, 37, 38, 22, 36, 37],
       device='cuda:0')
tensor([ 2, 10,  1, 10,  7,  9,  5,  3, 12,  4,  1, 14,  0, 18, 19,  7,  8,  7,
         4, 15,  9,  8, 18, 13,  0,  2, 13, 19,  3, 17, 15,  5],
       device='cuda:0')
tensor([25, 39, 35, 26, 20, 35, 38, 27, 37, 30, 28, 38, 32, 28, 36, 38, 38, 28,
        35, 25, 24, 26, 26, 36, 25, 36, 20, 28, 35, 38, 32, 38],
       device='cuda:0')
tensor([12, 16,  1,  4,  6,  1, 19,  7, 12, 11,  9,  6,  6,  4, 16,  8, 19,  9,
         1, 12, 19,  9,  9, 13,  3, 10,  2, 15,  1,  2,  8, 14],
       device='cuda:0')
tensor([30, 25, 38, 32, 28, 25, 38, 28, 28, 30, 28, 27, 25, 20, 37, 38, 30, 35,
        36, 23, 37, 28, 25, 24, 28, 30, 37, 26, 38, 38, 32, 22],
       device='cuda:0')
tensor([ 1, 17, 12, 16, 15,  0,  8, 14,  7,  0,  1, 16, 12,  6,  9, 17,  6,  1,
        13, 10,  3,  5,  7,  3, 16,  3, 12,  9, 10, 17,  6, 12],
       device='cuda:0')
tensor([28, 33, 36, 22, 35, 20, 39, 32, 20, 38, 38, 30, 36, 38, 25, 30, 28, 39,
        38, 39, 22, 36, 25, 39, 20, 38, 38, 38, 38, 25, 38, 32],
       device='cuda:0')
tensor([ 4, 13, 15,  5, 19, 10, 14,  8, 12, 14,  0,  3, 13, 16, 19,  6, 15,  8,
         7,  2,  1,  3, 18,  4,  3,  1,  6, 17, 10, 12, 11, 16],
       device='cuda:0')
tensor([20, 36, 25, 20, 36, 32, 28, 26, 28, 22, 30, 25, 35, 25, 38, 38, 26, 25,
        22, 29, 30, 32, 38, 38, 32, 20, 38, 38, 26, 30, 35, 38],
       device='cuda:0')
tensor([ 0,  6, 19,  6,  6, 18, 13,  9,  7, 17, 11, 11,  9, 19, 19, 13,  0, 19,
        12, 16, 11,  5, 11,  8, 16, 11,  3, 12,  9,  2,  1, 14],
       device='cuda:0')
tensor([22, 38, 38, 39, 25, 37, 30, 20, 22, 20, 30, 36, 38, 30, 25, 30, 32, 22,
        30, 28, 38, 25, 35, 28, 28, 35, 38, 38, 20, 28, 32, 32],
       device='cuda:0')
tensor([18, 13, 18, 14, 12, 15, 11,  6, 14,  3, 15, 15, 18,  5, 12,  6,  6, 17,
        11,  5, 17, 12,  1, 15,  4,  9, 19,  5,  6,  4, 15, 14],
       device='cuda:0')
tensor([25, 27, 26, 38, 36, 35, 30, 30, 26, 37, 28, 23, 32, 24, 31, 26, 38, 32,
        28, 25, 27, 32, 32, 25, 39, 39, 30, 22, 37, 38, 20, 20],
       device='cuda:0')
tensor([12,  9,  0,  0,  2, 11,  6, 16,  5, 12, 10,  1,  3,  3, 11,  0, 19,  5,
         9, 14, 19, 15, 19,  0,  2,  8, 11,  7,  3, 12, 14, 13],
       device='cuda:0')
tensor([26, 20, 28, 38, 39, 24, 38, 26, 30, 38, 35, 25, 21, 37, 38, 38, 25, 20,
        38, 30, 30, 36, 29, 37, 26, 38, 34, 35, 25, 22, 30, 28],
       device='cuda:0')
tensor([ 9,  0,  4, 14, 11,  2, 17,  0, 10,  2,  3, 14, 13, 17,  5, 19,  1,  1,
        19, 16,  6, 13,  8,  5,  3,  0, 18,  1, 19, 17,  6,  4],
       device='cuda:0')
tensor([22, 24, 26, 25, 38, 28, 38, 38, 25, 25, 25, 22, 24, 36, 38, 32, 38, 37,
        25, 38, 24, 20, 27, 24, 29, 38, 38, 39, 28, 20, 32, 38],
       device='cuda:0')
tensor([12,  3,  9,  8, 12, 10, 17,  0, 19, 16,  0,  7,  3, 13,  3, 18, 18,  3,
         8, 17,  6,  5, 17, 11,  4, 18, 14,  4,  5,  0, 16, 18],
       device='cuda:0')
tensor([36, 22, 29, 36, 38, 28, 26, 30, 22, 38, 38, 24, 38, 23, 38, 20, 32, 38,
        36, 38, 22, 36, 30, 22, 39, 25, 20, 39, 20, 28, 38, 24],
       device='cuda:0')
tensor([15, 12, 18, 15,  0, 10,  0,  3, 17, 18,  6,  6, 15, 13, 17,  1, 16, 11,
        13, 14,  7, 13,  6, 14,  8, 12,  6,  5, 11,  7, 18,  4],
       device='cuda:0')
tensor([25, 26, 35, 28, 25, 34, 38, 36, 26, 20, 38, 25, 22, 25, 28, 36, 27, 24,
        22, 24, 38, 38, 23, 22, 38, 28, 38, 35, 30, 26, 29, 36],
       device='cuda:0')
tensor([12,  0,  9,  7,  0, 18, 18, 16,  0, 16,  7,  2,  7,  9,  1, 13, 19,  3,
         1, 15, 18, 17,  4, 17, 18, 10,  5,  9,  2,  0, 18, 13],
       device='cuda:0')
tensor([25, 36, 39, 28, 23, 36, 36, 38, 25, 23, 38, 28, 30, 36, 38, 35, 25, 28,
        20, 28, 28, 20, 37, 30, 38, 38, 25, 37, 38, 25, 36, 36],
       device='cuda:0')
tensor([17, 13,  5,  4, 10, 15,  6, 18, 14, 16, 12,  9, 11,  3, 12,  1,  6, 15,
        11,  0, 10, 10, 16,  6, 18,  0, 11,  9, 16,  0, 13,  5],
       device='cuda:0')
tensor([30, 34, 23, 25, 32, 36, 32, 38, 20, 36, 25, 21, 22, 26, 26, 32, 28, 35,
        30, 24, 38, 34, 38, 23, 30, 36, 35, 25, 36, 37, 36, 22],
       device='cuda:0')
tensor([30, 22, 23, 25, 39, 29, 30, 28, 31, 21, 25, 23, 22, 26, 25, 34, 28, 26,
        30, 35, 22, 34, 20, 23, 30, 21, 35, 27, 36, 32, 36, 22],
       device='cuda:0')
tensor([28, 25, 33, 32, 20, 22, 22, 20, 38, 26, 24, 20, 30, 22, 35, 23, 24, 29,
        38, 22, 39, 22, 25, 20, 30, 30, 37, 33, 36, 20, 36, 24],
       device='cuda:0')
tensor([28, 25, 33, 24, 30, 22, 28, 20, 25, 26, 20, 20, 30, 26, 28, 33, 30, 33,
        26, 22, 24, 22, 25, 21, 35, 32, 31, 33, 36, 20, 29, 24],
       device='cuda:0')
tensor([28, 36, 27, 20, 29, 24, 33, 26, 20, 32, 35, 25, 36, 24, 38, 38, 38, 22,
        34, 38, 36, 24, 27, 33, 23, 20, 38, 23, 24, 25, 38, 24],
       device='cuda:0')
tensor([22, 29, 34, 20, 29, 22, 33, 26, 31, 39, 35, 35, 29, 39, 38, 32, 38, 22,
        34, 22, 21, 24, 28, 21, 23, 30, 38, 23, 30, 38, 38, 39],
       device='cuda:0')
