{'data_root': '/data/bzx_yjy/cifar100', 'image_size': 32, 'pin_memory': False, 'augment': True, 'workers': 8, 'device_ids': 1, 'n_gpu': 1, 'seed': 1993, 'deterministic': True, 'epoch': 70, 'batch_size': 128, 'val_per_epoch': 5, 'optimzer': {'name': 'SGD', 'kwargs': {'lr': 0.1}}, 'lr_scheduler': {'name': 'StepLR', 'kwargs': {'gamma': 0.5, 'step_size': 30}}, 'warmup': 3, 'includes': ['headers/data.yaml', 'headers/device.yaml', 'headers/model.yaml', 'headers/optimizer.yaml', 'backbones/resnet12.yaml'], 'save_path': './', 'init_cls_num': 20, 'inc_cls_num': 20, 'task_num': 5, 'optimizer': {'name': 'SGD', 'kwargs': {'lr': 0.1, 'momentum': 0.95, 'weight_decay': 0.0002}}, 'backbone': {'name': 'resnet18', 'kwargs': {'num_classes': 100, 'args': {'dataset': 'cifar100'}}}, 'buffer': {'name': 'LinearBuffer', 'kwargs': {'buffer_size': 0, 'batch_size': 32, 'strategy': 'random'}}, 'classifier': {'name': 'GEM', 'kwargs': {'num_class': 100, 'feat_dim': 512, 'n_memories': 5120, 'n_task': 5, 'memory_strength': 0}}, 'rank': 0}
GEM(
  (net): ResNet(
    (conv1): Sequential(
      (0): Conv2d(3, 64, kernel_size=(3, 3), stride=(1, 1), padding=(1, 1), bias=False)
      (1): BatchNorm2d(64, eps=1e-05, momentum=0.1, affine=True, track_running_stats=True)
      (2): ReLU(inplace=True)
    )
    (layer1): Sequential(
      (0): BasicBlock(
        (conv1): Conv2d(64, 64, kernel_size=(3, 3), stride=(1, 1), padding=(1, 1), bias=False)
        (bn1): BatchNorm2d(64, eps=1e-05, momentum=0.1, affine=True, track_running_stats=True)
        (relu): ReLU(inplace=True)
        (conv2): Conv2d(64, 64, kernel_size=(3, 3), stride=(1, 1), padding=(1, 1), bias=False)
        (bn2): BatchNorm2d(64, eps=1e-05, momentum=0.1, affine=True, track_running_stats=True)
      )
      (1): BasicBlock(
        (conv1): Conv2d(64, 64, kernel_size=(3, 3), stride=(1, 1), padding=(1, 1), bias=False)
        (bn1): BatchNorm2d(64, eps=1e-05, momentum=0.1, affine=True, track_running_stats=True)
        (relu): ReLU(inplace=True)
        (conv2): Conv2d(64, 64, kernel_size=(3, 3), stride=(1, 1), padding=(1, 1), bias=False)
        (bn2): BatchNorm2d(64, eps=1e-05, momentum=0.1, affine=True, track_running_stats=True)
      )
    )
    (layer2): Sequential(
      (0): BasicBlock(
        (conv1): Conv2d(64, 128, kernel_size=(3, 3), stride=(2, 2), padding=(1, 1), bias=False)
        (bn1): BatchNorm2d(128, eps=1e-05, momentum=0.1, affine=True, track_running_stats=True)
        (relu): ReLU(inplace=True)
        (conv2): Conv2d(128, 128, kernel_size=(3, 3), stride=(1, 1), padding=(1, 1), bias=False)
        (bn2): BatchNorm2d(128, eps=1e-05, momentum=0.1, affine=True, track_running_stats=True)
        (downsample): Sequential(
          (0): Conv2d(64, 128, kernel_size=(1, 1), stride=(2, 2), bias=False)
          (1): BatchNorm2d(128, eps=1e-05, momentum=0.1, affine=True, track_running_stats=True)
        )
      )
      (1): BasicBlock(
        (conv1): Conv2d(128, 128, kernel_size=(3, 3), stride=(1, 1), padding=(1, 1), bias=False)
        (bn1): BatchNorm2d(128, eps=1e-05, momentum=0.1, affine=True, track_running_stats=True)
        (relu): ReLU(inplace=True)
        (conv2): Conv2d(128, 128, kernel_size=(3, 3), stride=(1, 1), padding=(1, 1), bias=False)
        (bn2): BatchNorm2d(128, eps=1e-05, momentum=0.1, affine=True, track_running_stats=True)
      )
    )
    (layer3): Sequential(
      (0): BasicBlock(
        (conv1): Conv2d(128, 256, kernel_size=(3, 3), stride=(2, 2), padding=(1, 1), bias=False)
        (bn1): BatchNorm2d(256, eps=1e-05, momentum=0.1, affine=True, track_running_stats=True)
        (relu): ReLU(inplace=True)
        (conv2): Conv2d(256, 256, kernel_size=(3, 3), stride=(1, 1), padding=(1, 1), bias=False)
        (bn2): BatchNorm2d(256, eps=1e-05, momentum=0.1, affine=True, track_running_stats=True)
        (downsample): Sequential(
          (0): Conv2d(128, 256, kernel_size=(1, 1), stride=(2, 2), bias=False)
          (1): BatchNorm2d(256, eps=1e-05, momentum=0.1, affine=True, track_running_stats=True)
        )
      )
      (1): BasicBlock(
        (conv1): Conv2d(256, 256, kernel_size=(3, 3), stride=(1, 1), padding=(1, 1), bias=False)
        (bn1): BatchNorm2d(256, eps=1e-05, momentum=0.1, affine=True, track_running_stats=True)
        (relu): ReLU(inplace=True)
        (conv2): Conv2d(256, 256, kernel_size=(3, 3), stride=(1, 1), padding=(1, 1), bias=False)
        (bn2): BatchNorm2d(256, eps=1e-05, momentum=0.1, affine=True, track_running_stats=True)
      )
    )
    (layer4): Sequential(
      (0): BasicBlock(
        (conv1): Conv2d(256, 512, kernel_size=(3, 3), stride=(2, 2), padding=(1, 1), bias=False)
        (bn1): BatchNorm2d(512, eps=1e-05, momentum=0.1, affine=True, track_running_stats=True)
        (relu): ReLU(inplace=True)
        (conv2): Conv2d(512, 512, kernel_size=(3, 3), stride=(1, 1), padding=(1, 1), bias=False)
        (bn2): BatchNorm2d(512, eps=1e-05, momentum=0.1, affine=True, track_running_stats=True)
        (downsample): Sequential(
          (0): Conv2d(256, 512, kernel_size=(1, 1), stride=(2, 2), bias=False)
          (1): BatchNorm2d(512, eps=1e-05, momentum=0.1, affine=True, track_running_stats=True)
        )
      )
      (1): BasicBlock(
        (conv1): Conv2d(512, 512, kernel_size=(3, 3), stride=(1, 1), padding=(1, 1), bias=False)
        (bn1): BatchNorm2d(512, eps=1e-05, momentum=0.1, affine=True, track_running_stats=True)
        (relu): ReLU(inplace=True)
        (conv2): Conv2d(512, 512, kernel_size=(3, 3), stride=(1, 1), padding=(1, 1), bias=False)
        (bn2): BatchNorm2d(512, eps=1e-05, momentum=0.1, affine=True, track_running_stats=True)
      )
    )
    (avgpool): AdaptiveAvgPool2d(output_size=(1, 1))
  )
  (classifier): Linear(in_features=512, out_features=100, bias=True)
  (ce): CrossEntropyLoss()
)
Trainable params in the model: 11220132
SGD (
Parameter Group 0
    dampening: 0
    differentiable: False
    foreach: None
    initial_lr: 0.1
    lr: 0.03333333333333333
    maximize: False
    momentum: 0.95
    nesterov: False
    weight_decay: 0.0002
)
================Task 0 Start!================
SGD (
Parameter Group 0
    dampening: 0
    differentiable: False
    foreach: None
    initial_lr: 0.1
    lr: 0.03333333333333333
    maximize: False
    momentum: 0.95
    nesterov: False
    weight_decay: 0.0002
)
================Task 0 Training!================
The training samples number: 10000
learning rate: [0.03333333333333333]
================ Train on the train set ================
Epoch [0/70] |	Loss: 2.786 	Average Acc: 0.176 
learning rate: [0.06666666666666667]
================ Train on the train set ================
Epoch [1/70] |	Loss: 2.389 	Average Acc: 0.274 
learning rate: [0.1]
================ Train on the train set ================
Epoch [2/70] |	Loss: 2.183 	Average Acc: 0.331 
learning rate: [0.1]
================ Train on the train set ================
Epoch [3/70] |	Loss: 1.950 	Average Acc: 0.402 
learning rate: [0.1]
================ Train on the train set ================
Epoch [4/70] |	Loss: 1.775 	Average Acc: 0.449 
================ Test on the test set ================
 * Average Acc: 0.460 Best acc 0.460
 Per-Task Acc:[0.46]
learning rate: [0.1]
================ Train on the train set ================
Epoch [5/70] |	Loss: 1.610 	Average Acc: 0.506 
learning rate: [0.1]
================ Train on the train set ================
Epoch [6/70] |	Loss: 1.440 	Average Acc: 0.552 
learning rate: [0.1]
================ Train on the train set ================
Epoch [7/70] |	Loss: 1.268 	Average Acc: 0.603 
learning rate: [0.1]
================ Train on the train set ================
Epoch [8/70] |	Loss: 1.104 	Average Acc: 0.654 
learning rate: [0.1]
================ Train on the train set ================
Epoch [9/70] |	Loss: 0.953 	Average Acc: 0.696 
================ Test on the test set ================
 * Average Acc: 0.470 Best acc 0.470
 Per-Task Acc:[0.47]
learning rate: [0.1]
================ Train on the train set ================
Epoch [10/70] |	Loss: 0.815 	Average Acc: 0.741 
learning rate: [0.1]
================ Train on the train set ================
Epoch [11/70] |	Loss: 0.691 	Average Acc: 0.781 
learning rate: [0.1]
================ Train on the train set ================
Epoch [12/70] |	Loss: 0.597 	Average Acc: 0.807 
learning rate: [0.1]
================ Train on the train set ================
Epoch [13/70] |	Loss: 0.527 	Average Acc: 0.831 
learning rate: [0.1]
================ Train on the train set ================
Epoch [14/70] |	Loss: 0.459 	Average Acc: 0.852 
================ Test on the test set ================
 * Average Acc: 0.540 Best acc 0.540
 Per-Task Acc:[0.54]
learning rate: [0.1]
================ Train on the train set ================
Epoch [15/70] |	Loss: 0.436 	Average Acc: 0.859 
learning rate: [0.1]
================ Train on the train set ================
Epoch [16/70] |	Loss: 0.389 	Average Acc: 0.877 
learning rate: [0.1]
================ Train on the train set ================
Epoch [17/70] |	Loss: 0.373 	Average Acc: 0.883 
learning rate: [0.1]
================ Train on the train set ================
Epoch [18/70] |	Loss: 0.355 	Average Acc: 0.886 
learning rate: [0.1]
================ Train on the train set ================
Epoch [19/70] |	Loss: 0.366 	Average Acc: 0.884 
================ Test on the test set ================
 * Average Acc: 0.550 Best acc 0.550
 Per-Task Acc:[0.55]
learning rate: [0.1]
================ Train on the train set ================
Epoch [20/70] |	Loss: 0.345 	Average Acc: 0.889 
learning rate: [0.1]
================ Train on the train set ================
Epoch [21/70] |	Loss: 0.350 	Average Acc: 0.887 
learning rate: [0.1]
================ Train on the train set ================
Epoch [22/70] |	Loss: 0.315 	Average Acc: 0.899 
learning rate: [0.1]
================ Train on the train set ================
Epoch [23/70] |	Loss: 0.356 	Average Acc: 0.885 
learning rate: [0.1]
================ Train on the train set ================
Epoch [24/70] |	Loss: 0.324 	Average Acc: 0.896 
================ Test on the test set ================
 * Average Acc: 0.570 Best acc 0.570
 Per-Task Acc:[0.57]
learning rate: [0.1]
================ Train on the train set ================
Epoch [25/70] |	Loss: 0.328 	Average Acc: 0.895 
learning rate: [0.1]
================ Train on the train set ================
Epoch [26/70] |	Loss: 0.311 	Average Acc: 0.905 
learning rate: [0.1]
================ Train on the train set ================
Epoch [27/70] |	Loss: 0.325 	Average Acc: 0.896 
learning rate: [0.1]
================ Train on the train set ================
Epoch [28/70] |	Loss: 0.282 	Average Acc: 0.911 
learning rate: [0.1]
================ Train on the train set ================
Epoch [29/70] |	Loss: 0.314 	Average Acc: 0.900 
================ Test on the test set ================
 * Average Acc: 0.560 Best acc 0.570
 Per-Task Acc:[0.56]
learning rate: [0.1]
================ Train on the train set ================
Epoch [30/70] |	Loss: 0.305 	Average Acc: 0.901 
learning rate: [0.1]
================ Train on the train set ================
Epoch [31/70] |	Loss: 0.334 	Average Acc: 0.895 
learning rate: [0.05]
================ Train on the train set ================
Epoch [32/70] |	Loss: 0.074 	Average Acc: 0.979 
learning rate: [0.05]
================ Train on the train set ================
Epoch [33/70] |	Loss: 0.010 	Average Acc: 0.999 
learning rate: [0.05]
================ Train on the train set ================
Epoch [34/70] |	Loss: 0.003 	Average Acc: 1.000 
================ Test on the test set ================
 * Average Acc: 0.650 Best acc 0.650
 Per-Task Acc:[0.65]
learning rate: [0.05]
================ Train on the train set ================
Epoch [35/70] |	Loss: 0.003 	Average Acc: 1.000 
learning rate: [0.05]
================ Train on the train set ================
Epoch [36/70] |	Loss: 0.003 	Average Acc: 1.000 
learning rate: [0.05]
================ Train on the train set ================
Epoch [37/70] |	Loss: 0.003 	Average Acc: 1.000 
learning rate: [0.05]
================ Train on the train set ================
Epoch [38/70] |	Loss: 0.003 	Average Acc: 1.000 
learning rate: [0.05]
================ Train on the train set ================
Epoch [39/70] |	Loss: 0.003 	Average Acc: 1.000 
================ Test on the test set ================
 * Average Acc: 0.660 Best acc 0.660
 Per-Task Acc:[0.66]
learning rate: [0.05]
================ Train on the train set ================
Epoch [40/70] |	Loss: 0.004 	Average Acc: 0.999 
learning rate: [0.05]
================ Train on the train set ================
Epoch [41/70] |	Loss: 0.003 	Average Acc: 1.000 
learning rate: [0.05]
================ Train on the train set ================
Epoch [42/70] |	Loss: 0.002 	Average Acc: 1.000 
learning rate: [0.05]
================ Train on the train set ================
Epoch [43/70] |	Loss: 0.002 	Average Acc: 1.000 
learning rate: [0.05]
================ Train on the train set ================
Epoch [44/70] |	Loss: 0.002 	Average Acc: 1.000 
================ Test on the test set ================
 * Average Acc: 0.670 Best acc 0.670
 Per-Task Acc:[0.67]
learning rate: [0.05]
================ Train on the train set ================
Epoch [45/70] |	Loss: 0.002 	Average Acc: 1.000 
learning rate: [0.05]
================ Train on the train set ================
Epoch [46/70] |	Loss: 0.002 	Average Acc: 1.000 
learning rate: [0.05]
================ Train on the train set ================
Epoch [47/70] |	Loss: 0.002 	Average Acc: 1.000 
learning rate: [0.05]
================ Train on the train set ================
Epoch [48/70] |	Loss: 0.002 	Average Acc: 1.000 
learning rate: [0.05]
================ Train on the train set ================
Epoch [49/70] |	Loss: 0.002 	Average Acc: 1.000 
================ Test on the test set ================
 * Average Acc: 0.650 Best acc 0.670
 Per-Task Acc:[0.65]
learning rate: [0.05]
================ Train on the train set ================
Epoch [50/70] |	Loss: 1.029 	Average Acc: 0.686 
learning rate: [0.05]
================ Train on the train set ================
Epoch [51/70] |	Loss: 1.034 	Average Acc: 0.683 
learning rate: [0.05]
================ Train on the train set ================
Epoch [52/70] |	Loss: 0.640 	Average Acc: 0.799 
learning rate: [0.05]
================ Train on the train set ================
Epoch [53/70] |	Loss: 0.437 	Average Acc: 0.862 
learning rate: [0.05]
================ Train on the train set ================
Epoch [54/70] |	Loss: 0.323 	Average Acc: 0.899 
================ Test on the test set ================
 * Average Acc: 0.580 Best acc 0.670
 Per-Task Acc:[0.58]
learning rate: [0.05]
================ Train on the train set ================
Epoch [55/70] |	Loss: 0.230 	Average Acc: 0.928 
learning rate: [0.05]
================ Train on the train set ================
Epoch [56/70] |	Loss: 0.215 	Average Acc: 0.931 
learning rate: [0.05]
================ Train on the train set ================
Epoch [57/70] |	Loss: 0.170 	Average Acc: 0.944 
learning rate: [0.05]
================ Train on the train set ================
Epoch [58/70] |	Loss: 0.125 	Average Acc: 0.959 
learning rate: [0.05]
================ Train on the train set ================
Epoch [59/70] |	Loss: 0.152 	Average Acc: 0.949 
================ Test on the test set ================
 * Average Acc: 0.570 Best acc 0.670
 Per-Task Acc:[0.57]
learning rate: [0.05]
================ Train on the train set ================
Epoch [60/70] |	Loss: 0.152 	Average Acc: 0.951 
learning rate: [0.05]
================ Train on the train set ================
Epoch [61/70] |	Loss: 0.169 	Average Acc: 0.945 
learning rate: [0.025]
================ Train on the train set ================
Epoch [62/70] |	Loss: 0.047 	Average Acc: 0.987 
learning rate: [0.025]
================ Train on the train set ================
Epoch [63/70] |	Loss: 0.007 	Average Acc: 0.999 
learning rate: [0.025]
================ Train on the train set ================
Epoch [64/70] |	Loss: 0.003 	Average Acc: 1.000 
================ Test on the test set ================
 * Average Acc: 0.660 Best acc 0.670
 Per-Task Acc:[0.66]
learning rate: [0.025]
================ Train on the train set ================
Epoch [65/70] |	Loss: 0.002 	Average Acc: 1.000 
learning rate: [0.025]
================ Train on the train set ================
Epoch [66/70] |	Loss: 0.003 	Average Acc: 1.000 
learning rate: [0.025]
================ Train on the train set ================
Epoch [67/70] |	Loss: 0.002 	Average Acc: 1.000 
learning rate: [0.025]
================ Train on the train set ================
Epoch [68/70] |	Loss: 0.002 	Average Acc: 1.000 
learning rate: [0.025]
================ Train on the train set ================
Epoch [69/70] |	Loss: 0.002 	Average Acc: 1.000 
================ Test on the test set ================
 * Average Acc: 0.660 Best acc 0.670
 Per-Task Acc:[0.66]
================Task 1 Start!================
SGD (
Parameter Group 0
    dampening: 0
    differentiable: False
    foreach: None
    initial_lr: 0.1
    lr: 0.03333333333333333
    maximize: False
    momentum: 0.95
    nesterov: False
    weight_decay: 0.0002
)
================Task 1 Training!================
The training samples number: 10000
learning rate: [0.03333333333333333]
================ Train on the train set ================
Epoch [0/70] |	Loss: 3.007 	Average Acc: 0.228 
learning rate: [0.06666666666666667]
================ Train on the train set ================
Epoch [1/70] |	Loss: 1.508 	Average Acc: 0.515 
learning rate: [0.1]
================ Train on the train set ================
Epoch [2/70] |	Loss: 0.737 	Average Acc: 0.751 
learning rate: [0.1]
================ Train on the train set ================
Epoch [3/70] |	Loss: 0.334 	Average Acc: 0.894 
learning rate: [0.1]
================ Train on the train set ================
Epoch [4/70] |	Loss: 0.223 	Average Acc: 0.929 
================ Test on the test set ================
 * Average Acc: 0.325 Best acc 0.325
 Per-Task Acc:[0.03, 0.62]
learning rate: [0.1]
================ Train on the train set ================
Epoch [5/70] |	Loss: 0.140 	Average Acc: 0.953 
learning rate: [0.1]
================ Train on the train set ================
Epoch [6/70] |	Loss: 0.140 	Average Acc: 0.954 
learning rate: [0.1]
================ Train on the train set ================
Epoch [7/70] |	Loss: 0.154 	Average Acc: 0.950 
learning rate: [0.1]
================ Train on the train set ================
Epoch [8/70] |	Loss: 0.125 	Average Acc: 0.961 
learning rate: [0.1]
================ Train on the train set ================
Epoch [9/70] |	Loss: 0.053 	Average Acc: 0.984 
================ Test on the test set ================
 * Average Acc: 0.345 Best acc 0.345
 Per-Task Acc:[0.03, 0.66]
learning rate: [0.1]
================ Train on the train set ================
Epoch [10/70] |	Loss: 0.090 	Average Acc: 0.972 
learning rate: [0.1]
================ Train on the train set ================
Epoch [11/70] |	Loss: 0.041 	Average Acc: 0.990 
learning rate: [0.1]
================ Train on the train set ================
Epoch [12/70] |	Loss: 0.018 	Average Acc: 0.996 
learning rate: [0.1]
================ Train on the train set ================
Epoch [13/70] |	Loss: 0.009 	Average Acc: 0.999 
learning rate: [0.1]
================ Train on the train set ================
Epoch [14/70] |	Loss: 0.002 	Average Acc: 1.000 
================ Test on the test set ================
 * Average Acc: 0.465 Best acc 0.465
 Per-Task Acc:[0.26, 0.67]
learning rate: [0.1]
================ Train on the train set ================
Epoch [15/70] |	Loss: 0.001 	Average Acc: 1.000 
learning rate: [0.1]
================ Train on the train set ================
Epoch [16/70] |	Loss: 0.001 	Average Acc: 1.000 
learning rate: [0.1]
================ Train on the train set ================
Epoch [17/70] |	Loss: 0.001 	Average Acc: 1.000 
learning rate: [0.1]
================ Train on the train set ================
Epoch [18/70] |	Loss: 0.001 	Average Acc: 1.000 
learning rate: [0.1]
================ Train on the train set ================
Epoch [19/70] |	Loss: 0.001 	Average Acc: 1.000 
================ Test on the test set ================
 * Average Acc: 0.480 Best acc 0.480
 Per-Task Acc:[0.28, 0.68]
learning rate: [0.1]
================ Train on the train set ================
Epoch [20/70] |	Loss: 0.001 	Average Acc: 1.000 
learning rate: [0.1]
================ Train on the train set ================
Epoch [21/70] |	Loss: 0.001 	Average Acc: 1.000 
learning rate: [0.1]
================ Train on the train set ================
Epoch [22/70] |	Loss: 0.001 	Average Acc: 1.000 
learning rate: [0.1]
================ Train on the train set ================
Epoch [23/70] |	Loss: 0.001 	Average Acc: 1.000 
learning rate: [0.1]
================ Train on the train set ================
Epoch [24/70] |	Loss: 0.001 	Average Acc: 1.000 
================ Test on the test set ================
 * Average Acc: 0.485 Best acc 0.485
 Per-Task Acc:[0.28, 0.69]
learning rate: [0.1]
================ Train on the train set ================
Epoch [25/70] |	Loss: 0.001 	Average Acc: 1.000 
learning rate: [0.1]
================ Train on the train set ================
Epoch [26/70] |	Loss: 0.001 	Average Acc: 1.000 
learning rate: [0.1]
================ Train on the train set ================
Epoch [27/70] |	Loss: 0.001 	Average Acc: 1.000 
learning rate: [0.1]
================ Train on the train set ================
Epoch [28/70] |	Loss: 0.001 	Average Acc: 1.000 
learning rate: [0.1]
================ Train on the train set ================
Epoch [29/70] |	Loss: 0.001 	Average Acc: 1.000 
================ Test on the test set ================
 * Average Acc: 0.490 Best acc 0.490
 Per-Task Acc:[0.28, 0.7]
learning rate: [0.1]
================ Train on the train set ================
Epoch [30/70] |	Loss: 0.001 	Average Acc: 1.000 
learning rate: [0.1]
================ Train on the train set ================
Epoch [31/70] |	Loss: 0.001 	Average Acc: 1.000 
learning rate: [0.05]
================ Train on the train set ================
Epoch [32/70] |	Loss: 0.001 	Average Acc: 1.000 
learning rate: [0.05]
================ Train on the train set ================
Epoch [33/70] |	Loss: 0.001 	Average Acc: 1.000 
learning rate: [0.05]
================ Train on the train set ================
Epoch [34/70] |	Loss: 0.001 	Average Acc: 1.000 
================ Test on the test set ================
 * Average Acc: 0.490 Best acc 0.490
 Per-Task Acc:[0.28, 0.7]
learning rate: [0.05]
================ Train on the train set ================
Epoch [35/70] |	Loss: 0.001 	Average Acc: 1.000 
learning rate: [0.05]
================ Train on the train set ================
Epoch [36/70] |	Loss: 0.001 	Average Acc: 1.000 
learning rate: [0.05]
================ Train on the train set ================
Epoch [37/70] |	Loss: 0.001 	Average Acc: 1.000 
learning rate: [0.05]
================ Train on the train set ================
Epoch [38/70] |	Loss: 0.001 	Average Acc: 1.000 
learning rate: [0.05]
================ Train on the train set ================
Epoch [39/70] |	Loss: 0.001 	Average Acc: 1.000 
================ Test on the test set ================
 * Average Acc: 0.485 Best acc 0.490
 Per-Task Acc:[0.27, 0.7]
learning rate: [0.05]
================ Train on the train set ================
Epoch [40/70] |	Loss: 0.001 	Average Acc: 1.000 
learning rate: [0.05]
================ Train on the train set ================
Epoch [41/70] |	Loss: 0.001 	Average Acc: 1.000 
learning rate: [0.05]
================ Train on the train set ================
Epoch [42/70] |	Loss: 0.001 	Average Acc: 1.000 
learning rate: [0.05]
================ Train on the train set ================
Epoch [43/70] |	Loss: 0.001 	Average Acc: 1.000 
learning rate: [0.05]
================ Train on the train set ================
Epoch [44/70] |	Loss: 0.001 	Average Acc: 1.000 
================ Test on the test set ================
 * Average Acc: 0.485 Best acc 0.490
 Per-Task Acc:[0.26, 0.71]
learning rate: [0.05]
================ Train on the train set ================
Epoch [45/70] |	Loss: 0.001 	Average Acc: 1.000 
learning rate: [0.05]
================ Train on the train set ================
Epoch [46/70] |	Loss: 0.001 	Average Acc: 1.000 
learning rate: [0.05]
================ Train on the train set ================
Epoch [47/70] |	Loss: 0.001 	Average Acc: 1.000 
learning rate: [0.05]
================ Train on the train set ================
Epoch [48/70] |	Loss: 0.001 	Average Acc: 1.000 
learning rate: [0.05]
================ Train on the train set ================
Epoch [49/70] |	Loss: 0.001 	Average Acc: 1.000 
================ Test on the test set ================
 * Average Acc: 0.490 Best acc 0.490
 Per-Task Acc:[0.27, 0.71]
learning rate: [0.05]
================ Train on the train set ================
Epoch [50/70] |	Loss: 0.001 	Average Acc: 1.000 
learning rate: [0.05]
================ Train on the train set ================
Epoch [51/70] |	Loss: 0.001 	Average Acc: 1.000 
learning rate: [0.05]
================ Train on the train set ================
Epoch [52/70] |	Loss: 0.001 	Average Acc: 1.000 
learning rate: [0.05]
================ Train on the train set ================
Epoch [53/70] |	Loss: 0.001 	Average Acc: 1.000 
learning rate: [0.05]
================ Train on the train set ================
Epoch [54/70] |	Loss: 0.001 	Average Acc: 1.000 
================ Test on the test set ================
 * Average Acc: 0.480 Best acc 0.490
 Per-Task Acc:[0.26, 0.7]
learning rate: [0.05]
================ Train on the train set ================
Epoch [55/70] |	Loss: 0.001 	Average Acc: 1.000 
learning rate: [0.05]
================ Train on the train set ================
Epoch [56/70] |	Loss: 0.001 	Average Acc: 1.000 
learning rate: [0.05]
================ Train on the train set ================
Epoch [57/70] |	Loss: 0.001 	Average Acc: 1.000 
learning rate: [0.05]
================ Train on the train set ================
Epoch [58/70] |	Loss: 0.001 	Average Acc: 1.000 
learning rate: [0.05]
================ Train on the train set ================
Epoch [59/70] |	Loss: 0.001 	Average Acc: 1.000 
================ Test on the test set ================
 * Average Acc: 0.485 Best acc 0.490
 Per-Task Acc:[0.26, 0.71]
learning rate: [0.05]
================ Train on the train set ================
Epoch [60/70] |	Loss: 0.001 	Average Acc: 1.000 
learning rate: [0.05]
================ Train on the train set ================
Epoch [61/70] |	Loss: 0.001 	Average Acc: 1.000 
learning rate: [0.025]
================ Train on the train set ================
Epoch [62/70] |	Loss: 0.001 	Average Acc: 1.000 
learning rate: [0.025]
================ Train on the train set ================
Epoch [63/70] |	Loss: 0.001 	Average Acc: 1.000 
learning rate: [0.025]
================ Train on the train set ================
Epoch [64/70] |	Loss: 0.001 	Average Acc: 1.000 
================ Test on the test set ================
 * Average Acc: 0.480 Best acc 0.490
 Per-Task Acc:[0.25, 0.71]
learning rate: [0.025]
================ Train on the train set ================
Epoch [65/70] |	Loss: 0.001 	Average Acc: 1.000 
learning rate: [0.025]
================ Train on the train set ================
Epoch [66/70] |	Loss: 0.001 	Average Acc: 1.000 
learning rate: [0.025]
================ Train on the train set ================
Epoch [67/70] |	Loss: 0.001 	Average Acc: 1.000 
learning rate: [0.025]
================ Train on the train set ================
Epoch [68/70] |	Loss: 0.001 	Average Acc: 1.000 
learning rate: [0.025]
================ Train on the train set ================
Epoch [69/70] |	Loss: 0.001 	Average Acc: 1.000 
================ Test on the test set ================
 * Average Acc: 0.475 Best acc 0.490
 Per-Task Acc:[0.24, 0.71]
================Task 2 Start!================
SGD (
Parameter Group 0
    dampening: 0
    differentiable: False
    foreach: None
    initial_lr: 0.1
    lr: 0.03333333333333333
    maximize: False
    momentum: 0.95
    nesterov: False
    weight_decay: 0.0002
)
================Task 2 Training!================
The training samples number: 10000
learning rate: [0.03333333333333333]
================ Train on the train set ================
Epoch [0/70] |	Loss: 2.131 	Average Acc: 0.406 
learning rate: [0.06666666666666667]
================ Train on the train set ================
Epoch [1/70] |	Loss: 1.257 	Average Acc: 0.597 
learning rate: [0.1]
================ Train on the train set ================
Epoch [2/70] |	Loss: 1.387 	Average Acc: 0.606 
learning rate: [0.1]
================ Train on the train set ================
Epoch [3/70] |	Loss: 1.129 	Average Acc: 0.680 
learning rate: [0.1]
================ Train on the train set ================
Epoch [4/70] |	Loss: 0.847 	Average Acc: 0.748 
================ Test on the test set ================
 * Average Acc: 0.367 Best acc 0.367
 Per-Task Acc:[0.24, 0.25, 0.61]
learning rate: [0.1]
================ Train on the train set ================
Epoch [5/70] |	Loss: 0.556 	Average Acc: 0.829 
learning rate: [0.1]
================ Train on the train set ================
Epoch [6/70] |	Loss: 0.372 	Average Acc: 0.877 
learning rate: [0.1]
================ Train on the train set ================
Epoch [7/70] |	Loss: 0.244 	Average Acc: 0.926 
learning rate: [0.1]
================ Train on the train set ================
Epoch [8/70] |	Loss: 0.151 	Average Acc: 0.953 
learning rate: [0.1]
================ Train on the train set ================
Epoch [9/70] |	Loss: 0.113 	Average Acc: 0.963 
================ Test on the test set ================
 * Average Acc: 0.237 Best acc 0.367
 Per-Task Acc:[0.03, 0.01, 0.67]
learning rate: [0.1]
================ Train on the train set ================
Epoch [10/70] |	Loss: 0.117 	Average Acc: 0.970 
learning rate: [0.1]
================ Train on the train set ================
Epoch [11/70] |	Loss: 0.039 	Average Acc: 0.989 
learning rate: [0.1]
================ Train on the train set ================
Epoch [12/70] |	Loss: 0.057 	Average Acc: 0.984 
learning rate: [0.1]
================ Train on the train set ================
Epoch [13/70] |	Loss: 0.065 	Average Acc: 0.980 
learning rate: [0.1]
================ Train on the train set ================
Epoch [14/70] |	Loss: 0.091 	Average Acc: 0.973 
================ Test on the test set ================
 * Average Acc: 0.287 Best acc 0.367
 Per-Task Acc:[0.12, 0.07, 0.67]
learning rate: [0.1]
================ Train on the train set ================
Epoch [15/70] |	Loss: 0.064 	Average Acc: 0.981 
learning rate: [0.1]
================ Train on the train set ================
Epoch [16/70] |	Loss: 0.029 	Average Acc: 0.993 
learning rate: [0.1]
================ Train on the train set ================
Epoch [17/70] |	Loss: 0.024 	Average Acc: 0.994 
learning rate: [0.1]
================ Train on the train set ================
Epoch [18/70] |	Loss: 0.030 	Average Acc: 0.991 
learning rate: [0.1]
================ Train on the train set ================
Epoch [19/70] |	Loss: 0.028 	Average Acc: 0.992 
================ Test on the test set ================
 * Average Acc: 0.287 Best acc 0.367
 Per-Task Acc:[0.1, 0.08, 0.68]
learning rate: [0.1]
================ Train on the train set ================
Epoch [20/70] |	Loss: 0.078 	Average Acc: 0.976 
learning rate: [0.1]
================ Train on the train set ================
Epoch [21/70] |	Loss: 0.289 	Average Acc: 0.913 
learning rate: [0.1]
================ Train on the train set ================
Epoch [22/70] |	Loss: 0.256 	Average Acc: 0.920 
learning rate: [0.1]
================ Train on the train set ================
Epoch [23/70] |	Loss: 0.142 	Average Acc: 0.965 
learning rate: [0.1]
================ Train on the train set ================
Epoch [24/70] |	Loss: 0.108 	Average Acc: 0.972 
================ Test on the test set ================
 * Average Acc: 0.233 Best acc 0.367
 Per-Task Acc:[0.01, 0.01, 0.68]
learning rate: [0.1]
================ Train on the train set ================
Epoch [25/70] |	Loss: 0.160 	Average Acc: 0.958 
learning rate: [0.1]
================ Train on the train set ================
Epoch [26/70] |	Loss: 0.086 	Average Acc: 0.977 
learning rate: [0.1]
================ Train on the train set ================
Epoch [27/70] |	Loss: 0.027 	Average Acc: 0.994 
learning rate: [0.1]
================ Train on the train set ================
Epoch [28/70] |	Loss: 0.010 	Average Acc: 0.998 
learning rate: [0.1]
================ Train on the train set ================
Epoch [29/70] |	Loss: 0.005 	Average Acc: 0.999 
================ Test on the test set ================
 * Average Acc: 0.343 Best acc 0.367
 Per-Task Acc:[0.18, 0.15, 0.7]
learning rate: [0.1]
================ Train on the train set ================
Epoch [30/70] |	Loss: 0.003 	Average Acc: 1.000 
learning rate: [0.1]
================ Train on the train set ================
Epoch [31/70] |	Loss: 0.002 	Average Acc: 1.000 
learning rate: [0.05]
================ Train on the train set ================
Epoch [32/70] |	Loss: 0.001 	Average Acc: 1.000 
learning rate: [0.05]
================ Train on the train set ================
Epoch [33/70] |	Loss: 0.001 	Average Acc: 1.000 
learning rate: [0.05]
================ Train on the train set ================
Epoch [34/70] |	Loss: 0.001 	Average Acc: 1.000 
================ Test on the test set ================
 * Average Acc: 0.357 Best acc 0.367
 Per-Task Acc:[0.21, 0.17, 0.69]
learning rate: [0.05]
================ Train on the train set ================
Epoch [35/70] |	Loss: 0.001 	Average Acc: 1.000 
learning rate: [0.05]
================ Train on the train set ================
Epoch [36/70] |	Loss: 0.001 	Average Acc: 1.000 
learning rate: [0.05]
================ Train on the train set ================
Epoch [37/70] |	Loss: 0.001 	Average Acc: 1.000 
learning rate: [0.05]
================ Train on the train set ================
Epoch [38/70] |	Loss: 0.001 	Average Acc: 1.000 
learning rate: [0.05]
================ Train on the train set ================
Epoch [39/70] |	Loss: 0.001 	Average Acc: 1.000 
================ Test on the test set ================
 * Average Acc: 0.360 Best acc 0.367
 Per-Task Acc:[0.21, 0.17, 0.7]
learning rate: [0.05]
================ Train on the train set ================
Epoch [40/70] |	Loss: 0.001 	Average Acc: 1.000 
learning rate: [0.05]
================ Train on the train set ================
Epoch [41/70] |	Loss: 0.001 	Average Acc: 1.000 
learning rate: [0.05]
================ Train on the train set ================
Epoch [42/70] |	Loss: 0.001 	Average Acc: 1.000 
learning rate: [0.05]
================ Train on the train set ================
Epoch [43/70] |	Loss: 0.001 	Average Acc: 1.000 
learning rate: [0.05]
================ Train on the train set ================
Epoch [44/70] |	Loss: 0.001 	Average Acc: 1.000 
================ Test on the test set ================
 * Average Acc: 0.360 Best acc 0.367
 Per-Task Acc:[0.21, 0.17, 0.7]
learning rate: [0.05]
================ Train on the train set ================
Epoch [45/70] |	Loss: 0.001 	Average Acc: 1.000 
learning rate: [0.05]
================ Train on the train set ================
Epoch [46/70] |	Loss: 0.001 	Average Acc: 1.000 
learning rate: [0.05]
================ Train on the train set ================
Epoch [47/70] |	Loss: 0.001 	Average Acc: 1.000 
learning rate: [0.05]
================ Train on the train set ================
Epoch [48/70] |	Loss: 0.001 	Average Acc: 1.000 
learning rate: [0.05]
================ Train on the train set ================
Epoch [49/70] |	Loss: 0.001 	Average Acc: 1.000 
================ Test on the test set ================
 * Average Acc: 0.357 Best acc 0.367
 Per-Task Acc:[0.2, 0.17, 0.7]
learning rate: [0.05]
================ Train on the train set ================
Epoch [50/70] |	Loss: 0.001 	Average Acc: 1.000 
learning rate: [0.05]
================ Train on the train set ================
Epoch [51/70] |	Loss: 0.001 	Average Acc: 1.000 
learning rate: [0.05]
================ Train on the train set ================
Epoch [52/70] |	Loss: 0.001 	Average Acc: 1.000 
learning rate: [0.05]
================ Train on the train set ================
Epoch [53/70] |	Loss: 0.001 	Average Acc: 1.000 
learning rate: [0.05]
================ Train on the train set ================
Epoch [54/70] |	Loss: 0.001 	Average Acc: 1.000 
================ Test on the test set ================
 * Average Acc: 0.357 Best acc 0.367
 Per-Task Acc:[0.2, 0.16, 0.71]
learning rate: [0.05]
================ Train on the train set ================
Epoch [55/70] |	Loss: 0.001 	Average Acc: 1.000 
learning rate: [0.05]
================ Train on the train set ================
Epoch [56/70] |	Loss: 0.001 	Average Acc: 1.000 
learning rate: [0.05]
================ Train on the train set ================
Epoch [57/70] |	Loss: 0.001 	Average Acc: 1.000 
learning rate: [0.05]
================ Train on the train set ================
Epoch [58/70] |	Loss: 0.001 	Average Acc: 1.000 
learning rate: [0.05]
================ Train on the train set ================
Epoch [59/70] |	Loss: 0.001 	Average Acc: 1.000 
================ Test on the test set ================
 * Average Acc: 0.357 Best acc 0.367
 Per-Task Acc:[0.2, 0.16, 0.71]
learning rate: [0.05]
================ Train on the train set ================
Epoch [60/70] |	Loss: 0.001 	Average Acc: 1.000 
learning rate: [0.05]
================ Train on the train set ================
Epoch [61/70] |	Loss: 0.001 	Average Acc: 1.000 
learning rate: [0.025]
================ Train on the train set ================
Epoch [62/70] |	Loss: 0.001 	Average Acc: 1.000 
learning rate: [0.025]
================ Train on the train set ================
Epoch [63/70] |	Loss: 0.001 	Average Acc: 1.000 
learning rate: [0.025]
================ Train on the train set ================
Epoch [64/70] |	Loss: 0.001 	Average Acc: 1.000 
================ Test on the test set ================
 * Average Acc: 0.353 Best acc 0.367
 Per-Task Acc:[0.2, 0.15, 0.71]
learning rate: [0.025]
================ Train on the train set ================
Epoch [65/70] |	Loss: 0.001 	Average Acc: 1.000 
learning rate: [0.025]
================ Train on the train set ================
Epoch [66/70] |	Loss: 0.001 	Average Acc: 1.000 
learning rate: [0.025]
================ Train on the train set ================
Epoch [67/70] |	Loss: 0.001 	Average Acc: 1.000 
learning rate: [0.025]
================ Train on the train set ================
Epoch [68/70] |	Loss: 0.001 	Average Acc: 1.000 
learning rate: [0.025]
================ Train on the train set ================
Epoch [69/70] |	Loss: 0.001 	Average Acc: 1.000 
================ Test on the test set ================
 * Average Acc: 0.353 Best acc 0.367
 Per-Task Acc:[0.19, 0.15, 0.72]
================Task 3 Start!================
SGD (
Parameter Group 0
    dampening: 0
    differentiable: False
    foreach: None
    initial_lr: 0.1
    lr: 0.03333333333333333
    maximize: False
    momentum: 0.95
    nesterov: False
    weight_decay: 0.0002
)
================Task 3 Training!================
The training samples number: 10000
learning rate: [0.03333333333333333]
================ Train on the train set ================
Epoch [0/70] |	Loss: 2.351 	Average Acc: 0.401 
learning rate: [0.06666666666666667]
================ Train on the train set ================
Epoch [1/70] |	Loss: 1.084 	Average Acc: 0.650 
learning rate: [0.1]
================ Train on the train set ================
Epoch [2/70] |	Loss: 0.862 	Average Acc: 0.708 
learning rate: [0.1]
================ Train on the train set ================
Epoch [3/70] |	Loss: 1.100 	Average Acc: 0.690 
learning rate: [0.1]
================ Train on the train set ================
Epoch [4/70] |	Loss: 1.079 	Average Acc: 0.753 
================ Test on the test set ================
 * Average Acc: 0.330 Best acc 0.330
 Per-Task Acc:[0.27, 0.24, 0.25, 0.56]
learning rate: [0.1]
================ Train on the train set ================
Epoch [5/70] |	Loss: 0.853 	Average Acc: 0.765 
learning rate: [0.1]
================ Train on the train set ================
Epoch [6/70] |	Loss: 0.573 	Average Acc: 0.809 
learning rate: [0.1]
================ Train on the train set ================
Epoch [7/70] |	Loss: 0.508 	Average Acc: 0.865 
learning rate: [0.1]
================ Train on the train set ================
Epoch [8/70] |	Loss: 0.463 	Average Acc: 0.857 
learning rate: [0.1]
================ Train on the train set ================
Epoch [9/70] |	Loss: 0.222 	Average Acc: 0.927 
================ Test on the test set ================
 * Average Acc: 0.172 Best acc 0.330
 Per-Task Acc:[0.0, 0.0, 0.0, 0.69]
learning rate: [0.1]
================ Train on the train set ================
Epoch [10/70] |	Loss: 0.341 	Average Acc: 0.906 
learning rate: [0.1]
================ Train on the train set ================
Epoch [11/70] |	Loss: 0.172 	Average Acc: 0.964 
learning rate: [0.1]
================ Train on the train set ================
Epoch [12/70] |	Loss: 0.024 	Average Acc: 0.995 
learning rate: [0.1]
================ Train on the train set ================
Epoch [13/70] |	Loss: 0.012 	Average Acc: 0.996 
learning rate: [0.1]
================ Train on the train set ================
Epoch [14/70] |	Loss: 0.016 	Average Acc: 0.996 
================ Test on the test set ================
 * Average Acc: 0.310 Best acc 0.330
 Per-Task Acc:[0.2, 0.17, 0.2, 0.67]
learning rate: [0.1]
================ Train on the train set ================
Epoch [15/70] |	Loss: 0.021 	Average Acc: 0.994 
learning rate: [0.1]
================ Train on the train set ================
Epoch [16/70] |	Loss: 0.026 	Average Acc: 0.993 
learning rate: [0.1]
================ Train on the train set ================
Epoch [17/70] |	Loss: 0.030 	Average Acc: 0.992 
learning rate: [0.1]
================ Train on the train set ================
Epoch [18/70] |	Loss: 0.032 	Average Acc: 0.992 
learning rate: [0.1]
================ Train on the train set ================
Epoch [19/70] |	Loss: 0.035 	Average Acc: 0.990 
================ Test on the test set ================
 * Average Acc: 0.253 Best acc 0.330
 Per-Task Acc:[0.13, 0.11, 0.12, 0.65]
learning rate: [0.1]
================ Train on the train set ================
Epoch [20/70] |	Loss: 0.167 	Average Acc: 0.952 
learning rate: [0.1]
================ Train on the train set ================
Epoch [21/70] |	Loss: 0.378 	Average Acc: 0.887 
learning rate: [0.1]
================ Train on the train set ================
Epoch [22/70] |	Loss: 0.200 	Average Acc: 0.952 
learning rate: [0.1]
================ Train on the train set ================
Epoch [23/70] |	Loss: 0.019 	Average Acc: 0.996 
learning rate: [0.1]
================ Train on the train set ================
Epoch [24/70] |	Loss: 0.009 	Average Acc: 0.998 
================ Test on the test set ================
 * Average Acc: 0.297 Best acc 0.330
 Per-Task Acc:[0.17, 0.14, 0.19, 0.69]
learning rate: [0.1]
================ Train on the train set ================
Epoch [25/70] |	Loss: 0.007 	Average Acc: 0.998 
learning rate: [0.1]
================ Train on the train set ================
Epoch [26/70] |	Loss: 0.004 	Average Acc: 1.000 
learning rate: [0.1]
================ Train on the train set ================
Epoch [27/70] |	Loss: 0.002 	Average Acc: 1.000 
learning rate: [0.1]
================ Train on the train set ================
Epoch [28/70] |	Loss: 0.001 	Average Acc: 1.000 
learning rate: [0.1]
================ Train on the train set ================
Epoch [29/70] |	Loss: 0.002 	Average Acc: 1.000 
================ Test on the test set ================
 * Average Acc: 0.323 Best acc 0.330
 Per-Task Acc:[0.2, 0.18, 0.22, 0.69]
learning rate: [0.1]
================ Train on the train set ================
Epoch [30/70] |	Loss: 0.004 	Average Acc: 0.999 
learning rate: [0.1]
================ Train on the train set ================
Epoch [31/70] |	Loss: 0.006 	Average Acc: 0.999 
learning rate: [0.05]
================ Train on the train set ================
Epoch [32/70] |	Loss: 0.004 	Average Acc: 0.999 
learning rate: [0.05]
================ Train on the train set ================
Epoch [33/70] |	Loss: 0.001 	Average Acc: 1.000 
learning rate: [0.05]
================ Train on the train set ================
Epoch [34/70] |	Loss: 0.001 	Average Acc: 1.000 
================ Test on the test set ================
 * Average Acc: 0.323 Best acc 0.330
 Per-Task Acc:[0.21, 0.17, 0.22, 0.69]
learning rate: [0.05]
================ Train on the train set ================
Epoch [35/70] |	Loss: 0.001 	Average Acc: 1.000 
learning rate: [0.05]
================ Train on the train set ================
Epoch [36/70] |	Loss: 0.001 	Average Acc: 1.000 
learning rate: [0.05]
================ Train on the train set ================
Epoch [37/70] |	Loss: 0.001 	Average Acc: 1.000 
learning rate: [0.05]
================ Train on the train set ================
Epoch [38/70] |	Loss: 0.001 	Average Acc: 1.000 
learning rate: [0.05]
================ Train on the train set ================
Epoch [39/70] |	Loss: 0.001 	Average Acc: 1.000 
================ Test on the test set ================
 * Average Acc: 0.323 Best acc 0.330
 Per-Task Acc:[0.21, 0.16, 0.22, 0.7]
learning rate: [0.05]
================ Train on the train set ================
Epoch [40/70] |	Loss: 0.001 	Average Acc: 1.000 
learning rate: [0.05]
================ Train on the train set ================
Epoch [41/70] |	Loss: 0.001 	Average Acc: 1.000 
learning rate: [0.05]
================ Train on the train set ================
Epoch [42/70] |	Loss: 0.001 	Average Acc: 1.000 
learning rate: [0.05]
================ Train on the train set ================
Epoch [43/70] |	Loss: 0.001 	Average Acc: 1.000 
learning rate: [0.05]
================ Train on the train set ================
Epoch [44/70] |	Loss: 0.001 	Average Acc: 1.000 
================ Test on the test set ================
 * Average Acc: 0.323 Best acc 0.330
 Per-Task Acc:[0.21, 0.17, 0.22, 0.69]
learning rate: [0.05]
================ Train on the train set ================
Epoch [45/70] |	Loss: 0.001 	Average Acc: 1.000 
learning rate: [0.05]
================ Train on the train set ================
Epoch [46/70] |	Loss: 0.001 	Average Acc: 1.000 
learning rate: [0.05]
================ Train on the train set ================
Epoch [47/70] |	Loss: 0.001 	Average Acc: 1.000 
learning rate: [0.05]
================ Train on the train set ================
Epoch [48/70] |	Loss: 0.001 	Average Acc: 1.000 
learning rate: [0.05]
================ Train on the train set ================
Epoch [49/70] |	Loss: 0.001 	Average Acc: 1.000 
================ Test on the test set ================
 * Average Acc: 0.323 Best acc 0.330
 Per-Task Acc:[0.21, 0.17, 0.22, 0.69]
learning rate: [0.05]
================ Train on the train set ================
Epoch [50/70] |	Loss: 0.001 	Average Acc: 1.000 
learning rate: [0.05]
================ Train on the train set ================
Epoch [51/70] |	Loss: 0.001 	Average Acc: 1.000 
learning rate: [0.05]
================ Train on the train set ================
Epoch [52/70] |	Loss: 0.001 	Average Acc: 1.000 
learning rate: [0.05]
================ Train on the train set ================
Epoch [53/70] |	Loss: 0.001 	Average Acc: 1.000 
learning rate: [0.05]
================ Train on the train set ================
Epoch [54/70] |	Loss: 0.001 	Average Acc: 1.000 
================ Test on the test set ================
 * Average Acc: 0.318 Best acc 0.330
 Per-Task Acc:[0.2, 0.16, 0.21, 0.7]
learning rate: [0.05]
================ Train on the train set ================
