{'data_root': '/data/bzx_yjy/cifar100', 'image_size': 32, 'pin_memory': False, 'augment': True, 'workers': 8, 'device_ids': 1, 'n_gpu': 1, 'seed': 1993, 'deterministic': True, 'epoch': 100, 'batch_size': 128, 'val_per_epoch': 10, 'optimzer': {'name': 'SGD', 'kwargs': {'lr': 0.1}}, 'lr_scheduler': {'name': 'StepLR', 'kwargs': {'gamma': 0.5, 'step_size': 10}}, 'warmup': 3, 'includes': ['headers/data.yaml', 'headers/device.yaml', 'headers/model.yaml', 'headers/optimizer.yaml', 'backbones/resnet12.yaml'], 'save_path': './', 'init_cls_num': 20, 'inc_cls_num': 20, 'task_num': 5, 'optimizer': {'name': 'SGD', 'kwargs': {'lr': 0.1}}, 'backbone': {'name': 'resnet18', 'kwargs': {'num_classes': 100, 'args': {'dataset': 'cifar100'}}}, 'buffer': {'name': 'LinearBuffer', 'kwargs': {'buffer_size': 500, 'batch_size': 32, 'strategy': 'random'}}, 'classifier': {'name': 'GEM', 'kwargs': {'num_class': 100, 'feat_dim': 512, 'n_memories': 500, 'n_task': 100, 'memory_strength': 0}}, 'rank': 0}
GEM(
  (net): ResNet(
    (conv1): Sequential(
      (0): Conv2d(3, 64, kernel_size=(3, 3), stride=(1, 1), padding=(1, 1), bias=False)
      (1): BatchNorm2d(64, eps=1e-05, momentum=0.1, affine=True, track_running_stats=True)
      (2): ReLU(inplace=True)
    )
    (layer1): Sequential(
      (0): BasicBlock(
        (conv1): Conv2d(64, 64, kernel_size=(3, 3), stride=(1, 1), padding=(1, 1), bias=False)
        (bn1): BatchNorm2d(64, eps=1e-05, momentum=0.1, affine=True, track_running_stats=True)
        (relu): ReLU(inplace=True)
        (conv2): Conv2d(64, 64, kernel_size=(3, 3), stride=(1, 1), padding=(1, 1), bias=False)
        (bn2): BatchNorm2d(64, eps=1e-05, momentum=0.1, affine=True, track_running_stats=True)
      )
      (1): BasicBlock(
        (conv1): Conv2d(64, 64, kernel_size=(3, 3), stride=(1, 1), padding=(1, 1), bias=False)
        (bn1): BatchNorm2d(64, eps=1e-05, momentum=0.1, affine=True, track_running_stats=True)
        (relu): ReLU(inplace=True)
        (conv2): Conv2d(64, 64, kernel_size=(3, 3), stride=(1, 1), padding=(1, 1), bias=False)
        (bn2): BatchNorm2d(64, eps=1e-05, momentum=0.1, affine=True, track_running_stats=True)
      )
    )
    (layer2): Sequential(
      (0): BasicBlock(
        (conv1): Conv2d(64, 128, kernel_size=(3, 3), stride=(2, 2), padding=(1, 1), bias=False)
        (bn1): BatchNorm2d(128, eps=1e-05, momentum=0.1, affine=True, track_running_stats=True)
        (relu): ReLU(inplace=True)
        (conv2): Conv2d(128, 128, kernel_size=(3, 3), stride=(1, 1), padding=(1, 1), bias=False)
        (bn2): BatchNorm2d(128, eps=1e-05, momentum=0.1, affine=True, track_running_stats=True)
        (downsample): Sequential(
          (0): Conv2d(64, 128, kernel_size=(1, 1), stride=(2, 2), bias=False)
          (1): BatchNorm2d(128, eps=1e-05, momentum=0.1, affine=True, track_running_stats=True)
        )
      )
      (1): BasicBlock(
        (conv1): Conv2d(128, 128, kernel_size=(3, 3), stride=(1, 1), padding=(1, 1), bias=False)
        (bn1): BatchNorm2d(128, eps=1e-05, momentum=0.1, affine=True, track_running_stats=True)
        (relu): ReLU(inplace=True)
        (conv2): Conv2d(128, 128, kernel_size=(3, 3), stride=(1, 1), padding=(1, 1), bias=False)
        (bn2): BatchNorm2d(128, eps=1e-05, momentum=0.1, affine=True, track_running_stats=True)
      )
    )
    (layer3): Sequential(
      (0): BasicBlock(
        (conv1): Conv2d(128, 256, kernel_size=(3, 3), stride=(2, 2), padding=(1, 1), bias=False)
        (bn1): BatchNorm2d(256, eps=1e-05, momentum=0.1, affine=True, track_running_stats=True)
        (relu): ReLU(inplace=True)
        (conv2): Conv2d(256, 256, kernel_size=(3, 3), stride=(1, 1), padding=(1, 1), bias=False)
        (bn2): BatchNorm2d(256, eps=1e-05, momentum=0.1, affine=True, track_running_stats=True)
        (downsample): Sequential(
          (0): Conv2d(128, 256, kernel_size=(1, 1), stride=(2, 2), bias=False)
          (1): BatchNorm2d(256, eps=1e-05, momentum=0.1, affine=True, track_running_stats=True)
        )
      )
      (1): BasicBlock(
        (conv1): Conv2d(256, 256, kernel_size=(3, 3), stride=(1, 1), padding=(1, 1), bias=False)
        (bn1): BatchNorm2d(256, eps=1e-05, momentum=0.1, affine=True, track_running_stats=True)
        (relu): ReLU(inplace=True)
        (conv2): Conv2d(256, 256, kernel_size=(3, 3), stride=(1, 1), padding=(1, 1), bias=False)
        (bn2): BatchNorm2d(256, eps=1e-05, momentum=0.1, affine=True, track_running_stats=True)
      )
    )
    (layer4): Sequential(
      (0): BasicBlock(
        (conv1): Conv2d(256, 512, kernel_size=(3, 3), stride=(2, 2), padding=(1, 1), bias=False)
        (bn1): BatchNorm2d(512, eps=1e-05, momentum=0.1, affine=True, track_running_stats=True)
        (relu): ReLU(inplace=True)
        (conv2): Conv2d(512, 512, kernel_size=(3, 3), stride=(1, 1), padding=(1, 1), bias=False)
        (bn2): BatchNorm2d(512, eps=1e-05, momentum=0.1, affine=True, track_running_stats=True)
        (downsample): Sequential(
          (0): Conv2d(256, 512, kernel_size=(1, 1), stride=(2, 2), bias=False)
          (1): BatchNorm2d(512, eps=1e-05, momentum=0.1, affine=True, track_running_stats=True)
        )
      )
      (1): BasicBlock(
        (conv1): Conv2d(512, 512, kernel_size=(3, 3), stride=(1, 1), padding=(1, 1), bias=False)
        (bn1): BatchNorm2d(512, eps=1e-05, momentum=0.1, affine=True, track_running_stats=True)
        (relu): ReLU(inplace=True)
        (conv2): Conv2d(512, 512, kernel_size=(3, 3), stride=(1, 1), padding=(1, 1), bias=False)
        (bn2): BatchNorm2d(512, eps=1e-05, momentum=0.1, affine=True, track_running_stats=True)
      )
    )
    (avgpool): AdaptiveAvgPool2d(output_size=(1, 1))
  )
  (ce): CrossEntropyLoss()
)
Trainable params in the model: 11168832
SGD (
Parameter Group 0
    dampening: 0
    foreach: None
    initial_lr: 0.1
    lr: 0.03333333333333333
    maximize: False
    momentum: 0
    nesterov: False
    weight_decay: 0
)
================Task 0 Start!================
SGD (
Parameter Group 0
    dampening: 0
    foreach: None
    initial_lr: 0.1
    lr: 0.03333333333333333
    maximize: False
    momentum: 0
    nesterov: False
    weight_decay: 0
)
================Task 0 Training!================
The training samples number: 10000
learning rate: [0.03333333333333333]
================ Train on the train set ================
torch.Size([32, 3, 32, 32])
torch.Size([32, 3, 32, 32])
{'fmaps': [tensor([[[[5.5430e+00, 0.0000e+00, 0.0000e+00,  ..., 0.0000e+00,
           0.0000e+00, 0.0000e+00],
          [4.8035e+00, 0.0000e+00, 1.2713e+00,  ..., 0.0000e+00,
           4.2548e+00, 2.1322e+00],
          [3.6996e+00, 2.2657e+00, 3.8073e+00,  ..., 1.3249e+00,
           5.1706e+00, 2.8112e+00],
          ...,
          [7.8949e-01, 0.0000e+00, 2.3886e-01,  ..., 0.0000e+00,
           2.6538e-02, 2.1080e-01],
          [1.0455e+00, 0.0000e+00, 3.2048e-01,  ..., 0.0000e+00,
           0.0000e+00, 3.9358e-01],
          [5.2103e-01, 2.8285e-01, 4.5309e-01,  ..., 4.1094e-01,
           4.3494e-01, 0.0000e+00]],

         [[6.5903e+00, 7.1812e+00, 6.4820e+00,  ..., 5.2600e+00,
           3.8965e+00, 1.1326e+00],
          [2.6120e+00, 2.3394e+00, 2.3096e+00,  ..., 1.9037e+00,
           2.1656e+00, 2.1833e+00],
          [2.5910e+00, 4.8589e+00, 2.2638e+00,  ..., 2.5468e+00,
           2.9828e+00, 4.0248e+00],
          ...,
          [0.0000e+00, 1.5718e-01, 6.6194e-01,  ..., 1.9259e-01,
           0.0000e+00, 2.7068e-01],
          [0.0000e+00, 0.0000e+00, 5.6270e-01,  ..., 9.1191e-01,
           9.1655e-01, 5.0028e-01],
          [0.0000e+00, 0.0000e+00, 0.0000e+00,  ..., 0.0000e+00,
           0.0000e+00, 0.0000e+00]],

         [[0.0000e+00, 5.1638e-01, 0.0000e+00,  ..., 9.1995e-01,
           0.0000e+00, 2.2783e+00],
          [0.0000e+00, 9.9491e-01, 1.8369e-02,  ..., 1.4377e+00,
           1.5266e+00, 3.8252e+00],
          [1.4565e-01, 2.8221e+00, 2.3287e+00,  ..., 5.1505e+00,
           3.2312e+00, 4.5674e+00],
          ...,
          [4.8988e-01, 1.2156e+00, 1.7153e+00,  ..., 1.3972e+00,
           1.9288e+00, 1.5671e+00],
          [2.4430e-01, 2.0546e+00, 1.9753e+00,  ..., 9.1642e-01,
           1.1201e+00, 1.6251e+00],
          [7.3561e-01, 1.3972e+00, 1.7232e+00,  ..., 1.6740e+00,
           1.3133e+00, 1.9472e+00]],

         ...,

         [[0.0000e+00, 4.8801e-01, 0.0000e+00,  ..., 5.8337e-02,
           0.0000e+00, 4.2935e-01],
          [1.1122e+00, 6.7303e+00, 5.1996e+00,  ..., 6.5838e+00,
           3.5693e+00, 2.5453e+00],
          [2.4706e-01, 2.1722e+00, 2.0353e+00,  ..., 4.3461e+00,
           1.8039e+00, 2.0132e+00],
          ...,
          [9.6843e-02, 6.2610e-01, 3.9668e-01,  ..., 5.2238e-01,
           5.6244e-01, 6.5369e-01],
          [4.8696e-01, 5.9037e-01, 0.0000e+00,  ..., 5.7607e-01,
           3.9035e-01, 1.0354e+00],
          [5.1287e-01, 6.9195e-01, 5.2182e-01,  ..., 8.4344e-01,
           7.4653e-01, 8.5478e-01]],

         [[1.3405e-01, 1.5298e-01, 0.0000e+00,  ..., 0.0000e+00,
           7.9393e-01, 0.0000e+00],
          [1.8506e+00, 0.0000e+00, 8.8337e-01,  ..., 4.8906e-01,
           5.8503e-01, 3.6343e-01],
          [0.0000e+00, 0.0000e+00, 4.7959e-03,  ..., 1.2120e+00,
           1.9201e+00, 9.2233e-01],
          ...,
          [0.0000e+00, 1.0870e+00, 1.3441e+00,  ..., 3.0304e-01,
           2.4677e-01, 7.2188e-01],
          [2.4556e-01, 1.5357e+00, 1.3701e+00,  ..., 4.6528e-01,
           5.7209e-02, 2.7244e-01],
          [4.8354e-01, 6.0703e-01, 8.5435e-02,  ..., 0.0000e+00,
           0.0000e+00, 0.0000e+00]],

         [[0.0000e+00, 3.0036e+00, 2.0456e+00,  ..., 1.4483e+00,
           7.3283e-01, 2.2164e+00],
          [0.0000e+00, 3.5937e+00, 2.3278e+00,  ..., 1.7095e+00,
           1.5322e+00, 1.7633e+00],
          [1.8290e+00, 7.0238e+00, 5.7172e+00,  ..., 5.2950e+00,
           5.3874e+00, 3.6860e+00],
          ...,
          [0.0000e+00, 0.0000e+00, 1.0114e-02,  ..., 0.0000e+00,
           0.0000e+00, 3.5598e-02],
          [0.0000e+00, 3.2065e-01, 2.9166e-01,  ..., 0.0000e+00,
           3.3782e-01, 5.1612e-01],
          [2.7530e-01, 7.5278e-01, 9.6332e-01,  ..., 4.8660e-01,
           9.4651e-01, 7.3766e-01]]],


        [[[6.7656e-01, 0.0000e+00, 0.0000e+00,  ..., 0.0000e+00,
           1.6958e-02, 1.1255e+00],
          [5.6528e-02, 0.0000e+00, 1.6861e-01,  ..., 0.0000e+00,
           0.0000e+00, 0.0000e+00],
          [1.0572e+00, 2.2461e-02, 1.4400e+00,  ..., 1.4264e+00,
           1.1335e+00, 0.0000e+00],
          ...,
          [7.7968e-01, 0.0000e+00, 0.0000e+00,  ..., 0.0000e+00,
           0.0000e+00, 0.0000e+00],
          [7.2217e-01, 0.0000e+00, 0.0000e+00,  ..., 1.7440e+00,
           6.8106e-01, 7.3880e-01],
          [5.7152e-01, 3.7633e-01, 0.0000e+00,  ..., 0.0000e+00,
           0.0000e+00, 2.5060e+00]],

         [[0.0000e+00, 0.0000e+00, 0.0000e+00,  ..., 0.0000e+00,
           0.0000e+00, 1.5851e+00],
          [0.0000e+00, 0.0000e+00, 0.0000e+00,  ..., 0.0000e+00,
           0.0000e+00, 0.0000e+00],
          [0.0000e+00, 0.0000e+00, 0.0000e+00,  ..., 0.0000e+00,
           0.0000e+00, 8.5251e-01],
          ...,
          [7.0980e-03, 0.0000e+00, 0.0000e+00,  ..., 3.7914e-01,
           7.2735e-01, 0.0000e+00],
          [2.7152e-01, 0.0000e+00, 0.0000e+00,  ..., 9.6185e-01,
           6.6792e-01, 0.0000e+00],
          [0.0000e+00, 0.0000e+00, 0.0000e+00,  ..., 0.0000e+00,
           0.0000e+00, 0.0000e+00]],

         [[1.0839e-01, 3.2146e-01, 0.0000e+00,  ..., 9.9794e-01,
           2.0939e+00, 1.3120e+00],
          [9.2419e-01, 1.2587e+00, 5.5338e-02,  ..., 1.8514e-01,
           1.2624e+00, 1.9065e+00],
          [0.0000e+00, 1.1392e+00, 6.0041e-01,  ..., 8.8734e-01,
           1.0083e+00, 9.8505e-01],
          ...,
          [0.0000e+00, 1.1989e+00, 3.9454e-01,  ..., 8.5473e-02,
           1.0168e+00, 1.8545e+00],
          [0.0000e+00, 2.1032e+00, 7.3416e-01,  ..., 0.0000e+00,
           1.2758e+00, 6.9283e-01],
          [6.5006e-01, 1.7232e+00, 1.1420e+00,  ..., 0.0000e+00,
           9.2820e-01, 4.4027e-01]],

         ...,

         [[1.4759e+00, 1.7275e+00, 3.1066e+00,  ..., 2.3400e+00,
           1.8365e+00, 6.0967e-01],
          [8.5947e-01, 1.4216e+00, 1.7792e+00,  ..., 1.0095e+00,
           1.6782e+00, 3.0231e-01],
          [1.6815e+00, 1.8326e+00, 2.3219e+00,  ..., 2.1270e+00,
           2.0883e+00, 9.7083e-01],
          ...,
          [0.0000e+00, 0.0000e+00, 2.9196e-01,  ..., 1.2743e-01,
           1.4100e-01, 0.0000e+00],
          [5.4086e-01, 1.7818e-01, 0.0000e+00,  ..., 0.0000e+00,
           0.0000e+00, 0.0000e+00],
          [1.2603e+00, 7.6726e-01, 0.0000e+00,  ..., 1.7171e+00,
           1.0066e+00, 2.2882e-01]],

         [[6.6091e-02, 1.9702e+00, 1.2125e+00,  ..., 1.0712e+00,
           7.5443e-01, 7.8807e-01],
          [1.0503e+00, 4.1454e+00, 1.7431e+00,  ..., 3.1593e-01,
           0.0000e+00, 1.8573e+00],
          [2.1593e+00, 4.9597e+00, 1.6244e+00,  ..., 8.9270e-01,
           0.0000e+00, 9.7388e-01],
          ...,
          [0.0000e+00, 8.5172e-01, 1.4674e+00,  ..., 3.1228e+00,
           1.8866e+00, 1.9995e+00],
          [1.1473e-02, 8.3299e-01, 1.6910e+00,  ..., 7.2536e-02,
           1.0357e+00, 1.8582e+00],
          [0.0000e+00, 1.3534e-01, 8.0768e-01,  ..., 0.0000e+00,
           0.0000e+00, 0.0000e+00]],

         [[0.0000e+00, 1.0801e-01, 4.8469e-01,  ..., 5.5679e-01,
           9.5899e-01, 3.0975e-02],
          [0.0000e+00, 9.5837e-01, 0.0000e+00,  ..., 0.0000e+00,
           1.5051e+00, 8.4056e-01],
          [0.0000e+00, 1.7146e+00, 0.0000e+00,  ..., 5.4693e-01,
           2.1841e+00, 1.6492e+00],
          ...,
          [0.0000e+00, 0.0000e+00, 0.0000e+00,  ..., 9.6038e-01,
           7.0860e-01, 1.2207e+00],
          [3.9980e-01, 0.0000e+00, 0.0000e+00,  ..., 1.5248e+00,
           1.7773e+00, 1.8688e+00],
          [4.2522e-01, 5.1304e-01, 1.0643e+00,  ..., 0.0000e+00,
           4.7266e-01, 1.8401e+00]]],


        [[[5.4643e+00, 0.0000e+00, 0.0000e+00,  ..., 0.0000e+00,
           4.4532e-02, 0.0000e+00],
          [4.7873e+00, 0.0000e+00, 1.2833e+00,  ..., 0.0000e+00,
           4.3091e+00, 2.2092e+00],
          [3.6116e+00, 2.2269e+00, 3.6941e+00,  ..., 1.2837e+00,
           5.1734e+00, 2.8428e+00],
          ...,
          [4.8459e+00, 5.3219e-01, 2.7407e+00,  ..., 3.2621e+00,
           5.0731e+00, 1.4916e+00],
          [4.3310e+00, 2.5475e+00, 4.1669e+00,  ..., 3.0405e+00,
           4.0553e+00, 3.4312e+00],
          [1.6787e+00, 2.1894e+00, 2.8844e+00,  ..., 4.1100e+00,
           3.0460e+00, 5.8044e+00]],

         [[6.6281e+00, 7.0751e+00, 6.4918e+00,  ..., 5.2718e+00,
           3.9639e+00, 1.1457e+00],
          [2.4794e+00, 2.3207e+00, 2.2656e+00,  ..., 1.8890e+00,
           2.1953e+00, 2.2377e+00],
          [2.5222e+00, 4.8424e+00, 2.1835e+00,  ..., 2.4680e+00,
           2.8660e+00, 3.9938e+00],
          ...,
          [2.6774e+00, 2.8644e+00, 3.4071e+00,  ..., 2.3354e+00,
           1.3066e+00, 3.5579e+00],
          [3.5466e+00, 2.7728e+00, 2.3665e+00,  ..., 3.5462e+00,
           4.2855e+00, 6.2563e+00],
          [2.2200e-01, 0.0000e+00, 7.9574e-01,  ..., 9.7531e-01,
           0.0000e+00, 6.1659e-01]],

         [[0.0000e+00, 5.7375e-01, 0.0000e+00,  ..., 9.8926e-01,
           0.0000e+00, 2.2833e+00],
          [0.0000e+00, 9.5359e-01, 0.0000e+00,  ..., 1.3410e+00,
           1.4501e+00, 3.8245e+00],
          [1.2883e-01, 2.8550e+00, 2.3861e+00,  ..., 5.2190e+00,
           3.2589e+00, 4.6068e+00],
          ...,
          [0.0000e+00, 2.9140e+00, 1.5843e+00,  ..., 2.1071e+00,
           2.6669e+00, 4.1431e+00],
          [0.0000e+00, 1.3299e+00, 2.2822e-01,  ..., 9.9427e-01,
           0.0000e+00, 1.8856e+00],
          [3.5193e-01, 4.1585e+00, 3.8778e+00,  ..., 3.8648e+00,
           2.0873e+00, 6.2138e+00]],

         ...,

         [[0.0000e+00, 3.9375e-01, 0.0000e+00,  ..., 0.0000e+00,
           0.0000e+00, 3.7555e-01],
          [1.0791e+00, 6.7022e+00, 5.1693e+00,  ..., 6.6020e+00,
           3.5192e+00, 2.5722e+00],
          [2.5512e-01, 2.1660e+00, 1.9501e+00,  ..., 4.3437e+00,
           1.6712e+00, 1.9649e+00],
          ...,
          [0.0000e+00, 0.0000e+00, 0.0000e+00,  ..., 3.7495e+00,
           3.1530e+00, 2.1632e+00],
          [9.5248e-01, 3.5882e+00, 3.6163e+00,  ..., 5.5306e+00,
           2.8930e+00, 3.3873e+00],
          [5.1420e+00, 3.9386e+00, 3.5842e+00,  ..., 4.3832e+00,
           3.6688e+00, 7.6821e-01]],

         [[6.4047e-02, 1.7685e-01, 0.0000e+00,  ..., 0.0000e+00,
           8.0062e-01, 0.0000e+00],
          [1.9681e+00, 0.0000e+00, 1.0065e+00,  ..., 6.1209e-01,
           6.7617e-01, 4.5052e-01],
          [0.0000e+00, 0.0000e+00, 0.0000e+00,  ..., 1.1641e+00,
           1.9864e+00, 9.4856e-01],
          ...,
          [0.0000e+00, 0.0000e+00, 1.3829e+00,  ..., 8.6512e-02,
           3.8673e+00, 2.9595e+00],
          [0.0000e+00, 0.0000e+00, 0.0000e+00,  ..., 0.0000e+00,
           1.1681e+00, 1.2807e+00],
          [0.0000e+00, 0.0000e+00, 0.0000e+00,  ..., 0.0000e+00,
           3.7227e-01, 0.0000e+00]],

         [[0.0000e+00, 2.9088e+00, 1.9422e+00,  ..., 1.3780e+00,
           7.1927e-01, 2.2695e+00],
          [0.0000e+00, 3.5396e+00, 2.2319e+00,  ..., 1.6960e+00,
           1.4967e+00, 1.7346e+00],
          [1.8876e+00, 7.0507e+00, 5.7286e+00,  ..., 5.2302e+00,
           5.2974e+00, 3.5555e+00],
          ...,
          [2.3607e+00, 6.1116e+00, 1.5336e+00,  ..., 2.0410e+00,
           2.6410e+00, 1.9565e+00],
          [1.9271e+00, 4.0168e+00, 3.4464e+00,  ..., 1.9675e+00,
           3.8418e+00, 2.3634e+00],
          [1.9902e+00, 4.1603e+00, 2.4783e+00,  ..., 1.1289e+00,
           3.2690e+00, 1.8374e+00]]],


        ...,


        [[[4.0218e+00, 0.0000e+00, 0.0000e+00,  ..., 8.5278e-01,
           6.7322e-01, 0.0000e+00],
          [3.5892e+00, 0.0000e+00, 1.5118e+00,  ..., 4.4579e-01,
           3.5129e+00, 1.9510e+00],
          [2.2662e+00, 3.7622e+00, 2.9084e+00,  ..., 1.6132e+00,
           3.5304e+00, 2.1002e+00],
          ...,
          [9.3812e-01, 0.0000e+00, 0.0000e+00,  ..., 2.6956e-01,
           4.0722e-01, 0.0000e+00],
          [5.8140e-01, 0.0000e+00, 0.0000e+00,  ..., 0.0000e+00,
           0.0000e+00, 0.0000e+00],
          [0.0000e+00, 0.0000e+00, 0.0000e+00,  ..., 0.0000e+00,
           6.0095e-01, 1.7275e-01]],

         [[3.1142e+00, 4.4120e+00, 4.3027e+00,  ..., 3.9132e+00,
           2.8936e+00, 1.3117e+00],
          [0.0000e+00, 2.6527e-01, 1.0403e-01,  ..., 6.3247e-02,
           3.8973e-02, 1.2929e+00],
          [0.0000e+00, 2.4288e+00, 6.7763e-01,  ..., 3.3816e-01,
           5.3333e-01, 1.8718e+00],
          ...,
          [0.0000e+00, 0.0000e+00, 1.4831e-01,  ..., 0.0000e+00,
           0.0000e+00, 4.6120e-02],
          [0.0000e+00, 0.0000e+00, 0.0000e+00,  ..., 0.0000e+00,
           0.0000e+00, 0.0000e+00],
          [1.9191e-01, 0.0000e+00, 0.0000e+00,  ..., 7.2081e-02,
           0.0000e+00, 1.9451e-01]],

         [[0.0000e+00, 1.7395e+00, 2.0697e+00,  ..., 1.2272e+00,
           1.0152e+00, 2.5147e+00],
          [0.0000e+00, 3.0604e+00, 2.5633e+00,  ..., 1.4949e+00,
           6.2762e-01, 2.4160e+00],
          [1.4913e+00, 3.9749e+00, 4.3450e+00,  ..., 4.6218e+00,
           3.7760e+00, 4.3636e+00],
          ...,
          [0.0000e+00, 1.1644e+00, 3.8973e-01,  ..., 1.1024e+00,
           5.2074e-01, 1.0072e+00],
          [0.0000e+00, 9.7559e-01, 8.2852e-01,  ..., 1.0129e+00,
           3.4360e-01, 7.6236e-01],
          [0.0000e+00, 7.9257e-02, 0.0000e+00,  ..., 1.1652e+00,
           9.0522e-01, 1.6596e+00]],

         ...,

         [[0.0000e+00, 0.0000e+00, 0.0000e+00,  ..., 0.0000e+00,
           0.0000e+00, 5.0222e-01],
          [8.5584e-01, 4.6971e+00, 4.8633e+00,  ..., 4.2754e+00,
           1.9035e+00, 2.0651e+00],
          [3.6673e-01, 0.0000e+00, 1.4096e+00,  ..., 2.5572e+00,
           3.1582e-01, 3.8376e-01],
          ...,
          [7.6561e-01, 2.2154e+00, 1.5657e+00,  ..., 9.2113e-01,
           1.2418e+00, 1.0737e+00],
          [1.3029e+00, 1.3763e+00, 7.9969e-03,  ..., 0.0000e+00,
           0.0000e+00, 8.9130e-01],
          [2.3849e+00, 1.0463e+00, 9.2190e-01,  ..., 1.6469e-02,
           3.2648e-01, 6.8309e-01]],

         [[9.4194e-01, 6.8372e-01, 5.6544e-01,  ..., 3.2104e-02,
           1.2548e+00, 0.0000e+00],
          [1.6251e+00, 4.6900e-01, 2.1936e+00,  ..., 1.2322e+00,
           1.1510e+00, 6.4870e-01],
          [0.0000e+00, 9.4533e-01, 0.0000e+00,  ..., 1.6157e+00,
           2.1730e+00, 3.1096e-01],
          ...,
          [1.3864e+00, 5.6338e+00, 3.3604e+00,  ..., 9.1433e-01,
           0.0000e+00, 1.4310e+00],
          [1.2419e+00, 4.3659e+00, 2.9220e+00,  ..., 2.7808e-01,
           0.0000e+00, 1.2190e+00],
          [9.5510e-01, 2.6860e+00, 2.5295e+00,  ..., 1.0130e+00,
           2.8034e-01, 1.3714e+00]],

         [[0.0000e+00, 2.2305e+00, 1.5366e+00,  ..., 1.5107e+00,
           9.8324e-01, 1.6642e+00],
          [1.8115e+00, 2.3532e+00, 1.3177e+00,  ..., 1.9906e+00,
           6.6185e-01, 1.9331e+00],
          [3.8525e+00, 7.6263e+00, 7.7371e+00,  ..., 4.5892e+00,
           3.2239e+00, 3.2001e+00],
          ...,
          [0.0000e+00, 1.4610e+00, 5.5993e-01,  ..., 0.0000e+00,
           9.4535e-01, 2.0920e+00],
          [5.1971e-01, 5.0413e-01, 4.9773e-01,  ..., 0.0000e+00,
           1.0446e+00, 9.4361e-01],
          [1.0521e+00, 7.2989e-02, 4.0719e-01,  ..., 0.0000e+00,
           2.1170e-01, 8.4900e-01]]],


        [[[2.2402e+00, 1.3103e+00, 0.0000e+00,  ..., 0.0000e+00,
           0.0000e+00, 3.3761e-01],
          [1.6130e+00, 0.0000e+00, 0.0000e+00,  ..., 0.0000e+00,
           1.4411e+00, 2.4107e-01],
          [2.0450e+00, 4.4703e-01, 0.0000e+00,  ..., 2.2606e+00,
           1.6843e+00, 0.0000e+00],
          ...,
          [1.3700e+00, 6.6593e-02, 1.7091e+00,  ..., 7.0443e-01,
           2.6699e-01, 1.8583e+00],
          [1.0208e+00, 0.0000e+00, 1.0805e+00,  ..., 9.3943e-01,
           1.7265e+00, 1.7878e+00],
          [0.0000e+00, 0.0000e+00, 0.0000e+00,  ..., 0.0000e+00,
           0.0000e+00, 5.8335e-01]],

         [[6.3754e-01, 1.7695e+00, 1.0816e+00,  ..., 6.4499e-01,
           1.6086e-01, 1.8930e+00],
          [4.8742e-01, 5.3822e-01, 1.0142e+00,  ..., 2.1698e-02,
           0.0000e+00, 0.0000e+00],
          [5.5251e-01, 3.5554e-01, 1.2881e+00,  ..., 5.4022e-01,
           0.0000e+00, 5.8940e-01],
          ...,
          [0.0000e+00, 1.6474e+00, 3.3523e+00,  ..., 5.1700e-01,
           2.1700e+00, 2.2814e+00],
          [0.0000e+00, 0.0000e+00, 3.7585e-01,  ..., 2.5502e+00,
           1.3018e+00, 6.9743e-01],
          [1.9448e-01, 0.0000e+00, 0.0000e+00,  ..., 0.0000e+00,
           6.3046e-01, 2.6380e-01]],

         [[0.0000e+00, 2.1342e+00, 0.0000e+00,  ..., 0.0000e+00,
           0.0000e+00, 1.0111e-01],
          [0.0000e+00, 2.3097e+00, 5.4936e-01,  ..., 1.2339e-01,
           1.0479e+00, 1.6997e+00],
          [0.0000e+00, 1.6556e+00, 1.2127e+00,  ..., 0.0000e+00,
           0.0000e+00, 0.0000e+00],
          ...,
          [0.0000e+00, 4.8033e-01, 0.0000e+00,  ..., 5.6764e-01,
           0.0000e+00, 1.3269e+00],
          [1.3784e+00, 2.3630e+00, 1.5071e+00,  ..., 2.5723e+00,
           1.9845e+00, 1.2598e+00],
          [0.0000e+00, 2.7634e-02, 3.2181e-01,  ..., 1.7736e+00,
           1.5260e+00, 1.9227e+00]],

         ...,

         [[0.0000e+00, 0.0000e+00, 0.0000e+00,  ..., 7.3674e-01,
           0.0000e+00, 7.8634e-01],
          [4.9227e-01, 1.0548e+00, 1.7453e-01,  ..., 0.0000e+00,
           1.5394e+00, 1.4095e-01],
          [8.5964e-01, 9.4778e-01, 1.0063e-01,  ..., 8.4229e-02,
           1.4879e+00, 1.7653e+00],
          ...,
          [1.8020e-02, 7.7196e-01, 1.4541e+00,  ..., 2.0174e-01,
           1.2536e-02, 0.0000e+00],
          [1.4840e-01, 2.6897e+00, 6.3026e-01,  ..., 0.0000e+00,
           0.0000e+00, 5.1216e-01],
          [1.3004e+00, 1.3636e+00, 1.4978e+00,  ..., 7.2515e-01,
           5.2326e-01, 2.9841e-01]],

         [[0.0000e+00, 6.6200e-01, 4.9259e-01,  ..., 1.3350e+00,
           2.3728e-01, 0.0000e+00],
          [0.0000e+00, 1.6558e+00, 1.0963e+00,  ..., 1.3198e-01,
           0.0000e+00, 3.5566e+00],
          [0.0000e+00, 1.4524e+00, 7.7600e-01,  ..., 3.7041e-01,
           0.0000e+00, 2.6808e+00],
          ...,
          [3.0334e-01, 1.3689e+00, 6.7669e-01,  ..., 0.0000e+00,
           1.5627e-01, 9.9187e-01],
          [1.7511e+00, 2.4737e+00, 0.0000e+00,  ..., 0.0000e+00,
           2.7525e-01, 5.4863e-01],
          [9.7749e-01, 1.2497e+00, 1.5522e+00,  ..., 1.0004e+00,
           0.0000e+00, 9.9316e-02]],

         [[0.0000e+00, 0.0000e+00, 0.0000e+00,  ..., 0.0000e+00,
           0.0000e+00, 8.5315e-01],
          [0.0000e+00, 0.0000e+00, 0.0000e+00,  ..., 0.0000e+00,
           1.5625e+00, 3.0522e+00],
          [0.0000e+00, 4.0697e-01, 3.1165e-02,  ..., 0.0000e+00,
           0.0000e+00, 2.5452e+00],
          ...,
          [0.0000e+00, 1.2654e+00, 0.0000e+00,  ..., 0.0000e+00,
           0.0000e+00, 3.3334e-01],
          [0.0000e+00, 1.4695e+00, 5.5182e-01,  ..., 1.2586e-01,
           3.7559e-01, 9.1859e-02],
          [8.2871e-01, 0.0000e+00, 5.3153e-01,  ..., 0.0000e+00,
           0.0000e+00, 0.0000e+00]]],


        [[[4.5786e+00, 0.0000e+00, 0.0000e+00,  ..., 2.2687e+00,
           1.5072e+00, 7.5782e-01],
          [4.3304e+00, 0.0000e+00, 1.9873e+00,  ..., 0.0000e+00,
           2.5460e-01, 7.1929e-01],
          [3.4758e+00, 2.4096e+00, 3.0069e+00,  ..., 4.0903e-01,
           1.5122e+00, 4.0641e-01],
          ...,
          [2.0168e+00, 1.4948e+00, 3.8394e+00,  ..., 0.0000e+00,
           1.4386e+00, 1.8320e+00],
          [2.3045e+00, 1.8722e+00, 1.5044e+00,  ..., 0.0000e+00,
           1.0858e+00, 1.5334e+00],
          [2.8509e-01, 1.2478e+00, 3.8852e+00,  ..., 1.0555e+00,
           1.5334e+00, 2.1173e+00]],

         [[3.6981e+00, 4.4912e+00, 3.9919e+00,  ..., 1.2059e+00,
           1.5194e+00, 1.2572e+00],
          [5.8798e-01, 5.3549e-01, 1.9126e-01,  ..., 6.8083e-01,
           1.5340e+00, 1.2080e+00],
          [1.0936e+00, 2.6182e+00, 3.5829e-02,  ..., 0.0000e+00,
           8.2887e-01, 1.2793e+00],
          ...,
          [2.6608e+00, 2.6806e-01, 8.7383e-01,  ..., 1.4859e+00,
           0.0000e+00, 1.7356e+00],
          [2.2546e+00, 2.3171e+00, 1.6490e+00,  ..., 2.4930e+00,
           1.8794e+00, 2.6837e+00],
          [9.7448e-01, 0.0000e+00, 0.0000e+00,  ..., 2.9240e-01,
           8.8982e-01, 1.1725e+00]],

         [[0.0000e+00, 1.0982e+00, 1.4139e+00,  ..., 2.7622e+00,
           1.0354e+00, 4.5259e-01],
          [0.0000e+00, 2.2210e+00, 9.0903e-01,  ..., 1.4761e+00,
           6.0645e-01, 1.5521e+00],
          [1.0797e+00, 3.8276e+00, 2.2265e+00,  ..., 1.2470e-01,
           1.5149e+00, 1.7447e+00],
          ...,
          [0.0000e+00, 4.6835e-01, 2.9027e-01,  ..., 0.0000e+00,
           0.0000e+00, 1.6142e+00],
          [0.0000e+00, 1.7554e-01, 0.0000e+00,  ..., 4.0995e-01,
           0.0000e+00, 2.6946e+00],
          [5.2122e-01, 4.7262e-01, 3.2443e+00,  ..., 2.0967e+00,
           8.3257e-01, 3.4437e+00]],

         ...,

         [[0.0000e+00, 0.0000e+00, 0.0000e+00,  ..., 0.0000e+00,
           0.0000e+00, 0.0000e+00],
          [7.1407e-01, 5.0887e+00, 4.2024e+00,  ..., 2.1521e-01,
           9.8926e-01, 0.0000e+00],
          [2.2620e-01, 1.1242e+00, 7.3249e-01,  ..., 0.0000e+00,
           0.0000e+00, 1.6119e-01],
          ...,
          [0.0000e+00, 8.2943e-01, 5.4690e-01,  ..., 6.1823e-01,
           9.2030e-01, 0.0000e+00],
          [8.7127e-03, 2.9284e+00, 2.2386e+00,  ..., 1.6622e+00,
           2.3346e+00, 8.8608e-01],
          [1.0572e+00, 2.8418e+00, 1.3081e+00,  ..., 2.5873e+00,
           2.5031e+00, 7.2578e-01]],

         [[4.4819e-01, 2.3498e-01, 0.0000e+00,  ..., 5.5740e-01,
           7.3317e-01, 9.8578e-01],
          [1.5665e+00, 1.6782e-01, 1.6442e+00,  ..., 2.0168e+00,
           1.4652e+00, 1.0485e+00],
          [0.0000e+00, 0.0000e+00, 0.0000e+00,  ..., 1.3305e+00,
           2.5435e+00, 1.1773e+00],
          ...,
          [6.5993e-01, 1.3764e+00, 1.3437e+00,  ..., 0.0000e+00,
           5.0076e-02, 1.8750e+00],
          [0.0000e+00, 3.6019e-01, 3.4526e-01,  ..., 2.3026e-01,
           4.2590e-02, 9.1134e-01],
          [0.0000e+00, 0.0000e+00, 0.0000e+00,  ..., 0.0000e+00,
           0.0000e+00, 4.8831e-03]],

         [[0.0000e+00, 2.0830e+00, 1.2782e+00,  ..., 9.4573e-01,
           0.0000e+00, 3.4970e-01],
          [5.3733e-01, 2.5854e+00, 9.6602e-01,  ..., 0.0000e+00,
           3.2574e-02, 3.9987e-01],
          [2.6080e+00, 4.7388e+00, 3.5235e+00,  ..., 1.7370e+00,
           0.0000e+00, 6.1231e-01],
          ...,
          [5.8428e-01, 0.0000e+00, 3.7744e-01,  ..., 0.0000e+00,
           0.0000e+00, 3.4385e-01],
          [9.9710e-01, 0.0000e+00, 1.8916e+00,  ..., 0.0000e+00,
           5.4037e-01, 4.1805e-01],
          [1.0411e+00, 3.2359e-01, 2.1278e-01,  ..., 0.0000e+00,
           8.0608e-01, 6.5556e-02]]]], device='cuda:1',
       grad_fn=<ReluBackward0>), tensor([[[[6.3748e-01, 3.1623e+00, 4.5840e+00,  ..., 6.1040e+00,
           4.1645e+00, 1.0126e+01],
          [0.0000e+00, 0.0000e+00, 0.0000e+00,  ..., 0.0000e+00,
           2.5073e+00, 7.4959e+00],
          [0.0000e+00, 1.4044e+00, 0.0000e+00,  ..., 1.7006e+00,
           3.6012e+00, 7.8548e+00],
          ...,
          [3.7728e-01, 4.4776e-01, 0.0000e+00,  ..., 5.0858e-01,
           1.2327e+00, 2.2984e+00],
          [0.0000e+00, 1.4869e-01, 1.5390e+00,  ..., 1.1562e+00,
           3.5150e-01, 2.3106e+00],
          [2.9776e-01, 5.5843e-01, 1.4185e+00,  ..., 3.7970e-02,
           0.0000e+00, 7.2349e-01]],

         [[0.0000e+00, 2.7137e+00, 1.3596e+00,  ..., 2.8678e+00,
           1.5113e+00, 1.0444e+00],
          [1.8074e+00, 9.2987e-01, 1.5127e+00,  ..., 7.1429e-01,
           0.0000e+00, 0.0000e+00],
          [6.9051e-01, 2.7135e-04, 1.3661e-01,  ..., 0.0000e+00,
           0.0000e+00, 0.0000e+00],
          ...,
          [0.0000e+00, 1.0757e+00, 0.0000e+00,  ..., 3.0397e-02,
           0.0000e+00, 4.2353e-01],
          [0.0000e+00, 0.0000e+00, 0.0000e+00,  ..., 0.0000e+00,
           0.0000e+00, 2.3386e-01],
          [0.0000e+00, 0.0000e+00, 2.3496e-01,  ..., 0.0000e+00,
           0.0000e+00, 1.0893e-01]],

         [[2.2058e+00, 9.1076e-04, 5.2097e-01,  ..., 0.0000e+00,
           5.8054e-01, 0.0000e+00],
          [1.1951e+00, 8.0182e-01, 0.0000e+00,  ..., 0.0000e+00,
           9.5292e-01, 0.0000e+00],
          [3.6685e-02, 1.2606e+00, 0.0000e+00,  ..., 0.0000e+00,
           6.1352e-01, 2.0875e-02],
          ...,
          [5.0377e-01, 8.1253e-01, 6.1621e-01,  ..., 1.1413e+00,
           1.4510e+00, 6.4161e-01],
          [2.5298e-01, 5.1219e-01, 8.8795e-01,  ..., 8.9423e-01,
           1.0488e+00, 5.8684e-01],
          [3.6448e-01, 6.0802e-01, 5.0414e-01,  ..., 7.9163e-02,
           7.0516e-01, 6.4744e-01]],

         ...,

         [[1.2965e+00, 1.1430e+00, 6.3711e-01,  ..., 0.0000e+00,
           3.3722e-01, 0.0000e+00],
          [6.1240e-01, 0.0000e+00, 0.0000e+00,  ..., 0.0000e+00,
           1.0122e+00, 7.1254e-01],
          [7.3057e-01, 0.0000e+00, 0.0000e+00,  ..., 0.0000e+00,
           1.6936e-01, 1.5130e+00],
          ...,
          [4.1495e-01, 6.7061e-01, 8.2484e-01,  ..., 1.0207e+00,
           1.4941e+00, 2.1859e+00],
          [8.0673e-01, 9.5365e-01, 1.3139e+00,  ..., 1.5204e+00,
           1.7852e+00, 2.1385e+00],
          [1.3841e+00, 6.0024e-01, 0.0000e+00,  ..., 1.9564e-01,
           3.6938e-01, 4.2888e-01]],

         [[2.4239e+00, 0.0000e+00, 1.3589e+00,  ..., 1.6052e+00,
           2.2306e+00, 2.0844e-02],
          [2.2886e-02, 0.0000e+00, 0.0000e+00,  ..., 1.8134e+00,
           4.3738e+00, 5.4364e-01],
          [2.9253e-01, 0.0000e+00, 1.6375e+00,  ..., 5.8130e+00,
           4.1999e+00, 2.3442e+00],
          ...,
          [0.0000e+00, 0.0000e+00, 4.7654e-01,  ..., 3.0377e-01,
           7.2112e-01, 0.0000e+00],
          [0.0000e+00, 1.2083e-01, 2.9193e-01,  ..., 0.0000e+00,
           9.5854e-01, 0.0000e+00],
          [8.4348e-01, 1.6052e+00, 8.6640e-01,  ..., 8.6531e-01,
           1.1734e+00, 0.0000e+00]],

         [[1.6042e+00, 1.5245e+00, 1.8070e+00,  ..., 2.2575e+00,
           2.4088e+00, 7.2214e-01],
          [7.4069e-01, 0.0000e+00, 0.0000e+00,  ..., 0.0000e+00,
           0.0000e+00, 0.0000e+00],
          [1.4745e-01, 0.0000e+00, 0.0000e+00,  ..., 1.3759e-01,
           7.5896e-01, 7.5262e-01],
          ...,
          [0.0000e+00, 0.0000e+00, 0.0000e+00,  ..., 0.0000e+00,
           0.0000e+00, 2.2175e-01],
          [0.0000e+00, 0.0000e+00, 0.0000e+00,  ..., 0.0000e+00,
           0.0000e+00, 0.0000e+00],
          [7.0326e-01, 0.0000e+00, 7.3476e-01,  ..., 1.5896e-01,
           0.0000e+00, 0.0000e+00]]],


        [[[1.9782e+00, 8.4246e-01, 0.0000e+00,  ..., 4.5602e-01,
           0.0000e+00, 1.4365e+00],
          [4.6685e-01, 9.1085e-01, 7.9480e-01,  ..., 1.2769e+00,
           2.2312e-01, 1.4097e+00],
          [0.0000e+00, 2.1634e-01, 0.0000e+00,  ..., 4.0677e-01,
           6.3776e-02, 6.5862e-01],
          ...,
          [8.8296e-01, 7.5893e-01, 1.7740e-01,  ..., 2.2061e+00,
           0.0000e+00, 1.2581e+00],
          [0.0000e+00, 7.0055e-01, 1.7302e+00,  ..., 0.0000e+00,
           0.0000e+00, 1.3420e+00],
          [7.0748e-02, 0.0000e+00, 0.0000e+00,  ..., 3.0252e-01,
           8.2269e-01, 2.3204e+00]],

         [[0.0000e+00, 1.8875e+00, 2.3010e+00,  ..., 1.3437e+00,
           2.9223e+00, 4.4166e+00],
          [1.6541e-01, 2.5798e+00, 1.6532e+00,  ..., 4.4067e-01,
           0.0000e+00, 2.8343e+00],
          [1.0032e+00, 2.5903e+00, 1.3192e+00,  ..., 8.7311e-01,
           0.0000e+00, 1.9985e+00],
          ...,
          [0.0000e+00, 1.6854e+00, 0.0000e+00,  ..., 0.0000e+00,
           0.0000e+00, 8.1882e-01],
          [9.4394e-01, 2.3999e+00, 1.3110e+00,  ..., 5.1104e-01,
           0.0000e+00, 0.0000e+00],
          [5.6084e-01, 2.0243e+00, 0.0000e+00,  ..., 1.8081e+00,
           0.0000e+00, 8.9434e-01]],

         [[0.0000e+00, 4.9095e-02, 0.0000e+00,  ..., 0.0000e+00,
           0.0000e+00, 0.0000e+00],
          [0.0000e+00, 1.1837e+00, 0.0000e+00,  ..., 0.0000e+00,
           0.0000e+00, 2.4762e-01],
          [8.1622e-01, 2.2629e-01, 8.0265e-01,  ..., 0.0000e+00,
           2.8918e+00, 4.8987e-01],
          ...,
          [6.1111e-03, 0.0000e+00, 0.0000e+00,  ..., 2.2516e-01,
           8.9145e-01, 1.3068e+00],
          [0.0000e+00, 0.0000e+00, 5.0286e-01,  ..., 7.4488e-01,
           1.4572e-01, 3.2298e-02],
          [0.0000e+00, 7.4468e-01, 7.7304e-01,  ..., 0.0000e+00,
           3.5589e-01, 1.1926e+00]],

         ...,

         [[0.0000e+00, 4.4369e-01, 0.0000e+00,  ..., 0.0000e+00,
           1.1338e-01, 0.0000e+00],
          [3.0611e-01, 0.0000e+00, 0.0000e+00,  ..., 0.0000e+00,
           4.0481e-01, 0.0000e+00],
          [1.3635e-02, 7.9197e-01, 9.2026e-01,  ..., 0.0000e+00,
           2.9505e+00, 0.0000e+00],
          ...,
          [0.0000e+00, 5.8729e-01, 1.6758e+00,  ..., 1.5561e+00,
           1.6180e+00, 2.1631e+00],
          [1.4944e-01, 9.5269e-01, 9.8949e-01,  ..., 1.5752e+00,
           0.0000e+00, 1.0711e+00],
          [7.0612e-01, 8.6255e-01, 3.4033e-01,  ..., 7.1464e-01,
           1.0267e+00, 1.3957e+00]],

         [[0.0000e+00, 0.0000e+00, 6.3505e-01,  ..., 0.0000e+00,
           0.0000e+00, 0.0000e+00],
          [9.3419e-01, 7.2604e-01, 0.0000e+00,  ..., 5.2073e-01,
           1.1009e+00, 9.5912e-01],
          [0.0000e+00, 0.0000e+00, 2.8940e-01,  ..., 7.6332e-01,
           4.5788e-01, 0.0000e+00],
          ...,
          [7.2191e-01, 0.0000e+00, 0.0000e+00,  ..., 0.0000e+00,
           2.4506e+00, 5.0886e-01],
          [0.0000e+00, 1.5070e-01, 1.4300e-01,  ..., 0.0000e+00,
           1.8749e+00, 0.0000e+00],
          [0.0000e+00, 2.7316e-01, 0.0000e+00,  ..., 0.0000e+00,
           2.4884e+00, 2.9070e-01]],

         [[4.7035e+00, 1.9172e+00, 2.4753e+00,  ..., 4.0201e+00,
           2.2549e+00, 3.0910e+00],
          [9.0784e-01, 2.1298e-01, 8.4466e-01,  ..., 1.1924e+00,
           1.0376e+00, 2.7429e+00],
          [5.8680e-01, 0.0000e+00, 2.8713e-01,  ..., 0.0000e+00,
           0.0000e+00, 1.9959e+00],
          ...,
          [4.0909e-01, 0.0000e+00, 6.7260e-01,  ..., 0.0000e+00,
           9.6600e-01, 0.0000e+00],
          [2.8552e-01, 0.0000e+00, 0.0000e+00,  ..., 0.0000e+00,
           0.0000e+00, 0.0000e+00],
          [2.8540e-01, 0.0000e+00, 0.0000e+00,  ..., 1.5763e+00,
           0.0000e+00, 1.0025e-01]]],


        [[[7.1080e-01, 3.4305e+00, 4.7411e+00,  ..., 5.9638e+00,
           4.2205e+00, 1.0134e+01],
          [0.0000e+00, 0.0000e+00, 0.0000e+00,  ..., 0.0000e+00,
           2.4065e+00, 7.5713e+00],
          [0.0000e+00, 1.6407e+00, 0.0000e+00,  ..., 1.5287e+00,
           2.9937e+00, 8.4750e+00],
          ...,
          [0.0000e+00, 2.1599e+00, 0.0000e+00,  ..., 2.1155e+00,
           4.0989e+00, 8.1530e+00],
          [0.0000e+00, 3.7974e-01, 0.0000e+00,  ..., 0.0000e+00,
           2.0242e+00, 5.5481e+00],
          [0.0000e+00, 7.5624e-01, 0.0000e+00,  ..., 0.0000e+00,
           0.0000e+00, 3.6631e+00]],

         [[0.0000e+00, 2.7676e+00, 1.2444e+00,  ..., 2.8551e+00,
           1.4259e+00, 1.1474e+00],
          [1.8026e+00, 9.7292e-01, 1.4320e+00,  ..., 1.3604e+00,
           0.0000e+00, 0.0000e+00],
          [7.1142e-01, 1.5101e-01, 2.6020e-01,  ..., 0.0000e+00,
           0.0000e+00, 0.0000e+00],
          ...,
          [6.2086e-01, 2.3975e+00, 8.2245e-01,  ..., 1.0242e+00,
           0.0000e+00, 0.0000e+00],
          [1.4269e+00, 1.2536e+00, 2.2591e+00,  ..., 2.2252e+00,
           0.0000e+00, 7.8274e-01],
          [3.9762e-01, 8.1736e-01, 8.2154e-01,  ..., 5.6147e-01,
           3.2489e-01, 1.2209e+00]],

         [[2.2069e+00, 0.0000e+00, 6.3863e-01,  ..., 0.0000e+00,
           5.0033e-01, 0.0000e+00],
          [1.1761e+00, 7.5928e-01, 0.0000e+00,  ..., 0.0000e+00,
           9.4906e-01, 0.0000e+00],
          [5.5015e-02, 1.2442e+00, 0.0000e+00,  ..., 0.0000e+00,
           8.5789e-01, 0.0000e+00],
          ...,
          [0.0000e+00, 0.0000e+00, 0.0000e+00,  ..., 3.0149e-01,
           2.3397e+00, 0.0000e+00],
          [0.0000e+00, 5.1785e-01, 0.0000e+00,  ..., 0.0000e+00,
           7.6753e-01, 1.2180e+00],
          [0.0000e+00, 6.2968e-01, 5.0394e-01,  ..., 2.9944e+00,
           1.7442e+00, 6.6231e-01]],

         ...,

         [[1.3182e+00, 1.0279e+00, 6.0477e-01,  ..., 0.0000e+00,
           3.1482e-01, 0.0000e+00],
          [5.8924e-01, 0.0000e+00, 0.0000e+00,  ..., 0.0000e+00,
           1.2078e+00, 9.8861e-01],
          [8.5928e-01, 0.0000e+00, 0.0000e+00,  ..., 0.0000e+00,
           9.9065e-01, 1.5573e+00],
          ...,
          [1.8975e+00, 5.9513e-01, 0.0000e+00,  ..., 0.0000e+00,
           1.2003e+00, 9.5805e-01],
          [1.1758e+00, 1.7711e+00, 4.2284e-01,  ..., 0.0000e+00,
           1.9363e+00, 2.3235e+00],
          [1.4383e+00, 1.5728e+00, 7.5670e-01,  ..., 4.2938e-01,
           1.3188e+00, 4.6574e-01]],

         [[2.4936e+00, 0.0000e+00, 1.1547e+00,  ..., 1.3655e+00,
           2.2419e+00, 1.2584e-02],
          [0.0000e+00, 0.0000e+00, 0.0000e+00,  ..., 1.9255e+00,
           4.4089e+00, 5.1985e-01],
          [1.1659e-01, 0.0000e+00, 7.9063e-01,  ..., 5.2030e+00,
           4.2967e+00, 2.6366e+00],
          ...,
          [2.5455e+00, 6.4632e-01, 3.6562e+00,  ..., 6.3033e+00,
           6.8337e+00, 2.9530e+00],
          [2.2452e+00, 0.0000e+00, 0.0000e+00,  ..., 1.6119e+00,
           1.4306e+00, 1.1402e+00],
          [0.0000e+00, 0.0000e+00, 0.0000e+00,  ..., 1.1549e+00,
           6.0311e-01, 1.6920e+00]],

         [[1.6733e+00, 1.5178e+00, 1.8287e+00,  ..., 1.9914e+00,
           2.2982e+00, 6.1479e-01],
          [6.1974e-01, 0.0000e+00, 2.5408e-01,  ..., 0.0000e+00,
           0.0000e+00, 0.0000e+00],
          [2.0199e-01, 0.0000e+00, 0.0000e+00,  ..., 0.0000e+00,
           1.0730e+00, 8.5531e-01],
          ...,
          [1.6824e+00, 0.0000e+00, 1.3265e+00,  ..., 0.0000e+00,
           1.7387e+00, 1.7533e-01],
          [0.0000e+00, 0.0000e+00, 0.0000e+00,  ..., 0.0000e+00,
           0.0000e+00, 0.0000e+00],
          [1.7382e+00, 0.0000e+00, 0.0000e+00,  ..., 0.0000e+00,
           0.0000e+00, 0.0000e+00]]],


        ...,


        [[[4.0150e-01, 3.8658e+00, 3.1430e+00,  ..., 2.4785e+00,
           2.5061e+00, 6.7033e+00],
          [7.1790e-01, 0.0000e+00, 0.0000e+00,  ..., 0.0000e+00,
           0.0000e+00, 5.5784e+00],
          [2.7229e-02, 0.0000e+00, 7.5248e-01,  ..., 0.0000e+00,
           3.8451e+00, 5.6937e+00],
          ...,
          [5.3763e-01, 0.0000e+00, 6.8335e-01,  ..., 0.0000e+00,
           0.0000e+00, 1.1970e+00],
          [0.0000e+00, 0.0000e+00, 0.0000e+00,  ..., 0.0000e+00,
           2.0146e-02, 0.0000e+00],
          [0.0000e+00, 3.5319e-01, 2.9439e-01,  ..., 8.4409e-02,
           1.8510e-02, 6.3323e-01]],

         [[0.0000e+00, 1.7565e+00, 2.5539e+00,  ..., 2.8891e+00,
           2.6311e+00, 1.5312e+00],
          [1.5412e+00, 1.6621e+00, 5.1817e-01,  ..., 2.8584e+00,
           0.0000e+00, 1.2314e-01],
          [1.3723e+00, 2.3511e+00, 1.0449e+00,  ..., 3.7593e-01,
           6.2772e-01, 0.0000e+00],
          ...,
          [0.0000e+00, 1.6324e+00, 8.8849e-01,  ..., 1.9894e+00,
           1.9094e+00, 4.4841e+00],
          [0.0000e+00, 2.2763e+00, 2.3558e+00,  ..., 2.5917e+00,
           1.0568e+00, 2.0334e+00],
          [0.0000e+00, 1.6810e+00, 6.4735e-01,  ..., 1.2229e+00,
           2.8784e-01, 1.5441e+00]],

         [[8.1477e-01, 0.0000e+00, 0.0000e+00,  ..., 0.0000e+00,
           0.0000e+00, 0.0000e+00],
          [0.0000e+00, 4.4722e-01, 0.0000e+00,  ..., 0.0000e+00,
           5.5013e-01, 0.0000e+00],
          [2.1347e-01, 2.2207e-01, 0.0000e+00,  ..., 5.7491e-01,
           0.0000e+00, 0.0000e+00],
          ...,
          [1.1597e+00, 3.1507e+00, 3.5450e+00,  ..., 1.9946e+00,
           0.0000e+00, 0.0000e+00],
          [3.4890e-01, 3.0615e+00, 2.0919e+00,  ..., 2.5565e+00,
           2.7230e+00, 6.7543e-01],
          [0.0000e+00, 1.3520e+00, 8.7574e-01,  ..., 1.0555e+00,
           1.2850e-01, 1.0488e+00]],

         ...,

         [[3.8699e-01, 1.4294e+00, 0.0000e+00,  ..., 0.0000e+00,
           0.0000e+00, 4.5300e-01],
          [1.1156e+00, 7.7158e-01, 0.0000e+00,  ..., 0.0000e+00,
           1.5705e+00, 0.0000e+00],
          [0.0000e+00, 1.5800e-01, 1.2436e-01,  ..., 4.3211e-01,
           2.1023e+00, 1.9115e+00],
          ...,
          [6.7732e-01, 0.0000e+00, 0.0000e+00,  ..., 0.0000e+00,
           1.8742e-01, 0.0000e+00],
          [6.9731e-01, 0.0000e+00, 0.0000e+00,  ..., 0.0000e+00,
           1.9900e+00, 1.2848e+00],
          [7.4409e-01, 0.0000e+00, 6.0451e-01,  ..., 9.3374e-01,
           1.3769e+00, 4.9819e-01]],

         [[1.4975e-03, 0.0000e+00, 1.2496e+00,  ..., 5.6062e-01,
           2.0848e+00, 0.0000e+00],
          [0.0000e+00, 0.0000e+00, 0.0000e+00,  ..., 2.8347e-01,
           2.0527e+00, 0.0000e+00],
          [2.0419e-01, 0.0000e+00, 0.0000e+00,  ..., 1.1216e+00,
           2.2191e+00, 5.6240e-01],
          ...,
          [1.4505e+00, 1.0352e+00, 2.1070e+00,  ..., 1.2288e+00,
           6.6285e-01, 0.0000e+00],
          [2.1805e+00, 3.7904e-01, 9.4636e-03,  ..., 0.0000e+00,
           1.6220e+00, 2.7714e-01],
          [1.1091e+00, 4.0744e-01, 3.0246e-01,  ..., 6.0829e-01,
           7.9414e-01, 0.0000e+00]],

         [[2.5750e+00, 3.2625e+00, 2.0696e+00,  ..., 1.6084e+00,
           3.3643e+00, 7.6698e-01],
          [0.0000e+00, 0.0000e+00, 1.6036e+00,  ..., 0.0000e+00,
           0.0000e+00, 0.0000e+00],
          [3.5086e-01, 1.2487e+00, 5.0193e-01,  ..., 0.0000e+00,
           2.7568e+00, 1.1675e+00],
          ...,
          [1.4166e+00, 4.4786e-01, 1.7373e+00,  ..., 1.1786e+00,
           5.3030e-01, 3.6396e-01],
          [1.7170e+00, 0.0000e+00, 5.5892e-01,  ..., 0.0000e+00,
           0.0000e+00, 0.0000e+00],
          [1.1463e+00, 0.0000e+00, 0.0000e+00,  ..., 0.0000e+00,
           0.0000e+00, 0.0000e+00]]],


        [[[3.3181e-01, 1.2102e+00, 4.5367e-01,  ..., 1.7625e+00,
           0.0000e+00, 6.3906e-02],
          [1.2778e-01, 6.8607e-01, 1.1518e+00,  ..., 6.8245e-01,
           1.6563e+00, 1.4360e+00],
          [0.0000e+00, 7.5888e-01, 1.1583e+00,  ..., 1.7817e+00,
           9.2102e-01, 2.8283e-01],
          ...,
          [1.1301e-01, 1.2202e+00, 0.0000e+00,  ..., 0.0000e+00,
           0.0000e+00, 1.8033e+00],
          [0.0000e+00, 0.0000e+00, 0.0000e+00,  ..., 0.0000e+00,
           0.0000e+00, 7.8204e-01],
          [1.1778e+00, 3.5160e-01, 6.7500e-02,  ..., 0.0000e+00,
           0.0000e+00, 1.4511e+00]],

         [[5.5114e-01, 1.6135e+00, 0.0000e+00,  ..., 4.4247e+00,
           2.6733e+00, 2.7010e+00],
          [5.5249e-01, 0.0000e+00, 0.0000e+00,  ..., 2.7742e+00,
           1.4194e+00, 2.0582e+00],
          [0.0000e+00, 0.0000e+00, 0.0000e+00,  ..., 5.4989e+00,
           7.0734e-01, 2.2614e+00],
          ...,
          [1.5025e+00, 2.3544e+00, 1.9912e+00,  ..., 1.5404e-01,
           0.0000e+00, 0.0000e+00],
          [1.5484e+00, 0.0000e+00, 0.0000e+00,  ..., 0.0000e+00,
           2.9929e-01, 0.0000e+00],
          [0.0000e+00, 4.7663e-01, 1.4393e-01,  ..., 0.0000e+00,
           0.0000e+00, 2.4967e-01]],

         [[0.0000e+00, 4.6016e-01, 1.0800e+00,  ..., 1.3800e+00,
           3.2743e-01, 0.0000e+00],
          [0.0000e+00, 0.0000e+00, 0.0000e+00,  ..., 3.3219e-01,
           0.0000e+00, 1.4399e+00],
          [0.0000e+00, 3.3431e-01, 2.4627e-01,  ..., 1.2291e+00,
           8.8983e-01, 1.0608e+00],
          ...,
          [0.0000e+00, 1.5392e+00, 6.2533e+00,  ..., 6.7952e-01,
           2.3094e-01, 1.7778e+00],
          [0.0000e+00, 1.2142e-01, 8.4924e-01,  ..., 0.0000e+00,
           6.6606e-01, 5.4015e-01],
          [0.0000e+00, 0.0000e+00, 3.3177e-01,  ..., 1.2970e+00,
           0.0000e+00, 2.4780e-01]],

         ...,

         [[2.5149e-01, 0.0000e+00, 0.0000e+00,  ..., 0.0000e+00,
           0.0000e+00, 0.0000e+00],
          [1.0638e+00, 5.3430e-01, 6.2153e-01,  ..., 0.0000e+00,
           1.1131e+00, 0.0000e+00],
          [7.4792e-01, 1.8626e+00, 1.5032e+00,  ..., 0.0000e+00,
           1.4053e+00, 0.0000e+00],
          ...,
          [1.0514e-01, 0.0000e+00, 7.0143e-01,  ..., 3.4325e-01,
           8.4869e-01, 2.3432e+00],
          [0.0000e+00, 0.0000e+00, 0.0000e+00,  ..., 2.7519e-01,
           2.9957e+00, 3.2125e+00],
          [8.4996e-01, 1.1388e+00, 4.7590e-01,  ..., 1.8451e-01,
           2.4096e+00, 1.3321e+00]],

         [[1.3993e+00, 0.0000e+00, 9.7855e-01,  ..., 1.1493e+00,
           4.4249e-01, 0.0000e+00],
          [6.6333e-01, 0.0000e+00, 0.0000e+00,  ..., 0.0000e+00,
           1.8405e+00, 9.1595e-01],
          [8.3976e-01, 2.6774e-03, 2.3740e+00,  ..., 1.7821e+00,
           3.9293e+00, 0.0000e+00],
          ...,
          [1.5866e-01, 0.0000e+00, 5.3885e-01,  ..., 9.7415e-01,
           0.0000e+00, 5.0504e-02],
          [0.0000e+00, 1.3099e+00, 0.0000e+00,  ..., 6.2613e-01,
           9.2720e-01, 0.0000e+00],
          [0.0000e+00, 4.0478e-01, 1.6854e-01,  ..., 0.0000e+00,
           1.6790e-01, 0.0000e+00]],

         [[1.9958e+00, 7.2703e-01, 1.1314e+00,  ..., 3.8606e+00,
           6.0399e-01, 3.3767e+00],
          [7.6110e-01, 0.0000e+00, 1.0243e+00,  ..., 1.9264e+00,
           1.0325e+00, 1.2190e+00],
          [5.2628e-01, 0.0000e+00, 4.0463e-01,  ..., 2.0096e+00,
           0.0000e+00, 0.0000e+00],
          ...,
          [3.8183e+00, 0.0000e+00, 0.0000e+00,  ..., 1.9824e+00,
           0.0000e+00, 0.0000e+00],
          [1.8483e+00, 6.1947e-01, 2.0879e+00,  ..., 7.4214e-01,
           0.0000e+00, 0.0000e+00],
          [2.7634e+00, 0.0000e+00, 2.0708e+00,  ..., 2.0229e+00,
           0.0000e+00, 0.0000e+00]]],


        [[[6.2981e-01, 4.7764e+00, 3.0890e+00,  ..., 3.7496e+00,
           3.4646e-01, 6.9321e-02],
          [0.0000e+00, 6.4882e-01, 0.0000e+00,  ..., 4.2495e-01,
           4.3835e-02, 2.0266e+00],
          [0.0000e+00, 3.8216e-02, 3.0264e-02,  ..., 0.0000e+00,
           0.0000e+00, 2.4754e+00],
          ...,
          [0.0000e+00, 0.0000e+00, 1.9292e+00,  ..., 6.3804e-01,
           0.0000e+00, 2.5238e+00],
          [5.6374e-01, 1.8034e+00, 1.1785e+00,  ..., 0.0000e+00,
           0.0000e+00, 2.3547e+00],
          [1.3661e-01, 1.5736e+00, 2.2262e-01,  ..., 0.0000e+00,
           1.7721e-01, 1.1096e+00]],

         [[0.0000e+00, 2.0440e+00, 1.1637e+00,  ..., 1.2750e+00,
           0.0000e+00, 1.0494e+00],
          [7.4761e-01, 3.4482e-01, 5.6074e-01,  ..., 2.3557e-01,
           0.0000e+00, 2.5228e+00],
          [6.3971e-01, 4.4347e-01, 2.1077e-01,  ..., 0.0000e+00,
           0.0000e+00, 1.5262e+00],
          ...,
          [1.1437e+00, 1.4403e+00, 0.0000e+00,  ..., 1.6316e+00,
           1.1032e-02, 0.0000e+00],
          [0.0000e+00, 9.9821e-02, 3.6819e+00,  ..., 6.6192e-01,
           0.0000e+00, 0.0000e+00],
          [0.0000e+00, 1.0517e+00, 8.6204e-01,  ..., 4.5180e-01,
           0.0000e+00, 0.0000e+00]],

         [[6.0202e-01, 0.0000e+00, 3.9330e-01,  ..., 8.7105e-01,
           3.7494e-01, 0.0000e+00],
          [0.0000e+00, 1.3685e-01, 0.0000e+00,  ..., 0.0000e+00,
           0.0000e+00, 2.6698e-01],
          [1.5759e+00, 1.8793e+00, 1.3550e+00,  ..., 8.4347e-01,
           1.8499e-01, 4.5284e-01],
          ...,
          [0.0000e+00, 9.2088e-02, 0.0000e+00,  ..., 4.1479e-01,
           1.0740e+00, 0.0000e+00],
          [0.0000e+00, 0.0000e+00, 0.0000e+00,  ..., 0.0000e+00,
           1.2170e+00, 2.1692e-01],
          [0.0000e+00, 2.9972e-01, 5.5708e-01,  ..., 0.0000e+00,
           1.7669e+00, 0.0000e+00]],

         ...,

         [[0.0000e+00, 0.0000e+00, 4.0081e-01,  ..., 0.0000e+00,
           1.9816e-01, 1.1753e+00],
          [0.0000e+00, 2.6675e-03, 4.2600e-01,  ..., 0.0000e+00,
           3.2648e+00, 6.7541e-01],
          [1.6208e+00, 1.1692e+00, 8.8323e-01,  ..., 1.9750e+00,
           1.1469e+00, 4.4773e-01],
          ...,
          [2.0404e+00, 4.6516e-01, 0.0000e+00,  ..., 2.6816e+00,
           0.0000e+00, 3.9382e-02],
          [0.0000e+00, 4.2234e-02, 0.0000e+00,  ..., 3.6999e-01,
           0.0000e+00, 1.1095e+00],
          [0.0000e+00, 1.6400e+00, 1.0749e+00,  ..., 5.5859e-02,
           6.1529e-01, 0.0000e+00]],

         [[1.2960e+00, 0.0000e+00, 1.1788e+00,  ..., 0.0000e+00,
           7.6994e-01, 0.0000e+00],
          [3.6733e-02, 0.0000e+00, 0.0000e+00,  ..., 0.0000e+00,
           0.0000e+00, 0.0000e+00],
          [1.7684e-01, 1.1088e-01, 4.1549e-01,  ..., 5.1910e+00,
           0.0000e+00, 0.0000e+00],
          ...,
          [1.8151e+00, 3.7476e+00, 1.6291e+00,  ..., 4.6598e-01,
           1.5160e+00, 7.8916e-02],
          [3.4336e+00, 9.2711e-02, 4.5421e-01,  ..., 0.0000e+00,
           2.0035e+00, 0.0000e+00],
          [0.0000e+00, 0.0000e+00, 0.0000e+00,  ..., 0.0000e+00,
           1.5745e+00, 0.0000e+00]],

         [[1.8834e+00, 2.9316e+00, 3.2752e+00,  ..., 1.5998e+00,
           1.4619e+00, 0.0000e+00],
          [1.0564e+00, 0.0000e+00, 2.9824e-01,  ..., 0.0000e+00,
           0.0000e+00, 0.0000e+00],
          [0.0000e+00, 0.0000e+00, 4.1253e-01,  ..., 6.9984e-01,
           0.0000e+00, 2.3909e+00],
          ...,
          [8.5687e-01, 1.7374e-01, 1.3869e+00,  ..., 0.0000e+00,
           1.6664e-01, 1.1572e+00],
          [2.9758e+00, 8.6584e-02, 1.1402e-01,  ..., 0.0000e+00,
           0.0000e+00, 1.4039e+00],
          [3.7192e+00, 6.2769e-01, 7.2974e-02,  ..., 2.7766e-01,
           7.9567e-01, 1.1419e+00]]]], device='cuda:1',
       grad_fn=<ReluBackward0>), tensor([[[[1.7188e+00, 1.1590e+00, 3.3807e+00,  ..., 2.8927e+00,
           1.0043e+00, 2.5231e+00],
          [0.0000e+00, 6.4172e-01, 2.3286e+00,  ..., 3.9625e+00,
           4.3796e+00, 0.0000e+00],
          [0.0000e+00, 0.0000e+00, 2.3593e-01,  ..., 3.2058e-01,
           4.0349e+00, 7.9570e-01],
          ...,
          [0.0000e+00, 4.7976e-01, 3.2899e-01,  ..., 3.0043e+00,
           1.0090e+00, 2.5038e+00],
          [0.0000e+00, 2.4446e+00, 4.0364e-01,  ..., 1.0390e+00,
           0.0000e+00, 5.2153e-01],
          [2.5299e-01, 0.0000e+00, 5.2752e-01,  ..., 0.0000e+00,
           0.0000e+00, 0.0000e+00]],

         [[4.4469e+00, 5.9030e+00, 4.0386e+00,  ..., 3.9301e+00,
           2.2387e+00, 1.1259e+00],
          [5.5758e-01, 2.9835e+00, 2.3305e-01,  ..., 0.0000e+00,
           0.0000e+00, 0.0000e+00],
          [1.2987e-01, 8.2178e+00, 6.2312e+00,  ..., 3.6505e+00,
           2.0729e+00, 4.3023e+00],
          ...,
          [0.0000e+00, 2.5770e+00, 1.1173e+00,  ..., 9.3705e-01,
           3.1434e+00, 1.2200e+00],
          [3.2802e-03, 0.0000e+00, 0.0000e+00,  ..., 4.1676e-01,
           0.0000e+00, 0.0000e+00],
          [0.0000e+00, 7.2671e-01, 0.0000e+00,  ..., 9.4071e-01,
           5.2879e-01, 5.3078e-01]],

         [[1.6729e+00, 9.7669e-01, 2.2213e+00,  ..., 0.0000e+00,
           0.0000e+00, 0.0000e+00],
          [1.9498e+00, 2.5688e+00, 4.8067e+00,  ..., 4.2191e+00,
           1.4392e+00, 2.4407e-01],
          [7.4000e-01, 1.7680e-01, 2.5999e+00,  ..., 3.4348e+00,
           2.2732e+00, 2.8166e+00],
          ...,
          [0.0000e+00, 0.0000e+00, 0.0000e+00,  ..., 0.0000e+00,
           5.3652e-01, 2.4802e-01],
          [0.0000e+00, 0.0000e+00, 9.6575e-01,  ..., 3.2437e-01,
           7.1382e-01, 1.2085e+00],
          [0.0000e+00, 0.0000e+00, 1.1512e+00,  ..., 3.7463e-01,
           0.0000e+00, 8.5085e-01]],

         ...,

         [[1.9021e-01, 0.0000e+00, 0.0000e+00,  ..., 0.0000e+00,
           0.0000e+00, 1.7699e-02],
          [0.0000e+00, 2.1820e+00, 3.4044e+00,  ..., 0.0000e+00,
           0.0000e+00, 0.0000e+00],
          [0.0000e+00, 0.0000e+00, 1.0930e+00,  ..., 2.3605e+00,
           9.4726e-01, 1.7745e+00],
          ...,
          [6.2676e-01, 3.3841e+00, 2.2369e+00,  ..., 1.4671e+00,
           1.3451e+00, 1.9280e-01],
          [0.0000e+00, 0.0000e+00, 2.6444e-02,  ..., 1.8602e+00,
           2.3388e+00, 2.1564e-03],
          [1.1758e+00, 1.3003e+00, 1.1599e+00,  ..., 8.0807e-01,
           1.9001e+00, 1.1401e+00]],

         [[9.8142e-01, 3.8418e-01, 0.0000e+00,  ..., 0.0000e+00,
           0.0000e+00, 8.1086e-01],
          [5.4752e-01, 5.2133e-01, 0.0000e+00,  ..., 0.0000e+00,
           0.0000e+00, 0.0000e+00],
          [0.0000e+00, 6.1401e+00, 2.3851e+00,  ..., 3.5304e+00,
           1.6364e+00, 3.0688e+00],
          ...,
          [1.8302e+00, 6.6091e-02, 1.6362e+00,  ..., 0.0000e+00,
           1.1376e+00, 1.5521e+00],
          [0.0000e+00, 0.0000e+00, 1.0154e+00,  ..., 0.0000e+00,
           0.0000e+00, 1.8190e+00],
          [4.1994e-01, 6.6413e-01, 1.1268e+00,  ..., 5.0688e-01,
           8.7685e-01, 1.4170e+00]],

         [[2.0843e+00, 1.7729e+00, 1.4205e+00,  ..., 1.5604e+00,
           1.2373e+00, 2.9363e-01],
          [1.8864e+00, 3.8842e+00, 2.4087e+00,  ..., 3.3134e+00,
           1.7088e+00, 0.0000e+00],
          [2.7550e+00, 6.3966e-01, 0.0000e+00,  ..., 9.3418e-01,
           2.1511e+00, 0.0000e+00],
          ...,
          [0.0000e+00, 2.2677e-01, 5.2192e-02,  ..., 2.5164e-01,
           0.0000e+00, 0.0000e+00],
          [8.7268e-01, 9.0693e-01, 8.1999e-01,  ..., 1.1943e+00,
           6.0176e-02, 0.0000e+00],
          [0.0000e+00, 0.0000e+00, 0.0000e+00,  ..., 0.0000e+00,
           1.3700e-02, 2.1728e-01]]],


        [[[7.5975e-01, 1.1951e+00, 0.0000e+00,  ..., 0.0000e+00,
           3.1654e-01, 8.6540e-01],
          [1.3943e+00, 8.5242e-01, 2.0912e+00,  ..., 2.2336e+00,
           2.2204e+00, 0.0000e+00],
          [1.8496e+00, 2.0666e-01, 1.7583e+00,  ..., 0.0000e+00,
           2.7061e-01, 1.9632e-02],
          ...,
          [5.8295e-02, 1.0932e+00, 4.2685e-01,  ..., 0.0000e+00,
           1.0683e+00, 1.1223e+00],
          [0.0000e+00, 0.0000e+00, 0.0000e+00,  ..., 0.0000e+00,
           1.8727e-01, 1.5146e+00],
          [7.9752e-01, 8.4769e-01, 2.5159e-01,  ..., 0.0000e+00,
           0.0000e+00, 0.0000e+00]],

         [[1.4383e-01, 2.4690e+00, 2.0262e-01,  ..., 6.9891e-01,
           0.0000e+00, 7.7884e-01],
          [0.0000e+00, 3.4925e-01, 0.0000e+00,  ..., 0.0000e+00,
           7.1481e-02, 1.1107e+00],
          [0.0000e+00, 4.4100e-01, 6.8586e-01,  ..., 5.7646e-01,
           6.8940e-02, 5.8570e-01],
          ...,
          [0.0000e+00, 1.4196e+00, 1.5171e+00,  ..., 0.0000e+00,
           0.0000e+00, 0.0000e+00],
          [7.3863e-01, 0.0000e+00, 0.0000e+00,  ..., 0.0000e+00,
           1.1290e+00, 0.0000e+00],
          [0.0000e+00, 0.0000e+00, 0.0000e+00,  ..., 0.0000e+00,
           0.0000e+00, 0.0000e+00]],

         [[0.0000e+00, 0.0000e+00, 0.0000e+00,  ..., 7.3415e-01,
           0.0000e+00, 1.2717e-01],
          [0.0000e+00, 0.0000e+00, 1.6218e-01,  ..., 0.0000e+00,
           0.0000e+00, 0.0000e+00],
          [8.6695e-01, 7.6882e-01, 2.1214e-01,  ..., 4.4141e-01,
           5.2323e-01, 0.0000e+00],
          ...,
          [4.9866e-01, 6.3267e-01, 9.3020e-01,  ..., 1.0907e+00,
           3.6083e-01, 0.0000e+00],
          [0.0000e+00, 0.0000e+00, 3.1401e+00,  ..., 3.7230e-01,
           0.0000e+00, 7.5593e-01],
          [0.0000e+00, 0.0000e+00, 5.3069e-01,  ..., 0.0000e+00,
           2.7094e-01, 1.0274e+00]],

         ...,

         [[1.1042e+00, 1.1637e+00, 0.0000e+00,  ..., 0.0000e+00,
           8.3555e-01, 2.0329e+00],
          [0.0000e+00, 0.0000e+00, 5.3154e-01,  ..., 0.0000e+00,
           0.0000e+00, 2.1536e+00],
          [4.0016e-01, 0.0000e+00, 1.2738e+00,  ..., 0.0000e+00,
           0.0000e+00, 5.4790e-01],
          ...,
          [7.2626e-01, 6.3594e-01, 3.0635e+00,  ..., 7.4359e-01,
           3.7158e-01, 0.0000e+00],
          [7.2937e-01, 2.3733e+00, 1.6800e+00,  ..., 0.0000e+00,
           2.3438e+00, 0.0000e+00],
          [1.6214e+00, 1.5811e+00, 2.8127e+00,  ..., 0.0000e+00,
           5.6739e-02, 1.3275e-01]],

         [[6.2659e-02, 8.0495e-01, 6.5606e-01,  ..., 7.5804e-01,
           0.0000e+00, 4.2112e-01],
          [0.0000e+00, 1.6696e-01, 8.4805e-01,  ..., 0.0000e+00,
           0.0000e+00, 0.0000e+00],
          [0.0000e+00, 0.0000e+00, 1.8796e-01,  ..., 0.0000e+00,
           1.5730e+00, 0.0000e+00],
          ...,
          [1.1086e+00, 9.2007e-01, 0.0000e+00,  ..., 2.6101e-01,
           9.7116e-01, 4.1180e-01],
          [0.0000e+00, 1.7742e+00, 8.9311e-02,  ..., 6.2714e-01,
           2.0625e+00, 3.4056e-01],
          [9.0040e-01, 0.0000e+00, 1.6420e-01,  ..., 9.6049e-01,
           1.4991e+00, 3.0664e-01]],

         [[1.0704e+00, 0.0000e+00, 0.0000e+00,  ..., 5.9732e-03,
           1.1847e-04, 3.5617e-01],
          [3.7185e-01, 1.0323e+00, 1.1332e+00,  ..., 2.3871e+00,
           8.5197e-01, 8.0704e-01],
          [6.5020e-01, 0.0000e+00, 9.4096e-01,  ..., 1.3512e+00,
           0.0000e+00, 5.6934e-01],
          ...,
          [1.3848e+00, 5.3243e-01, 0.0000e+00,  ..., 5.6071e-01,
           0.0000e+00, 0.0000e+00],
          [0.0000e+00, 1.1745e+00, 3.1883e-01,  ..., 1.4909e+00,
           1.9118e+00, 0.0000e+00],
          [0.0000e+00, 0.0000e+00, 9.9278e-01,  ..., 4.5548e-01,
           0.0000e+00, 8.9547e-01]]],


        [[[2.0666e+00, 0.0000e+00, 5.0101e+00,  ..., 1.7414e+00,
           3.0052e+00, 2.0455e+00],
          [4.9850e-02, 1.4295e+00, 7.9540e-01,  ..., 1.2076e-01,
           3.1013e+00, 1.1062e+00],
          [0.0000e+00, 2.0017e+00, 0.0000e+00,  ..., 1.4436e+00,
           0.0000e+00, 9.5546e-01],
          ...,
          [1.2179e-01, 1.2473e-02, 4.6591e-01,  ..., 2.3241e+00,
           7.3791e-01, 1.0925e+00],
          [0.0000e+00, 0.0000e+00, 0.0000e+00,  ..., 1.5256e+00,
           6.4822e-03, 9.6636e-01],
          [1.0201e+00, 0.0000e+00, 0.0000e+00,  ..., 3.1424e+00,
           0.0000e+00, 6.5469e-01]],

         [[5.1128e+00, 4.7901e+00, 1.8013e+00,  ..., 5.9520e+00,
           3.9620e+00, 2.0510e+00],
          [6.7300e-01, 4.3276e+00, 0.0000e+00,  ..., 1.1723e+00,
           4.8411e+00, 1.7725e+00],
          [2.0159e+00, 7.2582e+00, 0.0000e+00,  ..., 3.3167e+00,
           1.2374e+00, 3.0017e+00],
          ...,
          [1.7560e+00, 8.1963e+00, 4.2374e+00,  ..., 2.3253e+00,
           1.4695e+00, 2.2546e+00],
          [1.0490e+00, 4.6007e+00, 5.7882e+00,  ..., 3.7555e+00,
           2.8552e+00, 2.2019e+00],
          [0.0000e+00, 6.1127e+00, 1.1732e+00,  ..., 2.2818e+00,
           1.4858e+00, 2.5367e+00]],

         [[1.4102e+00, 1.3985e+00, 3.7911e+00,  ..., 0.0000e+00,
           0.0000e+00, 0.0000e+00],
          [1.7915e+00, 3.5485e+00, 3.4169e+00,  ..., 4.5371e+00,
           0.0000e+00, 1.9133e+00],
          [6.6991e-01, 1.5228e+00, 2.6484e+00,  ..., 2.5605e+00,
           2.1497e+00, 6.3201e+00],
          ...,
          [5.3292e-01, 2.6797e+00, 2.2418e+00,  ..., 2.9976e+00,
           3.0611e+00, 2.3690e+00],
          [0.0000e+00, 1.8131e+00, 1.3160e+00,  ..., 1.3382e+00,
           1.1643e+00, 1.7556e+00],
          [0.0000e+00, 9.8630e-01, 1.4810e+00,  ..., 0.0000e+00,
           1.4854e+00, 2.6609e-01]],

         ...,

         [[8.5755e-01, 0.0000e+00, 1.3477e-01,  ..., 0.0000e+00,
           0.0000e+00, 1.3112e+00],
          [0.0000e+00, 0.0000e+00, 1.7745e+00,  ..., 0.0000e+00,
           1.4832e+00, 1.6362e+00],
          [2.5170e-01, 0.0000e+00, 2.1294e-01,  ..., 0.0000e+00,
           1.3872e+00, 2.1350e+00],
          ...,
          [0.0000e+00, 2.1899e+00, 3.6805e-01,  ..., 1.9590e+00,
           5.4812e-01, 0.0000e+00],
          [0.0000e+00, 1.9767e+00, 1.6007e+00,  ..., 0.0000e+00,
           0.0000e+00, 0.0000e+00],
          [0.0000e+00, 0.0000e+00, 4.0160e-01,  ..., 5.2479e-02,
           0.0000e+00, 0.0000e+00]],

         [[5.9111e-01, 1.1787e+00, 2.4160e+00,  ..., 1.3709e+00,
           9.7610e-01, 3.5307e-01],
          [2.0442e-01, 0.0000e+00, 6.4846e-01,  ..., 0.0000e+00,
           1.0030e-01, 0.0000e+00],
          [5.4852e-01, 4.5089e+00, 3.9028e+00,  ..., 3.0573e+00,
           0.0000e+00, 6.2828e-01],
          ...,
          [7.4449e-01, 4.1739e+00, 9.7454e-01,  ..., 0.0000e+00,
           1.7104e+00, 3.0018e-01],
          [1.8165e+00, 3.6100e+00, 0.0000e+00,  ..., 3.2942e-01,
           1.2922e+00, 0.0000e+00],
          [1.8680e+00, 2.5100e+00, 4.8973e-01,  ..., 1.5051e+00,
           1.4804e+00, 0.0000e+00]],

         [[2.4214e+00, 1.9098e+00, 4.4728e-01,  ..., 0.0000e+00,
           0.0000e+00, 0.0000e+00],
          [2.5070e+00, 4.2006e+00, 0.0000e+00,  ..., 2.7072e+00,
           1.7028e+00, 0.0000e+00],
          [2.0162e+00, 4.2562e+00, 0.0000e+00,  ..., 1.7845e+00,
           2.0248e+00, 0.0000e+00],
          ...,
          [5.0585e-01, 1.2166e+00, 0.0000e+00,  ..., 1.7523e-01,
           0.0000e+00, 0.0000e+00],
          [0.0000e+00, 1.3418e+00, 0.0000e+00,  ..., 6.2448e-01,
           0.0000e+00, 0.0000e+00],
          [0.0000e+00, 0.0000e+00, 0.0000e+00,  ..., 0.0000e+00,
           0.0000e+00, 0.0000e+00]]],


        ...,


        [[[3.7790e-01, 1.9011e+00, 2.2415e+00,  ..., 3.2979e+00,
           1.0903e+00, 1.7215e+00],
          [3.6264e+00, 1.0136e+00, 0.0000e+00,  ..., 1.7587e+00,
           1.0052e+00, 3.8065e-01],
          [1.1324e+00, 7.7745e-01, 1.0240e+00,  ..., 8.8005e-01,
           5.5411e-01, 0.0000e+00],
          ...,
          [2.0212e-01, 0.0000e+00, 2.0522e+00,  ..., 2.1479e+00,
           6.1566e-01, 6.8656e-01],
          [0.0000e+00, 0.0000e+00, 0.0000e+00,  ..., 7.3788e-01,
           0.0000e+00, 0.0000e+00],
          [0.0000e+00, 0.0000e+00, 1.1571e+00,  ..., 0.0000e+00,
           0.0000e+00, 0.0000e+00]],

         [[4.1639e-01, 4.3831e+00, 1.7251e+00,  ..., 2.0276e+00,
           3.3802e+00, 0.0000e+00],
          [4.2251e+00, 1.4512e+00, 3.3474e+00,  ..., 1.6305e-01,
           1.0589e+00, 4.4325e-01],
          [1.4060e+00, 5.0662e+00, 1.6487e+00,  ..., 6.4429e-01,
           2.0125e+00, 6.3418e-01],
          ...,
          [0.0000e+00, 2.6833e+00, 3.3327e+00,  ..., 0.0000e+00,
           1.1929e+00, 8.4781e-02],
          [0.0000e+00, 9.5042e-01, 4.0303e-02,  ..., 0.0000e+00,
           0.0000e+00, 0.0000e+00],
          [3.5813e-02, 9.7501e-02, 7.2164e-01,  ..., 0.0000e+00,
           0.0000e+00, 0.0000e+00]],

         [[9.8873e-01, 0.0000e+00, 5.2034e-01,  ..., 0.0000e+00,
           1.8312e+00, 0.0000e+00],
          [1.2302e+00, 1.0549e+00, 2.0858e+00,  ..., 9.5987e-01,
           0.0000e+00, 0.0000e+00],
          [0.0000e+00, 2.0578e+00, 2.0615e+00,  ..., 2.8234e-01,
           3.6288e+00, 1.3302e+00],
          ...,
          [0.0000e+00, 0.0000e+00, 0.0000e+00,  ..., 0.0000e+00,
           2.4119e+00, 0.0000e+00],
          [1.0371e+00, 0.0000e+00, 2.7629e+00,  ..., 3.5868e-02,
           2.9544e-01, 7.7215e-01],
          [0.0000e+00, 1.1800e+00, 2.5220e+00,  ..., 2.8054e+00,
           8.0191e-01, 6.3910e-01]],

         ...,

         [[1.6963e+00, 0.0000e+00, 1.0187e-01,  ..., 4.1931e-01,
           7.6169e-01, 4.0688e-01],
          [0.0000e+00, 0.0000e+00, 7.9437e-02,  ..., 0.0000e+00,
           0.0000e+00, 0.0000e+00],
          [7.1503e-01, 0.0000e+00, 4.2199e-01,  ..., 0.0000e+00,
           0.0000e+00, 6.8064e-01],
          ...,
          [2.7774e-01, 0.0000e+00, 0.0000e+00,  ..., 0.0000e+00,
           0.0000e+00, 1.2090e+00],
          [9.2663e-01, 0.0000e+00, 0.0000e+00,  ..., 4.4866e-02,
           0.0000e+00, 5.0523e-01],
          [4.6606e-01, 2.0737e-01, 0.0000e+00,  ..., 4.0779e-01,
           8.1384e-01, 6.0101e-01]],

         [[5.8582e-01, 9.3361e-01, 0.0000e+00,  ..., 1.1353e+00,
           1.1824e+00, 0.0000e+00],
          [1.2204e-01, 1.8716e+00, 0.0000e+00,  ..., 0.0000e+00,
           3.0908e+00, 4.8527e-01],
          [1.6464e+00, 0.0000e+00, 0.0000e+00,  ..., 0.0000e+00,
           3.5028e-01, 0.0000e+00],
          ...,
          [0.0000e+00, 1.1304e+00, 3.6210e-01,  ..., 4.0522e-01,
           0.0000e+00, 1.3425e+00],
          [0.0000e+00, 4.5846e-01, 0.0000e+00,  ..., 1.3272e-01,
           9.7277e-01, 1.2983e-01],
          [0.0000e+00, 0.0000e+00, 0.0000e+00,  ..., 0.0000e+00,
           9.5766e-01, 9.3957e-01]],

         [[1.4296e+00, 1.7793e+00, 0.0000e+00,  ..., 1.0910e+00,
           3.1657e+00, 3.8326e-01],
          [1.4875e+00, 6.8844e-01, 1.3449e+00,  ..., 0.0000e+00,
           0.0000e+00, 0.0000e+00],
          [0.0000e+00, 7.4431e-01, 0.0000e+00,  ..., 3.8980e-01,
           1.7868e+00, 5.7596e-02],
          ...,
          [2.5552e-01, 2.5994e-01, 2.4789e-01,  ..., 1.5742e+00,
           2.3296e+00, 6.7767e-01],
          [0.0000e+00, 0.0000e+00, 1.2218e+00,  ..., 1.3276e+00,
           0.0000e+00, 2.8739e-01],
          [0.0000e+00, 0.0000e+00, 6.2318e-01,  ..., 1.5283e+00,
           4.0283e-01, 7.9952e-02]]],


        [[[2.8311e-01, 3.1123e+00, 7.2921e-01,  ..., 5.5835e-01,
           0.0000e+00, 6.8949e-02],
          [2.7882e+00, 5.8636e-02, 0.0000e+00,  ..., 0.0000e+00,
           2.9306e-01, 0.0000e+00],
          [1.8664e+00, 9.9901e-01, 1.1769e+00,  ..., 1.7477e+00,
           8.5733e-01, 0.0000e+00],
          ...,
          [1.9608e+00, 1.9935e+00, 9.9148e-01,  ..., 1.2409e+00,
           1.2145e+00, 1.7497e-01],
          [7.6374e-01, 1.1903e+00, 6.5777e-01,  ..., 0.0000e+00,
           4.5117e+00, 5.5137e-01],
          [1.5885e-01, 1.3836e+00, 2.9194e+00,  ..., 1.0632e+00,
           9.9165e-02, 0.0000e+00]],

         [[0.0000e+00, 2.0321e+00, 1.0267e-01,  ..., 1.4188e+00,
           9.1707e-01, 2.1644e+00],
          [0.0000e+00, 8.8655e-01, 7.4414e-01,  ..., 9.6763e-03,
           2.9146e+00, 4.5475e+00],
          [3.2277e-01, 1.3335e+00, 6.1899e-02,  ..., 8.3744e-01,
           1.1144e+00, 7.2189e-01],
          ...,
          [4.1230e+00, 7.6950e-02, 1.8147e+00,  ..., 1.2578e+00,
           1.1048e+00, 2.2137e-01],
          [3.5574e+00, 1.8718e+00, 4.5842e+00,  ..., 1.2915e+00,
           0.0000e+00, 0.0000e+00],
          [0.0000e+00, 0.0000e+00, 4.2107e+00,  ..., 7.9256e-01,
           0.0000e+00, 0.0000e+00]],

         [[2.5682e-01, 0.0000e+00, 5.8850e-01,  ..., 0.0000e+00,
           3.2765e-01, 0.0000e+00],
          [7.0957e-01, 9.5568e-01, 2.0543e+00,  ..., 2.2131e-01,
           2.2365e-01, 2.8227e-01],
          [1.5997e+00, 7.6282e-01, 1.5087e+00,  ..., 0.0000e+00,
           0.0000e+00, 1.8674e-02],
          ...,
          [5.8194e-01, 0.0000e+00, 2.2556e-01,  ..., 5.1492e+00,
           2.0811e+00, 3.5131e+00],
          [0.0000e+00, 0.0000e+00, 0.0000e+00,  ..., 2.2194e+00,
           1.0696e+00, 0.0000e+00],
          [1.2993e+00, 1.3510e+00, 1.5153e+00,  ..., 2.3286e+00,
           4.4825e-01, 2.3523e+00]],

         ...,

         [[5.3865e-01, 0.0000e+00, 9.2680e-01,  ..., 5.9349e-01,
           2.0864e+00, 1.6402e+00],
          [1.6614e-01, 0.0000e+00, 8.1135e-01,  ..., 0.0000e+00,
           2.2496e-01, 4.4382e-01],
          [2.2423e+00, 9.8675e-01, 9.9351e-03,  ..., 0.0000e+00,
           0.0000e+00, 1.7876e-01],
          ...,
          [1.8107e-01, 1.0642e+00, 0.0000e+00,  ..., 0.0000e+00,
           0.0000e+00, 1.6666e+00],
          [6.9336e-01, 1.1229e+00, 2.5970e+00,  ..., 0.0000e+00,
           6.6956e-01, 0.0000e+00],
          [0.0000e+00, 0.0000e+00, 9.0163e-01,  ..., 5.5056e-01,
           0.0000e+00, 0.0000e+00]],

         [[4.5872e-01, 6.2174e-01, 1.7625e+00,  ..., 5.3899e-01,
           1.2162e+00, 9.0305e-01],
          [2.3843e-01, 2.5196e+00, 1.8893e-01,  ..., 2.7281e+00,
           1.2625e+00, 0.0000e+00],
          [6.5272e-01, 2.5744e-02, 1.9197e+00,  ..., 4.9418e-01,
           3.4505e-01, 0.0000e+00],
          ...,
          [2.7849e+00, 1.4458e+00, 0.0000e+00,  ..., 1.9556e-01,
           1.0340e-01, 0.0000e+00],
          [2.6233e+00, 0.0000e+00, 1.5078e+00,  ..., 0.0000e+00,
           2.3494e+00, 5.0670e-01],
          [2.8138e-01, 0.0000e+00, 4.8179e+00,  ..., 3.0073e+00,
           2.1729e+00, 3.3837e-02]],

         [[3.9722e-01, 0.0000e+00, 1.3060e-01,  ..., 5.9165e-01,
           1.8712e-01, 1.3858e-01],
          [3.4701e-01, 2.0768e+00, 8.0141e-01,  ..., 5.4569e-01,
           0.0000e+00, 5.2925e-01],
          [6.1370e-01, 1.0897e+00, 1.0011e+00,  ..., 3.0133e+00,
           1.1112e+00, 8.0792e-01],
          ...,
          [0.0000e+00, 4.3553e-01, 1.7312e+00,  ..., 0.0000e+00,
           1.3886e+00, 0.0000e+00],
          [0.0000e+00, 2.3177e+00, 0.0000e+00,  ..., 6.2841e-01,
           0.0000e+00, 1.2522e+00],
          [5.5182e-02, 0.0000e+00, 6.4830e-02,  ..., 0.0000e+00,
           1.4529e+00, 1.1954e+00]]],


        [[[5.3824e-01, 1.0190e+00, 1.6518e+00,  ..., 1.1198e-01,
           0.0000e+00, 7.1311e-01],
          [1.4126e+00, 2.5782e+00, 1.1994e+00,  ..., 1.2092e+00,
           0.0000e+00, 0.0000e+00],
          [0.0000e+00, 4.7422e-01, 4.6391e-01,  ..., 0.0000e+00,
           2.7213e+00, 0.0000e+00],
          ...,
          [1.5327e+00, 1.4628e+00, 6.5285e-01,  ..., 2.9721e-01,
           0.0000e+00, 1.1483e+00],
          [3.9088e-01, 0.0000e+00, 1.2000e+00,  ..., 1.4751e+00,
           1.5225e+00, 2.4554e-01],
          [9.1070e-04, 2.3677e-01, 0.0000e+00,  ..., 2.4976e+00,
           9.5746e-01, 2.3920e-01]],

         [[1.1640e+00, 3.0228e+00, 2.4206e+00,  ..., 4.1957e-01,
           2.6994e+00, 0.0000e+00],
          [1.0874e+00, 1.2708e+00, 2.7932e-01,  ..., 0.0000e+00,
           0.0000e+00, 0.0000e+00],
          [0.0000e+00, 4.2122e-01, 0.0000e+00,  ..., 0.0000e+00,
           2.9587e-01, 8.0130e-02],
          ...,
          [5.4605e-01, 1.9316e+00, 1.6245e+00,  ..., 0.0000e+00,
           2.6975e+00, 1.5389e+00],
          [1.7579e+00, 1.0912e+00, 1.6704e+00,  ..., 0.0000e+00,
           2.3195e+00, 0.0000e+00],
          [6.4361e-01, 3.0563e+00, 2.9785e-01,  ..., 0.0000e+00,
           0.0000e+00, 0.0000e+00]],

         [[1.2118e+00, 2.7096e-01, 6.8225e-02,  ..., 4.6577e-01,
           0.0000e+00, 1.9022e+00],
          [1.2656e+00, 0.0000e+00, 6.9101e-01,  ..., 2.1499e-01,
           6.3764e-01, 2.4155e-01],
          [0.0000e+00, 0.0000e+00, 8.6226e-01,  ..., 0.0000e+00,
           9.3715e-01, 9.7368e-01],
          ...,
          [1.7844e+00, 0.0000e+00, 1.5725e+00,  ..., 3.4079e+00,
           0.0000e+00, 2.1131e+00],
          [7.0752e-01, 5.4044e-01, 4.1227e+00,  ..., 4.3925e-01,
           1.5616e+00, 5.5148e-01],
          [1.0613e+00, 2.0569e+00, 4.8212e-01,  ..., 7.5458e-01,
           1.6299e+00, 1.7604e+00]],

         ...,

         [[1.7860e+00, 3.5555e-01, 1.1707e+00,  ..., 1.5206e+00,
           9.0025e-01, 2.1215e+00],
          [9.4143e-01, 0.0000e+00, 1.2893e-02,  ..., 5.0412e-01,
           2.2540e+00, 1.4503e+00],
          [3.1513e-01, 0.0000e+00, 2.7377e-02,  ..., 0.0000e+00,
           7.2265e-01, 1.0383e+00],
          ...,
          [8.4588e-01, 8.8133e-01, 0.0000e+00,  ..., 7.0803e-01,
           0.0000e+00, 5.7217e-02],
          [1.3883e+00, 2.6639e-01, 2.1304e+00,  ..., 1.1238e+00,
           9.0429e-01, 0.0000e+00],
          [5.6454e-01, 7.6659e-01, 0.0000e+00,  ..., 0.0000e+00,
           0.0000e+00, 5.5576e-01]],

         [[3.1496e-01, 8.7376e-01, 0.0000e+00,  ..., 7.8776e-01,
           0.0000e+00, 7.1103e-01],
          [0.0000e+00, 0.0000e+00, 1.4911e+00,  ..., 0.0000e+00,
           0.0000e+00, 4.3424e-01],
          [0.0000e+00, 0.0000e+00, 5.4759e-01,  ..., 0.0000e+00,
           2.6090e+00, 2.7508e-01],
          ...,
          [2.2799e+00, 7.6899e-01, 1.7556e+00,  ..., 0.0000e+00,
           8.8621e-01, 1.4847e+00],
          [6.7150e-01, 0.0000e+00, 1.2400e+00,  ..., 6.5665e-02,
           5.8782e-01, 1.3334e+00],
          [6.4532e-01, 8.7534e-01, 1.0431e+00,  ..., 1.4756e+00,
           2.6518e-01, 0.0000e+00]],

         [[5.3642e-01, 1.9746e+00, 0.0000e+00,  ..., 2.7274e-01,
           1.2256e+00, 9.6834e-01],
          [1.3285e+00, 1.6586e+00, 1.1128e-01,  ..., 0.0000e+00,
           1.9070e-01, 6.5913e-01],
          [7.1003e-01, 2.6025e+00, 7.3103e-01,  ..., 1.7414e+00,
           0.0000e+00, 6.5784e-01],
          ...,
          [4.8418e-01, 1.2929e-01, 0.0000e+00,  ..., 2.6502e+00,
           1.2170e+00, 1.0446e+00],
          [1.2688e-01, 1.1239e+00, 2.7050e+00,  ..., 2.1045e+00,
           6.4928e-01, 0.0000e+00],
          [2.9566e-01, 0.0000e+00, 8.0269e-01,  ..., 0.0000e+00,
           4.2007e-01, 5.1205e-01]]]], device='cuda:1',
       grad_fn=<ReluBackward0>), tensor([[[[0.0000e+00, 2.8000e+00, 0.0000e+00, 2.3969e+00],
          [2.6504e+00, 0.0000e+00, 0.0000e+00, 7.7351e-01],
          [0.0000e+00, 9.7164e-01, 4.1756e+00, 5.0635e+00],
          [1.3944e+00, 0.0000e+00, 0.0000e+00, 6.0929e-01]],

         [[1.6515e+00, 0.0000e+00, 2.7839e+00, 1.3783e+00],
          [0.0000e+00, 0.0000e+00, 0.0000e+00, 0.0000e+00],
          [0.0000e+00, 0.0000e+00, 1.4721e+00, 1.5027e+00],
          [1.8866e+00, 1.5409e-01, 2.2846e-01, 1.3390e+00]],

         [[5.6536e-01, 5.4230e-01, 0.0000e+00, 0.0000e+00],
          [4.4883e+00, 0.0000e+00, 5.7621e-01, 0.0000e+00],
          [0.0000e+00, 1.0505e+00, 0.0000e+00, 5.2201e-01],
          [2.1903e+00, 4.4339e-01, 3.8453e+00, 1.6645e+00]],

         ...,

         [[0.0000e+00, 3.2661e-01, 1.9188e+00, 3.0421e+00],
          [1.2390e+00, 0.0000e+00, 5.5916e-01, 0.0000e+00],
          [1.0263e-01, 1.4231e+00, 2.5521e+00, 0.0000e+00],
          [0.0000e+00, 1.8361e+00, 5.2233e-01, 0.0000e+00]],

         [[0.0000e+00, 0.0000e+00, 0.0000e+00, 0.0000e+00],
          [7.3394e-02, 0.0000e+00, 0.0000e+00, 8.0452e-01],
          [0.0000e+00, 0.0000e+00, 0.0000e+00, 0.0000e+00],
          [2.7412e-02, 6.8679e-01, 0.0000e+00, 0.0000e+00]],

         [[2.0399e+00, 3.0781e-01, 4.2346e-01, 0.0000e+00],
          [0.0000e+00, 0.0000e+00, 1.2894e+00, 8.4851e-01],
          [0.0000e+00, 0.0000e+00, 0.0000e+00, 0.0000e+00],
          [0.0000e+00, 0.0000e+00, 3.3508e-01, 0.0000e+00]]],


        [[[2.9063e-01, 2.7599e+00, 0.0000e+00, 9.3668e-01],
          [0.0000e+00, 0.0000e+00, 9.4411e-01, 8.3314e-01],
          [1.2262e-01, 1.3876e+00, 1.5387e+00, 9.6764e-01],
          [1.1544e+00, 0.0000e+00, 5.0115e-02, 2.6144e-01]],

         [[0.0000e+00, 9.1357e-01, 1.8089e+00, 1.2373e-01],
          [0.0000e+00, 0.0000e+00, 0.0000e+00, 0.0000e+00],
          [5.8013e-01, 1.0995e+00, 6.7475e-01, 5.3550e-01],
          [0.0000e+00, 0.0000e+00, 6.6525e-01, 1.7444e+00]],

         [[0.0000e+00, 0.0000e+00, 1.3044e-01, 5.6431e-01],
          [9.3636e-01, 0.0000e+00, 1.4405e-01, 8.3974e-01],
          [1.0475e+00, 0.0000e+00, 0.0000e+00, 2.8128e+00],
          [1.2552e+00, 1.2081e+00, 5.5266e-02, 6.5996e-01]],

         ...,

         [[0.0000e+00, 0.0000e+00, 8.6869e-01, 2.7580e+00],
          [0.0000e+00, 2.6816e+00, 7.3402e-01, 2.8164e+00],
          [1.9850e+00, 2.4017e-02, 9.3803e-01, 2.5742e-01],
          [0.0000e+00, 3.8156e-01, 2.0776e+00, 9.1963e-01]],

         [[1.6907e+00, 7.4073e-01, 1.5784e-01, 6.8168e-01],
          [0.0000e+00, 0.0000e+00, 0.0000e+00, 3.2997e-01],
          [0.0000e+00, 0.0000e+00, 0.0000e+00, 0.0000e+00],
          [2.1443e+00, 1.2767e+00, 0.0000e+00, 0.0000e+00]],

         [[1.5097e+00, 1.3893e+00, 4.3627e-01, 2.1308e+00],
          [4.8563e-01, 3.4563e+00, 2.7128e+00, 9.9625e-02],
          [1.3961e+00, 1.4786e+00, 1.0583e+00, 0.0000e+00],
          [0.0000e+00, 0.0000e+00, 0.0000e+00, 0.0000e+00]]],


        [[[7.4979e-01, 6.1792e+00, 1.7509e-01, 1.3280e+00],
          [3.4267e+00, 2.5336e-01, 4.2017e-01, 2.2611e+00],
          [5.6695e+00, 4.4144e+00, 1.0862e+00, 0.0000e+00],
          [2.4011e+00, 1.2917e+00, 0.0000e+00, 1.8434e-01]],

         [[2.1960e+00, 8.7528e-01, 6.0270e-01, 0.0000e+00],
          [6.4136e-01, 4.5381e+00, 0.0000e+00, 0.0000e+00],
          [0.0000e+00, 3.0748e+00, 1.7027e+00, 1.5272e+00],
          [1.9260e+00, 1.1265e+00, 0.0000e+00, 1.2059e+00]],

         [[0.0000e+00, 6.7016e-01, 0.0000e+00, 0.0000e+00],
          [1.0696e+00, 0.0000e+00, 0.0000e+00, 0.0000e+00],
          [0.0000e+00, 0.0000e+00, 9.8934e-01, 2.2843e+00],
          [2.1213e+00, 1.5546e+00, 7.1519e-01, 3.3188e+00]],

         ...,

         [[0.0000e+00, 0.0000e+00, 0.0000e+00, 1.0244e+00],
          [5.5507e-01, 1.9678e+00, 3.2789e-01, 2.9894e-01],
          [1.8799e+00, 3.7471e+00, 1.7474e+00, 2.2501e+00],
          [7.0901e-01, 2.0375e+00, 0.0000e+00, 0.0000e+00]],

         [[1.9497e-01, 0.0000e+00, 0.0000e+00, 0.0000e+00],
          [0.0000e+00, 1.7105e+00, 2.5429e+00, 0.0000e+00],
          [0.0000e+00, 0.0000e+00, 1.5251e+00, 0.0000e+00],
          [0.0000e+00, 2.4274e+00, 5.7068e-01, 0.0000e+00]],

         [[1.9744e+00, 2.6848e+00, 0.0000e+00, 2.4245e-01],
          [0.0000e+00, 1.4746e+00, 7.0004e-01, 0.0000e+00],
          [0.0000e+00, 1.9967e+00, 1.9449e+00, 0.0000e+00],
          [0.0000e+00, 2.3165e+00, 0.0000e+00, 0.0000e+00]]],


        ...,


        [[[0.0000e+00, 7.2579e-01, 2.1723e+00, 1.2340e+00],
          [2.6245e+00, 0.0000e+00, 2.6638e+00, 4.7724e+00],
          [1.2384e+00, 0.0000e+00, 6.6375e-01, 3.3127e-01],
          [4.2144e-02, 0.0000e+00, 1.4092e+00, 0.0000e+00]],

         [[1.9063e+00, 4.4332e+00, 0.0000e+00, 5.2691e-01],
          [0.0000e+00, 6.3134e-01, 0.0000e+00, 1.0498e+00],
          [1.8214e-01, 1.2227e+00, 1.4150e+00, 2.2968e+00],
          [1.4221e+00, 5.2924e-01, 0.0000e+00, 0.0000e+00]],

         [[0.0000e+00, 4.7978e-02, 0.0000e+00, 0.0000e+00],
          [6.8798e-01, 1.4120e+00, 0.0000e+00, 7.3071e-01],
          [6.2668e-01, 0.0000e+00, 1.4853e+00, 1.0641e+00],
          [2.0010e+00, 1.1549e+00, 7.7621e-01, 5.1340e-01]],

         ...,

         [[1.2539e-01, 0.0000e+00, 1.6632e+00, 2.4628e+00],
          [4.3647e-01, 3.5122e-01, 9.3844e-01, 0.0000e+00],
          [0.0000e+00, 1.5738e+00, 1.9354e+00, 0.0000e+00],
          [1.5283e+00, 0.0000e+00, 1.3029e+00, 1.7613e-01]],

         [[0.0000e+00, 2.9466e+00, 4.7277e+00, 1.1894e+00],
          [0.0000e+00, 1.5189e+00, 0.0000e+00, 5.7962e-02],
          [1.2024e+00, 1.6001e+00, 0.0000e+00, 3.3529e-01],
          [1.8821e+00, 2.2462e+00, 0.0000e+00, 2.4943e-02]],

         [[3.2169e+00, 2.3952e+00, 5.3138e+00, 0.0000e+00],
          [1.5249e+00, 1.2760e+00, 2.1468e+00, 8.9065e-01],
          [1.2616e+00, 3.6174e-02, 0.0000e+00, 0.0000e+00],
          [1.9032e+00, 0.0000e+00, 0.0000e+00, 0.0000e+00]]],


        [[[0.0000e+00, 1.3376e+00, 1.8019e+00, 2.1736e-01],
          [1.7543e+00, 1.9920e-01, 2.6731e+00, 1.9288e+00],
          [0.0000e+00, 1.8759e+00, 1.5166e+00, 1.3387e+00],
          [3.1565e+00, 0.0000e+00, 0.0000e+00, 8.3956e-01]],

         [[1.1488e+00, 2.6612e+00, 7.1766e-01, 2.7558e+00],
          [0.0000e+00, 4.6919e-01, 0.0000e+00, 1.9750e-01],
          [1.3188e+00, 1.3005e+00, 4.1800e+00, 2.3112e+00],
          [3.5433e+00, 0.0000e+00, 3.4671e-02, 2.5931e+00]],

         [[0.0000e+00, 1.4414e+00, 0.0000e+00, 0.0000e+00],
          [2.2303e+00, 1.0510e+00, 0.0000e+00, 2.4871e+00],
          [0.0000e+00, 6.5508e-03, 0.0000e+00, 2.4969e+00],
          [2.3377e+00, 2.6439e+00, 7.4671e-01, 4.4264e+00]],

         ...,

         [[0.0000e+00, 3.3657e-01, 2.8778e-01, 2.5399e-01],
          [0.0000e+00, 6.2141e-01, 2.9356e+00, 3.2575e+00],
          [3.4890e+00, 1.2734e+00, 4.2332e+00, 1.2248e-01],
          [0.0000e+00, 2.5330e+00, 2.4557e-01, 1.2675e+00]],

         [[1.2913e+00, 3.6743e-01, 3.8456e+00, 2.1666e+00],
          [0.0000e+00, 4.6648e-01, 1.1974e+00, 0.0000e+00],
          [5.8445e-01, 0.0000e+00, 6.0334e+00, 8.3915e-01],
          [0.0000e+00, 9.4486e-01, 0.0000e+00, 5.3931e-01]],

         [[2.4697e+00, 2.0984e-01, 1.8705e+00, 0.0000e+00],
          [5.5538e-01, 8.9326e-01, 4.3214e+00, 3.4007e+00],
          [2.6420e+00, 3.5719e+00, 4.4097e+00, 5.5030e-01],
          [0.0000e+00, 0.0000e+00, 0.0000e+00, 0.0000e+00]]],


        [[[6.8001e-01, 3.4168e+00, 0.0000e+00, 6.2324e-01],
          [3.1171e-01, 0.0000e+00, 0.0000e+00, 2.3155e+00],
          [1.0340e+00, 1.7933e+00, 1.0755e+00, 2.3074e+00],
          [7.0552e-01, 7.2368e-01, 5.1107e-01, 8.2369e-01]],

         [[9.2654e-01, 0.0000e+00, 0.0000e+00, 1.2815e+00],
          [0.0000e+00, 0.0000e+00, 0.0000e+00, 1.1242e+00],
          [5.0085e-01, 1.0967e+00, 2.9582e+00, 9.0928e-01],
          [1.8632e+00, 5.2741e-01, 7.6691e-01, 1.2560e+00]],

         [[0.0000e+00, 0.0000e+00, 0.0000e+00, 0.0000e+00],
          [8.3357e-02, 1.5350e+00, 0.0000e+00, 0.0000e+00],
          [0.0000e+00, 1.2968e+00, 0.0000e+00, 0.0000e+00],
          [1.6294e+00, 1.3323e+00, 7.6142e-01, 3.4953e-01]],

         ...,

         [[0.0000e+00, 9.6441e-01, 2.2975e-01, 0.0000e+00],
          [0.0000e+00, 0.0000e+00, 0.0000e+00, 1.2512e-01],
          [0.0000e+00, 0.0000e+00, 2.2642e+00, 2.0041e+00],
          [6.8052e-01, 2.1521e+00, 3.1418e+00, 0.0000e+00]],

         [[0.0000e+00, 3.9705e+00, 2.1216e+00, 1.6353e-01],
          [1.4244e+00, 1.6923e-03, 9.3494e-01, 0.0000e+00],
          [0.0000e+00, 4.4873e+00, 0.0000e+00, 8.4098e-01],
          [3.9438e-01, 1.2737e+00, 2.8918e+00, 1.2513e+00]],

         [[2.0409e+00, 6.2534e-01, 1.4226e+00, 7.8378e-01],
          [3.2564e+00, 0.0000e+00, 0.0000e+00, 2.2216e+00],
          [1.0478e+00, 2.1539e+00, 0.0000e+00, 0.0000e+00],
          [7.7619e-02, 0.0000e+00, 0.0000e+00, 4.7353e-01]]]], device='cuda:1',
       grad_fn=<ReluBackward0>)], 'features': tensor([[1.3022, 0.7748, 0.9930,  ..., 0.8451, 0.0995, 0.3278],
        [0.7029, 0.5091, 0.6034,  ..., 1.0276, 0.4389, 1.0096],
        [1.8650, 1.2135, 0.7952,  ..., 1.0341, 0.5607, 0.8334],
        ...,
        [1.1173, 0.9760, 0.6563,  ..., 0.7809, 1.1082, 1.2478],
        [1.1650, 1.4520, 1.2418,  ..., 1.3036, 1.1422, 1.5559],
        [1.0201, 0.8257, 0.4367,  ..., 0.7226, 1.2348, 0.8815]],
       device='cuda:1', grad_fn=<ReshapeAliasBackward0>)}
