{'data_root': '/data/bzx_yjy/cifar100', 'image_size': 32, 'pin_memory': False, 'augment': True, 'workers': 8, 'device_ids': 1, 'n_gpu': 1, 'seed': 1993, 'deterministic': True, 'epoch': 100, 'batch_size': 128, 'val_per_epoch': 5, 'optimzer': {'name': 'SGD', 'kwargs': {'lr': 0.1}}, 'lr_scheduler': {'name': 'StepLR', 'kwargs': {'gamma': 0.5, 'step_size': 10}}, 'warmup': 3, 'includes': ['headers/data.yaml', 'headers/device.yaml', 'headers/model.yaml', 'headers/optimizer.yaml', 'backbones/resnet12.yaml'], 'save_path': './', 'init_cls_num': 20, 'inc_cls_num': 20, 'task_num': 5, 'optimizer': {'name': 'SGD', 'kwargs': {'lr': 0.1}}, 'backbone': {'name': 'resnet18', 'kwargs': {'num_classes': 100, 'args': {'dataset': 'cifar100'}}}, 'buffer': {'name': 'LinearBuffer', 'kwargs': {'buffer_size': 500, 'batch_size': 32, 'strategy': 'random'}}, 'classifier': {'name': 'LUCIR', 'kwargs': {'num_class': 100, 'feat_dim': 512, 'init_cls_num': 20, 'inc_cls_num': 20, 'dist': 0.5, 'lamda': 10, 'K': 2, 'lw_mr': 1}}, 'rank': 0}
LUCIR(
  (backbone): ResNet(
    (conv1): Sequential(
      (0): Conv2d(3, 64, kernel_size=(3, 3), stride=(1, 1), padding=(1, 1), bias=False)
      (1): BatchNorm2d(64, eps=1e-05, momentum=0.1, affine=True, track_running_stats=True)
      (2): ReLU(inplace=True)
    )
    (layer1): Sequential(
      (0): BasicBlock(
        (conv1): Conv2d(64, 64, kernel_size=(3, 3), stride=(1, 1), padding=(1, 1), bias=False)
        (bn1): BatchNorm2d(64, eps=1e-05, momentum=0.1, affine=True, track_running_stats=True)
        (relu): ReLU(inplace=True)
        (conv2): Conv2d(64, 64, kernel_size=(3, 3), stride=(1, 1), padding=(1, 1), bias=False)
        (bn2): BatchNorm2d(64, eps=1e-05, momentum=0.1, affine=True, track_running_stats=True)
      )
      (1): BasicBlock(
        (conv1): Conv2d(64, 64, kernel_size=(3, 3), stride=(1, 1), padding=(1, 1), bias=False)
        (bn1): BatchNorm2d(64, eps=1e-05, momentum=0.1, affine=True, track_running_stats=True)
        (relu): ReLU(inplace=True)
        (conv2): Conv2d(64, 64, kernel_size=(3, 3), stride=(1, 1), padding=(1, 1), bias=False)
        (bn2): BatchNorm2d(64, eps=1e-05, momentum=0.1, affine=True, track_running_stats=True)
      )
    )
    (layer2): Sequential(
      (0): BasicBlock(
        (conv1): Conv2d(64, 128, kernel_size=(3, 3), stride=(2, 2), padding=(1, 1), bias=False)
        (bn1): BatchNorm2d(128, eps=1e-05, momentum=0.1, affine=True, track_running_stats=True)
        (relu): ReLU(inplace=True)
        (conv2): Conv2d(128, 128, kernel_size=(3, 3), stride=(1, 1), padding=(1, 1), bias=False)
        (bn2): BatchNorm2d(128, eps=1e-05, momentum=0.1, affine=True, track_running_stats=True)
        (downsample): Sequential(
          (0): Conv2d(64, 128, kernel_size=(1, 1), stride=(2, 2), bias=False)
          (1): BatchNorm2d(128, eps=1e-05, momentum=0.1, affine=True, track_running_stats=True)
        )
      )
      (1): BasicBlock(
        (conv1): Conv2d(128, 128, kernel_size=(3, 3), stride=(1, 1), padding=(1, 1), bias=False)
        (bn1): BatchNorm2d(128, eps=1e-05, momentum=0.1, affine=True, track_running_stats=True)
        (relu): ReLU(inplace=True)
        (conv2): Conv2d(128, 128, kernel_size=(3, 3), stride=(1, 1), padding=(1, 1), bias=False)
        (bn2): BatchNorm2d(128, eps=1e-05, momentum=0.1, affine=True, track_running_stats=True)
      )
    )
    (layer3): Sequential(
      (0): BasicBlock(
        (conv1): Conv2d(128, 256, kernel_size=(3, 3), stride=(2, 2), padding=(1, 1), bias=False)
        (bn1): BatchNorm2d(256, eps=1e-05, momentum=0.1, affine=True, track_running_stats=True)
        (relu): ReLU(inplace=True)
        (conv2): Conv2d(256, 256, kernel_size=(3, 3), stride=(1, 1), padding=(1, 1), bias=False)
        (bn2): BatchNorm2d(256, eps=1e-05, momentum=0.1, affine=True, track_running_stats=True)
        (downsample): Sequential(
          (0): Conv2d(128, 256, kernel_size=(1, 1), stride=(2, 2), bias=False)
          (1): BatchNorm2d(256, eps=1e-05, momentum=0.1, affine=True, track_running_stats=True)
        )
      )
      (1): BasicBlock(
        (conv1): Conv2d(256, 256, kernel_size=(3, 3), stride=(1, 1), padding=(1, 1), bias=False)
        (bn1): BatchNorm2d(256, eps=1e-05, momentum=0.1, affine=True, track_running_stats=True)
        (relu): ReLU(inplace=True)
        (conv2): Conv2d(256, 256, kernel_size=(3, 3), stride=(1, 1), padding=(1, 1), bias=False)
        (bn2): BatchNorm2d(256, eps=1e-05, momentum=0.1, affine=True, track_running_stats=True)
      )
    )
    (layer4): Sequential(
      (0): BasicBlock(
        (conv1): Conv2d(256, 512, kernel_size=(3, 3), stride=(2, 2), padding=(1, 1), bias=False)
        (bn1): BatchNorm2d(512, eps=1e-05, momentum=0.1, affine=True, track_running_stats=True)
        (relu): ReLU(inplace=True)
        (conv2): Conv2d(512, 512, kernel_size=(3, 3), stride=(1, 1), padding=(1, 1), bias=False)
        (bn2): BatchNorm2d(512, eps=1e-05, momentum=0.1, affine=True, track_running_stats=True)
        (downsample): Sequential(
          (0): Conv2d(256, 512, kernel_size=(1, 1), stride=(2, 2), bias=False)
          (1): BatchNorm2d(512, eps=1e-05, momentum=0.1, affine=True, track_running_stats=True)
        )
      )
      (1): BasicBlock(
        (conv1): Conv2d(512, 512, kernel_size=(3, 3), stride=(1, 1), padding=(1, 1), bias=False)
        (bn1): BatchNorm2d(512, eps=1e-05, momentum=0.1, affine=True, track_running_stats=True)
        (relu): ReLU(inplace=True)
        (conv2): Conv2d(512, 512, kernel_size=(3, 3), stride=(1, 1), padding=(1, 1), bias=False)
        (bn2): BatchNorm2d(512, eps=1e-05, momentum=0.1, affine=True, track_running_stats=True)
      )
    )
    (avgpool): AdaptiveAvgPool2d(output_size=(1, 1))
  )
  (classifier): CosineLinear()
  (loss_fn): CrossEntropyLoss()
)
Trainable params in the model: 11179073
SGD (
Parameter Group 0
    dampening: 0
    differentiable: False
    foreach: None
    initial_lr: 0.1
    lr: 0.03333333333333333
    maximize: False
    momentum: 0
    nesterov: False
    weight_decay: 0
)
================Task 0 Start!================
SGD (
Parameter Group 0
    dampening: 0
    differentiable: False
    foreach: None
    initial_lr: 0.1
    lr: 0.03333333333333333
    maximize: False
    momentum: 0
    nesterov: False
    weight_decay: 0
)
================Task 0 Training!================
The training samples number: 10000
learning rate: [0.03333333333333333]
================ Train on the train set ================
Epoch [0/100] |	Loss: 2.956 	Average Acc: 0.116 
learning rate: [0.06666666666666667]
================ Train on the train set ================
Epoch [1/100] |	Loss: 2.676 	Average Acc: 0.204 
learning rate: [0.1]
================ Train on the train set ================
Epoch [2/100] |	Loss: 2.320 	Average Acc: 0.292 
learning rate: [0.1]
================ Train on the train set ================
Epoch [3/100] |	Loss: 1.979 	Average Acc: 0.389 
learning rate: [0.1]
================ Train on the train set ================
Epoch [4/100] |	Loss: 1.693 	Average Acc: 0.476 
================ Test on the test set ================
 * Average Acc: 0.450 Best acc 0.450
 Per-Task Acc:[0.45]
learning rate: [0.1]
================ Train on the train set ================
Epoch [5/100] |	Loss: 1.453 	Average Acc: 0.549 
learning rate: [0.1]
================ Train on the train set ================
Epoch [6/100] |	Loss: 1.207 	Average Acc: 0.626 
learning rate: [0.1]
================ Train on the train set ================
Epoch [7/100] |	Loss: 0.936 	Average Acc: 0.711 
learning rate: [0.1]
================ Train on the train set ================
Epoch [8/100] |	Loss: 0.682 	Average Acc: 0.795 
learning rate: [0.1]
================ Train on the train set ================
Epoch [9/100] |	Loss: 0.443 	Average Acc: 0.869 
================ Test on the test set ================
 * Average Acc: 0.560 Best acc 0.560
 Per-Task Acc:[0.56]
learning rate: [0.1]
================ Train on the train set ================
Epoch [10/100] |	Loss: 0.252 	Average Acc: 0.934 
learning rate: [0.1]
================ Train on the train set ================
Epoch [11/100] |	Loss: 0.140 	Average Acc: 0.968 
learning rate: [0.05]
================ Train on the train set ================
Epoch [12/100] |	Loss: 0.050 	Average Acc: 0.993 
learning rate: [0.05]
================ Train on the train set ================
Epoch [13/100] |	Loss: 0.020 	Average Acc: 1.000 
learning rate: [0.05]
================ Train on the train set ================
Epoch [14/100] |	Loss: 0.015 	Average Acc: 0.999 
================ Test on the test set ================
 * Average Acc: 0.640 Best acc 0.640
 Per-Task Acc:[0.64]
learning rate: [0.05]
================ Train on the train set ================
Epoch [15/100] |	Loss: 0.012 	Average Acc: 1.000 
learning rate: [0.05]
================ Train on the train set ================
Epoch [16/100] |	Loss: 0.009 	Average Acc: 1.000 
learning rate: [0.05]
================ Train on the train set ================
Epoch [17/100] |	Loss: 0.009 	Average Acc: 1.000 
learning rate: [0.05]
================ Train on the train set ================
Epoch [18/100] |	Loss: 0.007 	Average Acc: 1.000 
learning rate: [0.05]
================ Train on the train set ================
Epoch [19/100] |	Loss: 0.007 	Average Acc: 1.000 
================ Test on the test set ================
 * Average Acc: 0.650 Best acc 0.650
 Per-Task Acc:[0.65]
learning rate: [0.05]
================ Train on the train set ================
Epoch [20/100] |	Loss: 0.006 	Average Acc: 1.000 
learning rate: [0.05]
================ Train on the train set ================
Epoch [21/100] |	Loss: 0.006 	Average Acc: 1.000 
learning rate: [0.025]
================ Train on the train set ================
Epoch [22/100] |	Loss: 0.005 	Average Acc: 1.000 
learning rate: [0.025]
================ Train on the train set ================
Epoch [23/100] |	Loss: 0.005 	Average Acc: 1.000 
learning rate: [0.025]
================ Train on the train set ================
Epoch [24/100] |	Loss: 0.005 	Average Acc: 1.000 
================ Test on the test set ================
 * Average Acc: 0.650 Best acc 0.650
 Per-Task Acc:[0.65]
learning rate: [0.025]
================ Train on the train set ================
Epoch [25/100] |	Loss: 0.004 	Average Acc: 1.000 
learning rate: [0.025]
================ Train on the train set ================
Epoch [26/100] |	Loss: 0.004 	Average Acc: 1.000 
learning rate: [0.025]
================ Train on the train set ================
Epoch [27/100] |	Loss: 0.004 	Average Acc: 1.000 
learning rate: [0.025]
================ Train on the train set ================
Epoch [28/100] |	Loss: 0.004 	Average Acc: 1.000 
learning rate: [0.025]
================ Train on the train set ================
Epoch [29/100] |	Loss: 0.004 	Average Acc: 1.000 
================ Test on the test set ================
 * Average Acc: 0.650 Best acc 0.650
 Per-Task Acc:[0.65]
learning rate: [0.025]
================ Train on the train set ================
Epoch [30/100] |	Loss: 0.004 	Average Acc: 1.000 
learning rate: [0.025]
================ Train on the train set ================
Epoch [31/100] |	Loss: 0.004 	Average Acc: 1.000 
learning rate: [0.0125]
================ Train on the train set ================
Epoch [32/100] |	Loss: 0.004 	Average Acc: 1.000 
learning rate: [0.0125]
================ Train on the train set ================
Epoch [33/100] |	Loss: 0.004 	Average Acc: 1.000 
learning rate: [0.0125]
================ Train on the train set ================
Epoch [34/100] |	Loss: 0.004 	Average Acc: 1.000 
================ Test on the test set ================
 * Average Acc: 0.650 Best acc 0.650
 Per-Task Acc:[0.65]
learning rate: [0.0125]
================ Train on the train set ================
Epoch [35/100] |	Loss: 0.004 	Average Acc: 1.000 
learning rate: [0.0125]
================ Train on the train set ================
Epoch [36/100] |	Loss: 0.003 	Average Acc: 1.000 
learning rate: [0.0125]
================ Train on the train set ================
Epoch [37/100] |	Loss: 0.004 	Average Acc: 1.000 
learning rate: [0.0125]
================ Train on the train set ================
Epoch [38/100] |	Loss: 0.004 	Average Acc: 1.000 
learning rate: [0.0125]
================ Train on the train set ================
Epoch [39/100] |	Loss: 0.003 	Average Acc: 1.000 
================ Test on the test set ================
 * Average Acc: 0.640 Best acc 0.650
 Per-Task Acc:[0.64]
learning rate: [0.0125]
================ Train on the train set ================
Epoch [40/100] |	Loss: 0.003 	Average Acc: 1.000 
learning rate: [0.0125]
================ Train on the train set ================
Epoch [41/100] |	Loss: 0.003 	Average Acc: 1.000 
learning rate: [0.00625]
================ Train on the train set ================
Epoch [42/100] |	Loss: 0.004 	Average Acc: 1.000 
learning rate: [0.00625]
================ Train on the train set ================
Epoch [43/100] |	Loss: 0.003 	Average Acc: 1.000 
learning rate: [0.00625]
================ Train on the train set ================
Epoch [44/100] |	Loss: 0.003 	Average Acc: 1.000 
================ Test on the test set ================
 * Average Acc: 0.650 Best acc 0.650
 Per-Task Acc:[0.65]
learning rate: [0.00625]
================ Train on the train set ================
Epoch [45/100] |	Loss: 0.003 	Average Acc: 1.000 
learning rate: [0.00625]
================ Train on the train set ================
Epoch [46/100] |	Loss: 0.003 	Average Acc: 1.000 
learning rate: [0.00625]
================ Train on the train set ================
Epoch [47/100] |	Loss: 0.003 	Average Acc: 1.000 
learning rate: [0.00625]
================ Train on the train set ================
Epoch [48/100] |	Loss: 0.003 	Average Acc: 1.000 
learning rate: [0.00625]
================ Train on the train set ================
Epoch [49/100] |	Loss: 0.003 	Average Acc: 1.000 
================ Test on the test set ================
 * Average Acc: 0.650 Best acc 0.650
 Per-Task Acc:[0.65]
learning rate: [0.00625]
================ Train on the train set ================
Epoch [50/100] |	Loss: 0.003 	Average Acc: 1.000 
learning rate: [0.00625]
================ Train on the train set ================
Epoch [51/100] |	Loss: 0.003 	Average Acc: 1.000 
learning rate: [0.003125]
================ Train on the train set ================
Epoch [52/100] |	Loss: 0.003 	Average Acc: 1.000 
learning rate: [0.003125]
================ Train on the train set ================
Epoch [53/100] |	Loss: 0.003 	Average Acc: 1.000 
learning rate: [0.003125]
================ Train on the train set ================
Epoch [54/100] |	Loss: 0.003 	Average Acc: 1.000 
================ Test on the test set ================
 * Average Acc: 0.650 Best acc 0.650
 Per-Task Acc:[0.65]
learning rate: [0.003125]
================ Train on the train set ================
Epoch [55/100] |	Loss: 0.003 	Average Acc: 1.000 
learning rate: [0.003125]
================ Train on the train set ================
Epoch [56/100] |	Loss: 0.003 	Average Acc: 1.000 
learning rate: [0.003125]
================ Train on the train set ================
Epoch [57/100] |	Loss: 0.003 	Average Acc: 1.000 
learning rate: [0.003125]
================ Train on the train set ================
Epoch [58/100] |	Loss: 0.003 	Average Acc: 1.000 
learning rate: [0.003125]
================ Train on the train set ================
Epoch [59/100] |	Loss: 0.003 	Average Acc: 1.000 
================ Test on the test set ================
 * Average Acc: 0.650 Best acc 0.650
 Per-Task Acc:[0.65]
learning rate: [0.003125]
================ Train on the train set ================
Epoch [60/100] |	Loss: 0.003 	Average Acc: 1.000 
learning rate: [0.003125]
================ Train on the train set ================
Epoch [61/100] |	Loss: 0.003 	Average Acc: 1.000 
learning rate: [0.0015625]
================ Train on the train set ================
Epoch [62/100] |	Loss: 0.003 	Average Acc: 1.000 
learning rate: [0.0015625]
================ Train on the train set ================
Epoch [63/100] |	Loss: 0.003 	Average Acc: 1.000 
learning rate: [0.0015625]
================ Train on the train set ================
Epoch [64/100] |	Loss: 0.003 	Average Acc: 1.000 
================ Test on the test set ================
 * Average Acc: 0.650 Best acc 0.650
 Per-Task Acc:[0.65]
learning rate: [0.0015625]
================ Train on the train set ================
Epoch [65/100] |	Loss: 0.003 	Average Acc: 1.000 
learning rate: [0.0015625]
================ Train on the train set ================
Epoch [66/100] |	Loss: 0.003 	Average Acc: 1.000 
learning rate: [0.0015625]
================ Train on the train set ================
Epoch [67/100] |	Loss: 0.003 	Average Acc: 1.000 
learning rate: [0.0015625]
================ Train on the train set ================
Epoch [68/100] |	Loss: 0.003 	Average Acc: 1.000 
learning rate: [0.0015625]
================ Train on the train set ================
Epoch [69/100] |	Loss: 0.003 	Average Acc: 1.000 
================ Test on the test set ================
 * Average Acc: 0.650 Best acc 0.650
 Per-Task Acc:[0.65]
learning rate: [0.0015625]
================ Train on the train set ================
Epoch [70/100] |	Loss: 0.003 	Average Acc: 1.000 
learning rate: [0.0015625]
================ Train on the train set ================
Epoch [71/100] |	Loss: 0.003 	Average Acc: 1.000 
learning rate: [0.00078125]
================ Train on the train set ================
Epoch [72/100] |	Loss: 0.003 	Average Acc: 1.000 
learning rate: [0.00078125]
================ Train on the train set ================
Epoch [73/100] |	Loss: 0.003 	Average Acc: 1.000 
learning rate: [0.00078125]
================ Train on the train set ================
Epoch [74/100] |	Loss: 0.003 	Average Acc: 1.000 
================ Test on the test set ================
 * Average Acc: 0.650 Best acc 0.650
 Per-Task Acc:[0.65]
learning rate: [0.00078125]
================ Train on the train set ================
Epoch [75/100] |	Loss: 0.003 	Average Acc: 1.000 
learning rate: [0.00078125]
================ Train on the train set ================
Epoch [76/100] |	Loss: 0.003 	Average Acc: 1.000 
learning rate: [0.00078125]
================ Train on the train set ================
Epoch [77/100] |	Loss: 0.003 	Average Acc: 1.000 
learning rate: [0.00078125]
================ Train on the train set ================
Epoch [78/100] |	Loss: 0.003 	Average Acc: 1.000 
learning rate: [0.00078125]
================ Train on the train set ================
Epoch [79/100] |	Loss: 0.003 	Average Acc: 1.000 
================ Test on the test set ================
 * Average Acc: 0.650 Best acc 0.650
 Per-Task Acc:[0.65]
learning rate: [0.00078125]
================ Train on the train set ================
Epoch [80/100] |	Loss: 0.003 	Average Acc: 1.000 
learning rate: [0.00078125]
================ Train on the train set ================
Epoch [81/100] |	Loss: 0.003 	Average Acc: 1.000 
learning rate: [0.000390625]
================ Train on the train set ================
Epoch [82/100] |	Loss: 0.003 	Average Acc: 1.000 
learning rate: [0.000390625]
================ Train on the train set ================
Epoch [83/100] |	Loss: 0.003 	Average Acc: 1.000 
learning rate: [0.000390625]
================ Train on the train set ================
Epoch [84/100] |	Loss: 0.003 	Average Acc: 1.000 
================ Test on the test set ================
 * Average Acc: 0.650 Best acc 0.650
 Per-Task Acc:[0.65]
learning rate: [0.000390625]
================ Train on the train set ================
Epoch [85/100] |	Loss: 0.003 	Average Acc: 1.000 
learning rate: [0.000390625]
================ Train on the train set ================
Epoch [86/100] |	Loss: 0.003 	Average Acc: 1.000 
learning rate: [0.000390625]
================ Train on the train set ================
Epoch [87/100] |	Loss: 0.003 	Average Acc: 1.000 
learning rate: [0.000390625]
================ Train on the train set ================
Epoch [88/100] |	Loss: 0.003 	Average Acc: 1.000 
learning rate: [0.000390625]
================ Train on the train set ================
Epoch [89/100] |	Loss: 0.003 	Average Acc: 1.000 
================ Test on the test set ================
 * Average Acc: 0.650 Best acc 0.650
 Per-Task Acc:[0.65]
learning rate: [0.000390625]
================ Train on the train set ================
Epoch [90/100] |	Loss: 0.003 	Average Acc: 1.000 
learning rate: [0.000390625]
================ Train on the train set ================
Epoch [91/100] |	Loss: 0.003 	Average Acc: 1.000 
learning rate: [0.0001953125]
================ Train on the train set ================
Epoch [92/100] |	Loss: 0.003 	Average Acc: 1.000 
learning rate: [0.0001953125]
================ Train on the train set ================
Epoch [93/100] |	Loss: 0.003 	Average Acc: 1.000 
learning rate: [0.0001953125]
================ Train on the train set ================
Epoch [94/100] |	Loss: 0.003 	Average Acc: 1.000 
================ Test on the test set ================
 * Average Acc: 0.650 Best acc 0.650
 Per-Task Acc:[0.65]
learning rate: [0.0001953125]
================ Train on the train set ================
Epoch [95/100] |	Loss: 0.003 	Average Acc: 1.000 
learning rate: [0.0001953125]
================ Train on the train set ================
Epoch [96/100] |	Loss: 0.003 	Average Acc: 1.000 
learning rate: [0.0001953125]
================ Train on the train set ================
Epoch [97/100] |	Loss: 0.003 	Average Acc: 1.000 
learning rate: [0.0001953125]
================ Train on the train set ================
Epoch [98/100] |	Loss: 0.003 	Average Acc: 1.000 
learning rate: [0.0001953125]
================ Train on the train set ================
Epoch [99/100] |	Loss: 0.003 	Average Acc: 1.000 
================ Test on the test set ================
 * Average Acc: 0.650 Best acc 0.650
 Per-Task Acc:[0.65]
================Task 1 Start!================
SGD (
Parameter Group 0
    dampening: 0
    differentiable: False
    foreach: None
    initial_lr: 0.1
    lr: 0.03333333333333333
    maximize: False
    momentum: 0
    nesterov: False
    weight_decay: 0
)
================Task 1 Training!================
The training samples number: 10500
learning rate: [0.03333333333333333]
================ Train on the train set ================
