{'data_root': '/data/bzx_yjy/cifar100', 'image_size': 32, 'pin_memory': False, 'augment': True, 'workers': 8, 'device_ids': 0, 'n_gpu': 1, 'seed': 1993, 'deterministic': True, 'epoch': 100, 'batch_size': 128, 'val_per_epoch': 10, 'optimzer': {'name': 'SGD', 'kwargs': {'lr': 0.1}}, 'lr_scheduler': {'name': 'StepLR', 'kwargs': {'gamma': 0.5, 'step_size': 30}}, 'warmup': 3, 'includes': ['headers/data.yaml', 'headers/device.yaml', 'headers/model.yaml', 'headers/optimizer.yaml', 'backbones/resnet12.yaml'], 'save_path': './', 'init_cls_num': 20, 'inc_cls_num': 20, 'task_num': 5, 'optimizer': {'name': 'SGD', 'kwargs': {'lr': 0.1}}, 'backbone': {'name': 'resnet18', 'kwargs': {'num_classes': 100, 'args': {'dataset': 'cifar100'}}}, 'buffer': {'name': 'LinearBuffer', 'kwargs': {'buffer_size': 0, 'batch_size': 32, 'strategy': 'random'}}, 'classifier': {'name': 'LWF', 'kwargs': {'num_class': 100, 'feat_dim': 512, 'init_cls_num': 20, 'inc_cls_num': 20, 'dist': 0.5, 'lamda': 10, 'K': 2, 'lw_mr': 1}}, 'rank': 0}
LWF(
  (backbone): ResNet(
    (conv1): Sequential(
      (0): Conv2d(3, 64, kernel_size=(3, 3), stride=(1, 1), padding=(1, 1), bias=False)
      (1): BatchNorm2d(64, eps=1e-05, momentum=0.1, affine=True, track_running_stats=True)
      (2): ReLU(inplace=True)
    )
    (layer1): Sequential(
      (0): BasicBlock(
        (conv1): Conv2d(64, 64, kernel_size=(3, 3), stride=(1, 1), padding=(1, 1), bias=False)
        (bn1): BatchNorm2d(64, eps=1e-05, momentum=0.1, affine=True, track_running_stats=True)
        (relu): ReLU(inplace=True)
        (conv2): Conv2d(64, 64, kernel_size=(3, 3), stride=(1, 1), padding=(1, 1), bias=False)
        (bn2): BatchNorm2d(64, eps=1e-05, momentum=0.1, affine=True, track_running_stats=True)
      )
      (1): BasicBlock(
        (conv1): Conv2d(64, 64, kernel_size=(3, 3), stride=(1, 1), padding=(1, 1), bias=False)
        (bn1): BatchNorm2d(64, eps=1e-05, momentum=0.1, affine=True, track_running_stats=True)
        (relu): ReLU(inplace=True)
        (conv2): Conv2d(64, 64, kernel_size=(3, 3), stride=(1, 1), padding=(1, 1), bias=False)
        (bn2): BatchNorm2d(64, eps=1e-05, momentum=0.1, affine=True, track_running_stats=True)
      )
    )
    (layer2): Sequential(
      (0): BasicBlock(
        (conv1): Conv2d(64, 128, kernel_size=(3, 3), stride=(2, 2), padding=(1, 1), bias=False)
        (bn1): BatchNorm2d(128, eps=1e-05, momentum=0.1, affine=True, track_running_stats=True)
        (relu): ReLU(inplace=True)
        (conv2): Conv2d(128, 128, kernel_size=(3, 3), stride=(1, 1), padding=(1, 1), bias=False)
        (bn2): BatchNorm2d(128, eps=1e-05, momentum=0.1, affine=True, track_running_stats=True)
        (downsample): Sequential(
          (0): Conv2d(64, 128, kernel_size=(1, 1), stride=(2, 2), bias=False)
          (1): BatchNorm2d(128, eps=1e-05, momentum=0.1, affine=True, track_running_stats=True)
        )
      )
      (1): BasicBlock(
        (conv1): Conv2d(128, 128, kernel_size=(3, 3), stride=(1, 1), padding=(1, 1), bias=False)
        (bn1): BatchNorm2d(128, eps=1e-05, momentum=0.1, affine=True, track_running_stats=True)
        (relu): ReLU(inplace=True)
        (conv2): Conv2d(128, 128, kernel_size=(3, 3), stride=(1, 1), padding=(1, 1), bias=False)
        (bn2): BatchNorm2d(128, eps=1e-05, momentum=0.1, affine=True, track_running_stats=True)
      )
    )
    (layer3): Sequential(
      (0): BasicBlock(
        (conv1): Conv2d(128, 256, kernel_size=(3, 3), stride=(2, 2), padding=(1, 1), bias=False)
        (bn1): BatchNorm2d(256, eps=1e-05, momentum=0.1, affine=True, track_running_stats=True)
        (relu): ReLU(inplace=True)
        (conv2): Conv2d(256, 256, kernel_size=(3, 3), stride=(1, 1), padding=(1, 1), bias=False)
        (bn2): BatchNorm2d(256, eps=1e-05, momentum=0.1, affine=True, track_running_stats=True)
        (downsample): Sequential(
          (0): Conv2d(128, 256, kernel_size=(1, 1), stride=(2, 2), bias=False)
          (1): BatchNorm2d(256, eps=1e-05, momentum=0.1, affine=True, track_running_stats=True)
        )
      )
      (1): BasicBlock(
        (conv1): Conv2d(256, 256, kernel_size=(3, 3), stride=(1, 1), padding=(1, 1), bias=False)
        (bn1): BatchNorm2d(256, eps=1e-05, momentum=0.1, affine=True, track_running_stats=True)
        (relu): ReLU(inplace=True)
        (conv2): Conv2d(256, 256, kernel_size=(3, 3), stride=(1, 1), padding=(1, 1), bias=False)
        (bn2): BatchNorm2d(256, eps=1e-05, momentum=0.1, affine=True, track_running_stats=True)
      )
    )
    (layer4): Sequential(
      (0): BasicBlock(
        (conv1): Conv2d(256, 512, kernel_size=(3, 3), stride=(2, 2), padding=(1, 1), bias=False)
        (bn1): BatchNorm2d(512, eps=1e-05, momentum=0.1, affine=True, track_running_stats=True)
        (relu): ReLU(inplace=True)
        (conv2): Conv2d(512, 512, kernel_size=(3, 3), stride=(1, 1), padding=(1, 1), bias=False)
        (bn2): BatchNorm2d(512, eps=1e-05, momentum=0.1, affine=True, track_running_stats=True)
        (downsample): Sequential(
          (0): Conv2d(256, 512, kernel_size=(1, 1), stride=(2, 2), bias=False)
          (1): BatchNorm2d(512, eps=1e-05, momentum=0.1, affine=True, track_running_stats=True)
        )
      )
      (1): BasicBlock(
        (conv1): Conv2d(512, 512, kernel_size=(3, 3), stride=(1, 1), padding=(1, 1), bias=False)
        (bn1): BatchNorm2d(512, eps=1e-05, momentum=0.1, affine=True, track_running_stats=True)
        (relu): ReLU(inplace=True)
        (conv2): Conv2d(512, 512, kernel_size=(3, 3), stride=(1, 1), padding=(1, 1), bias=False)
        (bn2): BatchNorm2d(512, eps=1e-05, momentum=0.1, affine=True, track_running_stats=True)
      )
    )
    (avgpool): AdaptiveAvgPool2d(output_size=(1, 1))
  )
  (classifier): None
  (loss_fn): CrossEntropyLoss()
)
Trainable params in the model: 11168832
SGD (
Parameter Group 0
    dampening: 0
    differentiable: False
    foreach: None
    initial_lr: 0.1
    lr: 0.03333333333333333
    maximize: False
    momentum: 0
    nesterov: False
    weight_decay: 0
)
================Task 0 Start!================
SGD (
Parameter Group 0
    dampening: 0
    differentiable: False
    foreach: None
    initial_lr: 0.1
    lr: 0.03333333333333333
    maximize: False
    momentum: 0
    nesterov: False
    weight_decay: 0
)
================Task 0 Training!================
The training samples number: 10000
learning rate: [0.03333333333333333]
================ Train on the train set ================
Epoch [0/100] |	Loss: 2.463 	Average Acc: 0.248 
learning rate: [0.06666666666666667]
================ Train on the train set ================
Epoch [1/100] |	Loss: 2.245 	Average Acc: 0.332 
learning rate: [0.1]
================ Train on the train set ================
Epoch [2/100] |	Loss: 2.039 	Average Acc: 0.397 
learning rate: [0.1]
================ Train on the train set ================
Epoch [3/100] |	Loss: 1.502 	Average Acc: 0.534 
learning rate: [0.1]
================ Train on the train set ================
Epoch [4/100] |	Loss: 1.173 	Average Acc: 0.633 
learning rate: [0.1]
================ Train on the train set ================
Epoch [5/100] |	Loss: 0.808 	Average Acc: 0.744 
learning rate: [0.1]
================ Train on the train set ================
Epoch [6/100] |	Loss: 0.505 	Average Acc: 0.835 
learning rate: [0.1]
================ Train on the train set ================
Epoch [7/100] |	Loss: 0.261 	Average Acc: 0.916 
learning rate: [0.1]
================ Train on the train set ================
Epoch [8/100] |	Loss: 0.148 	Average Acc: 0.953 
learning rate: [0.1]
================ Train on the train set ================
Epoch [9/100] |	Loss: 0.091 	Average Acc: 0.973 
================ Test on the test set ================
 * Average Acc: 0.550 Best acc 0.550
 Per-Task Acc:[0.55]
learning rate: [0.1]
================ Train on the train set ================
Epoch [10/100] |	Loss: 0.042 	Average Acc: 0.988 
learning rate: [0.1]
================ Train on the train set ================
Epoch [11/100] |	Loss: 0.016 	Average Acc: 0.997 
learning rate: [0.1]
================ Train on the train set ================
Epoch [12/100] |	Loss: 0.008 	Average Acc: 0.999 
learning rate: [0.1]
================ Train on the train set ================
Epoch [13/100] |	Loss: 0.004 	Average Acc: 1.000 
learning rate: [0.1]
================ Train on the train set ================
Epoch [14/100] |	Loss: 0.003 	Average Acc: 1.000 
learning rate: [0.1]
================ Train on the train set ================
Epoch [15/100] |	Loss: 0.001 	Average Acc: 1.000 
learning rate: [0.1]
================ Train on the train set ================
Epoch [16/100] |	Loss: 0.001 	Average Acc: 1.000 
learning rate: [0.1]
================ Train on the train set ================
Epoch [17/100] |	Loss: 0.001 	Average Acc: 1.000 
learning rate: [0.1]
================ Train on the train set ================
Epoch [18/100] |	Loss: 0.001 	Average Acc: 1.000 
learning rate: [0.1]
================ Train on the train set ================
Epoch [19/100] |	Loss: 0.001 	Average Acc: 1.000 
================ Test on the test set ================
 * Average Acc: 0.640 Best acc 0.640
 Per-Task Acc:[0.64]
learning rate: [0.1]
================ Train on the train set ================
Epoch [20/100] |	Loss: 0.000 	Average Acc: 1.000 
learning rate: [0.1]
================ Train on the train set ================
Epoch [21/100] |	Loss: 0.001 	Average Acc: 1.000 
learning rate: [0.1]
================ Train on the train set ================
Epoch [22/100] |	Loss: 0.000 	Average Acc: 1.000 
learning rate: [0.1]
================ Train on the train set ================
Epoch [23/100] |	Loss: 0.001 	Average Acc: 1.000 
learning rate: [0.1]
================ Train on the train set ================
Epoch [24/100] |	Loss: 0.001 	Average Acc: 1.000 
learning rate: [0.1]
================ Train on the train set ================
Epoch [25/100] |	Loss: 0.000 	Average Acc: 1.000 
learning rate: [0.1]
================ Train on the train set ================
Epoch [26/100] |	Loss: 0.000 	Average Acc: 1.000 
learning rate: [0.1]
================ Train on the train set ================
Epoch [27/100] |	Loss: 0.000 	Average Acc: 1.000 
learning rate: [0.1]
================ Train on the train set ================
Epoch [28/100] |	Loss: 0.000 	Average Acc: 1.000 
learning rate: [0.1]
================ Train on the train set ================
Epoch [29/100] |	Loss: 0.000 	Average Acc: 1.000 
================ Test on the test set ================
 * Average Acc: 0.650 Best acc 0.650
 Per-Task Acc:[0.65]
learning rate: [0.1]
================ Train on the train set ================
Epoch [30/100] |	Loss: 0.000 	Average Acc: 1.000 
learning rate: [0.1]
================ Train on the train set ================
Epoch [31/100] |	Loss: 0.000 	Average Acc: 1.000 
learning rate: [0.05]
================ Train on the train set ================
Epoch [32/100] |	Loss: 0.000 	Average Acc: 1.000 
learning rate: [0.05]
================ Train on the train set ================
Epoch [33/100] |	Loss: 0.000 	Average Acc: 1.000 
learning rate: [0.05]
================ Train on the train set ================
Epoch [34/100] |	Loss: 0.000 	Average Acc: 1.000 
learning rate: [0.05]
================ Train on the train set ================
Epoch [35/100] |	Loss: 0.000 	Average Acc: 1.000 
learning rate: [0.05]
================ Train on the train set ================
Epoch [36/100] |	Loss: 0.000 	Average Acc: 1.000 
learning rate: [0.05]
================ Train on the train set ================
Epoch [37/100] |	Loss: 0.000 	Average Acc: 1.000 
learning rate: [0.05]
================ Train on the train set ================
Epoch [38/100] |	Loss: 0.000 	Average Acc: 1.000 
learning rate: [0.05]
================ Train on the train set ================
Epoch [39/100] |	Loss: 0.000 	Average Acc: 1.000 
================ Test on the test set ================
 * Average Acc: 0.650 Best acc 0.650
 Per-Task Acc:[0.65]
learning rate: [0.05]
================ Train on the train set ================
Epoch [40/100] |	Loss: 0.000 	Average Acc: 1.000 
learning rate: [0.05]
================ Train on the train set ================
Epoch [41/100] |	Loss: 0.001 	Average Acc: 1.000 
learning rate: [0.05]
================ Train on the train set ================
Epoch [42/100] |	Loss: 0.000 	Average Acc: 1.000 
learning rate: [0.05]
================ Train on the train set ================
Epoch [43/100] |	Loss: 0.000 	Average Acc: 1.000 
learning rate: [0.05]
================ Train on the train set ================
Epoch [44/100] |	Loss: 0.000 	Average Acc: 1.000 
learning rate: [0.05]
================ Train on the train set ================
Epoch [45/100] |	Loss: 0.000 	Average Acc: 1.000 
learning rate: [0.05]
================ Train on the train set ================
Epoch [46/100] |	Loss: 0.000 	Average Acc: 1.000 
learning rate: [0.05]
================ Train on the train set ================
Epoch [47/100] |	Loss: 0.000 	Average Acc: 1.000 
learning rate: [0.05]
================ Train on the train set ================
Epoch [48/100] |	Loss: 0.000 	Average Acc: 1.000 
learning rate: [0.05]
================ Train on the train set ================
Epoch [49/100] |	Loss: 0.000 	Average Acc: 1.000 
================ Test on the test set ================
 * Average Acc: 0.640 Best acc 0.650
 Per-Task Acc:[0.64]
learning rate: [0.05]
================ Train on the train set ================
Epoch [50/100] |	Loss: 0.000 	Average Acc: 1.000 
learning rate: [0.05]
================ Train on the train set ================
Epoch [51/100] |	Loss: 0.000 	Average Acc: 1.000 
learning rate: [0.05]
================ Train on the train set ================
Epoch [52/100] |	Loss: 0.000 	Average Acc: 1.000 
learning rate: [0.05]
================ Train on the train set ================
Epoch [53/100] |	Loss: 0.000 	Average Acc: 1.000 
learning rate: [0.05]
================ Train on the train set ================
Epoch [54/100] |	Loss: 0.000 	Average Acc: 1.000 
learning rate: [0.05]
================ Train on the train set ================
Epoch [55/100] |	Loss: 0.000 	Average Acc: 1.000 
learning rate: [0.05]
================ Train on the train set ================
Epoch [56/100] |	Loss: 0.000 	Average Acc: 1.000 
learning rate: [0.05]
================ Train on the train set ================
Epoch [57/100] |	Loss: 0.000 	Average Acc: 1.000 
learning rate: [0.05]
================ Train on the train set ================
Epoch [58/100] |	Loss: 0.000 	Average Acc: 1.000 
learning rate: [0.05]
================ Train on the train set ================
Epoch [59/100] |	Loss: 0.000 	Average Acc: 1.000 
================ Test on the test set ================
 * Average Acc: 0.640 Best acc 0.650
 Per-Task Acc:[0.64]
learning rate: [0.05]
================ Train on the train set ================
Epoch [60/100] |	Loss: 0.000 	Average Acc: 1.000 
learning rate: [0.05]
================ Train on the train set ================
Epoch [61/100] |	Loss: 0.000 	Average Acc: 1.000 
learning rate: [0.025]
================ Train on the train set ================
Epoch [62/100] |	Loss: 0.000 	Average Acc: 1.000 
learning rate: [0.025]
================ Train on the train set ================
Epoch [63/100] |	Loss: 0.000 	Average Acc: 1.000 
learning rate: [0.025]
================ Train on the train set ================
Epoch [64/100] |	Loss: 0.000 	Average Acc: 1.000 
learning rate: [0.025]
================ Train on the train set ================
Epoch [65/100] |	Loss: 0.000 	Average Acc: 1.000 
learning rate: [0.025]
================ Train on the train set ================
Epoch [66/100] |	Loss: 0.000 	Average Acc: 1.000 
learning rate: [0.025]
================ Train on the train set ================
Epoch [67/100] |	Loss: 0.000 	Average Acc: 1.000 
learning rate: [0.025]
================ Train on the train set ================
Epoch [68/100] |	Loss: 0.000 	Average Acc: 1.000 
learning rate: [0.025]
================ Train on the train set ================
Epoch [69/100] |	Loss: 0.000 	Average Acc: 1.000 
================ Test on the test set ================
 * Average Acc: 0.650 Best acc 0.650
 Per-Task Acc:[0.65]
learning rate: [0.025]
================ Train on the train set ================
Epoch [70/100] |	Loss: 0.000 	Average Acc: 1.000 
learning rate: [0.025]
================ Train on the train set ================
Epoch [71/100] |	Loss: 0.000 	Average Acc: 1.000 
learning rate: [0.025]
================ Train on the train set ================
Epoch [72/100] |	Loss: 0.000 	Average Acc: 1.000 
learning rate: [0.025]
================ Train on the train set ================
Epoch [73/100] |	Loss: 0.000 	Average Acc: 1.000 
learning rate: [0.025]
================ Train on the train set ================
Epoch [74/100] |	Loss: 0.000 	Average Acc: 1.000 
learning rate: [0.025]
================ Train on the train set ================
Epoch [75/100] |	Loss: 0.000 	Average Acc: 1.000 
learning rate: [0.025]
================ Train on the train set ================
Epoch [76/100] |	Loss: 0.000 	Average Acc: 1.000 
learning rate: [0.025]
================ Train on the train set ================
Epoch [77/100] |	Loss: 0.000 	Average Acc: 1.000 
learning rate: [0.025]
================ Train on the train set ================
Epoch [78/100] |	Loss: 0.000 	Average Acc: 1.000 
learning rate: [0.025]
================ Train on the train set ================
Epoch [79/100] |	Loss: 0.000 	Average Acc: 1.000 
================ Test on the test set ================
 * Average Acc: 0.640 Best acc 0.650
 Per-Task Acc:[0.64]
learning rate: [0.025]
================ Train on the train set ================
Epoch [80/100] |	Loss: 0.000 	Average Acc: 1.000 
learning rate: [0.025]
================ Train on the train set ================
Epoch [81/100] |	Loss: 0.000 	Average Acc: 1.000 
learning rate: [0.025]
================ Train on the train set ================
Epoch [82/100] |	Loss: 0.000 	Average Acc: 1.000 
learning rate: [0.025]
================ Train on the train set ================
Epoch [83/100] |	Loss: 0.000 	Average Acc: 1.000 
learning rate: [0.025]
================ Train on the train set ================
Epoch [84/100] |	Loss: 0.000 	Average Acc: 1.000 
learning rate: [0.025]
================ Train on the train set ================
Epoch [85/100] |	Loss: 0.000 	Average Acc: 1.000 
learning rate: [0.025]
================ Train on the train set ================
Epoch [86/100] |	Loss: 0.000 	Average Acc: 1.000 
learning rate: [0.025]
================ Train on the train set ================
Epoch [87/100] |	Loss: 0.000 	Average Acc: 1.000 
learning rate: [0.025]
================ Train on the train set ================
Epoch [88/100] |	Loss: 0.000 	Average Acc: 1.000 
learning rate: [0.025]
================ Train on the train set ================
Epoch [89/100] |	Loss: 0.000 	Average Acc: 1.000 
================ Test on the test set ================
 * Average Acc: 0.640 Best acc 0.650
 Per-Task Acc:[0.64]
learning rate: [0.025]
================ Train on the train set ================
Epoch [90/100] |	Loss: 0.000 	Average Acc: 1.000 
learning rate: [0.025]
================ Train on the train set ================
Epoch [91/100] |	Loss: 0.000 	Average Acc: 1.000 
learning rate: [0.0125]
================ Train on the train set ================
Epoch [92/100] |	Loss: 0.000 	Average Acc: 1.000 
learning rate: [0.0125]
================ Train on the train set ================
Epoch [93/100] |	Loss: 0.000 	Average Acc: 1.000 
learning rate: [0.0125]
================ Train on the train set ================
Epoch [94/100] |	Loss: 0.000 	Average Acc: 1.000 
learning rate: [0.0125]
================ Train on the train set ================
Epoch [95/100] |	Loss: 0.000 	Average Acc: 1.000 
learning rate: [0.0125]
================ Train on the train set ================
Epoch [96/100] |	Loss: 0.000 	Average Acc: 1.000 
learning rate: [0.0125]
================ Train on the train set ================
Epoch [97/100] |	Loss: 0.000 	Average Acc: 1.000 
learning rate: [0.0125]
================ Train on the train set ================
Epoch [98/100] |	Loss: 0.000 	Average Acc: 1.000 
learning rate: [0.0125]
================ Train on the train set ================
Epoch [99/100] |	Loss: 0.000 	Average Acc: 1.000 
================ Test on the test set ================
 * Average Acc: 0.650 Best acc 0.650
 Per-Task Acc:[0.65]
================Task 1 Start!================
SGD (
Parameter Group 0
    dampening: 0
    differentiable: False
    foreach: None
    initial_lr: 0.1
    lr: 0.03333333333333333
    maximize: False
    momentum: 0
    nesterov: False
    weight_decay: 0
)
================Task 1 Training!================
The training samples number: 10000
learning rate: [0.03333333333333333]
================ Train on the train set ================
Epoch [0/100] |	Loss: 6.162 	Average Acc: 0.000 
learning rate: [0.06666666666666667]
================ Train on the train set ================
Epoch [1/100] |	Loss: 5.576 	Average Acc: 0.000 
learning rate: [0.1]
================ Train on the train set ================
Epoch [2/100] |	Loss: 5.531 	Average Acc: 0.004 
learning rate: [0.1]
================ Train on the train set ================
Epoch [3/100] |	Loss: 5.302 	Average Acc: 0.045 
learning rate: [0.1]
================ Train on the train set ================
Epoch [4/100] |	Loss: 4.866 	Average Acc: 0.133 
learning rate: [0.1]
================ Train on the train set ================
Epoch [5/100] |	Loss: 4.586 	Average Acc: 0.249 
learning rate: [0.1]
================ Train on the train set ================
Epoch [6/100] |	Loss: 4.385 	Average Acc: 0.382 
learning rate: [0.1]
================ Train on the train set ================
Epoch [7/100] |	Loss: 4.263 	Average Acc: 0.509 
learning rate: [0.1]
================ Train on the train set ================
Epoch [8/100] |	Loss: 4.170 	Average Acc: 0.605 
learning rate: [0.1]
================ Train on the train set ================
Epoch [9/100] |	Loss: 4.113 	Average Acc: 0.671 
================ Test on the test set ================
 * Average Acc: 0.485 Best acc 0.485
 Per-Task Acc:[0.55, 0.42]
learning rate: [0.1]
================ Train on the train set ================
Epoch [10/100] |	Loss: 4.067 	Average Acc: 0.713 
learning rate: [0.1]
================ Train on the train set ================
Epoch [11/100] |	Loss: 4.035 	Average Acc: 0.757 
learning rate: [0.1]
================ Train on the train set ================
Epoch [12/100] |	Loss: 4.014 	Average Acc: 0.782 
learning rate: [0.1]
================ Train on the train set ================
Epoch [13/100] |	Loss: 3.998 	Average Acc: 0.801 
learning rate: [0.1]
================ Train on the train set ================
Epoch [14/100] |	Loss: 3.981 	Average Acc: 0.823 
learning rate: [0.1]
================ Train on the train set ================
Epoch [15/100] |	Loss: 3.974 	Average Acc: 0.828 
learning rate: [0.1]
================ Train on the train set ================
Epoch [16/100] |	Loss: 3.966 	Average Acc: 0.846 
learning rate: [0.1]
================ Train on the train set ================
Epoch [17/100] |	Loss: 3.952 	Average Acc: 0.854 
learning rate: [0.1]
================ Train on the train set ================
Epoch [18/100] |	Loss: 3.950 	Average Acc: 0.863 
learning rate: [0.1]
================ Train on the train set ================
Epoch [19/100] |	Loss: 3.943 	Average Acc: 0.871 
================ Test on the test set ================
 * Average Acc: 0.495 Best acc 0.495
 Per-Task Acc:[0.47, 0.52]
learning rate: [0.1]
================ Train on the train set ================
Epoch [20/100] |	Loss: 3.940 	Average Acc: 0.877 
learning rate: [0.1]
================ Train on the train set ================
Epoch [21/100] |	Loss: 3.935 	Average Acc: 0.884 
learning rate: [0.1]
================ Train on the train set ================
Epoch [22/100] |	Loss: 3.924 	Average Acc: 0.889 
learning rate: [0.1]
================ Train on the train set ================
Epoch [23/100] |	Loss: 3.918 	Average Acc: 0.893 
learning rate: [0.1]
================ Train on the train set ================
Epoch [24/100] |	Loss: 3.917 	Average Acc: 0.896 
learning rate: [0.1]
================ Train on the train set ================
Epoch [25/100] |	Loss: 3.915 	Average Acc: 0.898 
learning rate: [0.1]
================ Train on the train set ================
Epoch [26/100] |	Loss: 3.909 	Average Acc: 0.903 
learning rate: [0.1]
================ Train on the train set ================
Epoch [27/100] |	Loss: 3.915 	Average Acc: 0.908 
learning rate: [0.1]
================ Train on the train set ================
Epoch [28/100] |	Loss: 3.909 	Average Acc: 0.911 
learning rate: [0.1]
================ Train on the train set ================
Epoch [29/100] |	Loss: 3.899 	Average Acc: 0.914 
================ Test on the test set ================
 * Average Acc: 0.490 Best acc 0.495
 Per-Task Acc:[0.45, 0.53]
learning rate: [0.1]
================ Train on the train set ================
Epoch [30/100] |	Loss: 3.909 	Average Acc: 0.919 
learning rate: [0.1]
================ Train on the train set ================
Epoch [31/100] |	Loss: 3.899 	Average Acc: 0.916 
learning rate: [0.05]
================ Train on the train set ================
Epoch [32/100] |	Loss: 3.896 	Average Acc: 0.921 
learning rate: [0.05]
================ Train on the train set ================
Epoch [33/100] |	Loss: 3.872 	Average Acc: 0.922 
learning rate: [0.05]
================ Train on the train set ================
Epoch [34/100] |	Loss: 3.863 	Average Acc: 0.923 
learning rate: [0.05]
================ Train on the train set ================
Epoch [35/100] |	Loss: 3.864 	Average Acc: 0.922 
learning rate: [0.05]
================ Train on the train set ================
Epoch [36/100] |	Loss: 3.869 	Average Acc: 0.922 
learning rate: [0.05]
================ Train on the train set ================
Epoch [37/100] |	Loss: 3.866 	Average Acc: 0.922 
learning rate: [0.05]
================ Train on the train set ================
Epoch [38/100] |	Loss: 3.863 	Average Acc: 0.923 
learning rate: [0.05]
================ Train on the train set ================
Epoch [39/100] |	Loss: 3.852 	Average Acc: 0.921 
================ Test on the test set ================
 * Average Acc: 0.495 Best acc 0.495
 Per-Task Acc:[0.46, 0.53]
learning rate: [0.05]
================ Train on the train set ================
Epoch [40/100] |	Loss: 3.870 	Average Acc: 0.923 
learning rate: [0.05]
================ Train on the train set ================
Epoch [41/100] |	Loss: 3.858 	Average Acc: 0.923 
learning rate: [0.05]
================ Train on the train set ================
Epoch [42/100] |	Loss: 3.861 	Average Acc: 0.926 
learning rate: [0.05]
================ Train on the train set ================
Epoch [43/100] |	Loss: 3.864 	Average Acc: 0.925 
learning rate: [0.05]
================ Train on the train set ================
Epoch [44/100] |	Loss: 3.861 	Average Acc: 0.926 
learning rate: [0.05]
================ Train on the train set ================
Epoch [45/100] |	Loss: 3.855 	Average Acc: 0.926 
learning rate: [0.05]
================ Train on the train set ================
Epoch [46/100] |	Loss: 3.859 	Average Acc: 0.927 
learning rate: [0.05]
================ Train on the train set ================
Epoch [47/100] |	Loss: 3.855 	Average Acc: 0.929 
learning rate: [0.05]
================ Train on the train set ================
Epoch [48/100] |	Loss: 3.858 	Average Acc: 0.927 
learning rate: [0.05]
================ Train on the train set ================
Epoch [49/100] |	Loss: 3.858 	Average Acc: 0.927 
================ Test on the test set ================
 * Average Acc: 0.495 Best acc 0.495
 Per-Task Acc:[0.45, 0.54]
learning rate: [0.05]
================ Train on the train set ================
Epoch [50/100] |	Loss: 3.864 	Average Acc: 0.930 
learning rate: [0.05]
================ Train on the train set ================
Epoch [51/100] |	Loss: 3.858 	Average Acc: 0.931 
learning rate: [0.05]
================ Train on the train set ================
Epoch [52/100] |	Loss: 3.853 	Average Acc: 0.932 
learning rate: [0.05]
================ Train on the train set ================
Epoch [53/100] |	Loss: 3.856 	Average Acc: 0.931 
learning rate: [0.05]
================ Train on the train set ================
Epoch [54/100] |	Loss: 3.855 	Average Acc: 0.933 
learning rate: [0.05]
================ Train on the train set ================
Epoch [55/100] |	Loss: 3.860 	Average Acc: 0.932 
learning rate: [0.05]
================ Train on the train set ================
Epoch [56/100] |	Loss: 3.863 	Average Acc: 0.933 
learning rate: [0.05]
================ Train on the train set ================
Epoch [57/100] |	Loss: 3.858 	Average Acc: 0.930 
learning rate: [0.05]
================ Train on the train set ================
Epoch [58/100] |	Loss: 3.857 	Average Acc: 0.936 
learning rate: [0.05]
================ Train on the train set ================
Epoch [59/100] |	Loss: 3.854 	Average Acc: 0.936 
================ Test on the test set ================
 * Average Acc: 0.495 Best acc 0.495
 Per-Task Acc:[0.45, 0.54]
learning rate: [0.05]
================ Train on the train set ================
Epoch [60/100] |	Loss: 3.850 	Average Acc: 0.935 
learning rate: [0.05]
================ Train on the train set ================
Epoch [61/100] |	Loss: 3.859 	Average Acc: 0.935 
learning rate: [0.025]
================ Train on the train set ================
Epoch [62/100] |	Loss: 3.850 	Average Acc: 0.934 
learning rate: [0.025]
================ Train on the train set ================
Epoch [63/100] |	Loss: 3.851 	Average Acc: 0.935 
learning rate: [0.025]
================ Train on the train set ================
Epoch [64/100] |	Loss: 3.848 	Average Acc: 0.935 
learning rate: [0.025]
================ Train on the train set ================
Epoch [65/100] |	Loss: 3.851 	Average Acc: 0.935 
learning rate: [0.025]
================ Train on the train set ================
Epoch [66/100] |	Loss: 3.845 	Average Acc: 0.936 
learning rate: [0.025]
================ Train on the train set ================
Epoch [67/100] |	Loss: 3.854 	Average Acc: 0.938 
learning rate: [0.025]
================ Train on the train set ================
Epoch [68/100] |	Loss: 3.857 	Average Acc: 0.936 
learning rate: [0.025]
================ Train on the train set ================
Epoch [69/100] |	Loss: 3.855 	Average Acc: 0.937 
================ Test on the test set ================
 * Average Acc: 0.490 Best acc 0.495
 Per-Task Acc:[0.44, 0.54]
learning rate: [0.025]
================ Train on the train set ================
Epoch [70/100] |	Loss: 3.846 	Average Acc: 0.935 
learning rate: [0.025]
================ Train on the train set ================
Epoch [71/100] |	Loss: 3.852 	Average Acc: 0.936 
learning rate: [0.025]
================ Train on the train set ================
Epoch [72/100] |	Loss: 3.849 	Average Acc: 0.937 
learning rate: [0.025]
================ Train on the train set ================
Epoch [73/100] |	Loss: 3.848 	Average Acc: 0.937 
learning rate: [0.025]
================ Train on the train set ================
Epoch [74/100] |	Loss: 3.845 	Average Acc: 0.937 
learning rate: [0.025]
================ Train on the train set ================
Epoch [75/100] |	Loss: 3.852 	Average Acc: 0.939 
learning rate: [0.025]
================ Train on the train set ================
Epoch [76/100] |	Loss: 3.852 	Average Acc: 0.940 
learning rate: [0.025]
================ Train on the train set ================
Epoch [77/100] |	Loss: 3.843 	Average Acc: 0.939 
learning rate: [0.025]
================ Train on the train set ================
Epoch [78/100] |	Loss: 3.850 	Average Acc: 0.937 
learning rate: [0.025]
================ Train on the train set ================
Epoch [79/100] |	Loss: 3.846 	Average Acc: 0.941 
================ Test on the test set ================
 * Average Acc: 0.490 Best acc 0.495
 Per-Task Acc:[0.44, 0.54]
learning rate: [0.025]
================ Train on the train set ================
Epoch [80/100] |	Loss: 3.846 	Average Acc: 0.940 
learning rate: [0.025]
================ Train on the train set ================
Epoch [81/100] |	Loss: 3.847 	Average Acc: 0.940 
learning rate: [0.025]
================ Train on the train set ================
Epoch [82/100] |	Loss: 3.846 	Average Acc: 0.939 
learning rate: [0.025]
================ Train on the train set ================
Epoch [83/100] |	Loss: 3.852 	Average Acc: 0.940 
learning rate: [0.025]
================ Train on the train set ================
Epoch [84/100] |	Loss: 3.844 	Average Acc: 0.939 
learning rate: [0.025]
================ Train on the train set ================
